[ 2017-03-03T12:45:04+08:00 ] 127.0.0.1 /mytest/mingzhi/index.php/Home/Profile/index/u/26/edit
INFO: [ app_init ] --START--
INFO: Run Behavior\BuildLiteBehavior [ RunTime:0.000013s ]
INFO: [ app_init ] --END-- [ RunTime:0.000637s ]
INFO: [ app_begin ] --START--
INFO: Run Behavior\ReadHtmlCacheBehavior [ RunTime:0.014312s ]
INFO: [ app_begin ] --END-- [ RunTime:0.014386s ]
NOTIC: [8] Undefined index: sel C:\AppServ\www\mytest\mingzhi\Application\Home\Controller\ProfileController.class.php 第 14 行.
SQL: SELECT * FROM `han_user` WHERE ( id=26 )  [ RunTime:0.2035s ]
SQL: SELECT j.job_name FROM han_user u INNER JOIN han_jobs j ON j.id=u.job_id  WHERE ( u.id=26 )  [ RunTime:0.0140s ]
SQL: SHOW COLUMNS FROM `han_user_follow` [ RunTime:0.1339s ]
SQL: SELECT COUNT(follow_id) AS tp_count FROM `han_user_follow` WHERE ( fans_uid=26 ) LIMIT 1   [ RunTime:0.0449s ]
SQL: SELECT COUNT(focus_id) AS tp_count FROM `han_topic_focus` WHERE ( uid=26 ) LIMIT 1   [ RunTime:0.0193s ]
NOTIC: [8] Undefined offset: 0 C:\AppServ\www\mytest\mingzhi\Application\Home\Controller\ProfileController.class.php 第 200 行.
SQL: SELECT `topic_name`,`id`,`focus_id` FROM han_topic_focus tf INNER JOIN han_topic t ON t.id=tf.topic_id  WHERE ( tf.uid=26 ) ORDER BY tf.add_time desc LIMIT 10   [ RunTime:0.0190s ]
SQL: UPDATE `han_user` SET `u_view_count`=u_view_count+1 WHERE ( id=26 ) [ RunTime:0.1061s ]
SQL: SHOW COLUMNS FROM `han_user_record` [ RunTime:0.0261s ]
SQL: SELECT COUNT(*) AS tp_count FROM `han_user_record` WHERE ( uid=26 ) LIMIT 1   [ RunTime:0.0005s ]
SQL: SELECT * FROM `han_user_record` WHERE ( uid=26 ) ORDER BY add_time desc LIMIT 0,10   [ RunTime:0.0002s ]
SQL: SELECT COUNT(*) AS tp_count FROM `han_question` WHERE ( uid=26 ) LIMIT 1   [ RunTime:0.1045s ]
SQL: SELECT COUNT(*) AS tp_count FROM `han_answer` WHERE ( uid=26 ) LIMIT 1   [ RunTime:0.0175s ]
SQL: SELECT COUNT(*) AS tp_count FROM `han_answer_vote` WHERE `vote_uid` = 26 AND `vote_value` = 1 LIMIT 1   [ RunTime:0.0377s ]
INFO: [ view_parse ] --START--
INFO: [ template_filter ] --START--
INFO: Run Behavior\ContentReplaceBehavior [ RunTime:0.013053s ]
INFO: [ template_filter ] --END-- [ RunTime:0.013117s ]
INFO: Run Behavior\ParseTemplateBehavior [ RunTime:0.428439s ]
INFO: [ view_parse ] --END-- [ RunTime:0.428498s ]
INFO: [ view_filter ] --START--
INFO: Run Behavior\WriteHtmlCacheBehavior [ RunTime:0.007746s ]
INFO: [ view_filter ] --END-- [ RunTime:0.007781s ]
INFO: [ app_end ] --START--
INFO: Run Behavior\ShowPageTraceBehavior [ RunTime:0.008487s ]
INFO: [ app_end ] --END-- [ RunTime:0.008541s ]

[ 2017-03-03T12:45:07+08:00 ] 127.0.0.1 /mytest/mingzhi/index.php/Home/Index/index
INFO: [ app_init ] --START--
INFO: Run Behavior\BuildLiteBehavior [ RunTime:0.000024s ]
INFO: [ app_init ] --END-- [ RunTime:0.000115s ]
INFO: [ app_begin ] --START--
INFO: Run Behavior\ReadHtmlCacheBehavior [ RunTime:0.000368s ]
INFO: [ app_begin ] --END-- [ RunTime:0.000411s ]
NOTIC: [8] Undefined index: p C:\AppServ\www\mytest\mingzhi\Application\Home\Controller\IndexController.class.php 第 28 行.
SQL: SELECT `topic_name`,`id`,`focus_id` FROM han_topic_focus tf INNER JOIN han_topic t ON t.id=tf.topic_id  WHERE ( tf.uid=1 ) ORDER BY tf.add_time desc LIMIT 10   [ RunTime:0.0019s ]
SQL: SELECT `topic_name`,`id`,`focus_id`,`topic_pic` FROM han_topic t LEFT JOIN han_topic_focus tf ON t.id=tf.topic_id and tf.uid=1  ORDER BY t.question_count desc LIMIT 5   [ RunTime:0.0007s ]
SQL: SELECT COUNT(*) AS tp_count FROM `han_feeds` WHERE ( ruid=1 ) LIMIT 1   [ RunTime:0.0243s ]
SQL: SELECT * FROM `han_feeds` WHERE ( ruid=1 ) ORDER BY add_time desc LIMIT 0,6   [ RunTime:0.0004s ]
SQL: SELECT * FROM `han_answer_vote` WHERE `answer_id` = 36 AND `vote_uid` = 1  [ RunTime:0.0011s ]
NOTIC: [8] Undefined offset: 0 C:\AppServ\www\mytest\mingzhi\Application\Home\Model\FeedsModel.class.php 第 155 行.
NOTIC: [8] Undefined offset: 0 C:\AppServ\www\mytest\mingzhi\Application\Home\Model\FeedsModel.class.php 第 156 行.
SQL: SELECT u.username,u.tag,u.avatar_file,q.question_name,a.*,av.vote_value FROM han_answer a INNER JOIN han_user u ON u.id=a.uid INNER JOIN han_question q ON q.id=a.question_id LEFT JOIN han_answer_vote av ON av.answer_id=a.id  WHERE ( a.id=36 )  [ RunTime:0.0099s ]
SQL: SELECT t.topic_name,t.id,t.topic_pic,tf.focus_id FROM han_topic_relation tr INNER JOIN han_topic t ON t.id=tr.topic_id LEFT JOIN han_topic_focus tf ON tf.topic_id=t.id  WHERE ( item_id=9 ) ORDER BY topic_focus_count desc LIMIT 1   [ RunTime:0.0424s ]
SQL: SELECT * FROM `han_answer` WHERE ( id=36 )  [ RunTime:0.0003s ]
SQL: SELECT * FROM `han_question_focus` WHERE `uid` = 1 AND `question_id` = 9  [ RunTime:0.0414s ]
SQL: SELECT * FROM `han_answer_report` WHERE `uid` = 1 AND `answer_id` = 36  [ RunTime:0.0331s ]
SQL: SELECT * FROM `han_answer_vote` WHERE `answer_id` = 35 AND `vote_uid` = 1  [ RunTime:0.0002s ]
SQL: SELECT u.username,u.tag,u.avatar_file,q.question_name,a.*,av.vote_value FROM han_answer a INNER JOIN han_user u ON u.id=a.uid INNER JOIN han_question q ON q.id=a.question_id LEFT JOIN han_answer_vote av ON av.answer_id=a.id  WHERE ( a.id=35 )  [ RunTime:0.0004s ]
SQL: SELECT t.topic_name,t.id,t.topic_pic,tf.focus_id FROM han_topic_relation tr INNER JOIN han_topic t ON t.id=tr.topic_id LEFT JOIN han_topic_focus tf ON tf.topic_id=t.id  WHERE ( item_id=9 ) ORDER BY topic_focus_count desc LIMIT 1   [ RunTime:0.0003s ]
SQL: SELECT * FROM `han_answer` WHERE ( id=35 )  [ RunTime:0.0002s ]
SQL: SELECT * FROM `han_question_focus` WHERE `uid` = 1 AND `question_id` = 9  [ RunTime:0.0002s ]
SQL: SELECT * FROM `han_answer_report` WHERE `uid` = 1 AND `answer_id` = 35  [ RunTime:0.0001s ]
SQL: SELECT * FROM `han_answer_vote` WHERE `answer_id` = 34 AND `vote_uid` = 1  [ RunTime:0.0002s ]
NOTIC: [8] Undefined offset: 0 C:\AppServ\www\mytest\mingzhi\Application\Home\Model\FeedsModel.class.php 第 155 行.
NOTIC: [8] Undefined offset: 0 C:\AppServ\www\mytest\mingzhi\Application\Home\Model\FeedsModel.class.php 第 156 行.
SQL: SELECT u.username,u.tag,u.avatar_file,q.question_name,a.*,av.vote_value FROM han_answer a INNER JOIN han_user u ON u.id=a.uid INNER JOIN han_question q ON q.id=a.question_id LEFT JOIN han_answer_vote av ON av.answer_id=a.id  WHERE ( a.id=34 )  [ RunTime:0.0002s ]
SQL: SELECT t.topic_name,t.id,t.topic_pic,tf.focus_id FROM han_topic_relation tr INNER JOIN han_topic t ON t.id=tr.topic_id LEFT JOIN han_topic_focus tf ON tf.topic_id=t.id  WHERE ( item_id=21 ) ORDER BY topic_focus_count desc LIMIT 1   [ RunTime:0.0002s ]
SQL: SELECT * FROM `han_answer` WHERE ( id=34 )  [ RunTime:0.0001s ]
SQL: SELECT * FROM `han_question_focus` WHERE `uid` = 1 AND `question_id` = 21  [ RunTime:0.0002s ]
SQL: SELECT * FROM `han_answer_report` WHERE `uid` = 1 AND `answer_id` = 34  [ RunTime:0.0001s ]
SQL: SELECT * FROM `han_answer_vote` WHERE `answer_id` = 33 AND `vote_uid` = 1  [ RunTime:0.0002s ]
NOTIC: [8] Undefined offset: 0 C:\AppServ\www\mytest\mingzhi\Application\Home\Model\FeedsModel.class.php 第 155 行.
NOTIC: [8] Undefined offset: 0 C:\AppServ\www\mytest\mingzhi\Application\Home\Model\FeedsModel.class.php 第 156 行.
SQL: SELECT u.username,u.tag,u.avatar_file,q.question_name,a.*,av.vote_value FROM han_answer a INNER JOIN han_user u ON u.id=a.uid INNER JOIN han_question q ON q.id=a.question_id LEFT JOIN han_answer_vote av ON av.answer_id=a.id  WHERE ( a.id=33 )  [ RunTime:0.0002s ]
SQL: SELECT t.topic_name,t.id,t.topic_pic,tf.focus_id FROM han_topic_relation tr INNER JOIN han_topic t ON t.id=tr.topic_id LEFT JOIN han_topic_focus tf ON tf.topic_id=t.id  WHERE ( item_id=21 ) ORDER BY topic_focus_count desc LIMIT 1   [ RunTime:0.0002s ]
SQL: SELECT * FROM `han_answer` WHERE ( id=33 )  [ RunTime:0.0002s ]
SQL: SELECT * FROM `han_question_focus` WHERE `uid` = 1 AND `question_id` = 21  [ RunTime:0.0002s ]
SQL: SELECT * FROM `han_answer_report` WHERE `uid` = 1 AND `answer_id` = 33  [ RunTime:0.0001s ]
SQL: SELECT * FROM `han_answer_vote` WHERE `answer_id` = 32 AND `vote_uid` = 1  [ RunTime:0.0001s ]
SQL: SELECT u.username,u.tag,u.avatar_file,q.question_name,a.*,av.vote_value FROM han_answer a INNER JOIN han_user u ON u.id=a.uid INNER JOIN han_question q ON q.id=a.question_id LEFT JOIN han_answer_vote av ON av.answer_id=a.id  WHERE ( a.id=32 )  [ RunTime:0.0003s ]
SQL: SELECT t.topic_name,t.id,t.topic_pic,tf.focus_id FROM han_topic_relation tr INNER JOIN han_topic t ON t.id=tr.topic_id LEFT JOIN han_topic_focus tf ON tf.topic_id=t.id  WHERE ( item_id=21 ) ORDER BY topic_focus_count desc LIMIT 1   [ RunTime:0.0002s ]
SQL: SELECT * FROM `han_answer` WHERE ( id=32 )  [ RunTime:0.0001s ]
SQL: SELECT * FROM `han_question_focus` WHERE `uid` = 1 AND `question_id` = 21  [ RunTime:0.0002s ]
SQL: SELECT * FROM `han_answer_report` WHERE `uid` = 1 AND `answer_id` = 32  [ RunTime:0.0001s ]
SQL: SELECT * FROM `han_answer_vote` WHERE `answer_id` = 31 AND `vote_uid` = 1  [ RunTime:0.0002s ]
SQL: SELECT u.username,u.tag,u.avatar_file,q.question_name,a.*,av.vote_value FROM han_answer a INNER JOIN han_user u ON u.id=a.uid INNER JOIN han_question q ON q.id=a.question_id LEFT JOIN han_answer_vote av ON av.answer_id=a.id  WHERE ( a.id=31 )  [ RunTime:0.0003s ]
SQL: SELECT t.topic_name,t.id,t.topic_pic,tf.focus_id FROM han_topic_relation tr INNER JOIN han_topic t ON t.id=tr.topic_id LEFT JOIN han_topic_focus tf ON tf.topic_id=t.id  WHERE ( item_id=21 ) ORDER BY topic_focus_count desc LIMIT 1   [ RunTime:0.0004s ]
SQL: SELECT * FROM `han_answer` WHERE ( id=31 )  [ RunTime:0.0002s ]
SQL: SELECT * FROM `han_question_focus` WHERE `uid` = 1 AND `question_id` = 21  [ RunTime:0.0002s ]
SQL: SELECT * FROM `han_answer_report` WHERE `uid` = 1 AND `answer_id` = 31  [ RunTime:0.0002s ]
INFO: [ view_parse ] --START--
INFO: [ template_filter ] --START--
INFO: Run Behavior\ContentReplaceBehavior [ RunTime:0.000386s ]
INFO: [ template_filter ] --END-- [ RunTime:0.000434s ]
NOTIC: [8] Undefined variable: comment_info C:\AppServ\www\mytest\mingzhi\Application\Runtime\Cache\Home\2a94b8bda04ff446dcedd42276fc99ee.php 第 485 行.
NOTIC: [8] Undefined variable: comment_info C:\AppServ\www\mytest\mingzhi\Application\Runtime\Cache\Home\2a94b8bda04ff446dcedd42276fc99ee.php 第 485 行.
NOTIC: [8] Undefined variable: comment_info C:\AppServ\www\mytest\mingzhi\Application\Runtime\Cache\Home\2a94b8bda04ff446dcedd42276fc99ee.php 第 485 行.
NOTIC: [8] Undefined variable: comment_info C:\AppServ\www\mytest\mingzhi\Application\Runtime\Cache\Home\2a94b8bda04ff446dcedd42276fc99ee.php 第 485 行.
NOTIC: [8] Undefined variable: comment_info C:\AppServ\www\mytest\mingzhi\Application\Runtime\Cache\Home\2a94b8bda04ff446dcedd42276fc99ee.php 第 485 行.
NOTIC: [8] Undefined variable: comment_info C:\AppServ\www\mytest\mingzhi\Application\Runtime\Cache\Home\2a94b8bda04ff446dcedd42276fc99ee.php 第 485 行.
INFO: Run Behavior\ParseTemplateBehavior [ RunTime:0.400738s ]
INFO: [ view_parse ] --END-- [ RunTime:0.400782s ]
INFO: [ view_filter ] --START--
INFO: Run Behavior\WriteHtmlCacheBehavior [ RunTime:0.000448s ]
INFO: [ view_filter ] --END-- [ RunTime:0.000492s ]
INFO: [ app_end ] --START--
INFO: Run Behavior\ShowPageTraceBehavior [ RunTime:0.001156s ]
INFO: [ app_end ] --END-- [ RunTime:0.001267s ]

[ 2017-03-03T12:45:14+08:00 ] 127.0.0.1 /mytest/mingzhi/index.php/Home/Profile/index/u/1
INFO: [ app_init ] --START--
INFO: Run Behavior\BuildLiteBehavior [ RunTime:0.000014s ]
INFO: [ app_init ] --END-- [ RunTime:0.000063s ]
INFO: [ app_begin ] --START--
INFO: Run Behavior\ReadHtmlCacheBehavior [ RunTime:0.000509s ]
INFO: [ app_begin ] --END-- [ RunTime:0.000550s ]
NOTIC: [8] Undefined index: sel C:\AppServ\www\mytest\mingzhi\Application\Home\Controller\ProfileController.class.php 第 14 行.
SQL: SELECT * FROM `han_user` WHERE ( id=1 )  [ RunTime:0.0010s ]
SQL: SELECT j.job_name FROM han_user u INNER JOIN han_jobs j ON j.id=u.job_id  WHERE ( u.id=1 )  [ RunTime:0.0078s ]
SQL: SELECT COUNT(follow_id) AS tp_count FROM `han_user_follow` WHERE ( fans_uid=1 ) LIMIT 1   [ RunTime:0.0009s ]
SQL: SELECT COUNT(focus_id) AS tp_count FROM `han_topic_focus` WHERE ( uid=1 ) LIMIT 1   [ RunTime:0.0007s ]
SQL: SELECT `topic_name`,`id`,`focus_id` FROM han_topic_focus tf INNER JOIN han_topic t ON t.id=tf.topic_id  WHERE ( tf.uid=1 ) ORDER BY tf.add_time desc LIMIT 10   [ RunTime:0.0010s ]
SQL: UPDATE `han_user` SET `u_view_count`=u_view_count+1 WHERE ( id=1 ) [ RunTime:0.0499s ]
SQL: SELECT COUNT(*) AS tp_count FROM `han_user_record` WHERE ( uid=1 ) LIMIT 1   [ RunTime:0.0009s ]
SQL: SELECT * FROM `han_user_record` WHERE ( uid=1 ) ORDER BY add_time desc LIMIT 0,10   [ RunTime:0.0002s ]
SQL: SELECT * FROM `han_answer_vote` WHERE `answer_id` = 36 AND `vote_uid` = 1  [ RunTime:0.0007s ]
NOTIC: [8] Undefined offset: 0 C:\AppServ\www\mytest\mingzhi\Application\Home\Model\FeedsModel.class.php 第 155 行.
NOTIC: [8] Undefined offset: 0 C:\AppServ\www\mytest\mingzhi\Application\Home\Model\FeedsModel.class.php 第 156 行.
SQL: SELECT u.username,u.tag,u.avatar_file,q.question_name,a.*,av.vote_value FROM han_answer a INNER JOIN han_user u ON u.id=a.uid INNER JOIN han_question q ON q.id=a.question_id LEFT JOIN han_answer_vote av ON av.answer_id=a.id  WHERE ( a.id=36 )  [ RunTime:0.0017s ]
SQL: SELECT * FROM `han_answer_vote` WHERE `answer_id` = 35 AND `vote_uid` = 1  [ RunTime:0.0002s ]
SQL: SELECT u.username,u.tag,u.avatar_file,q.question_name,a.*,av.vote_value FROM han_answer a INNER JOIN han_user u ON u.id=a.uid INNER JOIN han_question q ON q.id=a.question_id LEFT JOIN han_answer_vote av ON av.answer_id=a.id  WHERE ( a.id=35 )  [ RunTime:0.0003s ]
SQL: SELECT * FROM `han_answer_vote` WHERE `answer_id` = 32 AND `vote_uid` = 1  [ RunTime:0.0002s ]
SQL: SELECT u.username,u.tag,u.avatar_file,q.question_name,a.*,av.vote_value FROM han_answer a INNER JOIN han_user u ON u.id=a.uid INNER JOIN han_question q ON q.id=a.question_id LEFT JOIN han_answer_vote av ON av.answer_id=a.id  WHERE ( a.id=32 )  [ RunTime:0.0004s ]
SQL: SELECT * FROM `han_answer_vote` WHERE `answer_id` = 30 AND `vote_uid` = 1  [ RunTime:0.0002s ]
SQL: SELECT u.username,u.tag,u.avatar_file,q.question_name,a.*,av.vote_value FROM han_answer a INNER JOIN han_user u ON u.id=a.uid INNER JOIN han_question q ON q.id=a.question_id LEFT JOIN han_answer_vote av ON av.answer_id=a.id  WHERE ( a.id=30 )  [ RunTime:0.0004s ]
SQL: SELECT * FROM `han_answer_vote` WHERE `answer_id` = 31 AND `vote_uid` = 1  [ RunTime:0.0002s ]
SQL: SELECT u.username,u.tag,u.avatar_file,q.question_name,a.*,av.vote_value FROM han_answer a INNER JOIN han_user u ON u.id=a.uid INNER JOIN han_question q ON q.id=a.question_id LEFT JOIN han_answer_vote av ON av.answer_id=a.id  WHERE ( a.id=31 )  [ RunTime:0.0003s ]
SQL: SELECT * FROM `han_answer_vote` WHERE `answer_id` = 30 AND `vote_uid` = 1  [ RunTime:0.0002s ]
SQL: SELECT u.username,u.tag,u.avatar_file,q.question_name,a.*,av.vote_value FROM han_answer a INNER JOIN han_user u ON u.id=a.uid INNER JOIN han_question q ON q.id=a.question_id LEFT JOIN han_answer_vote av ON av.answer_id=a.id  WHERE ( a.id=30 )  [ RunTime:0.0003s ]
SQL: SELECT * FROM `han_answer_vote` WHERE `answer_id` = 29 AND `vote_uid` = 1  [ RunTime:0.0002s ]
SQL: SELECT u.username,u.tag,u.avatar_file,q.question_name,a.*,av.vote_value FROM han_answer a INNER JOIN han_user u ON u.id=a.uid INNER JOIN han_question q ON q.id=a.question_id LEFT JOIN han_answer_vote av ON av.answer_id=a.id  WHERE ( a.id=29 )  [ RunTime:0.0003s ]
SQL: SELECT * FROM `han_answer_vote` WHERE `answer_id` = 24 AND `vote_uid` = 1  [ RunTime:0.0002s ]
SQL: SELECT u.username,u.tag,u.avatar_file,q.question_name,a.*,av.vote_value FROM han_answer a INNER JOIN han_user u ON u.id=a.uid INNER JOIN han_question q ON q.id=a.question_id LEFT JOIN han_answer_vote av ON av.answer_id=a.id  WHERE ( a.id=24 )  [ RunTime:0.0003s ]
SQL: SELECT * FROM `han_answer_vote` WHERE `answer_id` = 28 AND `vote_uid` = 1  [ RunTime:0.0002s ]
SQL: SELECT u.username,u.tag,u.avatar_file,q.question_name,a.*,av.vote_value FROM han_answer a INNER JOIN han_user u ON u.id=a.uid INNER JOIN han_question q ON q.id=a.question_id LEFT JOIN han_answer_vote av ON av.answer_id=a.id  WHERE ( a.id=28 )  [ RunTime:0.0003s ]
SQL: SELECT * FROM `han_answer_vote` WHERE `answer_id` = 28 AND `vote_uid` = 1  [ RunTime:0.0002s ]
SQL: SELECT u.username,u.tag,u.avatar_file,q.question_name,a.*,av.vote_value FROM han_answer a INNER JOIN han_user u ON u.id=a.uid INNER JOIN han_question q ON q.id=a.question_id LEFT JOIN han_answer_vote av ON av.answer_id=a.id  WHERE ( a.id=28 )  [ RunTime:0.0003s ]
SQL: SELECT COUNT(*) AS tp_count FROM `han_question` WHERE ( uid=1 ) LIMIT 1   [ RunTime:0.0002s ]
SQL: SELECT COUNT(*) AS tp_count FROM `han_answer` WHERE ( uid=1 ) LIMIT 1   [ RunTime:0.0003s ]
SQL: SELECT COUNT(*) AS tp_count FROM `han_answer_vote` WHERE `vote_uid` = 1 AND `vote_value` = 1 LIMIT 1   [ RunTime:0.0002s ]
INFO: [ view_parse ] --START--
INFO: [ template_filter ] --START--
INFO: Run Behavior\ContentReplaceBehavior [ RunTime:0.000423s ]
INFO: [ template_filter ] --END-- [ RunTime:0.000472s ]
NOTIC: [8] Undefined variable: feeds_info_detail C:\AppServ\www\mytest\mingzhi\Application\Runtime\Cache\Home\be601d17fafea03b717d499f1908e543.php 第 468 行.
NOTIC: [8] Undefined variable: feeds_info_detail C:\AppServ\www\mytest\mingzhi\Application\Runtime\Cache\Home\be601d17fafea03b717d499f1908e543.php 第 314 行.
NOTIC: [8] Undefined variable: feeds_info_detail C:\AppServ\www\mytest\mingzhi\Application\Runtime\Cache\Home\be601d17fafea03b717d499f1908e543.php 第 314 行.
NOTIC: [8] Undefined variable: feeds_info_detail C:\AppServ\www\mytest\mingzhi\Application\Runtime\Cache\Home\be601d17fafea03b717d499f1908e543.php 第 314 行.
NOTIC: [8] Undefined variable: feeds_info_detail C:\AppServ\www\mytest\mingzhi\Application\Runtime\Cache\Home\be601d17fafea03b717d499f1908e543.php 第 468 行.
NOTIC: [8] Undefined variable: feeds_info_detail C:\AppServ\www\mytest\mingzhi\Application\Runtime\Cache\Home\be601d17fafea03b717d499f1908e543.php 第 468 行.
NOTIC: [8] Undefined variable: feeds_info_detail C:\AppServ\www\mytest\mingzhi\Application\Runtime\Cache\Home\be601d17fafea03b717d499f1908e543.php 第 468 行.
NOTIC: [8] Undefined variable: feeds_info_detail C:\AppServ\www\mytest\mingzhi\Application\Runtime\Cache\Home\be601d17fafea03b717d499f1908e543.php 第 314 行.
NOTIC: [8] Undefined variable: feeds_info_detail C:\AppServ\www\mytest\mingzhi\Application\Runtime\Cache\Home\be601d17fafea03b717d499f1908e543.php 第 314 行.
NOTIC: [8] Undefined variable: feeds_info_detail C:\AppServ\www\mytest\mingzhi\Application\Runtime\Cache\Home\be601d17fafea03b717d499f1908e543.php 第 468 行.
INFO: Run Behavior\ParseTemplateBehavior [ RunTime:0.243534s ]
INFO: [ view_parse ] --END-- [ RunTime:0.243626s ]
INFO: [ view_filter ] --START--
INFO: Run Behavior\WriteHtmlCacheBehavior [ RunTime:0.000878s ]
INFO: [ view_filter ] --END-- [ RunTime:0.000914s ]
INFO: [ app_end ] --START--
INFO: Run Behavior\ShowPageTraceBehavior [ RunTime:0.000980s ]
INFO: [ app_end ] --END-- [ RunTime:0.001032s ]

[ 2017-03-03T12:45:20+08:00 ] 127.0.0.1 /mytest/mingzhi/index.php/Home/User/UploadAvatar
INFO: [ app_init ] --START--
INFO: Run Behavior\BuildLiteBehavior [ RunTime:0.000009s ]
INFO: [ app_init ] --END-- [ RunTime:0.000058s ]
INFO: [ app_begin ] --START--
INFO: Run Behavior\ReadHtmlCacheBehavior [ RunTime:0.000448s ]
INFO: [ app_begin ] --END-- [ RunTime:0.000484s ]
NOTIC: [2] call_user_func() expects parameter 1 to be a valid callback, no array or string given C:\AppServ\www\mytest\mingzhi\ThinkPHP\Library\Think\Upload.class.php 第 170 行.
SQL: UPDATE `han_user` SET `avatar_file`='/mytest/mingzhi/Uploads/avatar/20170303/58b8f4e0ce132.jpg' WHERE ( id=1 ) [ RunTime:0.0502s ]

[ 2017-03-03T12:45:23+08:00 ] 127.0.0.1 /mytest/mingzhi/index.php/Home/Index/index
INFO: [ app_init ] --START--
INFO: Run Behavior\BuildLiteBehavior [ RunTime:0.000011s ]
INFO: [ app_init ] --END-- [ RunTime:0.000059s ]
INFO: [ app_begin ] --START--
INFO: Run Behavior\ReadHtmlCacheBehavior [ RunTime:0.000838s ]
INFO: [ app_begin ] --END-- [ RunTime:0.000909s ]
NOTIC: [8] Undefined index: p C:\AppServ\www\mytest\mingzhi\Application\Home\Controller\IndexController.class.php 第 28 行.
SQL: SELECT `topic_name`,`id`,`focus_id` FROM han_topic_focus tf INNER JOIN han_topic t ON t.id=tf.topic_id  WHERE ( tf.uid=1 ) ORDER BY tf.add_time desc LIMIT 10   [ RunTime:0.0029s ]
SQL: SELECT `topic_name`,`id`,`focus_id`,`topic_pic` FROM han_topic t LEFT JOIN han_topic_focus tf ON t.id=tf.topic_id and tf.uid=1  ORDER BY t.question_count desc LIMIT 5   [ RunTime:0.0005s ]
SQL: SELECT COUNT(*) AS tp_count FROM `han_feeds` WHERE ( ruid=1 ) LIMIT 1   [ RunTime:0.0008s ]
SQL: SELECT * FROM `han_feeds` WHERE ( ruid=1 ) ORDER BY add_time desc LIMIT 0,6   [ RunTime:0.0003s ]
SQL: SELECT * FROM `han_answer_vote` WHERE `answer_id` = 36 AND `vote_uid` = 1  [ RunTime:0.0008s ]
NOTIC: [8] Undefined offset: 0 C:\AppServ\www\mytest\mingzhi\Application\Home\Model\FeedsModel.class.php 第 155 行.
NOTIC: [8] Undefined offset: 0 C:\AppServ\www\mytest\mingzhi\Application\Home\Model\FeedsModel.class.php 第 156 行.
SQL: SELECT u.username,u.tag,u.avatar_file,q.question_name,a.*,av.vote_value FROM han_answer a INNER JOIN han_user u ON u.id=a.uid INNER JOIN han_question q ON q.id=a.question_id LEFT JOIN han_answer_vote av ON av.answer_id=a.id  WHERE ( a.id=36 )  [ RunTime:0.0023s ]
SQL: SELECT t.topic_name,t.id,t.topic_pic,tf.focus_id FROM han_topic_relation tr INNER JOIN han_topic t ON t.id=tr.topic_id LEFT JOIN han_topic_focus tf ON tf.topic_id=t.id  WHERE ( item_id=9 ) ORDER BY topic_focus_count desc LIMIT 1   [ RunTime:0.0011s ]
SQL: SELECT * FROM `han_answer` WHERE ( id=36 )  [ RunTime:0.0004s ]
SQL: SELECT * FROM `han_question_focus` WHERE `uid` = 1 AND `question_id` = 9  [ RunTime:0.0008s ]
SQL: SELECT * FROM `han_answer_report` WHERE `uid` = 1 AND `answer_id` = 36  [ RunTime:0.0008s ]
SQL: SELECT * FROM `han_answer_vote` WHERE `answer_id` = 35 AND `vote_uid` = 1  [ RunTime:0.0002s ]
SQL: SELECT u.username,u.tag,u.avatar_file,q.question_name,a.*,av.vote_value FROM han_answer a INNER JOIN han_user u ON u.id=a.uid INNER JOIN han_question q ON q.id=a.question_id LEFT JOIN han_answer_vote av ON av.answer_id=a.id  WHERE ( a.id=35 )  [ RunTime:0.0003s ]
SQL: SELECT t.topic_name,t.id,t.topic_pic,tf.focus_id FROM han_topic_relation tr INNER JOIN han_topic t ON t.id=tr.topic_id LEFT JOIN han_topic_focus tf ON tf.topic_id=t.id  WHERE ( item_id=9 ) ORDER BY topic_focus_count desc LIMIT 1   [ RunTime:0.0003s ]
SQL: SELECT * FROM `han_answer` WHERE ( id=35 )  [ RunTime:0.0002s ]
SQL: SELECT * FROM `han_question_focus` WHERE `uid` = 1 AND `question_id` = 9  [ RunTime:0.0002s ]
SQL: SELECT * FROM `han_answer_report` WHERE `uid` = 1 AND `answer_id` = 35  [ RunTime:0.0002s ]
SQL: SELECT * FROM `han_answer_vote` WHERE `answer_id` = 34 AND `vote_uid` = 1  [ RunTime:0.0002s ]
NOTIC: [8] Undefined offset: 0 C:\AppServ\www\mytest\mingzhi\Application\Home\Model\FeedsModel.class.php 第 155 行.
NOTIC: [8] Undefined offset: 0 C:\AppServ\www\mytest\mingzhi\Application\Home\Model\FeedsModel.class.php 第 156 行.
SQL: SELECT u.username,u.tag,u.avatar_file,q.question_name,a.*,av.vote_value FROM han_answer a INNER JOIN han_user u ON u.id=a.uid INNER JOIN han_question q ON q.id=a.question_id LEFT JOIN han_answer_vote av ON av.answer_id=a.id  WHERE ( a.id=34 )  [ RunTime:0.0003s ]
SQL: SELECT t.topic_name,t.id,t.topic_pic,tf.focus_id FROM han_topic_relation tr INNER JOIN han_topic t ON t.id=tr.topic_id LEFT JOIN han_topic_focus tf ON tf.topic_id=t.id  WHERE ( item_id=21 ) ORDER BY topic_focus_count desc LIMIT 1   [ RunTime:0.0004s ]
SQL: SELECT * FROM `han_answer` WHERE ( id=34 )  [ RunTime:0.0002s ]
SQL: SELECT * FROM `han_question_focus` WHERE `uid` = 1 AND `question_id` = 21  [ RunTime:0.0002s ]
SQL: SELECT * FROM `han_answer_report` WHERE `uid` = 1 AND `answer_id` = 34  [ RunTime:0.0002s ]
SQL: SELECT * FROM `han_answer_vote` WHERE `answer_id` = 33 AND `vote_uid` = 1  [ RunTime:0.0001s ]
NOTIC: [8] Undefined offset: 0 C:\AppServ\www\mytest\mingzhi\Application\Home\Model\FeedsModel.class.php 第 155 行.
NOTIC: [8] Undefined offset: 0 C:\AppServ\www\mytest\mingzhi\Application\Home\Model\FeedsModel.class.php 第 156 行.
SQL: SELECT u.username,u.tag,u.avatar_file,q.question_name,a.*,av.vote_value FROM han_answer a INNER JOIN han_user u ON u.id=a.uid INNER JOIN han_question q ON q.id=a.question_id LEFT JOIN han_answer_vote av ON av.answer_id=a.id  WHERE ( a.id=33 )  [ RunTime:0.0003s ]
SQL: SELECT t.topic_name,t.id,t.topic_pic,tf.focus_id FROM han_topic_relation tr INNER JOIN han_topic t ON t.id=tr.topic_id LEFT JOIN han_topic_focus tf ON tf.topic_id=t.id  WHERE ( item_id=21 ) ORDER BY topic_focus_count desc LIMIT 1   [ RunTime:0.0004s ]
SQL: SELECT * FROM `han_answer` WHERE ( id=33 )  [ RunTime:0.0002s ]
SQL: SELECT * FROM `han_question_focus` WHERE `uid` = 1 AND `question_id` = 21  [ RunTime:0.0002s ]
SQL: SELECT * FROM `han_answer_report` WHERE `uid` = 1 AND `answer_id` = 33  [ RunTime:0.0002s ]
SQL: SELECT * FROM `han_answer_vote` WHERE `answer_id` = 32 AND `vote_uid` = 1  [ RunTime:0.0002s ]
SQL: SELECT u.username,u.tag,u.avatar_file,q.question_name,a.*,av.vote_value FROM han_answer a INNER JOIN han_user u ON u.id=a.uid INNER JOIN han_question q ON q.id=a.question_id LEFT JOIN han_answer_vote av ON av.answer_id=a.id  WHERE ( a.id=32 )  [ RunTime:0.0003s ]
SQL: SELECT t.topic_name,t.id,t.topic_pic,tf.focus_id FROM han_topic_relation tr INNER JOIN han_topic t ON t.id=tr.topic_id LEFT JOIN han_topic_focus tf ON tf.topic_id=t.id  WHERE ( item_id=21 ) ORDER BY topic_focus_count desc LIMIT 1   [ RunTime:0.0003s ]
SQL: SELECT * FROM `han_answer` WHERE ( id=32 )  [ RunTime:0.0003s ]
SQL: SELECT * FROM `han_question_focus` WHERE `uid` = 1 AND `question_id` = 21  [ RunTime:0.0002s ]
SQL: SELECT * FROM `han_answer_report` WHERE `uid` = 1 AND `answer_id` = 32  [ RunTime:0.0001s ]
SQL: SELECT * FROM `han_answer_vote` WHERE `answer_id` = 31 AND `vote_uid` = 1  [ RunTime:0.0002s ]
SQL: SELECT u.username,u.tag,u.avatar_file,q.question_name,a.*,av.vote_value FROM han_answer a INNER JOIN han_user u ON u.id=a.uid INNER JOIN han_question q ON q.id=a.question_id LEFT JOIN han_answer_vote av ON av.answer_id=a.id  WHERE ( a.id=31 )  [ RunTime:0.0002s ]
SQL: SELECT t.topic_name,t.id,t.topic_pic,tf.focus_id FROM han_topic_relation tr INNER JOIN han_topic t ON t.id=tr.topic_id LEFT JOIN han_topic_focus tf ON tf.topic_id=t.id  WHERE ( item_id=21 ) ORDER BY topic_focus_count desc LIMIT 1   [ RunTime:0.0003s ]
SQL: SELECT * FROM `han_answer` WHERE ( id=31 )  [ RunTime:0.0002s ]
SQL: SELECT * FROM `han_question_focus` WHERE `uid` = 1 AND `question_id` = 21  [ RunTime:0.0002s ]
SQL: SELECT * FROM `han_answer_report` WHERE `uid` = 1 AND `answer_id` = 31  [ RunTime:0.0001s ]
INFO: [ view_parse ] --START--
INFO: [ template_filter ] --START--
INFO: Run Behavior\ContentReplaceBehavior [ RunTime:0.000393s ]
INFO: [ template_filter ] --END-- [ RunTime:0.000442s ]
NOTIC: [8] Undefined variable: comment_info C:\AppServ\www\mytest\mingzhi\Application\Runtime\Cache\Home\2a94b8bda04ff446dcedd42276fc99ee.php 第 485 行.
NOTIC: [8] Undefined variable: comment_info C:\AppServ\www\mytest\mingzhi\Application\Runtime\Cache\Home\2a94b8bda04ff446dcedd42276fc99ee.php 第 485 行.
NOTIC: [8] Undefined variable: comment_info C:\AppServ\www\mytest\mingzhi\Application\Runtime\Cache\Home\2a94b8bda04ff446dcedd42276fc99ee.php 第 485 行.
NOTIC: [8] Undefined variable: comment_info C:\AppServ\www\mytest\mingzhi\Application\Runtime\Cache\Home\2a94b8bda04ff446dcedd42276fc99ee.php 第 485 行.
NOTIC: [8] Undefined variable: comment_info C:\AppServ\www\mytest\mingzhi\Application\Runtime\Cache\Home\2a94b8bda04ff446dcedd42276fc99ee.php 第 485 行.
NOTIC: [8] Undefined variable: comment_info C:\AppServ\www\mytest\mingzhi\Application\Runtime\Cache\Home\2a94b8bda04ff446dcedd42276fc99ee.php 第 485 行.
INFO: Run Behavior\ParseTemplateBehavior [ RunTime:0.354586s ]
INFO: [ view_parse ] --END-- [ RunTime:0.354651s ]
INFO: [ view_filter ] --START--
INFO: Run Behavior\WriteHtmlCacheBehavior [ RunTime:0.001114s ]
INFO: [ view_filter ] --END-- [ RunTime:0.001155s ]
INFO: [ app_end ] --START--
INFO: Run Behavior\ShowPageTraceBehavior [ RunTime:0.000806s ]
INFO: [ app_end ] --END-- [ RunTime:0.000846s ]

[ 2017-03-03T12:45:25+08:00 ] 127.0.0.1 /mytest/mingzhi/index.php/Home/Index/exitsys
INFO: [ app_init ] --START--
INFO: Run Behavior\BuildLiteBehavior [ RunTime:0.000009s ]
INFO: [ app_init ] --END-- [ RunTime:0.000049s ]
INFO: [ app_begin ] --START--
INFO: Run Behavior\ReadHtmlCacheBehavior [ RunTime:0.000598s ]
INFO: [ app_begin ] --END-- [ RunTime:0.000637s ]

[ 2017-03-03T12:45:25+08:00 ] 127.0.0.1 /mytest/mingzhi/index.php/Home/User/Login
INFO: [ app_init ] --START--
INFO: Run Behavior\BuildLiteBehavior [ RunTime:0.000011s ]
INFO: [ app_init ] --END-- [ RunTime:0.000054s ]
INFO: [ app_begin ] --START--
INFO: Run Behavior\ReadHtmlCacheBehavior [ RunTime:0.000668s ]
INFO: [ app_begin ] --END-- [ RunTime:0.000721s ]
INFO: [ view_parse ] --START--
INFO: [ template_filter ] --START--
INFO: Run Behavior\ContentReplaceBehavior [ RunTime:0.000076s ]
INFO: [ template_filter ] --END-- [ RunTime:0.000123s ]
INFO: Run Behavior\ParseTemplateBehavior [ RunTime:0.087848s ]
INFO: [ view_parse ] --END-- [ RunTime:0.087905s ]
INFO: [ view_filter ] --START--
INFO: Run Behavior\WriteHtmlCacheBehavior [ RunTime:0.000484s ]
INFO: [ view_filter ] --END-- [ RunTime:0.000516s ]
INFO: [ app_end ] --START--
INFO: Run Behavior\ShowPageTraceBehavior [ RunTime:0.000615s ]
INFO: [ app_end ] --END-- [ RunTime:0.000649s ]

[ 2017-03-03T12:45:25+08:00 ] 127.0.0.1 /mytest/mingzhi/index.php/Home/User/Verify
INFO: [ app_init ] --START--
INFO: Run Behavior\BuildLiteBehavior [ RunTime:0.000010s ]
INFO: [ app_init ] --END-- [ RunTime:0.000049s ]
INFO: [ app_begin ] --START--
INFO: Run Behavior\ReadHtmlCacheBehavior [ RunTime:0.000672s ]
INFO: [ app_begin ] --END-- [ RunTime:0.000725s ]
INFO: [ app_end ] --START--
INFO: Run Behavior\ShowPageTraceBehavior [ RunTime:0.000799s ]
INFO: [ app_end ] --END-- [ RunTime:0.000866s ]

[ 2017-03-03T12:45:28+08:00 ] 127.0.0.1 /mytest/mingzhi/index.php/Home/User/Verify?0.3361115626551212
INFO: [ app_init ] --START--
INFO: Run Behavior\BuildLiteBehavior [ RunTime:0.000010s ]
INFO: [ app_init ] --END-- [ RunTime:0.000051s ]
INFO: [ app_begin ] --START--
INFO: Run Behavior\ReadHtmlCacheBehavior [ RunTime:0.000596s ]
INFO: [ app_begin ] --END-- [ RunTime:0.000634s ]
INFO: [ app_end ] --START--
INFO: Run Behavior\ShowPageTraceBehavior [ RunTime:0.000797s ]
INFO: [ app_end ] --END-- [ RunTime:0.000862s ]

[ 2017-03-03T12:45:32+08:00 ] 127.0.0.1 /mytest/mingzhi/index.php/Home/User/Login
INFO: [ app_init ] --START--
INFO: Run Behavior\BuildLiteBehavior [ RunTime:0.000011s ]
INFO: [ app_init ] --END-- [ RunTime:0.000057s ]
INFO: [ app_begin ] --START--
INFO: Run Behavior\ReadHtmlCacheBehavior [ RunTime:0.000643s ]
INFO: [ app_begin ] --END-- [ RunTime:0.000689s ]
SQL: SELECT * FROM `han_user` WHERE `username` = 'admin' LIMIT 1   [ RunTime:0.0012s ]
SQL: SELECT * FROM `han_user` WHERE ( id=1 )  [ RunTime:0.0003s ]

[ 2017-03-03T12:45:32+08:00 ] 127.0.0.1 /mytest/mingzhi/index.php/Home/Index/index
INFO: [ app_init ] --START--
INFO: Run Behavior\BuildLiteBehavior [ RunTime:0.000011s ]
INFO: [ app_init ] --END-- [ RunTime:0.000056s ]
INFO: [ app_begin ] --START--
INFO: Run Behavior\ReadHtmlCacheBehavior [ RunTime:0.000633s ]
INFO: [ app_begin ] --END-- [ RunTime:0.000672s ]
NOTIC: [8] Undefined index: p C:\AppServ\www\mytest\mingzhi\Application\Home\Controller\IndexController.class.php 第 28 行.
SQL: SELECT `topic_name`,`id`,`focus_id` FROM han_topic_focus tf INNER JOIN han_topic t ON t.id=tf.topic_id  WHERE ( tf.uid=1 ) ORDER BY tf.add_time desc LIMIT 10   [ RunTime:0.0018s ]
SQL: SELECT `topic_name`,`id`,`focus_id`,`topic_pic` FROM han_topic t LEFT JOIN han_topic_focus tf ON t.id=tf.topic_id and tf.uid=1  ORDER BY t.question_count desc LIMIT 5   [ RunTime:0.0003s ]
SQL: SELECT COUNT(*) AS tp_count FROM `han_feeds` WHERE ( ruid=1 ) LIMIT 1   [ RunTime:0.0008s ]
SQL: SELECT * FROM `han_feeds` WHERE ( ruid=1 ) ORDER BY add_time desc LIMIT 0,6   [ RunTime:0.0003s ]
SQL: SELECT * FROM `han_answer_vote` WHERE `answer_id` = 36 AND `vote_uid` = 1  [ RunTime:0.0010s ]
NOTIC: [8] Undefined offset: 0 C:\AppServ\www\mytest\mingzhi\Application\Home\Model\FeedsModel.class.php 第 155 行.
NOTIC: [8] Undefined offset: 0 C:\AppServ\www\mytest\mingzhi\Application\Home\Model\FeedsModel.class.php 第 156 行.
SQL: SELECT u.username,u.tag,u.avatar_file,q.question_name,a.*,av.vote_value FROM han_answer a INNER JOIN han_user u ON u.id=a.uid INNER JOIN han_question q ON q.id=a.question_id LEFT JOIN han_answer_vote av ON av.answer_id=a.id  WHERE ( a.id=36 )  [ RunTime:0.0025s ]
SQL: SELECT t.topic_name,t.id,t.topic_pic,tf.focus_id FROM han_topic_relation tr INNER JOIN han_topic t ON t.id=tr.topic_id LEFT JOIN han_topic_focus tf ON tf.topic_id=t.id  WHERE ( item_id=9 ) ORDER BY topic_focus_count desc LIMIT 1   [ RunTime:0.0010s ]
SQL: SELECT * FROM `han_answer` WHERE ( id=36 )  [ RunTime:0.0002s ]
SQL: SELECT * FROM `han_question_focus` WHERE `uid` = 1 AND `question_id` = 9  [ RunTime:0.0008s ]
SQL: SELECT * FROM `han_answer_report` WHERE `uid` = 1 AND `answer_id` = 36  [ RunTime:0.0006s ]
SQL: SELECT * FROM `han_answer_vote` WHERE `answer_id` = 35 AND `vote_uid` = 1  [ RunTime:0.0001s ]
SQL: SELECT u.username,u.tag,u.avatar_file,q.question_name,a.*,av.vote_value FROM han_answer a INNER JOIN han_user u ON u.id=a.uid INNER JOIN han_question q ON q.id=a.question_id LEFT JOIN han_answer_vote av ON av.answer_id=a.id  WHERE ( a.id=35 )  [ RunTime:0.0002s ]
SQL: SELECT t.topic_name,t.id,t.topic_pic,tf.focus_id FROM han_topic_relation tr INNER JOIN han_topic t ON t.id=tr.topic_id LEFT JOIN han_topic_focus tf ON tf.topic_id=t.id  WHERE ( item_id=9 ) ORDER BY topic_focus_count desc LIMIT 1   [ RunTime:0.0002s ]
SQL: SELECT * FROM `han_answer` WHERE ( id=35 )  [ RunTime:0.0001s ]
SQL: SELECT * FROM `han_question_focus` WHERE `uid` = 1 AND `question_id` = 9  [ RunTime:0.0002s ]
SQL: SELECT * FROM `han_answer_report` WHERE `uid` = 1 AND `answer_id` = 35  [ RunTime:0.0001s ]
SQL: SELECT * FROM `han_answer_vote` WHERE `answer_id` = 34 AND `vote_uid` = 1  [ RunTime:0.0001s ]
NOTIC: [8] Undefined offset: 0 C:\AppServ\www\mytest\mingzhi\Application\Home\Model\FeedsModel.class.php 第 155 行.
NOTIC: [8] Undefined offset: 0 C:\AppServ\www\mytest\mingzhi\Application\Home\Model\FeedsModel.class.php 第 156 行.
SQL: SELECT u.username,u.tag,u.avatar_file,q.question_name,a.*,av.vote_value FROM han_answer a INNER JOIN han_user u ON u.id=a.uid INNER JOIN han_question q ON q.id=a.question_id LEFT JOIN han_answer_vote av ON av.answer_id=a.id  WHERE ( a.id=34 )  [ RunTime:0.0003s ]
SQL: SELECT t.topic_name,t.id,t.topic_pic,tf.focus_id FROM han_topic_relation tr INNER JOIN han_topic t ON t.id=tr.topic_id LEFT JOIN han_topic_focus tf ON tf.topic_id=t.id  WHERE ( item_id=21 ) ORDER BY topic_focus_count desc LIMIT 1   [ RunTime:0.0003s ]
SQL: SELECT * FROM `han_answer` WHERE ( id=34 )  [ RunTime:0.0002s ]
SQL: SELECT * FROM `han_question_focus` WHERE `uid` = 1 AND `question_id` = 21  [ RunTime:0.0002s ]
SQL: SELECT * FROM `han_answer_report` WHERE `uid` = 1 AND `answer_id` = 34  [ RunTime:0.0001s ]
SQL: SELECT * FROM `han_answer_vote` WHERE `answer_id` = 33 AND `vote_uid` = 1  [ RunTime:0.0001s ]
NOTIC: [8] Undefined offset: 0 C:\AppServ\www\mytest\mingzhi\Application\Home\Model\FeedsModel.class.php 第 155 行.
NOTIC: [8] Undefined offset: 0 C:\AppServ\www\mytest\mingzhi\Application\Home\Model\FeedsModel.class.php 第 156 行.
SQL: SELECT u.username,u.tag,u.avatar_file,q.question_name,a.*,av.vote_value FROM han_answer a INNER JOIN han_user u ON u.id=a.uid INNER JOIN han_question q ON q.id=a.question_id LEFT JOIN han_answer_vote av ON av.answer_id=a.id  WHERE ( a.id=33 )  [ RunTime:0.0003s ]
SQL: SELECT t.topic_name,t.id,t.topic_pic,tf.focus_id FROM han_topic_relation tr INNER JOIN han_topic t ON t.id=tr.topic_id LEFT JOIN han_topic_focus tf ON tf.topic_id=t.id  WHERE ( item_id=21 ) ORDER BY topic_focus_count desc LIMIT 1   [ RunTime:0.0002s ]
SQL: SELECT * FROM `han_answer` WHERE ( id=33 )  [ RunTime:0.0002s ]
SQL: SELECT * FROM `han_question_focus` WHERE `uid` = 1 AND `question_id` = 21  [ RunTime:0.0002s ]
SQL: SELECT * FROM `han_answer_report` WHERE `uid` = 1 AND `answer_id` = 33  [ RunTime:0.0002s ]
SQL: SELECT * FROM `han_answer_vote` WHERE `answer_id` = 32 AND `vote_uid` = 1  [ RunTime:0.0002s ]
SQL: SELECT u.username,u.tag,u.avatar_file,q.question_name,a.*,av.vote_value FROM han_answer a INNER JOIN han_user u ON u.id=a.uid INNER JOIN han_question q ON q.id=a.question_id LEFT JOIN han_answer_vote av ON av.answer_id=a.id  WHERE ( a.id=32 )  [ RunTime:0.0004s ]
SQL: SELECT t.topic_name,t.id,t.topic_pic,tf.focus_id FROM han_topic_relation tr INNER JOIN han_topic t ON t.id=tr.topic_id LEFT JOIN han_topic_focus tf ON tf.topic_id=t.id  WHERE ( item_id=21 ) ORDER BY topic_focus_count desc LIMIT 1   [ RunTime:0.0004s ]
SQL: SELECT * FROM `han_answer` WHERE ( id=32 )  [ RunTime:0.0002s ]
SQL: SELECT * FROM `han_question_focus` WHERE `uid` = 1 AND `question_id` = 21  [ RunTime:0.0002s ]
SQL: SELECT * FROM `han_answer_report` WHERE `uid` = 1 AND `answer_id` = 32  [ RunTime:0.0002s ]
SQL: SELECT * FROM `han_answer_vote` WHERE `answer_id` = 31 AND `vote_uid` = 1  [ RunTime:0.0002s ]
SQL: SELECT u.username,u.tag,u.avatar_file,q.question_name,a.*,av.vote_value FROM han_answer a INNER JOIN han_user u ON u.id=a.uid INNER JOIN han_question q ON q.id=a.question_id LEFT JOIN han_answer_vote av ON av.answer_id=a.id  WHERE ( a.id=31 )  [ RunTime:0.0003s ]
SQL: SELECT t.topic_name,t.id,t.topic_pic,tf.focus_id FROM han_topic_relation tr INNER JOIN han_topic t ON t.id=tr.topic_id LEFT JOIN han_topic_focus tf ON tf.topic_id=t.id  WHERE ( item_id=21 ) ORDER BY topic_focus_count desc LIMIT 1   [ RunTime:0.0003s ]
SQL: SELECT * FROM `han_answer` WHERE ( id=31 )  [ RunTime:0.0002s ]
SQL: SELECT * FROM `han_question_focus` WHERE `uid` = 1 AND `question_id` = 21  [ RunTime:0.0002s ]
SQL: SELECT * FROM `han_answer_report` WHERE `uid` = 1 AND `answer_id` = 31  [ RunTime:0.0001s ]
INFO: [ view_parse ] --START--
INFO: [ template_filter ] --START--
INFO: Run Behavior\ContentReplaceBehavior [ RunTime:0.000386s ]
INFO: [ template_filter ] --END-- [ RunTime:0.000433s ]
NOTIC: [8] Undefined variable: comment_info C:\AppServ\www\mytest\mingzhi\Application\Runtime\Cache\Home\2a94b8bda04ff446dcedd42276fc99ee.php 第 485 行.
NOTIC: [8] Undefined variable: comment_info C:\AppServ\www\mytest\mingzhi\Application\Runtime\Cache\Home\2a94b8bda04ff446dcedd42276fc99ee.php 第 485 行.
NOTIC: [8] Undefined variable: comment_info C:\AppServ\www\mytest\mingzhi\Application\Runtime\Cache\Home\2a94b8bda04ff446dcedd42276fc99ee.php 第 485 行.
NOTIC: [8] Undefined variable: comment_info C:\AppServ\www\mytest\mingzhi\Application\Runtime\Cache\Home\2a94b8bda04ff446dcedd42276fc99ee.php 第 485 行.
NOTIC: [8] Undefined variable: comment_info C:\AppServ\www\mytest\mingzhi\Application\Runtime\Cache\Home\2a94b8bda04ff446dcedd42276fc99ee.php 第 485 行.
NOTIC: [8] Undefined variable: comment_info C:\AppServ\www\mytest\mingzhi\Application\Runtime\Cache\Home\2a94b8bda04ff446dcedd42276fc99ee.php 第 485 行.
INFO: Run Behavior\ParseTemplateBehavior [ RunTime:0.308835s ]
INFO: [ view_parse ] --END-- [ RunTime:0.308899s ]
INFO: [ view_filter ] --START--
INFO: Run Behavior\WriteHtmlCacheBehavior [ RunTime:0.000565s ]
INFO: [ view_filter ] --END-- [ RunTime:0.000594s ]
INFO: [ app_end ] --START--
INFO: Run Behavior\ShowPageTraceBehavior [ RunTime:0.000970s ]
INFO: [ app_end ] --END-- [ RunTime:0.001012s ]

[ 2017-03-03T12:50:22+08:00 ] 127.0.0.1 /mytest/mingzhi/index.php/Home/Index/loadTopicInfo
INFO: [ app_init ] --START--
INFO: Run Behavior\BuildLiteBehavior [ RunTime:0.000011s ]
INFO: [ app_init ] --END-- [ RunTime:0.000062s ]
INFO: [ app_begin ] --START--
INFO: Run Behavior\ReadHtmlCacheBehavior [ RunTime:0.000571s ]
INFO: [ app_begin ] --END-- [ RunTime:0.000618s ]
SQL: SELECT * FROM `han_topic` WHERE ( id=17 )  [ RunTime:0.0010s ]
SQL: SELECT * FROM `han_topic_focus` WHERE `uid` = 1 AND `topic_id` = 17  [ RunTime:0.0010s ]
SQL: SELECT * FROM han_topic_relation tr INNER JOIN han_question q ON q.id=tr.item_id  WHERE ( q.answer_count>0 AND tr.topic_id=17 ) ORDER BY q.answer_count desc  [ RunTime:0.0019s ]

[ 2017-03-03T12:50:22+08:00 ] 127.0.0.1 /mytest/mingzhi/index.php/Home/Index/loadTopicInfo
INFO: [ app_init ] --START--
INFO: Run Behavior\BuildLiteBehavior [ RunTime:0.000010s ]
INFO: [ app_init ] --END-- [ RunTime:0.000050s ]
INFO: [ app_begin ] --START--
INFO: Run Behavior\ReadHtmlCacheBehavior [ RunTime:0.000454s ]
INFO: [ app_begin ] --END-- [ RunTime:0.000493s ]
SQL: SELECT * FROM `han_topic` WHERE ( id=19 )  [ RunTime:0.0013s ]
SQL: SELECT * FROM `han_topic_focus` WHERE `uid` = 1 AND `topic_id` = 19  [ RunTime:0.0010s ]
SQL: SELECT * FROM han_topic_relation tr INNER JOIN han_question q ON q.id=tr.item_id  WHERE ( q.answer_count>0 AND tr.topic_id=19 ) ORDER BY q.answer_count desc  [ RunTime:0.0018s ]

[ 2017-03-03T12:50:22+08:00 ] 127.0.0.1 /mytest/mingzhi/index.php/Home/Index/loadTopicInfo
INFO: [ app_init ] --START--
INFO: Run Behavior\BuildLiteBehavior [ RunTime:0.000013s ]
INFO: [ app_init ] --END-- [ RunTime:0.000051s ]
INFO: [ app_begin ] --START--
INFO: Run Behavior\ReadHtmlCacheBehavior [ RunTime:0.000496s ]
INFO: [ app_begin ] --END-- [ RunTime:0.000539s ]
SQL: SELECT * FROM `han_topic` WHERE ( id=18 )  [ RunTime:0.0009s ]
SQL: SELECT * FROM `han_topic_focus` WHERE `uid` = 1 AND `topic_id` = 18  [ RunTime:0.0008s ]
SQL: SELECT * FROM han_topic_relation tr INNER JOIN han_question q ON q.id=tr.item_id  WHERE ( q.answer_count>0 AND tr.topic_id=18 ) ORDER BY q.answer_count desc  [ RunTime:0.0015s ]

[ 2017-03-03T12:50:22+08:00 ] 127.0.0.1 /mytest/mingzhi/index.php/Home/Index/loadTopicInfo
INFO: [ app_init ] --START--
INFO: Run Behavior\BuildLiteBehavior [ RunTime:0.000008s ]
INFO: [ app_init ] --END-- [ RunTime:0.000043s ]
INFO: [ app_begin ] --START--
INFO: Run Behavior\ReadHtmlCacheBehavior [ RunTime:0.000501s ]
INFO: [ app_begin ] --END-- [ RunTime:0.000552s ]
SQL: SELECT * FROM `han_topic` WHERE ( id=20 )  [ RunTime:0.0011s ]
SQL: SELECT * FROM `han_topic_focus` WHERE `uid` = 1 AND `topic_id` = 20  [ RunTime:0.0009s ]
SQL: SELECT * FROM han_topic_relation tr INNER JOIN han_question q ON q.id=tr.item_id  WHERE ( q.answer_count>0 AND tr.topic_id=20 ) ORDER BY q.answer_count desc  [ RunTime:0.0017s ]

[ 2017-03-03T12:50:22+08:00 ] 127.0.0.1 /mytest/mingzhi/index.php/Home/Index/loadTopicInfo
INFO: [ app_init ] --START--
INFO: Run Behavior\BuildLiteBehavior [ RunTime:0.000016s ]
INFO: [ app_init ] --END-- [ RunTime:0.000078s ]
INFO: [ app_begin ] --START--
INFO: Run Behavior\ReadHtmlCacheBehavior [ RunTime:0.000572s ]
INFO: [ app_begin ] --END-- [ RunTime:0.000619s ]
SQL: SELECT * FROM `han_topic` WHERE ( id=21 )  [ RunTime:0.0010s ]
SQL: SELECT * FROM `han_topic_focus` WHERE `uid` = 1 AND `topic_id` = 21  [ RunTime:0.0007s ]
SQL: SELECT * FROM han_topic_relation tr INNER JOIN han_question q ON q.id=tr.item_id  WHERE ( q.answer_count>0 AND tr.topic_id=21 ) ORDER BY q.answer_count desc  [ RunTime:0.0015s ]

[ 2017-03-03T12:50:22+08:00 ] 127.0.0.1 /mytest/mingzhi/index.php/Home/Index/null
INFO: [ app_init ] --START--
INFO: Run Behavior\BuildLiteBehavior [ RunTime:0.000012s ]
INFO: [ app_init ] --END-- [ RunTime:0.000057s ]
INFO: [ app_begin ] --START--
INFO: Run Behavior\ReadHtmlCacheBehavior [ RunTime:0.000657s ]
INFO: [ app_begin ] --END-- [ RunTime:0.000712s ]
ERR: 非法操作:null

