[ 2016-10-12T22:06:59+08:00 ] ::1 /mytest/mingzhi/Public/static/wangEditor/fonts/icomoon.eot?
INFO: [ app_init ] --START--
INFO: Run Behavior\BuildLiteBehavior [ RunTime:0.000000s ]
INFO: [ app_init ] --END-- [ RunTime:0.000000s ]
ERR: 无法加载模块:Public

[ 2016-10-12T22:06:59+08:00 ] ::1 /mytest/mingzhi/Public/static/wangEditor/fonts/icomoon.ttf?-qdfu1s
INFO: [ app_init ] --START--
INFO: Run Behavior\BuildLiteBehavior [ RunTime:0.000000s ]
INFO: [ app_init ] --END-- [ RunTime:0.000000s ]
ERR: 无法加载模块:Public

[ 2016-10-12T22:06:59+08:00 ] ::1 /mytest/mingzhi/Public/static/wangEditor/fonts/icomoon.woff?-qdfu1s
INFO: [ app_init ] --START--
INFO: Run Behavior\BuildLiteBehavior [ RunTime:0.000000s ]
INFO: [ app_init ] --END-- [ RunTime:0.000000s ]
ERR: 无法加载模块:Public

[ 2016-10-12T22:07:07+08:00 ] ::1 /mytest/mingzhi/Public/static/wangEditor/fonts/icomoon.ttf?-qdfu1s
INFO: [ app_init ] --START--
INFO: Run Behavior\BuildLiteBehavior [ RunTime:0.000000s ]
INFO: [ app_init ] --END-- [ RunTime:0.000000s ]
ERR: 无法加载模块:Public

[ 2016-10-12T22:07:07+08:00 ] ::1 /mytest/mingzhi/Public/static/wangEditor/fonts/icomoon.woff?-qdfu1s
INFO: [ app_init ] --START--
INFO: Run Behavior\BuildLiteBehavior [ RunTime:0.000000s ]
INFO: [ app_init ] --END-- [ RunTime:0.000000s ]
ERR: 无法加载模块:Public

[ 2016-10-12T22:16:02+08:00 ] ::1 /mytest/mingzhi/Public/static/wangEditor/fonts/icomoon.ttf?-qdfu1s
INFO: [ app_init ] --START--
INFO: Run Behavior\BuildLiteBehavior [ RunTime:0.000000s ]
INFO: [ app_init ] --END-- [ RunTime:0.000000s ]
ERR: 无法加载模块:Public

[ 2016-10-12T22:16:02+08:00 ] ::1 /mytest/mingzhi/Public/static/wangEditor/fonts/icomoon.woff?-qdfu1s
INFO: [ app_init ] --START--
INFO: Run Behavior\BuildLiteBehavior [ RunTime:0.000000s ]
INFO: [ app_init ] --END-- [ RunTime:0.000000s ]
ERR: 无法加载模块:Public

[ 2016-10-12T22:16:12+08:00 ] ::1 /mytest/mingzhi/Public/static/wangEditor/fonts/icomoon.ttf?-qdfu1s
INFO: [ app_init ] --START--
INFO: Run Behavior\BuildLiteBehavior [ RunTime:0.000000s ]
INFO: [ app_init ] --END-- [ RunTime:0.000000s ]
ERR: 无法加载模块:Public

[ 2016-10-12T22:16:12+08:00 ] ::1 /mytest/mingzhi/Public/static/wangEditor/fonts/icomoon.woff?-qdfu1s
INFO: [ app_init ] --START--
INFO: Run Behavior\BuildLiteBehavior [ RunTime:0.000000s ]
INFO: [ app_init ] --END-- [ RunTime:0.001000s ]
ERR: 无法加载模块:Public

[ 2016-10-12T22:18:22+08:00 ] ::1 /mytest/mingzhi/Public/static/wangEditor/fonts/icomoon.ttf?-qdfu1s
INFO: [ app_init ] --START--
INFO: Run Behavior\BuildLiteBehavior [ RunTime:0.000000s ]
INFO: [ app_init ] --END-- [ RunTime:0.000000s ]
ERR: 无法加载模块:Public

[ 2016-10-12T22:18:22+08:00 ] ::1 /mytest/mingzhi/Public/static/wangEditor/fonts/icomoon.woff?-qdfu1s
INFO: [ app_init ] --START--
INFO: Run Behavior\BuildLiteBehavior [ RunTime:0.000000s ]
INFO: [ app_init ] --END-- [ RunTime:0.000000s ]
ERR: 无法加载模块:Public

[ 2016-10-12T22:18:39+08:00 ] ::1 /mytest/mingzhi/Public/static/wangEditor/fonts/icomoon.ttf?-qdfu1s
INFO: [ app_init ] --START--
INFO: Run Behavior\BuildLiteBehavior [ RunTime:0.000000s ]
INFO: [ app_init ] --END-- [ RunTime:0.000000s ]
ERR: 无法加载模块:Public

[ 2016-10-12T22:18:39+08:00 ] ::1 /mytest/mingzhi/Public/static/wangEditor/fonts/icomoon.woff?-qdfu1s
INFO: [ app_init ] --START--
INFO: Run Behavior\BuildLiteBehavior [ RunTime:0.000000s ]
INFO: [ app_init ] --END-- [ RunTime:0.000000s ]
ERR: 无法加载模块:Public

[ 2016-10-12T22:21:11+08:00 ] ::1 /mytest/mingzhi/Public/static/wangEditor/fonts/icomoon.ttf?-qdfu1s
INFO: [ app_init ] --START--
INFO: Run Behavior\BuildLiteBehavior [ RunTime:0.000000s ]
INFO: [ app_init ] --END-- [ RunTime:0.000000s ]
ERR: 无法加载模块:Public

[ 2016-10-12T22:21:11+08:00 ] ::1 /mytest/mingzhi/Public/static/wangEditor/fonts/icomoon.woff?-qdfu1s
INFO: [ app_init ] --START--
INFO: Run Behavior\BuildLiteBehavior [ RunTime:0.000000s ]
INFO: [ app_init ] --END-- [ RunTime:0.000000s ]
ERR: 无法加载模块:Public

[ 2016-10-12T22:21:57+08:00 ] ::1 /mytest/mingzhi/Public/static/wangEditor/fonts/icomoon.ttf?-qdfu1s
INFO: [ app_init ] --START--
INFO: Run Behavior\BuildLiteBehavior [ RunTime:0.000000s ]
INFO: [ app_init ] --END-- [ RunTime:0.000000s ]
ERR: 无法加载模块:Public

[ 2016-10-12T22:21:57+08:00 ] ::1 /mytest/mingzhi/Public/static/wangEditor/fonts/icomoon.woff?-qdfu1s
INFO: [ app_init ] --START--
INFO: Run Behavior\BuildLiteBehavior [ RunTime:0.000000s ]
INFO: [ app_init ] --END-- [ RunTime:0.000000s ]
ERR: 无法加载模块:Public

[ 2016-10-12T22:30:30+08:00 ] ::1 /mytest/mingzhi/Public/static/wangEditor/fonts/icomoon.ttf?-qdfu1s
INFO: [ app_init ] --START--
INFO: Run Behavior\BuildLiteBehavior [ RunTime:0.000000s ]
INFO: [ app_init ] --END-- [ RunTime:0.000000s ]
ERR: 无法加载模块:Public

[ 2016-10-12T22:30:30+08:00 ] ::1 /mytest/mingzhi/Public/static/wangEditor/fonts/icomoon.woff?-qdfu1s
INFO: [ app_init ] --START--
INFO: Run Behavior\BuildLiteBehavior [ RunTime:0.000000s ]
INFO: [ app_init ] --END-- [ RunTime:0.000000s ]
ERR: 无法加载模块:Public

[ 2016-10-12T22:34:58+08:00 ] ::1 /mytest/mingzhi/Public/static/wangEditor/fonts/icomoon.ttf?-qdfu1s
INFO: [ app_init ] --START--
INFO: Run Behavior\BuildLiteBehavior [ RunTime:0.000000s ]
INFO: [ app_init ] --END-- [ RunTime:0.000000s ]
ERR: 无法加载模块:Public

[ 2016-10-12T22:34:58+08:00 ] ::1 /mytest/mingzhi/Public/static/wangEditor/fonts/icomoon.woff?-qdfu1s
INFO: [ app_init ] --START--
INFO: Run Behavior\BuildLiteBehavior [ RunTime:0.000000s ]
INFO: [ app_init ] --END-- [ RunTime:0.000000s ]
ERR: 无法加载模块:Public

[ 2016-10-12T22:37:02+08:00 ] ::1 /mytest/mingzhi/Public/static/wangEditor/fonts/icomoon.ttf?-qdfu1s
INFO: [ app_init ] --START--
INFO: Run Behavior\BuildLiteBehavior [ RunTime:0.000000s ]
INFO: [ app_init ] --END-- [ RunTime:0.000000s ]
ERR: 无法加载模块:Public

[ 2016-10-12T22:37:02+08:00 ] ::1 /mytest/mingzhi/Public/static/wangEditor/fonts/icomoon.woff?-qdfu1s
INFO: [ app_init ] --START--
INFO: Run Behavior\BuildLiteBehavior [ RunTime:0.000000s ]
INFO: [ app_init ] --END-- [ RunTime:0.000000s ]
ERR: 无法加载模块:Public

[ 2016-10-12T22:37:51+08:00 ] ::1 /mytest/mingzhi/Public/static/wangEditor/fonts/icomoon.ttf?-qdfu1s
INFO: [ app_init ] --START--
INFO: Run Behavior\BuildLiteBehavior [ RunTime:0.000000s ]
INFO: [ app_init ] --END-- [ RunTime:0.000000s ]
ERR: 无法加载模块:Public

[ 2016-10-12T22:37:51+08:00 ] ::1 /mytest/mingzhi/Public/static/wangEditor/fonts/icomoon.woff?-qdfu1s
INFO: [ app_init ] --START--
INFO: Run Behavior\BuildLiteBehavior [ RunTime:0.000000s ]
INFO: [ app_init ] --END-- [ RunTime:0.000000s ]
ERR: 无法加载模块:Public

[ 2016-10-12T22:37:51+08:00 ] ::1 /mytest/mingzhi/Public/static/wangEditor/fonts/icomoon.ttf?-qdfu1s
INFO: [ app_init ] --START--
INFO: Run Behavior\BuildLiteBehavior [ RunTime:0.000000s ]
INFO: [ app_init ] --END-- [ RunTime:0.000000s ]
ERR: 无法加载模块:Public

[ 2016-10-12T22:37:51+08:00 ] ::1 /mytest/mingzhi/Public/static/wangEditor/fonts/icomoon.woff?-qdfu1s
INFO: [ app_init ] --START--
INFO: Run Behavior\BuildLiteBehavior [ RunTime:0.000000s ]
INFO: [ app_init ] --END-- [ RunTime:0.000000s ]
ERR: 无法加载模块:Public

[ 2016-10-12T22:38:16+08:00 ] ::1 /mytest/mingzhi/Public/static/wangEditor/fonts/icomoon.ttf?-qdfu1s
INFO: [ app_init ] --START--
INFO: Run Behavior\BuildLiteBehavior [ RunTime:0.000000s ]
INFO: [ app_init ] --END-- [ RunTime:0.000000s ]
ERR: 无法加载模块:Public

[ 2016-10-12T22:38:16+08:00 ] ::1 /mytest/mingzhi/Public/static/wangEditor/fonts/icomoon.woff?-qdfu1s
INFO: [ app_init ] --START--
INFO: Run Behavior\BuildLiteBehavior [ RunTime:0.000000s ]
INFO: [ app_init ] --END-- [ RunTime:0.000000s ]
ERR: 无法加载模块:Public

[ 2016-10-12T22:40:01+08:00 ] ::1 /mytest/mingzhi/Public/static/wangEditor/fonts/icomoon.ttf?-qdfu1s
INFO: [ app_init ] --START--
INFO: Run Behavior\BuildLiteBehavior [ RunTime:0.000000s ]
INFO: [ app_init ] --END-- [ RunTime:0.000000s ]
ERR: 无法加载模块:Public

[ 2016-10-12T22:40:01+08:00 ] ::1 /mytest/mingzhi/Public/static/wangEditor/fonts/icomoon.woff?-qdfu1s
INFO: [ app_init ] --START--
INFO: Run Behavior\BuildLiteBehavior [ RunTime:0.000000s ]
INFO: [ app_init ] --END-- [ RunTime:0.000000s ]
ERR: 无法加载模块:Public

[ 2016-10-12T22:44:08+08:00 ] ::1 /mytest/mingzhi/Public/static/wangEditor/fonts/icomoon.ttf?-qdfu1s
INFO: [ app_init ] --START--
INFO: Run Behavior\BuildLiteBehavior [ RunTime:0.000000s ]
INFO: [ app_init ] --END-- [ RunTime:0.001000s ]
ERR: 无法加载模块:Public

[ 2016-10-12T22:44:08+08:00 ] ::1 /mytest/mingzhi/Public/static/wangEditor/fonts/icomoon.woff?-qdfu1s
INFO: [ app_init ] --START--
INFO: Run Behavior\BuildLiteBehavior [ RunTime:0.000000s ]
INFO: [ app_init ] --END-- [ RunTime:0.001000s ]
ERR: 无法加载模块:Public

[ 2016-10-12T22:45:39+08:00 ] ::1 /mytest/mingzhi/Public/static/wangEditor/fonts/icomoon.ttf?-qdfu1s
INFO: [ app_init ] --START--
INFO: Run Behavior\BuildLiteBehavior [ RunTime:0.000000s ]
INFO: [ app_init ] --END-- [ RunTime:0.015600s ]
ERR: 无法加载模块:Public

[ 2016-10-12T22:45:39+08:00 ] ::1 /mytest/mingzhi/Public/static/wangEditor/fonts/icomoon.woff?-qdfu1s
INFO: [ app_init ] --START--
INFO: Run Behavior\BuildLiteBehavior [ RunTime:0.000000s ]
INFO: [ app_init ] --END-- [ RunTime:0.000000s ]
ERR: 无法加载模块:Public

[ 2016-10-12T22:48:18+08:00 ] ::1 /mytest/mingzhi/Public/static/wangEditor/fonts/icomoon.ttf?-qdfu1s
INFO: [ app_init ] --START--
INFO: Run Behavior\BuildLiteBehavior [ RunTime:0.000000s ]
INFO: [ app_init ] --END-- [ RunTime:0.000000s ]
ERR: 无法加载模块:Public

[ 2016-10-12T22:48:18+08:00 ] ::1 /mytest/mingzhi/Public/static/wangEditor/fonts/icomoon.woff?-qdfu1s
INFO: [ app_init ] --START--
INFO: Run Behavior\BuildLiteBehavior [ RunTime:0.000000s ]
INFO: [ app_init ] --END-- [ RunTime:0.000000s ]
ERR: 无法加载模块:Public

[ 2016-10-12T22:48:23+08:00 ] ::1 /mytest/mingzhi/Public/static/wangEditor/fonts/icomoon.ttf?-qdfu1s
INFO: [ app_init ] --START--
INFO: Run Behavior\BuildLiteBehavior [ RunTime:0.000000s ]
INFO: [ app_init ] --END-- [ RunTime:0.000000s ]
ERR: 无法加载模块:Public

[ 2016-10-12T22:48:23+08:00 ] ::1 /mytest/mingzhi/Public/static/wangEditor/fonts/icomoon.woff?-qdfu1s
INFO: [ app_init ] --START--
INFO: Run Behavior\BuildLiteBehavior [ RunTime:0.000000s ]
INFO: [ app_init ] --END-- [ RunTime:0.000000s ]
ERR: 无法加载模块:Public

[ 2016-10-12T22:48:24+08:00 ] ::1 /mytest/mingzhi/Public/static/wangEditor/fonts/icomoon.ttf?-qdfu1s
INFO: [ app_init ] --START--
INFO: Run Behavior\BuildLiteBehavior [ RunTime:0.000000s ]
INFO: [ app_init ] --END-- [ RunTime:0.000000s ]
ERR: 无法加载模块:Public

[ 2016-10-12T22:48:24+08:00 ] ::1 /mytest/mingzhi/Public/static/wangEditor/fonts/icomoon.woff?-qdfu1s
INFO: [ app_init ] --START--
INFO: Run Behavior\BuildLiteBehavior [ RunTime:0.000000s ]
INFO: [ app_init ] --END-- [ RunTime:0.000000s ]
ERR: 无法加载模块:Public

