[ 2016-11-22T08:40:20+08:00 ] ::1 /mytest/mingzhi/Public/Home/images/wowowo.jpg
ERR: 无法加载模块:Public

[ 2016-11-22T08:40:24+08:00 ] ::1 /mytest/mingzhi/Public/Home/images/wowowo.jpg
ERR: 无法加载模块:Public

[ 2016-11-22T08:45:09+08:00 ] ::1 /mytest/mingzhi/Public/Home/images/wowowo.jpg
ERR: 无法加载模块:Public

[ 2016-11-22T08:47:59+08:00 ] ::1 /mytest/mingzhi/Public/Home/images/wowowo.jpg
ERR: 无法加载模块:Public

[ 2016-11-22T08:57:47+08:00 ] ::1 /mytest/mingzhi/Public/Home/images/wowowo.jpg
ERR: 无法加载模块:Public

[ 2016-11-22T08:57:47+08:00 ] ::1 /mytest/mingzhi/Public/Home/images/wowowo.jpg
ERR: 无法加载模块:Public

[ 2016-11-22T08:57:53+08:00 ] ::1 /mytest/mingzhi/Public/Home/images/wowowo.jpg
ERR: 无法加载模块:Public

[ 2016-11-22T09:04:03+08:00 ] ::1 /mytest/mingzhi/Public/Home/images/wowowo.jpg
ERR: 无法加载模块:Public

[ 2016-11-22T09:05:38+08:00 ] ::1 /mytest/mingzhi/Public/Home/images/wowowo.jpg
ERR: 无法加载模块:Public

[ 2016-11-22T09:05:52+08:00 ] ::1 /mytest/mingzhi/Public/Home/images/wowowo.jpg
ERR: 无法加载模块:Public

[ 2016-11-22T09:06:25+08:00 ] ::1 /mytest/mingzhi/Public/Home/images/wowowo.jpg
ERR: 无法加载模块:Public

[ 2016-11-22T09:07:31+08:00 ] ::1 /mytest/mingzhi/Public/Home/images/wowowo.jpg
ERR: 无法加载模块:Public

[ 2016-11-22T09:07:37+08:00 ] ::1 /mytest/mingzhi/Public/Home/images/wowowo.jpg
ERR: 无法加载模块:Public

[ 2016-11-22T09:07:44+08:00 ] ::1 /mytest/mingzhi/Public/Home/images/wowowo.jpg
ERR: 无法加载模块:Public

[ 2016-11-22T09:07:44+08:00 ] ::1 /mytest/mingzhi/Public/Home/images/wowowo.jpg
ERR: 无法加载模块:Public

[ 2016-11-22T09:07:52+08:00 ] ::1 /mytest/mingzhi/Public/Home/images/wowowo.jpg
ERR: 无法加载模块:Public

[ 2016-11-22T09:07:53+08:00 ] ::1 /mytest/mingzhi/Public/Home/images/wowowo.jpg
ERR: 无法加载模块:Public

[ 2016-11-22T09:08:23+08:00 ] ::1 /mytest/mingzhi/Public/Home/images/wowowo.jpg
ERR: 无法加载模块:Public

[ 2016-11-22T09:08:48+08:00 ] ::1 /mytest/mingzhi/Public/Home/images/wowowo.jpg
ERR: 无法加载模块:Public

[ 2016-11-22T09:08:48+08:00 ] ::1 /mytest/mingzhi/Public/Home/images/wowowo.jpg
ERR: 无法加载模块:Public

[ 2016-11-22T09:09:00+08:00 ] ::1 /mytest/mingzhi/Public/Home/images/wowowo.jpg
ERR: 无法加载模块:Public

[ 2016-11-22T09:09:00+08:00 ] ::1 /mytest/mingzhi/Public/Home/images/wowowo.jpg
ERR: 无法加载模块:Public

[ 2016-11-22T09:09:44+08:00 ] ::1 /mytest/mingzhi/Public/Home/images/wowowo.jpg
ERR: 无法加载模块:Public

[ 2016-11-22T09:10:20+08:00 ] ::1 /mytest/mingzhi/Public/Home/images/wowowo.jpg
ERR: 无法加载模块:Public

[ 2016-11-22T09:10:20+08:00 ] ::1 /mytest/mingzhi/Public/Home/images/wowowo.jpg
ERR: 无法加载模块:Public

[ 2016-11-22T09:10:28+08:00 ] ::1 /mytest/mingzhi/Public/Home/images/wowowo.jpg
ERR: 无法加载模块:Public

[ 2016-11-22T09:10:29+08:00 ] ::1 /mytest/mingzhi/Public/Home/images/wowowo.jpg
ERR: 无法加载模块:Public

[ 2016-11-22T09:10:44+08:00 ] ::1 /mytest/mingzhi/Public/Home/images/wowowo.jpg
ERR: 无法加载模块:Public

[ 2016-11-22T09:10:44+08:00 ] ::1 /mytest/mingzhi/Public/Home/images/wowowo.jpg
ERR: 无法加载模块:Public

[ 2016-11-22T09:11:45+08:00 ] ::1 /mytest/mingzhi/Public/Home/images/wowowo.jpg
ERR: 无法加载模块:Public

[ 2016-11-22T09:11:45+08:00 ] ::1 /mytest/mingzhi/Public/Home/images/wowowo.jpg
ERR: 无法加载模块:Public

[ 2016-11-22T09:11:51+08:00 ] ::1 /mytest/mingzhi/Public/Home/images/wowowo.jpg
ERR: 无法加载模块:Public

[ 2016-11-22T09:11:51+08:00 ] ::1 /mytest/mingzhi/Public/Home/images/wowowo.jpg
ERR: 无法加载模块:Public

[ 2016-11-22T09:11:58+08:00 ] ::1 /mytest/mingzhi/Public/Home/images/wowowo.jpg
ERR: 无法加载模块:Public

[ 2016-11-22T09:11:58+08:00 ] ::1 /mytest/mingzhi/Public/Home/images/wowowo.jpg
ERR: 无法加载模块:Public

[ 2016-11-22T09:12:02+08:00 ] ::1 /mytest/mingzhi/Public/Home/images/wowowo.jpg
ERR: 无法加载模块:Public

[ 2016-11-22T09:12:02+08:00 ] ::1 /mytest/mingzhi/Public/Home/images/wowowo.jpg
ERR: 无法加载模块:Public

[ 2016-11-22T09:14:38+08:00 ] ::1 /mytest/mingzhi/Public/Home/images/wowowo.jpg
ERR: 无法加载模块:Public

[ 2016-11-22T09:14:38+08:00 ] ::1 /mytest/mingzhi/Public/Home/images/wowowo.jpg
ERR: 无法加载模块:Public

[ 2016-11-22T09:14:38+08:00 ] ::1 /mytest/mingzhi/Public/Home/images/wowowo.jpg
ERR: 无法加载模块:Public

[ 2016-11-22T09:14:43+08:00 ] ::1 /mytest/mingzhi/Public/Home/images/wowowo.jpg
ERR: 无法加载模块:Public

[ 2016-11-22T09:14:43+08:00 ] ::1 /mytest/mingzhi/Public/Home/images/wowowo.jpg
ERR: 无法加载模块:Public

[ 2016-11-22T09:14:48+08:00 ] ::1 /mytest/mingzhi/Public/Home/images/wowowo.jpg
ERR: 无法加载模块:Public

[ 2016-11-22T09:15:44+08:00 ] ::1 /mytest/mingzhi/Public/Home/images/wowowo.jpg
ERR: 无法加载模块:Public

[ 2016-11-22T09:16:19+08:00 ] ::1 /mytest/mingzhi/Public/Home/images/wowowo.jpg
ERR: 无法加载模块:Public

[ 2016-11-22T09:16:21+08:00 ] ::1 /mytest/mingzhi/Public/Home/images/wowowo.jpg
ERR: 无法加载模块:Public

[ 2016-11-22T09:16:28+08:00 ] ::1 /mytest/mingzhi/Public/Home/images/wowowo.jpg
ERR: 无法加载模块:Public

[ 2016-11-22T09:17:36+08:00 ] ::1 /mytest/mingzhi/Public/Home/images/wowowo.jpg
ERR: 无法加载模块:Public

[ 2016-11-22T09:17:56+08:00 ] ::1 /mytest/mingzhi/Public/Home/images/wowowo.jpg
ERR: 无法加载模块:Public

[ 2016-11-22T09:20:09+08:00 ] ::1 /mytest/mingzhi/Public/Home/images/wowowo.jpg
ERR: 无法加载模块:Public

[ 2016-11-22T09:21:49+08:00 ] ::1 /mytest/mingzhi/Public/Home/images/wowowo.jpg
ERR: 无法加载模块:Public

[ 2016-11-22T09:26:42+08:00 ] ::1 /mytest/mingzhi/Public/Home/images/wowowo.jpg
ERR: 无法加载模块:Public

[ 2016-11-22T09:26:42+08:00 ] ::1 /mytest/mingzhi/Public/Home/images/wowowo.jpg
ERR: 无法加载模块:Public

[ 2016-11-22T09:26:45+08:00 ] ::1 /mytest/mingzhi/Public/Home/images/wowowo.jpg
ERR: 无法加载模块:Public

[ 2016-11-22T09:26:47+08:00 ] ::1 /mytest/mingzhi/Public/Home/images/wowowo.jpg
ERR: 无法加载模块:Public

[ 2016-11-22T09:26:52+08:00 ] ::1 /mytest/mingzhi/Public/Home/images/wowowo.jpg
ERR: 无法加载模块:Public

[ 2016-11-22T09:27:32+08:00 ] ::1 /mytest/mingzhi/Public/Home/images/wowowo.jpg
ERR: 无法加载模块:Public

[ 2016-11-22T09:27:32+08:00 ] ::1 /mytest/mingzhi/Public/Home/images/wowowo.jpg
ERR: 无法加载模块:Public

[ 2016-11-22T09:31:35+08:00 ] ::1 /mytest/mingzhi/Public/Home/images/wowowo.jpg
ERR: 无法加载模块:Public

[ 2016-11-22T09:31:40+08:00 ] ::1 /mytest/mingzhi/Public/Home/images/wowowo.jpg
ERR: 无法加载模块:Public

[ 2016-11-22T09:31:40+08:00 ] ::1 /mytest/mingzhi/Public/Home/images/wowowo.jpg
ERR: 无法加载模块:Public

[ 2016-11-22T09:33:05+08:00 ] ::1 /mytest/mingzhi/Public/Home/images/wowowo.jpg
ERR: 无法加载模块:Public

[ 2016-11-22T09:33:06+08:00 ] ::1 /mytest/mingzhi/Public/Home/images/wowowo.jpg
ERR: 无法加载模块:Public

[ 2016-11-22T09:33:06+08:00 ] ::1 /mytest/mingzhi/Public/Home/images/wowowo.jpg
ERR: 无法加载模块:Public

[ 2016-11-22T09:33:11+08:00 ] ::1 /mytest/mingzhi/Public/Home/images/wowowo.jpg
ERR: 无法加载模块:Public

[ 2016-11-22T09:33:20+08:00 ] ::1 /mytest/mingzhi/Public/Home/images/wowowo.jpg
ERR: 无法加载模块:Public

[ 2016-11-22T09:33:37+08:00 ] ::1 /mytest/mingzhi/Public/Home/images/wowowo.jpg
ERR: 无法加载模块:Public

[ 2016-11-22T09:34:21+08:00 ] ::1 /mytest/mingzhi/Public/Home/images/wowowo.jpg
ERR: 无法加载模块:Public

[ 2016-11-22T09:34:24+08:00 ] ::1 /mytest/mingzhi/Public/Home/images/wowowo.jpg
ERR: 无法加载模块:Public

[ 2016-11-22T09:34:24+08:00 ] ::1 /mytest/mingzhi/Public/Home/images/wowowo.jpg
ERR: 无法加载模块:Public

[ 2016-11-22T09:34:29+08:00 ] ::1 /mytest/mingzhi/Public/Home/images/wowowo.jpg
ERR: 无法加载模块:Public

[ 2016-11-22T09:34:34+08:00 ] ::1 /mytest/mingzhi/Public/Home/images/wowowo.jpg
ERR: 无法加载模块:Public

[ 2016-11-22T09:35:21+08:00 ] ::1 /mytest/mingzhi/Public/Home/images/wowowo.jpg
ERR: 无法加载模块:Public

[ 2016-11-22T09:35:27+08:00 ] ::1 /mytest/mingzhi/Public/Home/images/wowowo.jpg
ERR: 无法加载模块:Public

[ 2016-11-22T09:46:25+08:00 ] ::1 /mytest/mingzhi/Public/Home/images/wowowo.jpg
ERR: 无法加载模块:Public

[ 2016-11-22T09:48:11+08:00 ] ::1 /mytest/mingzhi/Public/Home/images/wowowo.jpg
ERR: 无法加载模块:Public

[ 2016-11-22T09:48:11+08:00 ] ::1 /mytest/mingzhi/Public/Home/images/wowowo.jpg
ERR: 无法加载模块:Public

[ 2016-11-22T09:48:59+08:00 ] ::1 /mytest/mingzhi/Public/Home/images/wowowo.jpg
ERR: 无法加载模块:Public

[ 2016-11-22T09:49:02+08:00 ] ::1 /mytest/mingzhi/Public/Home/images/wowowo.jpg
ERR: 无法加载模块:Public

[ 2016-11-22T09:49:02+08:00 ] ::1 /mytest/mingzhi/Public/Home/images/wowowo.jpg
ERR: 无法加载模块:Public

[ 2016-11-22T09:49:55+08:00 ] ::1 /mytest/mingzhi/Public/Home/images/wowowo.jpg
ERR: 无法加载模块:Public

[ 2016-11-22T09:49:56+08:00 ] ::1 /mytest/mingzhi/Public/Home/images/wowowo.jpg
ERR: 无法加载模块:Public

[ 2016-11-22T09:49:57+08:00 ] ::1 /mytest/mingzhi/Public/Home/images/wowowo.jpg
ERR: 无法加载模块:Public

[ 2016-11-22T09:49:57+08:00 ] ::1 /mytest/mingzhi/Public/Home/images/wowowo.jpg
ERR: 无法加载模块:Public

[ 2016-11-22T09:50:09+08:00 ] ::1 /mytest/mingzhi/Public/Home/images/wowowo.jpg
ERR: 无法加载模块:Public

[ 2016-11-22T09:50:28+08:00 ] ::1 /mytest/mingzhi/Public/Home/images/wowowo.jpg
ERR: 无法加载模块:Public

[ 2016-11-22T09:55:56+08:00 ] ::1 /mytest/mingzhi/Public/Home/images/wowowo.jpg
ERR: 无法加载模块:Public

[ 2016-11-22T09:57:20+08:00 ] ::1 /mytest/mingzhi/Public/Home/images/wowowo.jpg
ERR: 无法加载模块:Public

[ 2016-11-22T09:57:20+08:00 ] ::1 /mytest/mingzhi/Public/Home/images/wowowo.jpg
ERR: 无法加载模块:Public

[ 2016-11-22T09:58:33+08:00 ] ::1 /mytest/mingzhi/Public/Home/images/wowowo.jpg
ERR: 无法加载模块:Public

[ 2016-11-22T09:58:47+08:00 ] ::1 /mytest/mingzhi/Public/Home/images/wowowo.jpg
ERR: 无法加载模块:Public

[ 2016-11-22T09:59:19+08:00 ] ::1 /mytest/mingzhi/Public/Home/images/wowowo.jpg
ERR: 无法加载模块:Public

[ 2016-11-22T10:01:14+08:00 ] ::1 /mytest/mingzhi/Public/Home/images/wowowo.jpg
ERR: 无法加载模块:Public

[ 2016-11-22T10:01:14+08:00 ] ::1 /mytest/mingzhi/Public/Home/images/wowowo.jpg
ERR: 无法加载模块:Public

[ 2016-11-22T10:01:26+08:00 ] ::1 /mytest/mingzhi/Public/Home/images/wowowo.jpg
ERR: 无法加载模块:Public

[ 2016-11-22T10:01:44+08:00 ] ::1 /mytest/mingzhi/Public/Home/images/wowowo.jpg
ERR: 无法加载模块:Public

[ 2016-11-22T10:02:13+08:00 ] ::1 /mytest/mingzhi/Public/Home/images/wowowo.jpg
ERR: 无法加载模块:Public

[ 2016-11-22T10:03:44+08:00 ] ::1 /mytest/mingzhi/Public/Home/images/wowowo.jpg
ERR: 无法加载模块:Public

[ 2016-11-22T10:03:59+08:00 ] ::1 /mytest/mingzhi/Public/Home/images/wowowo.jpg
ERR: 无法加载模块:Public

[ 2016-11-22T10:03:59+08:00 ] ::1 /mytest/mingzhi/Public/Home/images/wowowo.jpg
ERR: 无法加载模块:Public

[ 2016-11-22T10:04:08+08:00 ] ::1 /mytest/mingzhi/Public/Home/images/wowowo.jpg
ERR: 无法加载模块:Public

[ 2016-11-22T10:04:08+08:00 ] ::1 /mytest/mingzhi/Public/Home/images/wowowo.jpg
ERR: 无法加载模块:Public

[ 2016-11-22T10:04:33+08:00 ] ::1 /mytest/mingzhi/Public/Home/images/wowowo.jpg
ERR: 无法加载模块:Public

[ 2016-11-22T10:07:54+08:00 ] ::1 /mytest/mingzhi/Public/Home/images/wowowo.jpg
ERR: 无法加载模块:Public

[ 2016-11-22T10:07:54+08:00 ] ::1 /mytest/mingzhi/Public/Home/images/wowowo.jpg
ERR: 无法加载模块:Public

[ 2016-11-22T10:08:19+08:00 ] ::1 /mytest/mingzhi/Public/Home/images/wowowo.jpg
ERR: 无法加载模块:Public

[ 2016-11-22T10:08:20+08:00 ] ::1 /mytest/mingzhi/Public/Home/images/wowowo.jpg
ERR: 无法加载模块:Public

[ 2016-11-22T10:09:27+08:00 ] ::1 /mytest/mingzhi/Public/Home/images/wowowo.jpg
ERR: 无法加载模块:Public

[ 2016-11-22T10:10:26+08:00 ] ::1 /mytest/mingzhi/Public/Home/images/wowowo.jpg
ERR: 无法加载模块:Public

[ 2016-11-22T10:20:08+08:00 ] ::1 /mytest/mingzhi/Public/Home/images/wowowo.jpg
ERR: 无法加载模块:Public

[ 2016-11-22T10:20:09+08:00 ] ::1 /mytest/mingzhi/Public/Home/images/wowowo.jpg
ERR: 无法加载模块:Public

[ 2016-11-22T10:20:45+08:00 ] ::1 /mytest/mingzhi/Public/static/js/jquery-1.10.2.min.map
ERR: 无法加载模块:Public

[ 2016-11-22T10:28:28+08:00 ] ::1 /mytest/mingzhi/Public/Home/images/wowowo.jpg
ERR: 无法加载模块:Public

[ 2016-11-22T10:28:28+08:00 ] ::1 /mytest/mingzhi/Public/static/js/jquery-1.10.2.min.map
ERR: 无法加载模块:Public

[ 2016-11-22T10:28:28+08:00 ] ::1 /mytest/mingzhi/Public/Home/images/wowowo.jpg
ERR: 无法加载模块:Public

[ 2016-11-22T10:29:06+08:00 ] ::1 /mytest/mingzhi/Public/Home/images/wowowo.jpg
ERR: 无法加载模块:Public

[ 2016-11-22T10:29:06+08:00 ] ::1 /mytest/mingzhi/Public/Home/images/wowowo.jpg
ERR: 无法加载模块:Public

[ 2016-11-22T10:31:19+08:00 ] ::1 /mytest/mingzhi/Public/Home/images/wowowo.jpg
ERR: 无法加载模块:Public

[ 2016-11-22T10:31:54+08:00 ] ::1 /mytest/mingzhi/Public/Home/images/wowowo.jpg
ERR: 无法加载模块:Public

[ 2016-11-22T10:31:55+08:00 ] ::1 /mytest/mingzhi/Public/Home/images/wowowo.jpg
ERR: 无法加载模块:Public

[ 2016-11-22T10:32:21+08:00 ] ::1 /mytest/mingzhi/Public/Home/images/wowowo.jpg
ERR: 无法加载模块:Public

[ 2016-11-22T12:24:18+08:00 ] ::1 /mytest/mingzhi/Public/Home/images/wowowo.jpg
ERR: 无法加载模块:Public

[ 2016-11-22T12:26:12+08:00 ] ::1 /mytest/mingzhi/Public/Home/images/wowowo.jpg
ERR: 无法加载模块:Public

[ 2016-11-22T12:26:12+08:00 ] ::1 /mytest/mingzhi/Public/Home/images/wowowo.jpg
ERR: 无法加载模块:Public

[ 2016-11-22T12:27:00+08:00 ] ::1 /mytest/mingzhi/Public/Home/images/wowowo.jpg
ERR: 无法加载模块:Public

[ 2016-11-22T12:29:42+08:00 ] ::1 /mytest/mingzhi/Public/Home/images/wowowo.jpg
ERR: 无法加载模块:Public

[ 2016-11-22T12:31:25+08:00 ] ::1 /mytest/mingzhi/Public/Home/images/wowowo.jpg
ERR: 无法加载模块:Public

[ 2016-11-22T12:32:43+08:00 ] ::1 /mytest/mingzhi/Public/Home/images/wowowo.jpg
ERR: 无法加载模块:Public

[ 2016-11-22T12:32:48+08:00 ] ::1 /mytest/mingzhi/Public/Home/images/wowowo.jpg
ERR: 无法加载模块:Public

[ 2016-11-22T12:32:48+08:00 ] ::1 /mytest/mingzhi/Public/Home/images/wowowo.jpg
ERR: 无法加载模块:Public

[ 2016-11-22T12:33:02+08:00 ] ::1 /mytest/mingzhi/Public/Home/images/wowowo.jpg
ERR: 无法加载模块:Public

[ 2016-11-22T12:33:38+08:00 ] ::1 /mytest/mingzhi/Public/Home/images/wowowo.jpg
ERR: 无法加载模块:Public

[ 2016-11-22T12:33:38+08:00 ] ::1 /mytest/mingzhi/Public/Home/images/wowowo.jpg
ERR: 无法加载模块:Public

[ 2016-11-22T12:33:44+08:00 ] ::1 /mytest/mingzhi/Public/Home/images/wowowo.jpg
ERR: 无法加载模块:Public

[ 2016-11-22T12:33:55+08:00 ] ::1 /mytest/mingzhi/Public/Home/images/wowowo.jpg
ERR: 无法加载模块:Public

[ 2016-11-22T12:33:55+08:00 ] ::1 /mytest/mingzhi/Public/Home/images/wowowo.jpg
ERR: 无法加载模块:Public

[ 2016-11-22T12:33:58+08:00 ] ::1 /mytest/mingzhi/Public/Home/images/wowowo.jpg
ERR: 无法加载模块:Public

[ 2016-11-22T12:33:58+08:00 ] ::1 /mytest/mingzhi/Public/Home/images/wowowo.jpg
ERR: 无法加载模块:Public

[ 2016-11-22T12:34:04+08:00 ] ::1 /mytest/mingzhi/Public/Home/images/wowowo.jpg
ERR: 无法加载模块:Public

[ 2016-11-22T12:34:04+08:00 ] ::1 /mytest/mingzhi/Public/Home/images/wowowo.jpg
ERR: 无法加载模块:Public

[ 2016-11-22T12:34:17+08:00 ] ::1 /mytest/mingzhi/Public/Home/images/wowowo.jpg
ERR: 无法加载模块:Public

[ 2016-11-22T12:34:17+08:00 ] ::1 /mytest/mingzhi/Public/Home/images/wowowo.jpg
ERR: 无法加载模块:Public

[ 2016-11-22T12:34:26+08:00 ] ::1 /mytest/mingzhi/Public/Home/images/wowowo.jpg
ERR: 无法加载模块:Public

[ 2016-11-22T12:34:27+08:00 ] ::1 /mytest/mingzhi/Public/Home/images/wowowo.jpg
ERR: 无法加载模块:Public

[ 2016-11-22T12:34:39+08:00 ] ::1 /mytest/mingzhi/Public/Home/images/wowowo.jpg
ERR: 无法加载模块:Public

[ 2016-11-22T12:34:40+08:00 ] ::1 /mytest/mingzhi/Public/Home/images/wowowo.jpg
ERR: 无法加载模块:Public

[ 2016-11-22T12:34:48+08:00 ] ::1 /mytest/mingzhi/Public/Home/images/wowowo.jpg
ERR: 无法加载模块:Public

[ 2016-11-22T12:35:26+08:00 ] ::1 /mytest/mingzhi/Public/Home/images/wowowo.jpg
ERR: 无法加载模块:Public

[ 2016-11-22T12:35:26+08:00 ] ::1 /mytest/mingzhi/Public/Home/images/wowowo.jpg
ERR: 无法加载模块:Public

[ 2016-11-22T12:36:04+08:00 ] ::1 /mytest/mingzhi/Public/Home/images/wowowo.jpg
ERR: 无法加载模块:Public

[ 2016-11-22T12:39:49+08:00 ] ::1 /mytest/mingzhi/Public/Home/images/wowowo.jpg
ERR: 无法加载模块:Public

[ 2016-11-22T12:39:49+08:00 ] ::1 /mytest/mingzhi/Public/Home/images/wowowo.jpg
ERR: 无法加载模块:Public

[ 2016-11-22T12:39:51+08:00 ] ::1 /mytest/mingzhi/Public/Home/images/wowowo.jpg
ERR: 无法加载模块:Public

[ 2016-11-22T12:39:51+08:00 ] ::1 /mytest/mingzhi/Public/Home/images/wowowo.jpg
ERR: 无法加载模块:Public

[ 2016-11-22T12:39:53+08:00 ] ::1 /mytest/mingzhi/Public/Home/images/wowowo.jpg
ERR: 无法加载模块:Public

[ 2016-11-22T12:39:53+08:00 ] ::1 /mytest/mingzhi/Public/Home/images/wowowo.jpg
ERR: 无法加载模块:Public

[ 2016-11-22T12:39:56+08:00 ] ::1 /mytest/mingzhi/Public/Home/images/wowowo.jpg
ERR: 无法加载模块:Public

[ 2016-11-22T12:39:56+08:00 ] ::1 /mytest/mingzhi/Public/Home/images/wowowo.jpg
ERR: 无法加载模块:Public

[ 2016-11-22T12:41:23+08:00 ] ::1 /mytest/mingzhi/Public/Home/images/wowowo.jpg
ERR: 无法加载模块:Public

[ 2016-11-22T12:41:23+08:00 ] ::1 /mytest/mingzhi/Public/Home/images/wowowo.jpg
ERR: 无法加载模块:Public

[ 2016-11-22T12:41:41+08:00 ] ::1 /mytest/mingzhi/Public/Home/images/wowowo.jpg
ERR: 无法加载模块:Public

[ 2016-11-22T12:41:41+08:00 ] ::1 /mytest/mingzhi/Public/Home/images/wowowo.jpg
ERR: 无法加载模块:Public

[ 2016-11-22T12:44:42+08:00 ] ::1 /mytest/mingzhi/Public/Home/images/wowowo.jpg
ERR: 无法加载模块:Public

[ 2016-11-22T12:44:42+08:00 ] ::1 /mytest/mingzhi/Public/Home/images/wowowo.jpg
ERR: 无法加载模块:Public

[ 2016-11-22T12:44:45+08:00 ] ::1 /mytest/mingzhi/Public/Home/images/wowowo.jpg
ERR: 无法加载模块:Public

[ 2016-11-22T12:44:45+08:00 ] ::1 /mytest/mingzhi/Public/Home/images/wowowo.jpg
ERR: 无法加载模块:Public

[ 2016-11-22T12:44:50+08:00 ] ::1 /mytest/mingzhi/Public/Home/images/wowowo.jpg
ERR: 无法加载模块:Public

[ 2016-11-22T12:44:53+08:00 ] ::1 /mytest/mingzhi/Public/Home/images/wowowo.jpg
ERR: 无法加载模块:Public

[ 2016-11-22T12:44:53+08:00 ] ::1 /mytest/mingzhi/Public/Home/images/wowowo.jpg
ERR: 无法加载模块:Public

[ 2016-11-22T12:45:43+08:00 ] ::1 /mytest/mingzhi/Public/Home/images/wowowo.jpg
ERR: 无法加载模块:Public

[ 2016-11-22T13:08:12+08:00 ] ::1 /mytest/mingzhi/Public/Home/images/wowowo.jpg
ERR: 无法加载模块:Public

[ 2016-11-22T13:08:13+08:00 ] ::1 /mytest/mingzhi/Public/Home/images/wowowo.jpg
ERR: 无法加载模块:Public

[ 2016-11-22T13:08:26+08:00 ] ::1 /mytest/mingzhi/Public/Home/images/wowowo.jpg
ERR: 无法加载模块:Public

[ 2016-11-22T13:08:26+08:00 ] ::1 /mytest/mingzhi/Public/Home/images/wowowo.jpg
ERR: 无法加载模块:Public

[ 2016-11-22T13:12:16+08:00 ] ::1 /mytest/mingzhi/Public/Home/images/wowowo.jpg
ERR: 无法加载模块:Public

[ 2016-11-22T13:12:17+08:00 ] ::1 /mytest/mingzhi/Public/Home/images/wowowo.jpg
ERR: 无法加载模块:Public

[ 2016-11-22T13:12:19+08:00 ] ::1 /mytest/mingzhi/Public/Home/images/wowowo.jpg
ERR: 无法加载模块:Public

[ 2016-11-22T13:12:19+08:00 ] ::1 /mytest/mingzhi/Public/Home/images/wowowo.jpg
ERR: 无法加载模块:Public

[ 2016-11-22T13:12:22+08:00 ] ::1 /mytest/mingzhi/Public/Home/images/wowowo.jpg
ERR: 无法加载模块:Public

[ 2016-11-22T13:12:26+08:00 ] ::1 /mytest/mingzhi/Public/Home/images/wowowo.jpg
ERR: 无法加载模块:Public

[ 2016-11-22T13:12:49+08:00 ] ::1 /mytest/mingzhi/Public/Home/images/wowowo.jpg
ERR: 无法加载模块:Public

[ 2016-11-22T13:12:49+08:00 ] ::1 /mytest/mingzhi/Public/Home/images/wowowo.jpg
ERR: 无法加载模块:Public

[ 2016-11-22T13:13:28+08:00 ] ::1 /mytest/mingzhi/Public/Home/images/wowowo.jpg
ERR: 无法加载模块:Public

[ 2016-11-22T13:13:34+08:00 ] ::1 /mytest/mingzhi/Public/Home/images/wowowo.jpg
ERR: 无法加载模块:Public

[ 2016-11-22T13:13:41+08:00 ] ::1 /mytest/mingzhi/Public/Home/images/wowowo.jpg
ERR: 无法加载模块:Public

[ 2016-11-22T13:13:42+08:00 ] ::1 /mytest/mingzhi/Public/Home/images/wowowo.jpg
ERR: 无法加载模块:Public

[ 2016-11-22T13:16:17+08:00 ] ::1 /mytest/mingzhi/Public/Home/images/wowowo.jpg
ERR: 无法加载模块:Public

[ 2016-11-22T13:16:17+08:00 ] ::1 /mytest/mingzhi/Public/Home/images/wowowo.jpg
ERR: 无法加载模块:Public

[ 2016-11-22T13:16:23+08:00 ] ::1 /mytest/mingzhi/Public/Home/images/wowowo.jpg
ERR: 无法加载模块:Public

[ 2016-11-22T13:16:59+08:00 ] ::1 /mytest/mingzhi/Public/Home/images/wowowo.jpg
ERR: 无法加载模块:Public

[ 2016-11-22T13:17:23+08:00 ] ::1 /mytest/mingzhi/Public/Home/images/wowowo.jpg
ERR: 无法加载模块:Public

[ 2016-11-22T13:17:23+08:00 ] ::1 /mytest/mingzhi/Public/Home/images/wowowo.jpg
ERR: 无法加载模块:Public

[ 2016-11-22T13:19:43+08:00 ] ::1 /mytest/mingzhi/Public/Home/images/wowowo.jpg
ERR: 无法加载模块:Public

[ 2016-11-22T13:19:43+08:00 ] ::1 /mytest/mingzhi/Public/Home/images/wowowo.jpg
ERR: 无法加载模块:Public

[ 2016-11-22T13:20:12+08:00 ] ::1 /mytest/mingzhi/Public/Home/images/wowowo.jpg
ERR: 无法加载模块:Public

[ 2016-11-22T13:20:12+08:00 ] ::1 /mytest/mingzhi/Public/Home/images/wowowo.jpg
ERR: 无法加载模块:Public

[ 2016-11-22T13:20:28+08:00 ] ::1 /mytest/mingzhi/Public/Home/images/wowowo.jpg
ERR: 无法加载模块:Public

[ 2016-11-22T13:20:28+08:00 ] ::1 /mytest/mingzhi/Public/Home/images/wowowo.jpg
ERR: 无法加载模块:Public

[ 2016-11-22T13:20:49+08:00 ] ::1 /mytest/mingzhi/Public/Home/images/wowowo.jpg
ERR: 无法加载模块:Public

[ 2016-11-22T13:20:49+08:00 ] ::1 /mytest/mingzhi/Public/Home/images/wowowo.jpg
ERR: 无法加载模块:Public

[ 2016-11-22T13:21:21+08:00 ] ::1 /mytest/mingzhi/Public/Home/images/wowowo.jpg
ERR: 无法加载模块:Public

[ 2016-11-22T13:21:21+08:00 ] ::1 /mytest/mingzhi/Public/Home/images/wowowo.jpg
ERR: 无法加载模块:Public

[ 2016-11-22T13:23:17+08:00 ] ::1 /mytest/mingzhi/Public/Home/images/wowowo.jpg
ERR: 无法加载模块:Public

[ 2016-11-22T13:23:17+08:00 ] ::1 /mytest/mingzhi/Public/Home/images/wowowo.jpg
ERR: 无法加载模块:Public

[ 2016-11-22T13:26:47+08:00 ] ::1 /mytest/mingzhi/Public/Home/images/wowowo.jpg
ERR: 无法加载模块:Public

[ 2016-11-22T13:27:13+08:00 ] ::1 /mytest/mingzhi/Public/Home/images/wowowo.jpg
ERR: 无法加载模块:Public

[ 2016-11-22T13:27:34+08:00 ] ::1 /mytest/mingzhi/Public/Home/images/wowowo.jpg
ERR: 无法加载模块:Public

[ 2016-11-22T13:27:53+08:00 ] ::1 /mytest/mingzhi/Public/Home/images/wowowo.jpg
ERR: 无法加载模块:Public

[ 2016-11-22T13:27:53+08:00 ] ::1 /mytest/mingzhi/Public/Home/images/wowowo.jpg
ERR: 无法加载模块:Public

[ 2016-11-22T13:28:08+08:00 ] ::1 /mytest/mingzhi/Public/Home/images/wowowo.jpg
ERR: 无法加载模块:Public

[ 2016-11-22T13:28:31+08:00 ] ::1 /mytest/mingzhi/Public/Home/images/wowowo.jpg
ERR: 无法加载模块:Public

[ 2016-11-22T13:28:32+08:00 ] ::1 /mytest/mingzhi/Public/Home/images/wowowo.jpg
ERR: 无法加载模块:Public

[ 2016-11-22T13:28:47+08:00 ] ::1 /mytest/mingzhi/Public/Home/images/wowowo.jpg
ERR: 无法加载模块:Public

[ 2016-11-22T13:28:47+08:00 ] ::1 /mytest/mingzhi/Public/Home/images/wowowo.jpg
ERR: 无法加载模块:Public

[ 2016-11-22T13:29:05+08:00 ] ::1 /mytest/mingzhi/Public/Home/images/wowowo.jpg
ERR: 无法加载模块:Public

[ 2016-11-22T13:29:05+08:00 ] ::1 /mytest/mingzhi/Public/Home/images/wowowo.jpg
ERR: 无法加载模块:Public

[ 2016-11-22T13:33:46+08:00 ] ::1 /mytest/mingzhi/Public/Home/images/wowowo.jpg
ERR: 无法加载模块:Public

[ 2016-11-22T13:33:46+08:00 ] ::1 /mytest/mingzhi/Public/Home/images/wowowo.jpg
ERR: 无法加载模块:Public

[ 2016-11-22T13:33:48+08:00 ] ::1 /mytest/mingzhi/Public/Home/images/wowowo.jpg
ERR: 无法加载模块:Public

[ 2016-11-22T13:33:48+08:00 ] ::1 /mytest/mingzhi/Public/Home/images/wowowo.jpg
ERR: 无法加载模块:Public

[ 2016-11-22T13:33:49+08:00 ] ::1 /mytest/mingzhi/Public/Home/images/wowowo.jpg
ERR: 无法加载模块:Public

[ 2016-11-22T13:33:50+08:00 ] ::1 /mytest/mingzhi/Public/Home/images/wowowo.jpg
ERR: 无法加载模块:Public

[ 2016-11-22T13:33:54+08:00 ] ::1 /mytest/mingzhi/Public/Home/images/wowowo.jpg
ERR: 无法加载模块:Public

[ 2016-11-22T13:34:17+08:00 ] ::1 /mytest/mingzhi/Public/Home/images/wowowo.jpg
ERR: 无法加载模块:Public

[ 2016-11-22T13:39:59+08:00 ] ::1 /mytest/mingzhi/Public/Home/images/wowowo.jpg
ERR: 无法加载模块:Public

[ 2016-11-22T13:40:01+08:00 ] ::1 /mytest/mingzhi/Public/Home/images/wowowo.jpg
ERR: 无法加载模块:Public

[ 2016-11-22T13:40:05+08:00 ] ::1 /mytest/mingzhi/Public/Home/images/wowowo.jpg
ERR: 无法加载模块:Public

[ 2016-11-22T13:40:08+08:00 ] ::1 /mytest/mingzhi/Public/Home/images/wowowo.jpg
ERR: 无法加载模块:Public

[ 2016-11-22T13:40:09+08:00 ] ::1 /mytest/mingzhi/Public/Home/images/wowowo.jpg
ERR: 无法加载模块:Public

[ 2016-11-22T13:40:09+08:00 ] ::1 /mytest/mingzhi/Public/Home/images/wowowo.jpg
ERR: 无法加载模块:Public

[ 2016-11-22T13:40:12+08:00 ] ::1 /mytest/mingzhi/Public/Home/images/wowowo.jpg
ERR: 无法加载模块:Public

[ 2016-11-22T13:40:12+08:00 ] ::1 /mytest/mingzhi/Public/Home/images/wowowo.jpg
ERR: 无法加载模块:Public

[ 2016-11-22T13:41:48+08:00 ] ::1 /mytest/mingzhi/Public/Home/images/wowowo.jpg
ERR: 无法加载模块:Public

[ 2016-11-22T13:41:48+08:00 ] ::1 /mytest/mingzhi/Public/Home/images/wowowo.jpg
ERR: 无法加载模块:Public

[ 2016-11-22T13:41:50+08:00 ] ::1 /mytest/mingzhi/Public/Home/images/wowowo.jpg
ERR: 无法加载模块:Public

[ 2016-11-22T13:41:50+08:00 ] ::1 /mytest/mingzhi/Public/Home/images/wowowo.jpg
ERR: 无法加载模块:Public

[ 2016-11-22T13:41:53+08:00 ] ::1 /mytest/mingzhi/Public/Home/images/wowowo.jpg
ERR: 无法加载模块:Public

[ 2016-11-22T13:41:53+08:00 ] ::1 /mytest/mingzhi/Public/Home/images/wowowo.jpg
ERR: 无法加载模块:Public

[ 2016-11-22T13:41:56+08:00 ] ::1 /mytest/mingzhi/Public/Home/images/wowowo.jpg
ERR: 无法加载模块:Public

[ 2016-11-22T13:41:56+08:00 ] ::1 /mytest/mingzhi/Public/Home/images/wowowo.jpg
ERR: 无法加载模块:Public

[ 2016-11-22T13:42:00+08:00 ] ::1 /mytest/mingzhi/Public/Home/images/wowowo.jpg
ERR: 无法加载模块:Public

[ 2016-11-22T13:42:00+08:00 ] ::1 /mytest/mingzhi/Public/Home/images/wowowo.jpg
ERR: 无法加载模块:Public

[ 2016-11-22T13:42:53+08:00 ] ::1 /mytest/mingzhi/Public/Home/images/wowowo.jpg
ERR: 无法加载模块:Public

[ 2016-11-22T13:42:53+08:00 ] ::1 /mytest/mingzhi/Public/Home/images/wowowo.jpg
ERR: 无法加载模块:Public

[ 2016-11-22T13:42:55+08:00 ] ::1 /mytest/mingzhi/Public/Home/images/wowowo.jpg
ERR: 无法加载模块:Public

[ 2016-11-22T13:42:55+08:00 ] ::1 /mytest/mingzhi/Public/Home/images/wowowo.jpg
ERR: 无法加载模块:Public

[ 2016-11-22T13:43:05+08:00 ] ::1 /mytest/mingzhi/Public/Home/images/wowowo.jpg
ERR: 无法加载模块:Public

[ 2016-11-22T13:43:05+08:00 ] ::1 /mytest/mingzhi/Public/Home/images/wowowo.jpg
ERR: 无法加载模块:Public

[ 2016-11-22T13:44:38+08:00 ] ::1 /mytest/mingzhi/Public/Home/images/wowowo.jpg
ERR: 无法加载模块:Public

[ 2016-11-22T13:45:30+08:00 ] ::1 /mytest/mingzhi/Public/Home/images/wowowo.jpg
ERR: 无法加载模块:Public

[ 2016-11-22T13:45:33+08:00 ] ::1 /mytest/mingzhi/Public/Home/images/wowowo.jpg
ERR: 无法加载模块:Public

[ 2016-11-22T13:45:49+08:00 ] ::1 /mytest/mingzhi/Public/Home/images/wowowo.jpg
ERR: 无法加载模块:Public

[ 2016-11-22T13:45:51+08:00 ] ::1 /mytest/mingzhi/Public/Home/images/wowowo.jpg
ERR: 无法加载模块:Public

[ 2016-11-22T13:45:51+08:00 ] ::1 /mytest/mingzhi/Public/Home/images/wowowo.jpg
ERR: 无法加载模块:Public

[ 2016-11-22T13:48:52+08:00 ] ::1 /mytest/mingzhi/Public/Home/images/wowowo.jpg
ERR: 无法加载模块:Public

[ 2016-11-22T13:48:52+08:00 ] ::1 /mytest/mingzhi/Public/Home/images/wowowo.jpg
ERR: 无法加载模块:Public

[ 2016-11-22T13:48:54+08:00 ] ::1 /mytest/mingzhi/Public/Home/images/wowowo.jpg
ERR: 无法加载模块:Public

[ 2016-11-22T13:48:58+08:00 ] ::1 /mytest/mingzhi/Public/Home/images/wowowo.jpg
ERR: 无法加载模块:Public

[ 2016-11-22T13:48:58+08:00 ] ::1 /mytest/mingzhi/Public/Home/images/wowowo.jpg
ERR: 无法加载模块:Public

[ 2016-11-22T13:49:47+08:00 ] ::1 /mytest/mingzhi/Public/Home/images/wowowo.jpg
ERR: 无法加载模块:Public

[ 2016-11-22T13:52:04+08:00 ] ::1 /mytest/mingzhi/Public/Home/images/wowowo.jpg
ERR: 无法加载模块:Public

[ 2016-11-22T13:52:05+08:00 ] ::1 /mytest/mingzhi/Public/Home/images/wowowo.jpg
ERR: 无法加载模块:Public

[ 2016-11-22T13:52:07+08:00 ] ::1 /mytest/mingzhi/Public/Home/images/wowowo.jpg
ERR: 无法加载模块:Public

[ 2016-11-22T13:52:07+08:00 ] ::1 /mytest/mingzhi/Public/Home/images/wowowo.jpg
ERR: 无法加载模块:Public

[ 2016-11-22T13:52:11+08:00 ] ::1 /mytest/mingzhi/Public/Home/images/wowowo.jpg
ERR: 无法加载模块:Public

[ 2016-11-22T13:52:11+08:00 ] ::1 /mytest/mingzhi/Public/Home/images/wowowo.jpg
ERR: 无法加载模块:Public

[ 2016-11-22T13:52:13+08:00 ] ::1 /mytest/mingzhi/Public/Home/images/wowowo.jpg
ERR: 无法加载模块:Public

[ 2016-11-22T13:52:13+08:00 ] ::1 /mytest/mingzhi/Public/Home/images/wowowo.jpg
ERR: 无法加载模块:Public

[ 2016-11-22T13:53:03+08:00 ] ::1 /mytest/mingzhi/Public/Home/images/wowowo.jpg
ERR: 无法加载模块:Public

[ 2016-11-22T13:54:27+08:00 ] ::1 /mytest/mingzhi/Public/Home/images/wowowo.jpg
ERR: 无法加载模块:Public

[ 2016-11-22T13:54:27+08:00 ] ::1 /mytest/mingzhi/Public/Home/images/wowowo.jpg
ERR: 无法加载模块:Public

[ 2016-11-22T13:54:44+08:00 ] ::1 /mytest/mingzhi/Public/Home/images/wowowo.jpg
ERR: 无法加载模块:Public

[ 2016-11-22T13:54:45+08:00 ] ::1 /mytest/mingzhi/Public/Home/images/wowowo.jpg
ERR: 无法加载模块:Public

[ 2016-11-22T13:54:46+08:00 ] ::1 /mytest/mingzhi/Public/Home/images/wowowo.jpg
ERR: 无法加载模块:Public

[ 2016-11-22T13:54:46+08:00 ] ::1 /mytest/mingzhi/Public/Home/images/wowowo.jpg
ERR: 无法加载模块:Public

[ 2016-11-22T13:56:05+08:00 ] ::1 /mytest/mingzhi/Public/Home/images/wowowo.jpg
ERR: 无法加载模块:Public

[ 2016-11-22T13:56:06+08:00 ] ::1 /mytest/mingzhi/Public/Home/images/wowowo.jpg
ERR: 无法加载模块:Public

[ 2016-11-22T13:56:28+08:00 ] ::1 /mytest/mingzhi/Public/Home/images/wowowo.jpg
ERR: 无法加载模块:Public

[ 2016-11-22T13:56:28+08:00 ] ::1 /mytest/mingzhi/Public/Home/images/wowowo.jpg
ERR: 无法加载模块:Public

[ 2016-11-22T13:57:21+08:00 ] ::1 /mytest/mingzhi/Public/Home/images/wowowo.jpg
ERR: 无法加载模块:Public

[ 2016-11-22T13:57:22+08:00 ] ::1 /mytest/mingzhi/Public/Home/images/wowowo.jpg
ERR: 无法加载模块:Public

[ 2016-11-22T13:57:38+08:00 ] ::1 /mytest/mingzhi/Public/Home/images/wowowo.jpg
ERR: 无法加载模块:Public

[ 2016-11-22T13:58:18+08:00 ] ::1 /mytest/mingzhi/Public/Home/images/wowowo.jpg
ERR: 无法加载模块:Public

[ 2016-11-22T13:58:19+08:00 ] ::1 /mytest/mingzhi/Public/Home/images/wowowo.jpg
ERR: 无法加载模块:Public

[ 2016-11-22T13:58:22+08:00 ] ::1 /mytest/mingzhi/Public/Home/images/wowowo.jpg
ERR: 无法加载模块:Public

[ 2016-11-22T13:58:29+08:00 ] ::1 /mytest/mingzhi/Public/Home/images/wowowo.jpg
ERR: 无法加载模块:Public

[ 2016-11-22T13:58:52+08:00 ] ::1 /mytest/mingzhi/Public/Home/images/wowowo.jpg
ERR: 无法加载模块:Public

[ 2016-11-22T13:58:55+08:00 ] ::1 /mytest/mingzhi/Public/Home/images/wowowo.jpg
ERR: 无法加载模块:Public

[ 2016-11-22T13:58:55+08:00 ] ::1 /mytest/mingzhi/Public/Home/images/wowowo.jpg
ERR: 无法加载模块:Public

[ 2016-11-22T13:59:10+08:00 ] ::1 /mytest/mingzhi/Public/Home/images/wowowo.jpg
ERR: 无法加载模块:Public

[ 2016-11-22T13:59:10+08:00 ] ::1 /mytest/mingzhi/Public/Home/images/wowowo.jpg
ERR: 无法加载模块:Public

[ 2016-11-22T14:08:07+08:00 ] ::1 /mytest/mingzhi/Public/Home/images/wowowo.jpg
ERR: 无法加载模块:Public

[ 2016-11-22T14:10:05+08:00 ] ::1 /mytest/mingzhi/Public/Home/images/wowowo.jpg
ERR: 无法加载模块:Public

[ 2016-11-22T14:17:03+08:00 ] ::1 /mytest/mingzhi/Public/Home/images/wowowo.jpg
ERR: 无法加载模块:Public

[ 2016-11-22T14:17:03+08:00 ] ::1 /mytest/mingzhi/Public/Home/images/wowowo.jpg
ERR: 无法加载模块:Public

[ 2016-11-22T14:18:24+08:00 ] ::1 /mytest/mingzhi/Public/Home/images/wowowo.jpg
ERR: 无法加载模块:Public

[ 2016-11-22T14:18:24+08:00 ] ::1 /mytest/mingzhi/Public/Home/images/wowowo.jpg
ERR: 无法加载模块:Public

[ 2016-11-22T14:18:26+08:00 ] ::1 /mytest/mingzhi/Public/Home/images/wowowo.jpg
ERR: 无法加载模块:Public

[ 2016-11-22T14:18:26+08:00 ] ::1 /mytest/mingzhi/Public/Home/images/wowowo.jpg
ERR: 无法加载模块:Public

[ 2016-11-22T14:18:28+08:00 ] ::1 /mytest/mingzhi/Public/Home/images/wowowo.jpg
ERR: 无法加载模块:Public

[ 2016-11-22T14:18:28+08:00 ] ::1 /mytest/mingzhi/Public/Home/images/wowowo.jpg
ERR: 无法加载模块:Public

[ 2016-11-22T14:18:33+08:00 ] ::1 /mytest/mingzhi/Public/Home/images/wowowo.jpg
ERR: 无法加载模块:Public

[ 2016-11-22T14:19:47+08:00 ] ::1 /mytest/mingzhi/Public/Home/images/wowowo.jpg
ERR: 无法加载模块:Public

[ 2016-11-22T14:19:55+08:00 ] ::1 /mytest/mingzhi/Public/Home/images/wowowo.jpg
ERR: 无法加载模块:Public

[ 2016-11-22T14:19:55+08:00 ] ::1 /mytest/mingzhi/Public/Home/images/wowowo.jpg
ERR: 无法加载模块:Public

[ 2016-11-22T14:20:00+08:00 ] ::1 /mytest/mingzhi/Public/Home/images/wowowo.jpg
ERR: 无法加载模块:Public

[ 2016-11-22T14:20:00+08:00 ] ::1 /mytest/mingzhi/Public/Home/images/wowowo.jpg
ERR: 无法加载模块:Public

[ 2016-11-22T14:20:09+08:00 ] ::1 /mytest/mingzhi/Public/Home/images/wowowo.jpg
ERR: 无法加载模块:Public

[ 2016-11-22T14:20:09+08:00 ] ::1 /mytest/mingzhi/static/emotions.data
ERR: 无法加载模块:Static

[ 2016-11-22T14:21:20+08:00 ] ::1 /mytest/mingzhi/ewwr
ERR: 无法加载模块:Ewwr

[ 2016-11-22T14:21:27+08:00 ] ::1 /mytest/mingzhi/Public/Home/images/wowowo.jpg
ERR: 无法加载模块:Public

[ 2016-11-22T14:21:27+08:00 ] ::1 /mytest/mingzhi/Public/Home/images/wowowo.jpg
ERR: 无法加载模块:Public

[ 2016-11-22T14:21:47+08:00 ] ::1 /mytest/mingzhi/Public/Home/images/wowowo.jpg
ERR: 无法加载模块:Public

[ 2016-11-22T14:21:47+08:00 ] ::1 /mytest/mingzhi/Public/Home/images/wowowo.jpg
ERR: 无法加载模块:Public

[ 2016-11-22T14:21:48+08:00 ] ::1 /mytest/mingzhi/Public/Home/images/wowowo.jpg
ERR: 无法加载模块:Public

[ 2016-11-22T14:21:48+08:00 ] ::1 /mytest/mingzhi/Public/Home/images/wowowo.jpg
ERR: 无法加载模块:Public

[ 2016-11-22T14:22:24+08:00 ] ::1 /mytest/mingzhi/Public/Home/images/wowowo.jpg
ERR: 无法加载模块:Public

[ 2016-11-22T14:22:34+08:00 ] ::1 /mytest/mingzhi/Public/Home/images/wowowo.jpg
ERR: 无法加载模块:Public

[ 2016-11-22T14:33:33+08:00 ] ::1 /mytest/mingzhi/Public/Home/images/wowowo.jpg
ERR: 无法加载模块:Public

[ 2016-11-22T14:33:53+08:00 ] ::1 /mytest/mingzhi/Public/Home/images/wowowo.jpg
ERR: 无法加载模块:Public

[ 2016-11-22T14:34:38+08:00 ] ::1 /mytest/mingzhi/Public/Home/images/wowowo.jpg
ERR: 无法加载模块:Public

[ 2016-11-22T14:34:38+08:00 ] ::1 /mytest/mingzhi/Public/Home/images/wowowo.jpg
ERR: 无法加载模块:Public

[ 2016-11-22T14:35:52+08:00 ] ::1 /mytest/mingzhi/Public/Home/images/wowowo.jpg
ERR: 无法加载模块:Public

[ 2016-11-22T14:35:52+08:00 ] ::1 /mytest/mingzhi/Public/Home/images/wowowo.jpg
ERR: 无法加载模块:Public

[ 2016-11-22T14:36:44+08:00 ] ::1 /mytest/mingzhi/Public/Home/images/wowowo.jpg
ERR: 无法加载模块:Public

[ 2016-11-22T14:37:21+08:00 ] ::1 /mytest/mingzhi/Public/Home/images/wowowo.jpg
ERR: 无法加载模块:Public

[ 2016-11-22T14:37:21+08:00 ] ::1 /mytest/mingzhi/Public/Home/images/wowowo.jpg
ERR: 无法加载模块:Public

[ 2016-11-22T14:37:26+08:00 ] ::1 /mytest/mingzhi/Public/Home/images/wowowo.jpg
ERR: 无法加载模块:Public

[ 2016-11-22T14:37:27+08:00 ] ::1 /mytest/mingzhi/Public/Home/images/wowowo.jpg
ERR: 无法加载模块:Public

[ 2016-11-22T14:41:24+08:00 ] ::1 /mytest/mingzhi/Public/Home/images/wowowo.jpg
ERR: 无法加载模块:Public

[ 2016-11-22T14:41:24+08:00 ] ::1 /mytest/mingzhi/Public/Home/images/wowowo.jpg
ERR: 无法加载模块:Public

[ 2016-11-22T14:41:58+08:00 ] ::1 /mytest/mingzhi/Public/Home/images/wowowo.jpg
ERR: 无法加载模块:Public

[ 2016-11-22T14:42:11+08:00 ] ::1 /mytest/mingzhi/Public/Home/images/wowowo.jpg
ERR: 无法加载模块:Public

[ 2016-11-22T14:42:16+08:00 ] ::1 /mytest/mingzhi/Public/Home/images/wowowo.jpg
ERR: 无法加载模块:Public

[ 2016-11-22T14:46:21+08:00 ] ::1 /mytest/mingzhi/Public/Home/images/wowowo.jpg
ERR: 无法加载模块:Public

[ 2016-11-22T14:46:21+08:00 ] ::1 /mytest/mingzhi/Public/Home/images/wowowo.jpg
ERR: 无法加载模块:Public

[ 2016-11-22T14:46:26+08:00 ] ::1 /mytest/mingzhi/Public/Home/images/wowowo.jpg
ERR: 无法加载模块:Public

[ 2016-11-22T14:46:33+08:00 ] ::1 /mytest/mingzhi/Public/Home/images/wowowo.jpg
ERR: 无法加载模块:Public

[ 2016-11-22T14:46:39+08:00 ] ::1 /mytest/mingzhi/Public/Home/images/wowowo.jpg
ERR: 无法加载模块:Public

[ 2016-11-22T14:46:39+08:00 ] ::1 /mytest/mingzhi/Public/Home/images/wowowo.jpg
ERR: 无法加载模块:Public

[ 2016-11-22T14:46:41+08:00 ] ::1 /mytest/mingzhi/Public/Home/images/wowowo.jpg
ERR: 无法加载模块:Public

[ 2016-11-22T14:47:26+08:00 ] ::1 /mytest/mingzhi/Public/Home/images/wowowo.jpg
ERR: 无法加载模块:Public

[ 2016-11-22T14:47:26+08:00 ] ::1 /mytest/mingzhi/Public/Home/images/wowowo.jpg
ERR: 无法加载模块:Public

[ 2016-11-22T14:48:06+08:00 ] ::1 /mytest/mingzhi/Public/Home/images/wowowo.jpg
ERR: 无法加载模块:Public

[ 2016-11-22T14:55:48+08:00 ] ::1 /mytest/mingzhi/Public/Home/images/wowowo.jpg
ERR: 无法加载模块:Public

[ 2016-11-22T14:55:48+08:00 ] ::1 /mytest/mingzhi/Public/Home/images/wowowo.jpg
ERR: 无法加载模块:Public

[ 2016-11-22T14:57:25+08:00 ] ::1 /mytest/mingzhi/Public/Home/images/wowowo.jpg
ERR: 无法加载模块:Public

[ 2016-11-22T14:57:29+08:00 ] ::1 /mytest/mingzhi/Public/Home/images/wowowo.jpg
ERR: 无法加载模块:Public

[ 2016-11-22T14:57:57+08:00 ] ::1 /mytest/mingzhi/Public/Home/images/wowowo.jpg
ERR: 无法加载模块:Public

[ 2016-11-22T14:58:01+08:00 ] ::1 /mytest/mingzhi/Public/static/js/jquery-1.10.2.min.map
ERR: 无法加载模块:Public

[ 2016-11-22T14:58:25+08:00 ] ::1 /mytest/mingzhi/Public/Home/images/wowowo.jpg
ERR: 无法加载模块:Public

[ 2016-11-22T14:58:25+08:00 ] ::1 /mytest/mingzhi/Public/static/js/jquery-1.10.2.min.map
ERR: 无法加载模块:Public

[ 2016-11-22T14:58:25+08:00 ] ::1 /mytest/mingzhi/Public/Home/images/wowowo.jpg
ERR: 无法加载模块:Public

[ 2016-11-22T14:58:38+08:00 ] ::1 /mytest/mingzhi/Public/Home/images/wowowo.jpg
ERR: 无法加载模块:Public

[ 2016-11-22T14:58:50+08:00 ] ::1 /mytest/mingzhi/Public/Home/images/wowowo.jpg
ERR: 无法加载模块:Public

[ 2016-11-22T14:59:22+08:00 ] ::1 /mytest/mingzhi/Public/Home/images/wowowo.jpg
ERR: 无法加载模块:Public

[ 2016-11-22T14:59:38+08:00 ] ::1 /mytest/mingzhi/Public/Home/images/wowowo.jpg
ERR: 无法加载模块:Public

[ 2016-11-22T14:59:38+08:00 ] ::1 /mytest/mingzhi/Public/Home/images/wowowo.jpg
ERR: 无法加载模块:Public

[ 2016-11-22T14:59:45+08:00 ] ::1 /mytest/mingzhi/Public/Home/images/wowowo.jpg
ERR: 无法加载模块:Public

[ 2016-11-22T14:59:47+08:00 ] ::1 /mytest/mingzhi/Public/Home/images/wowowo.jpg
ERR: 无法加载模块:Public

[ 2016-11-22T15:00:10+08:00 ] ::1 /mytest/mingzhi/Public/Home/images/wowowo.jpg
ERR: 无法加载模块:Public

[ 2016-11-22T15:00:10+08:00 ] ::1 /mytest/mingzhi/Public/Home/images/wowowo.jpg
ERR: 无法加载模块:Public

[ 2016-11-22T15:00:13+08:00 ] ::1 /mytest/mingzhi/Public/Home/images/wowowo.jpg
ERR: 无法加载模块:Public

[ 2016-11-22T15:00:13+08:00 ] ::1 /mytest/mingzhi/Public/static/js/jquery-1.10.2.min.map
ERR: 无法加载模块:Public

[ 2016-11-22T15:00:13+08:00 ] ::1 /mytest/mingzhi/Public/Home/images/wowowo.jpg
ERR: 无法加载模块:Public

[ 2016-11-22T15:00:27+08:00 ] ::1 /mytest/mingzhi/Public/Home/images/wowowo.jpg
ERR: 无法加载模块:Public

[ 2016-11-22T15:00:27+08:00 ] ::1 /mytest/mingzhi/Public/static/js/jquery-1.10.2.min.map
ERR: 无法加载模块:Public

[ 2016-11-22T15:00:27+08:00 ] ::1 /mytest/mingzhi/Public/Home/images/wowowo.jpg
ERR: 无法加载模块:Public

[ 2016-11-22T15:00:39+08:00 ] ::1 /mytest/mingzhi/Public/Home/images/wowowo.jpg
ERR: 无法加载模块:Public

[ 2016-11-22T15:01:26+08:00 ] ::1 /mytest/mingzhi/Public/Home/images/wowowo.jpg
ERR: 无法加载模块:Public

[ 2016-11-22T15:02:20+08:00 ] ::1 /mytest/mingzhi/Public/Home/images/wowowo.jpg
ERR: 无法加载模块:Public

[ 2016-11-22T15:02:20+08:00 ] ::1 /mytest/mingzhi/Public/static/js/jquery-1.10.2.min.map
ERR: 无法加载模块:Public

[ 2016-11-22T15:02:20+08:00 ] ::1 /mytest/mingzhi/Public/Home/images/wowowo.jpg
ERR: 无法加载模块:Public

[ 2016-11-22T15:02:29+08:00 ] ::1 /mytest/mingzhi/Public/static/js/jquery-1.10.2.min.map
ERR: 无法加载模块:Public

[ 2016-11-22T15:02:35+08:00 ] ::1 /mytest/mingzhi/Public/Home/images/wowowo.jpg
ERR: 无法加载模块:Public

[ 2016-11-22T15:02:35+08:00 ] ::1 /mytest/mingzhi/Public/Home/images/wowowo.jpg
ERR: 无法加载模块:Public

[ 2016-11-22T15:02:41+08:00 ] ::1 /mytest/mingzhi/Public/Home/images/wowowo.jpg
ERR: 无法加载模块:Public

[ 2016-11-22T15:02:50+08:00 ] ::1 /mytest/mingzhi/Public/Home/images/wowowo.jpg
ERR: 无法加载模块:Public

[ 2016-11-22T15:02:50+08:00 ] ::1 /mytest/mingzhi/Public/static/js/jquery-1.10.2.min.map
ERR: 无法加载模块:Public

[ 2016-11-22T15:02:50+08:00 ] ::1 /mytest/mingzhi/Public/Home/images/wowowo.jpg
ERR: 无法加载模块:Public

[ 2016-11-22T15:03:07+08:00 ] ::1 /mytest/mingzhi/Public/Home/images/wowowo.jpg
ERR: 无法加载模块:Public

[ 2016-11-22T15:03:19+08:00 ] ::1 /mytest/mingzhi/Public/Home/images/wowowo.jpg
ERR: 无法加载模块:Public

[ 2016-11-22T15:03:21+08:00 ] ::1 /mytest/mingzhi/Public/Home/images/wowowo.jpg
ERR: 无法加载模块:Public

[ 2016-11-22T15:03:21+08:00 ] ::1 /mytest/mingzhi/Public/Home/images/wowowo.jpg
ERR: 无法加载模块:Public

[ 2016-11-22T15:03:57+08:00 ] ::1 /mytest/mingzhi/Public/Home/images/wowowo.jpg
ERR: 无法加载模块:Public

[ 2016-11-22T15:03:58+08:00 ] ::1 /mytest/mingzhi/Public/Home/images/wowowo.jpg
ERR: 无法加载模块:Public

[ 2016-11-22T15:03:59+08:00 ] ::1 /mytest/mingzhi/Public/Home/images/wowowo.jpg
ERR: 无法加载模块:Public

[ 2016-11-22T15:03:59+08:00 ] ::1 /mytest/mingzhi/Public/Home/images/wowowo.jpg
ERR: 无法加载模块:Public

[ 2016-11-22T15:04:01+08:00 ] ::1 /mytest/mingzhi/Public/static/js/jquery-1.10.2.min.map
ERR: 无法加载模块:Public

[ 2016-11-22T15:04:04+08:00 ] ::1 /mytest/mingzhi/Public/Home/images/wowowo.jpg
ERR: 无法加载模块:Public

[ 2016-11-22T15:04:04+08:00 ] ::1 /mytest/mingzhi/Public/static/js/jquery-1.10.2.min.map
ERR: 无法加载模块:Public

[ 2016-11-22T15:04:04+08:00 ] ::1 /mytest/mingzhi/Public/Home/images/wowowo.jpg
ERR: 无法加载模块:Public

[ 2016-11-22T15:04:05+08:00 ] ::1 /mytest/mingzhi/Public/Home/images/wowowo.jpg
ERR: 无法加载模块:Public

[ 2016-11-22T15:04:13+08:00 ] ::1 /mytest/mingzhi/Public/Home/images/wowowo.jpg
ERR: 无法加载模块:Public

[ 2016-11-22T15:04:28+08:00 ] ::1 /mytest/mingzhi/Public/Home/images/wowowo.jpg
ERR: 无法加载模块:Public

[ 2016-11-22T15:05:19+08:00 ] ::1 /mytest/mingzhi/Public/Home/images/wowowo.jpg
ERR: 无法加载模块:Public

[ 2016-11-22T15:05:19+08:00 ] ::1 /mytest/mingzhi/Public/static/js/jquery-1.10.2.min.map
ERR: 无法加载模块:Public

[ 2016-11-22T15:05:19+08:00 ] ::1 /mytest/mingzhi/Public/Home/images/wowowo.jpg
ERR: 无法加载模块:Public

[ 2016-11-22T15:05:24+08:00 ] ::1 /mytest/mingzhi/Public/static/js/jquery-1.10.2.min.map
ERR: 无法加载模块:Public

[ 2016-11-22T15:05:34+08:00 ] ::1 /mytest/mingzhi/Public/Home/images/wowowo.jpg
ERR: 无法加载模块:Public

[ 2016-11-22T15:07:38+08:00 ] ::1 /mytest/mingzhi/Public/Home/images/wowowo.jpg
ERR: 无法加载模块:Public

[ 2016-11-22T15:07:43+08:00 ] ::1 /mytest/mingzhi/Public/Home/images/wowowo.jpg
ERR: 无法加载模块:Public

[ 2016-11-22T15:07:43+08:00 ] ::1 /mytest/mingzhi/Public/static/js/jquery-1.10.2.min.map
ERR: 无法加载模块:Public

[ 2016-11-22T15:07:43+08:00 ] ::1 /mytest/mingzhi/Public/Home/images/wowowo.jpg
ERR: 无法加载模块:Public

[ 2016-11-22T15:07:44+08:00 ] ::1 /mytest/mingzhi/Public/Home/images/wowowo.jpg
ERR: 无法加载模块:Public

[ 2016-11-22T15:07:59+08:00 ] ::1 /mytest/mingzhi/Public/Home/images/wowowo.jpg
ERR: 无法加载模块:Public

[ 2016-11-22T15:09:02+08:00 ] ::1 /mytest/mingzhi/Public/Home/images/wowowo.jpg
ERR: 无法加载模块:Public

[ 2016-11-22T15:09:41+08:00 ] ::1 /mytest/mingzhi/Public/Home/images/wowowo.jpg
ERR: 无法加载模块:Public

[ 2016-11-22T15:09:41+08:00 ] ::1 /mytest/mingzhi/Public/Home/images/wowowo.jpg
ERR: 无法加载模块:Public

[ 2016-11-22T15:09:53+08:00 ] ::1 /mytest/mingzhi/Public/Home/images/wowowo.jpg
ERR: 无法加载模块:Public

[ 2016-11-22T15:09:53+08:00 ] ::1 /mytest/mingzhi/Public/Home/images/wowowo.jpg
ERR: 无法加载模块:Public

[ 2016-11-22T15:10:00+08:00 ] ::1 /mytest/mingzhi/Public/Home/images/wowowo.jpg
ERR: 无法加载模块:Public

[ 2016-11-22T15:10:01+08:00 ] ::1 /mytest/mingzhi/Public/Home/images/wowowo.jpg
ERR: 无法加载模块:Public

[ 2016-11-22T15:14:10+08:00 ] ::1 /mytest/mingzhi/Public/Home/images/wowowo.jpg
ERR: 无法加载模块:Public

[ 2016-11-22T15:14:13+08:00 ] ::1 /mytest/mingzhi/Public/Home/images/wowowo.jpg
ERR: 无法加载模块:Public

[ 2016-11-22T15:14:17+08:00 ] ::1 /mytest/mingzhi/Public/static/js/jquery-1.10.2.min.map
ERR: 无法加载模块:Public

[ 2016-11-22T15:15:02+08:00 ] ::1 /mytest/mingzhi/Public/Home/images/wowowo.jpg
ERR: 无法加载模块:Public

[ 2016-11-22T15:15:04+08:00 ] ::1 /mytest/mingzhi/Public/Home/images/wowowo.jpg
ERR: 无法加载模块:Public

[ 2016-11-22T15:15:15+08:00 ] ::1 /mytest/mingzhi/Public/Home/images/wowowo.jpg
ERR: 无法加载模块:Public

[ 2016-11-22T15:15:15+08:00 ] ::1 /mytest/mingzhi/Public/Home/images/wowowo.jpg
ERR: 无法加载模块:Public

[ 2016-11-22T15:15:16+08:00 ] ::1 /mytest/mingzhi/Public/Home/images/wowowo.jpg
ERR: 无法加载模块:Public

[ 2016-11-22T15:15:16+08:00 ] ::1 /mytest/mingzhi/Public/Home/images/wowowo.jpg
ERR: 无法加载模块:Public

[ 2016-11-22T15:15:18+08:00 ] ::1 /mytest/mingzhi/Public/Home/images/wowowo.jpg
ERR: 无法加载模块:Public

[ 2016-11-22T15:15:22+08:00 ] ::1 /mytest/mingzhi/Public/Home/images/wowowo.jpg
ERR: 无法加载模块:Public

[ 2016-11-22T15:16:20+08:00 ] ::1 /mytest/mingzhi/Public/static/js/jquery-1.10.2.min.map
ERR: 无法加载模块:Public

[ 2016-11-22T15:16:24+08:00 ] ::1 /mytest/mingzhi/Public/Home/images/wowowo.jpg
ERR: 无法加载模块:Public

[ 2016-11-22T15:16:24+08:00 ] ::1 /mytest/mingzhi/Public/static/js/jquery-1.10.2.min.map
ERR: 无法加载模块:Public

[ 2016-11-22T15:16:24+08:00 ] ::1 /mytest/mingzhi/Public/Home/images/wowowo.jpg
ERR: 无法加载模块:Public

[ 2016-11-22T15:16:38+08:00 ] ::1 /mytest/mingzhi/Public/Home/images/wowowo.jpg
ERR: 无法加载模块:Public

[ 2016-11-22T15:17:14+08:00 ] ::1 /mytest/mingzhi/Public/Home/images/wowowo.jpg
ERR: 无法加载模块:Public

[ 2016-11-22T15:17:19+08:00 ] ::1 /mytest/mingzhi/Public/Home/images/wowowo.jpg
ERR: 无法加载模块:Public

[ 2016-11-22T15:17:19+08:00 ] ::1 /mytest/mingzhi/Public/static/js/jquery-1.10.2.min.map
ERR: 无法加载模块:Public

[ 2016-11-22T15:17:19+08:00 ] ::1 /mytest/mingzhi/Public/Home/images/wowowo.jpg
ERR: 无法加载模块:Public

[ 2016-11-22T15:17:30+08:00 ] ::1 /mytest/mingzhi/Public/static/js/jquery-1.10.2.min.map
ERR: 无法加载模块:Public

[ 2016-11-22T15:17:31+08:00 ] ::1 /mytest/mingzhi/Public/Home/images/wowowo.jpg
ERR: 无法加载模块:Public

[ 2016-11-22T15:18:01+08:00 ] ::1 /mytest/mingzhi/Public/Home/images/wowowo.jpg
ERR: 无法加载模块:Public

[ 2016-11-22T15:18:02+08:00 ] ::1 /mytest/mingzhi/Public/static/js/jquery-1.10.2.min.map
ERR: 无法加载模块:Public

[ 2016-11-22T15:18:02+08:00 ] ::1 /mytest/mingzhi/Public/Home/images/wowowo.jpg
ERR: 无法加载模块:Public

[ 2016-11-22T15:18:15+08:00 ] ::1 /mytest/mingzhi/Public/Home/images/wowowo.jpg
ERR: 无法加载模块:Public

[ 2016-11-22T15:18:17+08:00 ] ::1 /mytest/mingzhi/Public/Home/images/wowowo.jpg
ERR: 无法加载模块:Public

[ 2016-11-22T15:18:22+08:00 ] ::1 /mytest/mingzhi/Public/Home/images/wowowo.jpg
ERR: 无法加载模块:Public

[ 2016-11-22T15:19:38+08:00 ] ::1 /mytest/mingzhi/Public/Home/images/wowowo.jpg
ERR: 无法加载模块:Public

[ 2016-11-22T15:19:38+08:00 ] ::1 /mytest/mingzhi/Public/Home/images/wowowo.jpg
ERR: 无法加载模块:Public

[ 2016-11-22T15:20:04+08:00 ] ::1 /mytest/mingzhi/Public/Home/images/wowowo.jpg
ERR: 无法加载模块:Public

[ 2016-11-22T15:20:04+08:00 ] ::1 /mytest/mingzhi/Public/Home/images/wowowo.jpg
ERR: 无法加载模块:Public

[ 2016-11-22T15:20:33+08:00 ] ::1 /mytest/mingzhi/Public/Home/images/wowowo.jpg
ERR: 无法加载模块:Public

[ 2016-11-22T15:20:35+08:00 ] ::1 /mytest/mingzhi/Public/static/js/jquery-1.10.2.min.map
ERR: 无法加载模块:Public

[ 2016-11-22T15:21:06+08:00 ] ::1 /mytest/mingzhi/Public/Home/images/wowowo.jpg
ERR: 无法加载模块:Public

[ 2016-11-22T15:21:06+08:00 ] ::1 /mytest/mingzhi/Public/static/js/jquery-1.10.2.min.map
ERR: 无法加载模块:Public

[ 2016-11-22T15:21:06+08:00 ] ::1 /mytest/mingzhi/Public/Home/images/wowowo.jpg
ERR: 无法加载模块:Public

[ 2016-11-22T15:21:23+08:00 ] ::1 /mytest/mingzhi/Public/Home/images/wowowo.jpg
ERR: 无法加载模块:Public

[ 2016-11-22T15:22:47+08:00 ] ::1 /mytest/mingzhi/Public/Home/images/wowowo.jpg
ERR: 无法加载模块:Public

[ 2016-11-22T15:22:47+08:00 ] ::1 /mytest/mingzhi/Public/Home/images/wowowo.jpg
ERR: 无法加载模块:Public

[ 2016-11-22T15:23:02+08:00 ] ::1 /mytest/mingzhi/Public/static/js/jquery-1.10.2.min.map
ERR: 无法加载模块:Public

[ 2016-11-22T15:23:03+08:00 ] ::1 /mytest/mingzhi/Public/Home/images/wowowo.jpg
ERR: 无法加载模块:Public

[ 2016-11-22T15:23:03+08:00 ] ::1 /mytest/mingzhi/Public/static/js/jquery-1.10.2.min.map
ERR: 无法加载模块:Public

[ 2016-11-22T15:23:03+08:00 ] ::1 /mytest/mingzhi/Public/Home/images/wowowo.jpg
ERR: 无法加载模块:Public

[ 2016-11-22T15:23:15+08:00 ] ::1 /mytest/mingzhi/Public/Home/images/wowowo.jpg
ERR: 无法加载模块:Public

[ 2016-11-22T15:23:16+08:00 ] ::1 /mytest/mingzhi/Public/Home/images/wowowo.jpg
ERR: 无法加载模块:Public

[ 2016-11-22T15:23:17+08:00 ] ::1 /mytest/mingzhi/Public/Home/images/wowowo.jpg
ERR: 无法加载模块:Public

[ 2016-11-22T15:23:17+08:00 ] ::1 /mytest/mingzhi/Public/Home/images/wowowo.jpg
ERR: 无法加载模块:Public

[ 2016-11-22T15:23:18+08:00 ] ::1 /mytest/mingzhi/Public/Home/images/wowowo.jpg
ERR: 无法加载模块:Public

[ 2016-11-22T15:23:43+08:00 ] ::1 /mytest/mingzhi/Public/Home/images/wowowo.jpg
ERR: 无法加载模块:Public

[ 2016-11-22T15:23:43+08:00 ] ::1 /mytest/mingzhi/Public/Home/images/wowowo.jpg
ERR: 无法加载模块:Public

[ 2016-11-22T15:23:44+08:00 ] ::1 /mytest/mingzhi/Public/static/js/jquery-1.10.2.min.map
ERR: 无法加载模块:Public

[ 2016-11-22T15:23:46+08:00 ] ::1 /mytest/mingzhi/Public/Home/images/wowowo.jpg
ERR: 无法加载模块:Public

[ 2016-11-22T15:23:46+08:00 ] ::1 /mytest/mingzhi/Public/static/js/jquery-1.10.2.min.map
ERR: 无法加载模块:Public

[ 2016-11-22T15:23:46+08:00 ] ::1 /mytest/mingzhi/Public/Home/images/wowowo.jpg
ERR: 无法加载模块:Public

[ 2016-11-22T15:23:52+08:00 ] ::1 /mytest/mingzhi/Public/Home/images/wowowo.jpg
ERR: 无法加载模块:Public

[ 2016-11-22T15:23:53+08:00 ] ::1 /mytest/mingzhi/Public/Home/images/wowowo.jpg
ERR: 无法加载模块:Public

[ 2016-11-22T15:24:09+08:00 ] ::1 /mytest/mingzhi/Public/Home/images/wowowo.jpg
ERR: 无法加载模块:Public

[ 2016-11-22T15:24:36+08:00 ] ::1 /mytest/mingzhi/Public/Home/images/wowowo.jpg
ERR: 无法加载模块:Public

[ 2016-11-22T15:24:36+08:00 ] ::1 /mytest/mingzhi/Public/Home/images/wowowo.jpg
ERR: 无法加载模块:Public

[ 2016-11-22T15:26:03+08:00 ] ::1 /mytest/mingzhi/Public/static/js/jquery-1.10.2.min.map
ERR: 无法加载模块:Public

[ 2016-11-22T15:26:05+08:00 ] ::1 /mytest/mingzhi/Public/static/js/jquery-1.10.2.min.map
ERR: 无法加载模块:Public

[ 2016-11-22T15:28:55+08:00 ] ::1 /mytest/mingzhi/Public/static/js/jquery-1.10.2.min.map
ERR: 无法加载模块:Public

[ 2016-11-22T15:29:10+08:00 ] ::1 /mytest/mingzhi/Public/static/js/jquery-1.10.2.min.map
ERR: 无法加载模块:Public

[ 2016-11-22T15:31:49+08:00 ] ::1 /mytest/mingzhi/Public/static/js/jquery-1.10.2.min.map
ERR: 无法加载模块:Public

[ 2016-11-22T15:31:51+08:00 ] ::1 /mytest/mingzhi/Public/static/js/jquery-1.10.2.min.map
ERR: 无法加载模块:Public

[ 2016-11-22T15:33:59+08:00 ] ::1 /mytest/mingzhi/Public/static/js/jquery-1.10.2.min.map
ERR: 无法加载模块:Public

[ 2016-11-22T15:34:02+08:00 ] ::1 /mytest/mingzhi/Public/static/js/jquery-1.10.2.min.map
ERR: 无法加载模块:Public

[ 2016-11-22T15:34:18+08:00 ] ::1 /mytest/mingzhi/Public/static/js/jquery-1.10.2.min.map
ERR: 无法加载模块:Public

[ 2016-11-22T15:39:16+08:00 ] ::1 /mytest/mingzhi/Public/static/js/jquery-1.10.2.min.map
ERR: 无法加载模块:Public

[ 2016-11-22T15:39:22+08:00 ] ::1 /mytest/mingzhi/Public/static/js/jquery-1.10.2.min.map
ERR: 无法加载模块:Public

[ 2016-11-22T15:39:37+08:00 ] ::1 /mytest/mingzhi/Public/Home/images/wowowo.jpg
ERR: 无法加载模块:Public

[ 2016-11-22T15:39:37+08:00 ] ::1 /mytest/mingzhi/Public/Home/images/wowowo.jpg
ERR: 无法加载模块:Public

[ 2016-11-22T15:39:58+08:00 ] ::1 /mytest/mingzhi/Public/static/js/jquery-1.10.2.min.map
ERR: 无法加载模块:Public

[ 2016-11-22T15:40:38+08:00 ] ::1 /mytest/mingzhi/Public/Home/images/wowowo.jpg
ERR: 无法加载模块:Public

[ 2016-11-22T15:40:38+08:00 ] ::1 /mytest/mingzhi/Public/static/js/jquery-1.10.2.min.map
ERR: 无法加载模块:Public

[ 2016-11-22T15:40:38+08:00 ] ::1 /mytest/mingzhi/Public/Home/images/wowowo.jpg
ERR: 无法加载模块:Public

[ 2016-11-22T15:40:39+08:00 ] ::1 /mytest/mingzhi/Public/Home/images/wowowo.jpg
ERR: 无法加载模块:Public

[ 2016-11-22T15:40:39+08:00 ] ::1 /mytest/mingzhi/Public/Home/images/wowowo.jpg
ERR: 无法加载模块:Public

[ 2016-11-22T15:40:39+08:00 ] ::1 /mytest/mingzhi/Public/Home/images/wowowo.jpg
ERR: 无法加载模块:Public

[ 2016-11-22T15:40:48+08:00 ] ::1 /mytest/mingzhi/Public/Home/images/wowowo.jpg
ERR: 无法加载模块:Public

[ 2016-11-22T15:40:52+08:00 ] ::1 /mytest/mingzhi/Public/static/js/jquery-1.10.2.min.map
ERR: 无法加载模块:Public

[ 2016-11-22T15:40:56+08:00 ] ::1 /mytest/mingzhi/Public/static/js/jquery-1.10.2.min.map
ERR: 无法加载模块:Public

[ 2016-11-22T15:40:58+08:00 ] ::1 /mytest/mingzhi/Public/static/js/jquery-1.10.2.min.map
ERR: 无法加载模块:Public

[ 2016-11-22T15:40:59+08:00 ] ::1 /mytest/mingzhi/Public/static/js/jquery-1.10.2.min.map
ERR: 无法加载模块:Public

[ 2016-11-22T15:41:02+08:00 ] ::1 /mytest/mingzhi/Public/static/js/jquery-1.10.2.min.map
ERR: 无法加载模块:Public

[ 2016-11-22T15:41:05+08:00 ] ::1 /mytest/mingzhi/Public/static/js/jquery-1.10.2.min.map
ERR: 无法加载模块:Public

[ 2016-11-22T15:41:51+08:00 ] ::1 /mytest/mingzhi/Public/static/js/jquery-1.10.2.min.map
ERR: 无法加载模块:Public

[ 2016-11-22T15:41:57+08:00 ] ::1 /mytest/mingzhi/Public/static/js/jquery-1.10.2.min.map
ERR: 无法加载模块:Public

[ 2016-11-22T15:41:59+08:00 ] ::1 /mytest/mingzhi/Public/static/js/jquery-1.10.2.min.map
ERR: 无法加载模块:Public

[ 2016-11-22T15:42:00+08:00 ] ::1 /mytest/mingzhi/Public/static/js/jquery-1.10.2.min.map
ERR: 无法加载模块:Public

[ 2016-11-22T15:42:02+08:00 ] ::1 /mytest/mingzhi/Public/static/js/jquery-1.10.2.min.map
ERR: 无法加载模块:Public

[ 2016-11-22T15:42:07+08:00 ] ::1 /mytest/mingzhi/Public/static/js/jquery-1.10.2.min.map
ERR: 无法加载模块:Public

[ 2016-11-22T15:42:16+08:00 ] ::1 /mytest/mingzhi/Public/static/js/jquery-1.10.2.min.map
ERR: 无法加载模块:Public

[ 2016-11-22T15:42:17+08:00 ] ::1 /mytest/mingzhi/Public/static/js/jquery-1.10.2.min.map
ERR: 无法加载模块:Public

[ 2016-11-22T15:42:56+08:00 ] ::1 /mytest/mingzhi/Public/static/js/jquery-1.10.2.min.map
ERR: 无法加载模块:Public

[ 2016-11-22T15:43:10+08:00 ] ::1 /mytest/mingzhi/Public/static/js/jquery-1.10.2.min.map
ERR: 无法加载模块:Public

[ 2016-11-22T15:43:12+08:00 ] ::1 /mytest/mingzhi/Public/static/js/jquery-1.10.2.min.map
ERR: 无法加载模块:Public

[ 2016-11-22T15:43:12+08:00 ] ::1 /mytest/mingzhi/Public/static/js/jquery-1.10.2.min.map
ERR: 无法加载模块:Public

[ 2016-11-22T15:43:15+08:00 ] ::1 /mytest/mingzhi/Public/static/js/jquery-1.10.2.min.map
ERR: 无法加载模块:Public

[ 2016-11-22T15:43:17+08:00 ] ::1 /mytest/mingzhi/Public/static/js/jquery-1.10.2.min.map
ERR: 无法加载模块:Public

[ 2016-11-22T15:43:25+08:00 ] ::1 /mytest/mingzhi/Public/static/js/jquery-1.10.2.min.map
ERR: 无法加载模块:Public

[ 2016-11-22T15:43:31+08:00 ] ::1 /mytest/mingzhi/Public/static/js/jquery-1.10.2.min.map
ERR: 无法加载模块:Public

[ 2016-11-22T15:43:37+08:00 ] ::1 /mytest/mingzhi/Public/static/js/jquery-1.10.2.min.map
ERR: 无法加载模块:Public

[ 2016-11-22T15:44:35+08:00 ] ::1 /mytest/mingzhi/Public/static/js/jquery-1.10.2.min.map
ERR: 无法加载模块:Public

[ 2016-11-22T15:44:45+08:00 ] ::1 /mytest/mingzhi/Public/static/js/jquery-1.10.2.min.map
ERR: 无法加载模块:Public

[ 2016-11-22T15:45:16+08:00 ] ::1 /mytest/mingzhi/Public/static/js/jquery-1.10.2.min.map
ERR: 无法加载模块:Public

[ 2016-11-22T15:46:10+08:00 ] ::1 /mytest/mingzhi/Public/static/js/jquery-1.10.2.min.map
ERR: 无法加载模块:Public

[ 2016-11-22T15:46:29+08:00 ] ::1 /mytest/mingzhi/Public/Home/images/wowowo.jpg
ERR: 无法加载模块:Public

[ 2016-11-22T15:46:29+08:00 ] ::1 /mytest/mingzhi/Public/static/js/jquery-1.10.2.min.map
ERR: 无法加载模块:Public

[ 2016-11-22T15:46:29+08:00 ] ::1 /mytest/mingzhi/Public/Home/images/wowowo.jpg
ERR: 无法加载模块:Public

[ 2016-11-22T15:46:31+08:00 ] ::1 /mytest/mingzhi/Public/Home/images/wowowo.jpg
ERR: 无法加载模块:Public

[ 2016-11-22T15:46:34+08:00 ] ::1 /mytest/mingzhi/Public/Home/images/wowowo.jpg
ERR: 无法加载模块:Public

[ 2016-11-22T18:34:04+08:00 ] ::1 /mytest/mingzhi/Public/Home/images/wowowo.jpg
ERR: 无法加载模块:Public

[ 2016-11-22T19:17:36+08:00 ] ::1 /mytest/mingzhi/Public/Home/images/wowowo.jpg
ERR: 无法加载模块:Public

[ 2016-11-22T19:17:40+08:00 ] ::1 /mytest/mingzhi/Public/Home/images/wowowo.jpg
ERR: 无法加载模块:Public

[ 2016-11-22T19:17:40+08:00 ] ::1 /mytest/mingzhi/Public/Home/images/wowowo.jpg
ERR: 无法加载模块:Public

[ 2016-11-22T19:21:13+08:00 ] ::1 /mytest/mingzhi/Public/Home/images/wowowo.jpg
ERR: 无法加载模块:Public

[ 2016-11-22T19:21:13+08:00 ] ::1 /mytest/mingzhi/Public/Home/images/wowowo.jpg
ERR: 无法加载模块:Public

[ 2016-11-22T19:21:16+08:00 ] ::1 /mytest/mingzhi/Public/static/js/jquery-1.10.2.min.map
ERR: 无法加载模块:Public

[ 2016-11-22T19:21:23+08:00 ] ::1 /mytest/mingzhi/Public/Home/images/wowowo.jpg
ERR: 无法加载模块:Public

[ 2016-11-22T19:21:23+08:00 ] ::1 /mytest/mingzhi/Public/static/js/jquery-1.10.2.min.map
ERR: 无法加载模块:Public

[ 2016-11-22T19:21:23+08:00 ] ::1 /mytest/mingzhi/Public/Home/images/wowowo.jpg
ERR: 无法加载模块:Public

[ 2016-11-22T19:23:41+08:00 ] ::1 /mytest/mingzhi/Public/Home/images/wowowo.jpg
ERR: 无法加载模块:Public

[ 2016-11-22T19:23:41+08:00 ] ::1 /mytest/mingzhi/Public/static/js/jquery-1.10.2.min.map
ERR: 无法加载模块:Public

[ 2016-11-22T19:23:41+08:00 ] ::1 /mytest/mingzhi/Public/Home/images/wowowo.jpg
ERR: 无法加载模块:Public

[ 2016-11-22T19:23:47+08:00 ] ::1 /mytest/mingzhi/Public/static/js/jquery-1.10.2.min.map
ERR: 无法加载模块:Public

[ 2016-11-22T19:23:49+08:00 ] ::1 /mytest/mingzhi/Public/static/js/jquery-1.10.2.min.map
ERR: 无法加载模块:Public

[ 2016-11-22T19:23:56+08:00 ] ::1 /mytest/mingzhi/Public/Home/images/wowowo.jpg
ERR: 无法加载模块:Public

[ 2016-11-22T19:37:15+08:00 ] ::1 /mytest/mingzhi/Public/Home/images/wowowo.jpg
ERR: 无法加载模块:Public

[ 2016-11-22T19:37:16+08:00 ] ::1 /mytest/mingzhi/Public/static/js/jquery-1.10.2.min.map
ERR: 无法加载模块:Public

[ 2016-11-22T19:37:16+08:00 ] ::1 /mytest/mingzhi/Public/Home/images/wowowo.jpg
ERR: 无法加载模块:Public

[ 2016-11-22T19:37:18+08:00 ] ::1 /mytest/mingzhi/Public/static/js/jquery-1.10.2.min.map
ERR: 无法加载模块:Public

[ 2016-11-22T19:38:19+08:00 ] ::1 /mytest/mingzhi/Public/static/js/jquery-1.10.2.min.map
ERR: 无法加载模块:Public

[ 2016-11-22T19:45:22+08:00 ] ::1 /mytest/mingzhi/Public/static/js/jquery-1.10.2.min.map
ERR: 无法加载模块:Public

[ 2016-11-22T19:45:25+08:00 ] ::1 /mytest/mingzhi/Public/Home/images/wowowo.jpg
ERR: 无法加载模块:Public

[ 2016-11-22T19:45:25+08:00 ] ::1 /mytest/mingzhi/Public/static/js/jquery-1.10.2.min.map
ERR: 无法加载模块:Public

[ 2016-11-22T19:45:25+08:00 ] ::1 /mytest/mingzhi/Public/Home/images/wowowo.jpg
ERR: 无法加载模块:Public

[ 2016-11-22T20:10:23+08:00 ] ::1 /mytest/mingzhi/Public/Home/images/wowowo.jpg
ERR: 无法加载模块:Public

[ 2016-11-22T20:10:24+08:00 ] ::1 /mytest/mingzhi/Public/static/js/jquery-1.10.2.min.map
ERR: 无法加载模块:Public

[ 2016-11-22T20:10:24+08:00 ] ::1 /mytest/mingzhi/Public/Home/images/wowowo.jpg
ERR: 无法加载模块:Public

[ 2016-11-22T20:10:29+08:00 ] ::1 /mytest/mingzhi/Public/static/js/jquery-1.10.2.min.map
ERR: 无法加载模块:Public

[ 2016-11-22T20:16:18+08:00 ] ::1 /mytest/mingzhi/Public/Home/images/wowowo.jpg
ERR: 无法加载模块:Public

[ 2016-11-22T20:16:18+08:00 ] ::1 /mytest/mingzhi/Public/static/js/jquery-1.10.2.min.map
ERR: 无法加载模块:Public

[ 2016-11-22T20:16:18+08:00 ] ::1 /mytest/mingzhi/Public/Home/images/wowowo.jpg
ERR: 无法加载模块:Public

[ 2016-11-22T20:17:53+08:00 ] ::1 /mytest/mingzhi/Public/Home/images/wowowo.jpg
ERR: 无法加载模块:Public

[ 2016-11-22T20:17:53+08:00 ] ::1 /mytest/mingzhi/Public/static/js/jquery-1.10.2.min.map
ERR: 无法加载模块:Public

[ 2016-11-22T20:17:53+08:00 ] ::1 /mytest/mingzhi/Public/Home/images/wowowo.jpg
ERR: 无法加载模块:Public

[ 2016-11-22T20:17:56+08:00 ] ::1 /mytest/mingzhi/Public/static/js/jquery-1.10.2.min.map
ERR: 无法加载模块:Public

[ 2016-11-22T20:17:59+08:00 ] ::1 /mytest/mingzhi/Public/static/js/jquery-1.10.2.min.map
ERR: 无法加载模块:Public

[ 2016-11-22T20:29:01+08:00 ] ::1 /mytest/mingzhi/Public/static/js/jquery-1.10.2.min.map
ERR: 无法加载模块:Public

[ 2016-11-22T20:30:36+08:00 ] ::1 /mytest/mingzhi/Public/Home/images/wowowo.jpg
ERR: 无法加载模块:Public

[ 2016-11-22T20:30:36+08:00 ] ::1 /mytest/mingzhi/Public/Home/images/wowowo.jpg
ERR: 无法加载模块:Public

[ 2016-11-22T20:30:36+08:00 ] ::1 /mytest/mingzhi/Public/static/js/jquery-1.10.2.min.map
ERR: 无法加载模块:Public

[ 2016-11-22T20:47:30+08:00 ] ::1 /mytest/mingzhi/Public/Home/images/wowowo.jpg
ERR: 无法加载模块:Public

[ 2016-11-22T20:47:31+08:00 ] ::1 /mytest/mingzhi/Public/static/js/jquery-1.10.2.min.map
ERR: 无法加载模块:Public

[ 2016-11-22T20:47:31+08:00 ] ::1 /mytest/mingzhi/Public/Home/images/wowowo.jpg
ERR: 无法加载模块:Public

[ 2016-11-22T20:47:44+08:00 ] ::1 /mytest/mingzhi/Public/static/js/jquery-1.10.2.min.map
ERR: 无法加载模块:Public

[ 2016-11-22T20:49:29+08:00 ] ::1 /mytest/mingzhi/Public/Home/images/wowowo.jpg
ERR: 无法加载模块:Public

[ 2016-11-22T20:49:29+08:00 ] ::1 /mytest/mingzhi/Public/static/js/jquery-1.10.2.min.map
ERR: 无法加载模块:Public

[ 2016-11-22T20:49:29+08:00 ] ::1 /mytest/mingzhi/Public/Home/images/wowowo.jpg
ERR: 无法加载模块:Public

[ 2016-11-22T20:49:57+08:00 ] ::1 /mytest/mingzhi/Public/Home/images/wowowo.jpg
ERR: 无法加载模块:Public

[ 2016-11-22T20:49:57+08:00 ] ::1 /mytest/mingzhi/Public/static/js/jquery-1.10.2.min.map
ERR: 无法加载模块:Public

[ 2016-11-22T20:49:57+08:00 ] ::1 /mytest/mingzhi/Public/Home/images/wowowo.jpg
ERR: 无法加载模块:Public

[ 2016-11-22T20:59:38+08:00 ] ::1 /mytest/mingzhi/Public/static/js/jquery-1.10.2.min.map
ERR: 无法加载模块:Public

[ 2016-11-22T21:08:19+08:00 ] ::1 /mytest/mingzhi/Public/Home/images/wowowo.jpg
ERR: 无法加载模块:Public

[ 2016-11-22T21:08:19+08:00 ] ::1 /mytest/mingzhi/Public/static/js/jquery-1.10.2.min.map
ERR: 无法加载模块:Public

[ 2016-11-22T21:08:19+08:00 ] ::1 /mytest/mingzhi/Public/Home/images/wowowo.jpg
ERR: 无法加载模块:Public

[ 2016-11-22T21:12:20+08:00 ] ::1 /mytest/mingzhi/Public/static/js/jquery-1.10.2.min.map
ERR: 无法加载模块:Public

[ 2016-11-22T21:21:45+08:00 ] ::1 /mytest/mingzhi/Public/static/js/jquery-1.10.2.min.map
ERR: 无法加载模块:Public

[ 2016-11-22T21:29:27+08:00 ] ::1 /mytest/mingzhi/Public/static/js/jquery-1.10.2.min.map
ERR: 无法加载模块:Public

[ 2016-11-22T22:05:37+08:00 ] ::1 /mytest/mingzhi/Public/static/js/jquery-1.10.2.min.map
ERR: 无法加载模块:Public

[ 2016-11-22T22:07:44+08:00 ] ::1 /mytest/mingzhi/Public/static/js/jquery-1.10.2.min.map
ERR: 无法加载模块:Public

[ 2016-11-22T22:09:03+08:00 ] ::1 /mytest/mingzhi/Public/static/js/jquery-1.10.2.min.map
ERR: 无法加载模块:Public

[ 2016-11-22T22:12:58+08:00 ] ::1 /mytest/mingzhi/Public/static/js/jquery-1.10.2.min.map
ERR: 无法加载模块:Public

[ 2016-11-22T22:13:08+08:00 ] ::1 /mytest/mingzhi/Public/Home/images/wowowo.jpg
ERR: 无法加载模块:Public

[ 2016-11-22T22:13:09+08:00 ] ::1 /mytest/mingzhi/Public/static/js/jquery-1.10.2.min.map
ERR: 无法加载模块:Public

[ 2016-11-22T22:13:28+08:00 ] ::1 /mytest/mingzhi/Public/static/js/jquery-1.10.2.min.map
ERR: 无法加载模块:Public

[ 2016-11-22T22:14:11+08:00 ] ::1 /mytest/mingzhi/Public/static/js/jquery-1.10.2.min.map
ERR: 无法加载模块:Public

[ 2016-11-22T22:15:18+08:00 ] ::1 /mytest/mingzhi/Public/Home/images/wowowo.jpg
ERR: 无法加载模块:Public

[ 2016-11-22T22:15:18+08:00 ] ::1 /mytest/mingzhi/Public/static/js/jquery-1.10.2.min.map
ERR: 无法加载模块:Public

[ 2016-11-22T22:15:18+08:00 ] ::1 /mytest/mingzhi/Public/Home/images/wowowo.jpg
ERR: 无法加载模块:Public

[ 2016-11-22T22:16:12+08:00 ] ::1 /mytest/mingzhi/Public/static/js/jquery-1.10.2.min.map
ERR: 无法加载模块:Public

[ 2016-11-22T22:16:14+08:00 ] ::1 /mytest/mingzhi/Public/Home/images/wowowo.jpg
ERR: 无法加载模块:Public

[ 2016-11-22T22:16:15+08:00 ] ::1 /mytest/mingzhi/Public/static/js/jquery-1.10.2.min.map
ERR: 无法加载模块:Public

[ 2016-11-22T22:16:15+08:00 ] ::1 /mytest/mingzhi/Public/Home/images/wowowo.jpg
ERR: 无法加载模块:Public

[ 2016-11-22T22:17:53+08:00 ] ::1 /mytest/mingzhi/Public/static/js/jquery-1.10.2.min.map
ERR: 无法加载模块:Public

[ 2016-11-22T22:18:39+08:00 ] ::1 /mytest/mingzhi/Public/static/js/jquery-1.10.2.min.map
ERR: 无法加载模块:Public

[ 2016-11-22T22:18:51+08:00 ] ::1 /mytest/mingzhi/Public/static/js/jquery-1.10.2.min.map
ERR: 无法加载模块:Public

[ 2016-11-22T22:19:33+08:00 ] ::1 /mytest/mingzhi/Public/static/js/jquery-1.10.2.min.map
ERR: 无法加载模块:Public

[ 2016-11-22T22:19:35+08:00 ] ::1 /mytest/mingzhi/Public/static/js/jquery-1.10.2.min.map
ERR: 无法加载模块:Public

[ 2016-11-22T22:19:57+08:00 ] ::1 /mytest/mingzhi/Public/static/js/jquery-1.10.2.min.map
ERR: 无法加载模块:Public

