[ 2016-11-20T09:00:46+08:00 ] ::1 /mytest/mingzhi/Public/static/js/jquery-1.10.2.min.map
ERR: 无法加载模块:Public

[ 2016-11-20T09:01:47+08:00 ] ::1 /mytest/mingzhi/Public/static/js/jquery-1.10.2.min.map
ERR: 无法加载模块:Public

[ 2016-11-20T09:04:11+08:00 ] ::1 /mytest/mingzhi/Public/static/js/jquery-1.10.2.min.map
ERR: 无法加载模块:Public

[ 2016-11-20T09:04:13+08:00 ] ::1 /mytest/mingzhi/Public/static/js/jquery-1.10.2.min.map
ERR: 无法加载模块:Public

[ 2016-11-20T09:05:50+08:00 ] ::1 /mytest/mingzhi/Public/static/js/jquery-1.10.2.min.map
ERR: 无法加载模块:Public

[ 2016-11-20T09:06:18+08:00 ] ::1 /mytest/mingzhi/Public/static/js/jquery-1.10.2.min.map
ERR: 无法加载模块:Public

[ 2016-11-20T09:06:48+08:00 ] ::1 /mytest/mingzhi/Public/static/js/jquery-1.10.2.min.map
ERR: 无法加载模块:Public

[ 2016-11-20T09:07:40+08:00 ] ::1 /mytest/mingzhi/Public/static/js/jquery-1.10.2.min.map
ERR: 无法加载模块:Public

[ 2016-11-20T09:08:51+08:00 ] ::1 /mytest/mingzhi/Public/static/js/jquery-1.10.2.min.map
ERR: 无法加载模块:Public

[ 2016-11-20T09:09:43+08:00 ] ::1 /mytest/mingzhi/Public/static/js/jquery-1.10.2.min.map
ERR: 无法加载模块:Public

[ 2016-11-20T09:16:13+08:00 ] ::1 /mytest/mingzhi/Public/static/js/jquery-1.10.2.min.map
ERR: 无法加载模块:Public

[ 2016-11-20T09:19:33+08:00 ] ::1 /mytest/mingzhi/Public/static/js/jquery-1.10.2.min.map
ERR: 无法加载模块:Public

[ 2016-11-20T09:21:08+08:00 ] ::1 /mytest/mingzhi/Public/static/js/jquery-1.10.2.min.map
ERR: 无法加载模块:Public

[ 2016-11-20T09:21:39+08:00 ] ::1 /mytest/mingzhi/Public/static/js/jquery-1.10.2.min.map
ERR: 无法加载模块:Public

[ 2016-11-20T09:22:10+08:00 ] ::1 /mytest/mingzhi/Public/static/js/jquery-1.10.2.min.map
ERR: 无法加载模块:Public

[ 2016-11-20T09:31:58+08:00 ] ::1 /mytest/mingzhi/Public/static/js/jquery-1.10.2.min.map
ERR: 无法加载模块:Public

[ 2016-11-20T09:32:42+08:00 ] ::1 /mytest/mingzhi/Public/static/js/jquery-1.10.2.min.map
ERR: 无法加载模块:Public

[ 2016-11-20T09:33:02+08:00 ] ::1 /mytest/mingzhi/Public/static/js/jquery-1.10.2.min.map
ERR: 无法加载模块:Public

[ 2016-11-20T09:33:08+08:00 ] ::1 /mytest/mingzhi/Uploads20161120/5830fd526ac9a.jpg
ERR: 无法加载模块:Uploads20161120

[ 2016-11-20T09:33:13+08:00 ] ::1 /mytest/mingzhi/Public/static/js/jquery-1.10.2.min.map
ERR: 无法加载模块:Public

[ 2016-11-20T09:33:30+08:00 ] ::1 /mytest/mingzhi/Uploads20161120/5830fd5d77117.jpg
ERR: 无法加载模块:Uploads20161120

[ 2016-11-20T09:33:49+08:00 ] ::1 /mytest/mingzhi/Public/static/js/jquery-1.10.2.min.map
ERR: 无法加载模块:Public

[ 2016-11-20T09:34:13+08:00 ] ::1 /mytest/mingzhi/Uploads20161120/5830fd8219ca0.jpg
ERR: 无法加载模块:Uploads20161120

[ 2016-11-20T09:34:51+08:00 ] ::1 /mytest/mingzhi/Public/static/js/jquery-1.10.2.min.map
ERR: 无法加载模块:Public

[ 2016-11-20T09:34:58+08:00 ] ::1 /mytest/mingzhi/Uploads20161120/5830fdc091aba.jpg
ERR: 无法加载模块:Uploads20161120

[ 2016-11-20T09:39:46+08:00 ] ::1 /mytest/mingzhi/Public/static/js/jquery-1.10.2.min.map
ERR: 无法加载模块:Public

[ 2016-11-20T09:41:42+08:00 ] ::1 /mytest/mingzhi/Public/static/js/jquery-1.10.2.min.map
ERR: 无法加载模块:Public

[ 2016-11-20T09:44:58+08:00 ] ::1 /mytest/mingzhi/Public/static/js/jquery-1.10.2.min.map
ERR: 无法加载模块:Public

[ 2016-11-20T09:45:00+08:00 ] ::1 /mytest/mingzhi/Public/static/js/jquery-1.10.2.min.map
ERR: 无法加载模块:Public

[ 2016-11-20T09:46:07+08:00 ] ::1 /mytest/mingzhi/Public/static/js/jquery-1.10.2.min.map
ERR: 无法加载模块:Public

[ 2016-11-20T09:52:54+08:00 ] ::1 /mytest/mingzhi/Public/static/js/jquery-1.10.2.min.map
ERR: 无法加载模块:Public

[ 2016-11-20T09:53:32+08:00 ] ::1 /mytest/mingzhi/Public/static/js/jquery-1.10.2.min.map
ERR: 无法加载模块:Public

[ 2016-11-20T09:57:41+08:00 ] ::1 /mytest/mingzhi/Public/static/js/jquery-1.10.2.min.map
ERR: 无法加载模块:Public

[ 2016-11-20T09:57:47+08:00 ] ::1 /mytest/mingzhi/Public/static/js/jquery-1.10.2.min.map
ERR: 无法加载模块:Public

[ 2016-11-20T10:00:08+08:00 ] ::1 /mytest/mingzhi/Public/static/js/jquery-1.10.2.min.map
ERR: 无法加载模块:Public

[ 2016-11-20T10:01:43+08:00 ] ::1 /mytest/mingzhi/Public/static/js/jquery-1.10.2.min.map
ERR: 无法加载模块:Public

[ 2016-11-20T10:05:41+08:00 ] ::1 /mytest/mingzhi/Public/static/js/jquery-1.10.2.min.map
ERR: 无法加载模块:Public

[ 2016-11-20T10:06:16+08:00 ] ::1 /mytest/mingzhi/Public/static/js/jquery-1.10.2.min.map
ERR: 无法加载模块:Public

[ 2016-11-20T10:07:32+08:00 ] ::1 /mytest/mingzhi/Public/static/js/jquery-1.10.2.min.map
ERR: 无法加载模块:Public

[ 2016-11-20T10:08:42+08:00 ] ::1 /mytest/mingzhi/Public/static/js/jquery-1.10.2.min.map
ERR: 无法加载模块:Public

[ 2016-11-20T10:11:22+08:00 ] ::1 /mytest/mingzhi/Public/static/js/jquery-1.10.2.min.map
ERR: 无法加载模块:Public

[ 2016-11-20T10:11:28+08:00 ] ::1 /mytest/mingzhi/Public/static/js/jquery-1.10.2.min.map
ERR: 无法加载模块:Public

[ 2016-11-20T10:12:44+08:00 ] ::1 /mytest/mingzhi/Public/static/js/jquery-1.10.2.min.map
ERR: 无法加载模块:Public

[ 2016-11-20T10:13:39+08:00 ] ::1 /mytest/mingzhi/Public/static/js/jquery-1.10.2.min.map
ERR: 无法加载模块:Public

[ 2016-11-20T10:13:46+08:00 ] ::1 /mytest/mingzhi/Public/static/js/jquery-1.10.2.min.map
ERR: 无法加载模块:Public

[ 2016-11-20T10:15:03+08:00 ] ::1 /mytest/mingzhi/Public/static/js/jquery-1.10.2.min.map
ERR: 无法加载模块:Public

[ 2016-11-20T10:19:49+08:00 ] ::1 /mytest/mingzhi/Public/static/js/jquery-1.10.2.min.map
ERR: 无法加载模块:Public

[ 2016-11-20T10:20:14+08:00 ] ::1 /mytest/mingzhi/Public/static/js/jquery-1.10.2.min.map
ERR: 无法加载模块:Public

[ 2016-11-20T10:48:19+08:00 ] ::1 /mytest/mingzhi/Public/static/js/jquery-1.10.2.min.map
ERR: 无法加载模块:Public

[ 2016-11-20T10:49:05+08:00 ] ::1 /mytest/mingzhi/Public/static/js/jquery-1.10.2.min.map
ERR: 无法加载模块:Public

[ 2016-11-20T10:49:10+08:00 ] ::1 /mytest/mingzhi/Public/static/js/jquery-1.10.2.min.map
ERR: 无法加载模块:Public

[ 2016-11-20T10:49:19+08:00 ] ::1 /mytest/mingzhi/Public/static/js/jquery-1.10.2.min.map
ERR: 无法加载模块:Public

[ 2016-11-20T11:11:43+08:00 ] ::1 /mytest/mingzhi/Public/static/js/jquery-1.10.2.min.map
ERR: 无法加载模块:Public

[ 2016-11-20T11:12:23+08:00 ] ::1 /mytest/mingzhi/Public/static/js/jquery-1.10.2.min.map
ERR: 无法加载模块:Public

[ 2016-11-20T11:12:25+08:00 ] ::1 /mytest/mingzhi/Public/static/js/jquery-1.10.2.min.map
ERR: 无法加载模块:Public

[ 2016-11-20T11:12:32+08:00 ] ::1 /mytest/mingzhi/Public/static/js/jquery-1.10.2.min.map
ERR: 无法加载模块:Public

[ 2016-11-20T11:15:41+08:00 ] ::1 /mytest/mingzhi/Public/static/js/jquery-1.10.2.min.map
ERR: 无法加载模块:Public

[ 2016-11-20T11:15:44+08:00 ] ::1 /mytest/mingzhi/Public/static/js/jquery-1.10.2.min.map
ERR: 无法加载模块:Public

[ 2016-11-20T11:16:29+08:00 ] ::1 /mytest/mingzhi/Public/static/js/jquery-1.10.2.min.map
ERR: 无法加载模块:Public

[ 2016-11-20T11:16:36+08:00 ] ::1 /mytest/mingzhi/Public/static/js/jquery-1.10.2.min.map
ERR: 无法加载模块:Public

[ 2016-11-20T11:16:37+08:00 ] ::1 /mytest/mingzhi/Public/static/js/jquery-1.10.2.min.map
ERR: 无法加载模块:Public

[ 2016-11-20T11:16:40+08:00 ] ::1 /mytest/mingzhi/Public/static/js/jquery-1.10.2.min.map
ERR: 无法加载模块:Public

[ 2016-11-20T11:17:09+08:00 ] ::1 /mytest/mingzhi/Public/static/js/jquery-1.10.2.min.map
ERR: 无法加载模块:Public

[ 2016-11-20T11:17:16+08:00 ] ::1 /mytest/mingzhi/Public/static/js/jquery-1.10.2.min.map
ERR: 无法加载模块:Public

[ 2016-11-20T11:17:21+08:00 ] ::1 /mytest/mingzhi/Public/static/js/jquery-1.10.2.min.map
ERR: 无法加载模块:Public

[ 2016-11-20T11:17:23+08:00 ] ::1 /mytest/mingzhi/Public/static/js/jquery-1.10.2.min.map
ERR: 无法加载模块:Public

[ 2016-11-20T11:17:36+08:00 ] ::1 /mytest/mingzhi/Public/static/js/jquery-1.10.2.min.map
ERR: 无法加载模块:Public

[ 2016-11-20T11:17:47+08:00 ] ::1 /mytest/mingzhi/Public/static/js/jquery-1.10.2.min.map
ERR: 无法加载模块:Public

[ 2016-11-20T11:17:59+08:00 ] ::1 /mytest/mingzhi/Public/static/js/jquery-1.10.2.min.map
ERR: 无法加载模块:Public

[ 2016-11-20T11:18:32+08:00 ] ::1 /mytest/mingzhi/Public/static/js/jquery-1.10.2.min.map
ERR: 无法加载模块:Public

[ 2016-11-20T11:19:56+08:00 ] ::1 /mytest/mingzhi/Public/static/js/jquery-1.10.2.min.map
ERR: 无法加载模块:Public

[ 2016-11-20T11:20:27+08:00 ] ::1 /mytest/mingzhi/Public/static/js/jquery-1.10.2.min.map
ERR: 无法加载模块:Public

[ 2016-11-20T11:20:31+08:00 ] ::1 /mytest/mingzhi/Public/static/js/jquery-1.10.2.min.map
ERR: 无法加载模块:Public

[ 2016-11-20T11:20:33+08:00 ] ::1 /mytest/mingzhi/Public/static/js/jquery-1.10.2.min.map
ERR: 无法加载模块:Public

[ 2016-11-20T11:20:36+08:00 ] ::1 /mytest/mingzhi/Public/static/js/jquery-1.10.2.min.map
ERR: 无法加载模块:Public

[ 2016-11-20T11:35:30+08:00 ] ::1 /mytest/mingzhi/Public/static/js/jquery-1.10.2.min.map
ERR: 无法加载模块:Public

[ 2016-11-20T11:36:10+08:00 ] ::1 /mytest/mingzhi/Public/static/js/jquery-1.10.2.min.map
ERR: 无法加载模块:Public

[ 2016-11-20T11:36:15+08:00 ] ::1 /mytest/mingzhi/Public/static/js/jquery-1.10.2.min.map
ERR: 无法加载模块:Public

[ 2016-11-20T12:09:46+08:00 ] ::1 /mytest/mingzhi/Public/static/js/jquery-1.10.2.min.map
ERR: 无法加载模块:Public

[ 2016-11-20T12:09:48+08:00 ] ::1 /mytest/mingzhi/Public/static/js/jquery-1.10.2.min.map
ERR: 无法加载模块:Public

[ 2016-11-20T12:09:51+08:00 ] ::1 /mytest/mingzhi/Public/static/js/jquery-1.10.2.min.map
ERR: 无法加载模块:Public

[ 2016-11-20T14:15:08+08:00 ] ::1 /mytest/mingzhi/Public/static/js/jquery-1.10.2.min.map
ERR: 无法加载模块:Public

[ 2016-11-20T14:15:10+08:00 ] ::1 /mytest/mingzhi/Public/static/js/jquery-1.10.2.min.map
ERR: 无法加载模块:Public

[ 2016-11-20T14:15:12+08:00 ] ::1 /mytest/mingzhi/Public/static/js/jquery-1.10.2.min.map
ERR: 无法加载模块:Public

[ 2016-11-20T14:20:59+08:00 ] ::1 /mytest/mingzhi/Public/static/js/jquery-1.10.2.min.map
ERR: 无法加载模块:Public

[ 2016-11-20T14:20:59+08:00 ] ::1 /mytest/mingzhi/Public/Home/images/wowowo.jpg
ERR: 无法加载模块:Public

[ 2016-11-20T14:21:00+08:00 ] ::1 /mytest/mingzhi/Public/static/js/jquery-1.10.2.min.map
ERR: 无法加载模块:Public

[ 2016-11-20T14:21:57+08:00 ] ::1 /mytest/mingzhi/Public/Home/images/wowowo.jpg
ERR: 无法加载模块:Public

[ 2016-11-20T14:21:58+08:00 ] ::1 /mytest/mingzhi/Public/static/js/jquery-1.10.2.min.map
ERR: 无法加载模块:Public

[ 2016-11-20T14:21:58+08:00 ] ::1 /mytest/mingzhi/Public/Home/images/wowowo.jpg
ERR: 无法加载模块:Public

[ 2016-11-20T14:23:13+08:00 ] ::1 /mytest/mingzhi/Public/Home/images/wowowo.jpg
ERR: 无法加载模块:Public

[ 2016-11-20T14:23:13+08:00 ] ::1 /mytest/mingzhi/Public/static/js/jquery-1.10.2.min.map
ERR: 无法加载模块:Public

[ 2016-11-20T14:23:13+08:00 ] ::1 /mytest/mingzhi/Public/Home/images/wowowo.jpg
ERR: 无法加载模块:Public

[ 2016-11-20T14:23:41+08:00 ] ::1 /mytest/mingzhi/Public/static/js/jquery-1.10.2.min.map
ERR: 无法加载模块:Public

[ 2016-11-20T14:23:52+08:00 ] ::1 /mytest/mingzhi/Public/Home/images/wowowo.jpg
ERR: 无法加载模块:Public

[ 2016-11-20T14:23:52+08:00 ] ::1 /mytest/mingzhi/Public/static/js/jquery-1.10.2.min.map
ERR: 无法加载模块:Public

[ 2016-11-20T14:23:52+08:00 ] ::1 /mytest/mingzhi/Public/Home/images/wowowo.jpg
ERR: 无法加载模块:Public

[ 2016-11-20T14:24:05+08:00 ] ::1 /mytest/mingzhi/Public/Home/images/wowowo.jpg
ERR: 无法加载模块:Public

[ 2016-11-20T14:24:05+08:00 ] ::1 /mytest/mingzhi/Public/static/js/jquery-1.10.2.min.map
ERR: 无法加载模块:Public

[ 2016-11-20T14:24:05+08:00 ] ::1 /mytest/mingzhi/Public/Home/images/wowowo.jpg
ERR: 无法加载模块:Public

[ 2016-11-20T14:27:16+08:00 ] ::1 /mytest/mingzhi/Public/Home/images/wowowo.jpg
ERR: 无法加载模块:Public

[ 2016-11-20T14:27:17+08:00 ] ::1 /mytest/mingzhi/Public/static/js/jquery-1.10.2.min.map
ERR: 无法加载模块:Public

[ 2016-11-20T14:27:17+08:00 ] ::1 /mytest/mingzhi/Public/Home/images/wowowo.jpg
ERR: 无法加载模块:Public

[ 2016-11-20T14:27:18+08:00 ] ::1 /mytest/mingzhi/Public/static/js/jquery-1.10.2.min.map
ERR: 无法加载模块:Public

[ 2016-11-20T14:27:20+08:00 ] ::1 /mytest/mingzhi/Public/static/js/jquery-1.10.2.min.map
ERR: 无法加载模块:Public

[ 2016-11-20T14:27:25+08:00 ] ::1 /mytest/mingzhi/Public/Home/images/wowowo.jpg
ERR: 无法加载模块:Public

[ 2016-11-20T14:28:09+08:00 ] ::1 /mytest/mingzhi/Public/Home/images/wowowo.jpg
ERR: 无法加载模块:Public

[ 2016-11-20T14:28:09+08:00 ] ::1 /mytest/mingzhi/Public/static/js/jquery-1.10.2.min.map
ERR: 无法加载模块:Public

[ 2016-11-20T14:28:09+08:00 ] ::1 /mytest/mingzhi/Public/Home/images/wowowo.jpg
ERR: 无法加载模块:Public

[ 2016-11-20T14:28:56+08:00 ] ::1 /mytest/mingzhi/Public/static/js/jquery-1.10.2.min.map
ERR: 无法加载模块:Public

[ 2016-11-20T14:30:13+08:00 ] ::1 /mytest/mingzhi/Public/Home/images/wowowo.jpg
ERR: 无法加载模块:Public

[ 2016-11-20T14:30:14+08:00 ] ::1 /mytest/mingzhi/Public/static/js/jquery-1.10.2.min.map
ERR: 无法加载模块:Public

[ 2016-11-20T14:30:14+08:00 ] ::1 /mytest/mingzhi/Public/Home/images/wowowo.jpg
ERR: 无法加载模块:Public

[ 2016-11-20T14:30:16+08:00 ] ::1 /mytest/mingzhi/Public/static/js/jquery-1.10.2.min.map
ERR: 无法加载模块:Public

[ 2016-11-20T14:30:25+08:00 ] ::1 /mytest/mingzhi/Public/Home/images/wowowo.jpg
ERR: 无法加载模块:Public

[ 2016-11-20T14:30:33+08:00 ] ::1 /mytest/mingzhi/Public/Home/images/wowowo.jpg
ERR: 无法加载模块:Public

[ 2016-11-20T14:30:33+08:00 ] ::1 /mytest/mingzhi/Public/static/js/jquery-1.10.2.min.map
ERR: 无法加载模块:Public

[ 2016-11-20T14:30:33+08:00 ] ::1 /mytest/mingzhi/Public/Home/images/wowowo.jpg
ERR: 无法加载模块:Public

[ 2016-11-20T14:30:34+08:00 ] ::1 /mytest/mingzhi/Public/static/js/jquery-1.10.2.min.map
ERR: 无法加载模块:Public

[ 2016-11-20T14:31:11+08:00 ] ::1 /mytest/mingzhi/Public/Home/images/wowowo.jpg
ERR: 无法加载模块:Public

[ 2016-11-20T14:31:11+08:00 ] ::1 /mytest/mingzhi/Public/static/js/jquery-1.10.2.min.map
ERR: 无法加载模块:Public

[ 2016-11-20T14:31:11+08:00 ] ::1 /mytest/mingzhi/Public/Home/images/wowowo.jpg
ERR: 无法加载模块:Public

[ 2016-11-20T14:32:22+08:00 ] ::1 /mytest/mingzhi/Public/Home/images/wowowo.jpg
ERR: 无法加载模块:Public

[ 2016-11-20T14:32:22+08:00 ] ::1 /mytest/mingzhi/Public/static/js/jquery-1.10.2.min.map
ERR: 无法加载模块:Public

[ 2016-11-20T14:32:23+08:00 ] ::1 /mytest/mingzhi/Public/Home/images/wowowo.jpg
ERR: 无法加载模块:Public

[ 2016-11-20T14:32:24+08:00 ] ::1 /mytest/mingzhi/Public/static/js/jquery-1.10.2.min.map
ERR: 无法加载模块:Public

[ 2016-11-20T14:33:12+08:00 ] ::1 /mytest/mingzhi/Public/Home/images/wowowo.jpg
ERR: 无法加载模块:Public

[ 2016-11-20T14:33:12+08:00 ] ::1 /mytest/mingzhi/Public/static/js/jquery-1.10.2.min.map
ERR: 无法加载模块:Public

[ 2016-11-20T14:33:12+08:00 ] ::1 /mytest/mingzhi/Public/Home/images/wowowo.jpg
ERR: 无法加载模块:Public

[ 2016-11-20T14:33:19+08:00 ] ::1 /mytest/mingzhi/Public/static/js/jquery-1.10.2.min.map
ERR: 无法加载模块:Public

[ 2016-11-20T14:33:29+08:00 ] ::1 /mytest/mingzhi/Public/Home/images/wowowo.jpg
ERR: 无法加载模块:Public

[ 2016-11-20T14:33:59+08:00 ] ::1 /mytest/mingzhi/Public/static/js/jquery-1.10.2.min.map
ERR: 无法加载模块:Public

[ 2016-11-20T14:34:06+08:00 ] ::1 /mytest/mingzhi/Public/Home/images/wowowo.jpg
ERR: 无法加载模块:Public

[ 2016-11-20T14:34:06+08:00 ] ::1 /mytest/mingzhi/Public/static/js/jquery-1.10.2.min.map
ERR: 无法加载模块:Public

[ 2016-11-20T14:34:06+08:00 ] ::1 /mytest/mingzhi/Public/Home/images/wowowo.jpg
ERR: 无法加载模块:Public

[ 2016-11-20T14:35:06+08:00 ] ::1 /mytest/mingzhi/Public/Home/images/wowowo.jpg
ERR: 无法加载模块:Public

[ 2016-11-20T14:35:06+08:00 ] ::1 /mytest/mingzhi/Public/static/js/jquery-1.10.2.min.map
ERR: 无法加载模块:Public

[ 2016-11-20T14:35:06+08:00 ] ::1 /mytest/mingzhi/Public/Home/images/wowowo.jpg
ERR: 无法加载模块:Public

[ 2016-11-20T14:35:08+08:00 ] ::1 /mytest/mingzhi/Public/static/js/jquery-1.10.2.min.map
ERR: 无法加载模块:Public

[ 2016-11-20T14:35:51+08:00 ] ::1 /mytest/mingzhi/Public/Home/images/wowowo.jpg
ERR: 无法加载模块:Public

[ 2016-11-20T14:35:52+08:00 ] ::1 /mytest/mingzhi/Public/static/js/jquery-1.10.2.min.map
ERR: 无法加载模块:Public

[ 2016-11-20T14:35:52+08:00 ] ::1 /mytest/mingzhi/Public/Home/images/wowowo.jpg
ERR: 无法加载模块:Public

[ 2016-11-20T14:38:35+08:00 ] ::1 /mytest/mingzhi/Public/static/js/jquery-1.10.2.min.map
ERR: 无法加载模块:Public

[ 2016-11-20T14:38:44+08:00 ] ::1 /mytest/mingzhi/Public/Home/images/wowowo.jpg
ERR: 无法加载模块:Public

[ 2016-11-20T14:38:44+08:00 ] ::1 /mytest/mingzhi/Public/static/js/jquery-1.10.2.min.map
ERR: 无法加载模块:Public

[ 2016-11-20T14:38:44+08:00 ] ::1 /mytest/mingzhi/Public/Home/images/wowowo.jpg
ERR: 无法加载模块:Public

[ 2016-11-20T14:41:58+08:00 ] ::1 /mytest/mingzhi/Public/Home/images/wowowo.jpg
ERR: 无法加载模块:Public

[ 2016-11-20T14:41:58+08:00 ] ::1 /mytest/mingzhi/Public/static/js/jquery-1.10.2.min.map
ERR: 无法加载模块:Public

[ 2016-11-20T14:41:58+08:00 ] ::1 /mytest/mingzhi/Public/Home/images/wowowo.jpg
ERR: 无法加载模块:Public

[ 2016-11-20T15:16:37+08:00 ] ::1 /mytest/mingzhi/Public/Home/images/wowowo.jpg
ERR: 无法加载模块:Public

[ 2016-11-20T15:16:38+08:00 ] ::1 /mytest/mingzhi/Public/static/js/jquery-1.10.2.min.map
ERR: 无法加载模块:Public

[ 2016-11-20T15:16:38+08:00 ] ::1 /mytest/mingzhi/Public/Home/images/wowowo.jpg
ERR: 无法加载模块:Public

[ 2016-11-20T15:16:40+08:00 ] ::1 /mytest/mingzhi/Public/static/js/jquery-1.10.2.min.map
ERR: 无法加载模块:Public

[ 2016-11-20T15:17:03+08:00 ] ::1 /mytest/mingzhi/Public/Home/images/wowowo.jpg
ERR: 无法加载模块:Public

[ 2016-11-20T15:17:03+08:00 ] ::1 /mytest/mingzhi/Public/static/js/jquery-1.10.2.min.map
ERR: 无法加载模块:Public

[ 2016-11-20T15:17:03+08:00 ] ::1 /mytest/mingzhi/Public/Home/images/wowowo.jpg
ERR: 无法加载模块:Public

[ 2016-11-20T15:17:07+08:00 ] ::1 /mytest/mingzhi/Public/static/js/jquery-1.10.2.min.map
ERR: 无法加载模块:Public

[ 2016-11-20T15:17:19+08:00 ] ::1 /mytest/mingzhi/Public/Home/images/wowowo.jpg
ERR: 无法加载模块:Public

[ 2016-11-20T15:20:18+08:00 ] ::1 /mytest/mingzhi/Public/Home/images/wowowo.jpg
ERR: 无法加载模块:Public

[ 2016-11-20T15:20:19+08:00 ] ::1 /mytest/mingzhi/Public/static/js/jquery-1.10.2.min.map
ERR: 无法加载模块:Public

[ 2016-11-20T15:20:19+08:00 ] ::1 /mytest/mingzhi/Public/Home/images/wowowo.jpg
ERR: 无法加载模块:Public

[ 2016-11-20T15:26:07+08:00 ] ::1 /mytest/mingzhi/Public/Home/images/wowowo.jpg
ERR: 无法加载模块:Public

[ 2016-11-20T15:26:07+08:00 ] ::1 /mytest/mingzhi/Public/static/js/jquery-1.10.2.min.map
ERR: 无法加载模块:Public

[ 2016-11-20T15:26:07+08:00 ] ::1 /mytest/mingzhi/Public/Home/images/wowowo.jpg
ERR: 无法加载模块:Public

[ 2016-11-20T15:26:35+08:00 ] ::1 /mytest/mingzhi/Public/Home/images/wowowo.jpg
ERR: 无法加载模块:Public

[ 2016-11-20T15:26:35+08:00 ] ::1 /mytest/mingzhi/Public/Home/images/wowowo.jpg
ERR: 无法加载模块:Public

[ 2016-11-20T15:27:24+08:00 ] ::1 /mytest/mingzhi/Public/Home/images/wowowo.jpg
ERR: 无法加载模块:Public

[ 2016-11-20T15:27:30+08:00 ] ::1 /mytest/mingzhi/Public/static/js/jquery-1.10.2.min.map
ERR: 无法加载模块:Public

[ 2016-11-20T15:28:04+08:00 ] ::1 /mytest/mingzhi/Public/Home/images/wowowo.jpg
ERR: 无法加载模块:Public

[ 2016-11-20T15:28:04+08:00 ] ::1 /mytest/mingzhi/Public/static/js/jquery-1.10.2.min.map
ERR: 无法加载模块:Public

[ 2016-11-20T15:28:04+08:00 ] ::1 /mytest/mingzhi/Public/Home/images/wowowo.jpg
ERR: 无法加载模块:Public

[ 2016-11-20T15:28:55+08:00 ] ::1 /mytest/mingzhi/Public/Home/images/wowowo.jpg
ERR: 无法加载模块:Public

[ 2016-11-20T15:28:56+08:00 ] ::1 /mytest/mingzhi/Public/static/js/jquery-1.10.2.min.map
ERR: 无法加载模块:Public

[ 2016-11-20T15:28:56+08:00 ] ::1 /mytest/mingzhi/Public/Home/images/wowowo.jpg
ERR: 无法加载模块:Public

[ 2016-11-20T15:29:04+08:00 ] ::1 /mytest/mingzhi/Public/static/js/jquery-1.10.2.min.map
ERR: 无法加载模块:Public

[ 2016-11-20T15:29:07+08:00 ] ::1 /mytest/mingzhi/Public/Home/images/wowowo.jpg
ERR: 无法加载模块:Public

[ 2016-11-20T15:29:12+08:00 ] ::1 /mytest/mingzhi/Public/static/js/jquery-1.10.2.min.map
ERR: 无法加载模块:Public

[ 2016-11-20T15:29:14+08:00 ] ::1 /mytest/mingzhi/Public/Home/images/wowowo.jpg
ERR: 无法加载模块:Public

[ 2016-11-20T15:30:00+08:00 ] ::1 /mytest/mingzhi/Public/Home/images/wowowo.jpg
ERR: 无法加载模块:Public

[ 2016-11-20T15:30:00+08:00 ] ::1 /mytest/mingzhi/Public/static/js/jquery-1.10.2.min.map
ERR: 无法加载模块:Public

[ 2016-11-20T15:30:00+08:00 ] ::1 /mytest/mingzhi/Public/Home/images/wowowo.jpg
ERR: 无法加载模块:Public

[ 2016-11-20T15:30:17+08:00 ] ::1 /mytest/mingzhi/Public/Home/images/wowowo.jpg
ERR: 无法加载模块:Public

[ 2016-11-20T15:30:17+08:00 ] ::1 /mytest/mingzhi/Public/static/js/jquery-1.10.2.min.map
ERR: 无法加载模块:Public

[ 2016-11-20T15:30:17+08:00 ] ::1 /mytest/mingzhi/Public/Home/images/wowowo.jpg
ERR: 无法加载模块:Public

[ 2016-11-20T15:30:35+08:00 ] ::1 /mytest/mingzhi/Public/Home/images/wowowo.jpg
ERR: 无法加载模块:Public

[ 2016-11-20T15:30:36+08:00 ] ::1 /mytest/mingzhi/Public/static/js/jquery-1.10.2.min.map
ERR: 无法加载模块:Public

[ 2016-11-20T15:30:36+08:00 ] ::1 /mytest/mingzhi/Public/Home/images/wowowo.jpg
ERR: 无法加载模块:Public

[ 2016-11-20T15:31:43+08:00 ] ::1 /mytest/mingzhi/Public/Home/images/wowowo.jpg
ERR: 无法加载模块:Public

[ 2016-11-20T15:31:44+08:00 ] ::1 /mytest/mingzhi/Public/static/js/jquery-1.10.2.min.map
ERR: 无法加载模块:Public

[ 2016-11-20T15:31:44+08:00 ] ::1 /mytest/mingzhi/Public/Home/images/wowowo.jpg
ERR: 无法加载模块:Public

[ 2016-11-20T15:32:31+08:00 ] ::1 /mytest/mingzhi/Public/Home/images/wowowo.jpg
ERR: 无法加载模块:Public

[ 2016-11-20T15:32:31+08:00 ] ::1 /mytest/mingzhi/Public/static/js/jquery-1.10.2.min.map
ERR: 无法加载模块:Public

[ 2016-11-20T15:32:31+08:00 ] ::1 /mytest/mingzhi/Public/Home/images/wowowo.jpg
ERR: 无法加载模块:Public

[ 2016-11-20T15:33:17+08:00 ] ::1 /mytest/mingzhi/Public/Home/images/wowowo.jpg
ERR: 无法加载模块:Public

[ 2016-11-20T15:33:18+08:00 ] ::1 /mytest/mingzhi/Public/Home/images/wowowo.jpg
ERR: 无法加载模块:Public

[ 2016-11-20T15:33:19+08:00 ] ::1 /mytest/mingzhi/Public/Home/images/wowowo.jpg
ERR: 无法加载模块:Public

[ 2016-11-20T15:33:45+08:00 ] ::1 /mytest/mingzhi/Public/Home/images/wowowo.jpg
ERR: 无法加载模块:Public

[ 2016-11-20T15:33:45+08:00 ] ::1 /mytest/mingzhi/Public/static/js/jquery-1.10.2.min.map
ERR: 无法加载模块:Public

[ 2016-11-20T15:33:45+08:00 ] ::1 /mytest/mingzhi/Public/Home/images/wowowo.jpg
ERR: 无法加载模块:Public

[ 2016-11-20T15:39:45+08:00 ] ::1 /mytest/mingzhi/Public/Home/images/wowowo.jpg
ERR: 无法加载模块:Public

[ 2016-11-20T15:39:45+08:00 ] ::1 /mytest/mingzhi/Public/static/js/jquery-1.10.2.min.map
ERR: 无法加载模块:Public

[ 2016-11-20T15:39:45+08:00 ] ::1 /mytest/mingzhi/Public/Home/images/wowowo.jpg
ERR: 无法加载模块:Public

[ 2016-11-20T15:40:43+08:00 ] ::1 /mytest/mingzhi/Public/Home/images/wowowo.jpg
ERR: 无法加载模块:Public

[ 2016-11-20T15:40:43+08:00 ] ::1 /mytest/mingzhi/Public/static/js/jquery-1.10.2.min.map
ERR: 无法加载模块:Public

[ 2016-11-20T15:40:43+08:00 ] ::1 /mytest/mingzhi/Public/Home/images/wowowo.jpg
ERR: 无法加载模块:Public

[ 2016-11-20T15:43:19+08:00 ] ::1 /mytest/mingzhi/Public/Home/images/wowowo.jpg
ERR: 无法加载模块:Public

[ 2016-11-20T15:43:19+08:00 ] ::1 /mytest/mingzhi/Public/static/js/jquery-1.10.2.min.map
ERR: 无法加载模块:Public

[ 2016-11-20T15:43:19+08:00 ] ::1 /mytest/mingzhi/Public/Home/images/wowowo.jpg
ERR: 无法加载模块:Public

[ 2016-11-20T15:46:14+08:00 ] ::1 /mytest/mingzhi/Public/Home/images/wowowo.jpg
ERR: 无法加载模块:Public

[ 2016-11-20T15:46:14+08:00 ] ::1 /mytest/mingzhi/Public/static/js/jquery-1.10.2.min.map
ERR: 无法加载模块:Public

[ 2016-11-20T15:46:14+08:00 ] ::1 /mytest/mingzhi/Public/Home/images/wowowo.jpg
ERR: 无法加载模块:Public

[ 2016-11-20T15:46:42+08:00 ] ::1 /mytest/mingzhi/Public/Home/images/wowowo.jpg
ERR: 无法加载模块:Public

[ 2016-11-20T15:46:42+08:00 ] ::1 /mytest/mingzhi/Public/static/js/jquery-1.10.2.min.map
ERR: 无法加载模块:Public

[ 2016-11-20T15:46:42+08:00 ] ::1 /mytest/mingzhi/Public/Home/images/wowowo.jpg
ERR: 无法加载模块:Public

[ 2016-11-20T15:47:14+08:00 ] ::1 /mytest/mingzhi/Public/Home/images/wowowo.jpg
ERR: 无法加载模块:Public

[ 2016-11-20T15:47:14+08:00 ] ::1 /mytest/mingzhi/Public/Home/images/wowowo.jpg
ERR: 无法加载模块:Public

[ 2016-11-20T15:47:14+08:00 ] ::1 /mytest/mingzhi/Public/static/js/jquery-1.10.2.min.map
ERR: 无法加载模块:Public

[ 2016-11-20T15:47:24+08:00 ] ::1 /mytest/mingzhi/Public/static/js/jquery-1.10.2.min.map
ERR: 无法加载模块:Public

[ 2016-11-20T15:47:31+08:00 ] ::1 /mytest/mingzhi/Public/Home/images/wowowo.jpg
ERR: 无法加载模块:Public

[ 2016-11-20T15:47:46+08:00 ] ::1 /mytest/mingzhi/Public/Home/images/wowowo.jpg
ERR: 无法加载模块:Public

[ 2016-11-20T15:47:46+08:00 ] ::1 /mytest/mingzhi/Public/static/js/jquery-1.10.2.min.map
ERR: 无法加载模块:Public

[ 2016-11-20T15:47:46+08:00 ] ::1 /mytest/mingzhi/Public/Home/images/wowowo.jpg
ERR: 无法加载模块:Public

[ 2016-11-20T15:47:49+08:00 ] ::1 /mytest/mingzhi/Public/static/js/jquery-1.10.2.min.map
ERR: 无法加载模块:Public

[ 2016-11-20T15:47:50+08:00 ] ::1 /mytest/mingzhi/Public/Home/images/wowowo.jpg
ERR: 无法加载模块:Public

[ 2016-11-20T15:48:25+08:00 ] ::1 /mytest/mingzhi/Public/Home/images/wowowo.jpg
ERR: 无法加载模块:Public

[ 2016-11-20T15:48:26+08:00 ] ::1 /mytest/mingzhi/Public/static/js/jquery-1.10.2.min.map
ERR: 无法加载模块:Public

[ 2016-11-20T15:48:26+08:00 ] ::1 /mytest/mingzhi/Public/Home/images/wowowo.jpg
ERR: 无法加载模块:Public

[ 2016-11-20T15:49:26+08:00 ] ::1 /mytest/mingzhi/Public/Home/images/wowowo.jpg
ERR: 无法加载模块:Public

[ 2016-11-20T15:49:27+08:00 ] ::1 /mytest/mingzhi/Public/static/js/jquery-1.10.2.min.map
ERR: 无法加载模块:Public

[ 2016-11-20T15:49:27+08:00 ] ::1 /mytest/mingzhi/Public/Home/images/wowowo.jpg
ERR: 无法加载模块:Public

[ 2016-11-20T15:49:36+08:00 ] ::1 /mytest/mingzhi/Public/static/js/jquery-1.10.2.min.map
ERR: 无法加载模块:Public

[ 2016-11-20T15:49:39+08:00 ] ::1 /mytest/mingzhi/Public/Home/images/wowowo.jpg
ERR: 无法加载模块:Public

[ 2016-11-20T15:51:04+08:00 ] ::1 /mytest/mingzhi/Public/Home/images/wowowo.jpg
ERR: 无法加载模块:Public

[ 2016-11-20T15:51:04+08:00 ] ::1 /mytest/mingzhi/Public/static/js/jquery-1.10.2.min.map
ERR: 无法加载模块:Public

[ 2016-11-20T15:51:04+08:00 ] ::1 /mytest/mingzhi/Public/Home/images/wowowo.jpg
ERR: 无法加载模块:Public

[ 2016-11-20T15:51:48+08:00 ] ::1 /mytest/mingzhi/Public/Home/images/wowowo.jpg
ERR: 无法加载模块:Public

[ 2016-11-20T15:51:48+08:00 ] ::1 /mytest/mingzhi/Public/static/js/jquery-1.10.2.min.map
ERR: 无法加载模块:Public

[ 2016-11-20T15:51:48+08:00 ] ::1 /mytest/mingzhi/Public/Home/images/wowowo.jpg
ERR: 无法加载模块:Public

[ 2016-11-20T15:51:57+08:00 ] ::1 /mytest/mingzhi/Public/static/js/jquery-1.10.2.min.map
ERR: 无法加载模块:Public

[ 2016-11-20T15:52:01+08:00 ] ::1 /mytest/mingzhi/Public/Home/images/wowowo.jpg
ERR: 无法加载模块:Public

[ 2016-11-20T15:53:24+08:00 ] ::1 /mytest/mingzhi/Public/Home/images/wowowo.jpg
ERR: 无法加载模块:Public

[ 2016-11-20T15:53:25+08:00 ] ::1 /mytest/mingzhi/Public/static/js/jquery-1.10.2.min.map
ERR: 无法加载模块:Public

[ 2016-11-20T15:53:25+08:00 ] ::1 /mytest/mingzhi/Public/Home/images/wowowo.jpg
ERR: 无法加载模块:Public

[ 2016-11-20T15:53:33+08:00 ] ::1 /mytest/mingzhi/Public/static/js/jquery-1.10.2.min.map
ERR: 无法加载模块:Public

[ 2016-11-20T15:53:40+08:00 ] ::1 /mytest/mingzhi/Public/Home/images/wowowo.jpg
ERR: 无法加载模块:Public

[ 2016-11-20T15:54:33+08:00 ] ::1 /mytest/mingzhi/Public/Home/images/wowowo.jpg
ERR: 无法加载模块:Public

[ 2016-11-20T15:54:34+08:00 ] ::1 /mytest/mingzhi/Public/static/js/jquery-1.10.2.min.map
ERR: 无法加载模块:Public

[ 2016-11-20T15:54:34+08:00 ] ::1 /mytest/mingzhi/Public/Home/images/wowowo.jpg
ERR: 无法加载模块:Public

[ 2016-11-20T15:55:01+08:00 ] ::1 /mytest/mingzhi/Public/Home/images/wowowo.jpg
ERR: 无法加载模块:Public

[ 2016-11-20T15:55:01+08:00 ] ::1 /mytest/mingzhi/Public/static/js/jquery-1.10.2.min.map
ERR: 无法加载模块:Public

[ 2016-11-20T15:55:01+08:00 ] ::1 /mytest/mingzhi/Public/Home/images/wowowo.jpg
ERR: 无法加载模块:Public

[ 2016-11-20T15:57:04+08:00 ] ::1 /mytest/mingzhi/Public/Home/images/wowowo.jpg
ERR: 无法加载模块:Public

[ 2016-11-20T15:57:04+08:00 ] ::1 /mytest/mingzhi/Public/Home/images/wowowo.jpg
ERR: 无法加载模块:Public

[ 2016-11-20T15:57:04+08:00 ] ::1 /mytest/mingzhi/Public/static/js/jquery-1.10.2.min.map
ERR: 无法加载模块:Public

[ 2016-11-20T15:57:05+08:00 ] ::1 /mytest/mingzhi/Public/static/js/jquery-1.10.2.min.map
ERR: 无法加载模块:Public

[ 2016-11-20T15:57:16+08:00 ] ::1 /mytest/mingzhi/Public/Home/images/wowowo.jpg
ERR: 无法加载模块:Public

[ 2016-11-20T15:57:25+08:00 ] ::1 /mytest/mingzhi/Public/Home/images/wowowo.jpg
ERR: 无法加载模块:Public

[ 2016-11-20T15:57:25+08:00 ] ::1 /mytest/mingzhi/Public/static/js/jquery-1.10.2.min.map
ERR: 无法加载模块:Public

[ 2016-11-20T15:57:25+08:00 ] ::1 /mytest/mingzhi/Public/Home/images/wowowo.jpg
ERR: 无法加载模块:Public

[ 2016-11-20T15:57:53+08:00 ] ::1 /mytest/mingzhi/Public/Home/images/wowowo.jpg
ERR: 无法加载模块:Public

[ 2016-11-20T15:57:53+08:00 ] ::1 /mytest/mingzhi/Public/static/js/jquery-1.10.2.min.map
ERR: 无法加载模块:Public

[ 2016-11-20T15:57:53+08:00 ] ::1 /mytest/mingzhi/Public/Home/images/wowowo.jpg
ERR: 无法加载模块:Public

[ 2016-11-20T15:58:25+08:00 ] ::1 /mytest/mingzhi/Public/Home/images/wowowo.jpg
ERR: 无法加载模块:Public

[ 2016-11-20T15:58:25+08:00 ] ::1 /mytest/mingzhi/Public/static/js/jquery-1.10.2.min.map
ERR: 无法加载模块:Public

[ 2016-11-20T15:58:25+08:00 ] ::1 /mytest/mingzhi/Public/Home/images/wowowo.jpg
ERR: 无法加载模块:Public

[ 2016-11-20T16:00:06+08:00 ] ::1 /mytest/mingzhi/Public/Home/images/wowowo.jpg
ERR: 无法加载模块:Public

[ 2016-11-20T16:00:07+08:00 ] ::1 /mytest/mingzhi/Public/Home/images/wowowo.jpg
ERR: 无法加载模块:Public

[ 2016-11-20T16:00:07+08:00 ] ::1 /mytest/mingzhi/Public/static/js/jquery-1.10.2.min.map
ERR: 无法加载模块:Public

[ 2016-11-20T16:00:12+08:00 ] ::1 /mytest/mingzhi/Public/static/js/jquery-1.10.2.min.map
ERR: 无法加载模块:Public

[ 2016-11-20T16:00:23+08:00 ] ::1 /mytest/mingzhi/Public/Home/images/wowowo.jpg
ERR: 无法加载模块:Public

[ 2016-11-20T16:01:06+08:00 ] ::1 /mytest/mingzhi/Public/Home/images/wowowo.jpg
ERR: 无法加载模块:Public

[ 2016-11-20T16:01:07+08:00 ] ::1 /mytest/mingzhi/Public/Home/images/wowowo.jpg
ERR: 无法加载模块:Public

[ 2016-11-20T16:01:07+08:00 ] ::1 /mytest/mingzhi/Public/static/js/jquery-1.10.2.min.map
ERR: 无法加载模块:Public

[ 2016-11-20T16:04:20+08:00 ] ::1 /mytest/mingzhi/Public/Home/images/wowowo.jpg
ERR: 无法加载模块:Public

[ 2016-11-20T16:04:20+08:00 ] ::1 /mytest/mingzhi/Public/static/js/jquery-1.10.2.min.map
ERR: 无法加载模块:Public

[ 2016-11-20T16:04:20+08:00 ] ::1 /mytest/mingzhi/Public/Home/images/wowowo.jpg
ERR: 无法加载模块:Public

[ 2016-11-20T16:05:10+08:00 ] ::1 /mytest/mingzhi/Public/static/js/jquery-1.10.2.min.map
ERR: 无法加载模块:Public

[ 2016-11-20T16:05:34+08:00 ] ::1 /mytest/mingzhi/Public/Home/images/wowowo.jpg
ERR: 无法加载模块:Public

[ 2016-11-20T16:05:34+08:00 ] ::1 /mytest/mingzhi/Public/Home/images/wowowo.jpg
ERR: 无法加载模块:Public

[ 2016-11-20T16:05:34+08:00 ] ::1 /mytest/mingzhi/Public/static/js/jquery-1.10.2.min.map
ERR: 无法加载模块:Public

[ 2016-11-20T16:06:49+08:00 ] ::1 /mytest/mingzhi/Public/Home/images/wowowo.jpg
ERR: 无法加载模块:Public

[ 2016-11-20T16:06:50+08:00 ] ::1 /mytest/mingzhi/Public/static/js/jquery-1.10.2.min.map
ERR: 无法加载模块:Public

[ 2016-11-20T16:06:50+08:00 ] ::1 /mytest/mingzhi/Public/Home/images/wowowo.jpg
ERR: 无法加载模块:Public

[ 2016-11-20T16:11:42+08:00 ] ::1 /mytest/mingzhi/Public/Home/images/wowowo.jpg
ERR: 无法加载模块:Public

[ 2016-11-20T16:11:42+08:00 ] ::1 /mytest/mingzhi/Public/static/js/jquery-1.10.2.min.map
ERR: 无法加载模块:Public

[ 2016-11-20T16:11:42+08:00 ] ::1 /mytest/mingzhi/Public/Home/images/wowowo.jpg
ERR: 无法加载模块:Public

[ 2016-11-20T16:12:21+08:00 ] ::1 /mytest/mingzhi/Public/Home/images/wowowo.jpg
ERR: 无法加载模块:Public

[ 2016-11-20T16:12:21+08:00 ] ::1 /mytest/mingzhi/Public/static/js/jquery-1.10.2.min.map
ERR: 无法加载模块:Public

[ 2016-11-20T16:12:21+08:00 ] ::1 /mytest/mingzhi/Public/Home/images/wowowo.jpg
ERR: 无法加载模块:Public

[ 2016-11-20T16:14:32+08:00 ] ::1 /mytest/mingzhi/Public/Home/images/wowowo.jpg
ERR: 无法加载模块:Public

[ 2016-11-20T16:14:33+08:00 ] ::1 /mytest/mingzhi/Public/static/js/jquery-1.10.2.min.map
ERR: 无法加载模块:Public

[ 2016-11-20T16:14:33+08:00 ] ::1 /mytest/mingzhi/Public/Home/images/wowowo.jpg
ERR: 无法加载模块:Public

[ 2016-11-20T16:24:33+08:00 ] ::1 /mytest/mingzhi/Public/Home/images/wowowo.jpg
ERR: 无法加载模块:Public

[ 2016-11-20T16:24:34+08:00 ] ::1 /mytest/mingzhi/Public/static/js/jquery-1.10.2.min.map
ERR: 无法加载模块:Public

[ 2016-11-20T16:24:34+08:00 ] ::1 /mytest/mingzhi/Public/Home/images/wowowo.jpg
ERR: 无法加载模块:Public

[ 2016-11-20T16:24:52+08:00 ] ::1 /mytest/mingzhi/Public/static/js/jquery-1.10.2.min.map
ERR: 无法加载模块:Public

[ 2016-11-20T16:24:57+08:00 ] ::1 /mytest/mingzhi/Public/Home/images/wowowo.jpg
ERR: 无法加载模块:Public

[ 2016-11-20T16:24:58+08:00 ] ::1 /mytest/mingzhi/Public/Home/images/wowowo.jpg
ERR: 无法加载模块:Public

[ 2016-11-20T16:24:58+08:00 ] ::1 /mytest/mingzhi/Public/static/js/jquery-1.10.2.min.map
ERR: 无法加载模块:Public

[ 2016-11-20T16:24:58+08:00 ] ::1 /mytest/mingzhi/Public/Home/images/wowowo.jpg
ERR: 无法加载模块:Public

[ 2016-11-20T16:25:17+08:00 ] ::1 /mytest/mingzhi/Public/Home/images/wowowo.jpg
ERR: 无法加载模块:Public

[ 2016-11-20T16:25:17+08:00 ] ::1 /mytest/mingzhi/Public/static/js/jquery-1.10.2.min.map
ERR: 无法加载模块:Public

[ 2016-11-20T16:25:17+08:00 ] ::1 /mytest/mingzhi/Public/Home/images/wowowo.jpg
ERR: 无法加载模块:Public

[ 2016-11-20T16:26:22+08:00 ] ::1 /mytest/mingzhi/Public/Home/images/wowowo.jpg
ERR: 无法加载模块:Public

[ 2016-11-20T16:26:22+08:00 ] ::1 /mytest/mingzhi/Public/static/js/jquery-1.10.2.min.map
ERR: 无法加载模块:Public

[ 2016-11-20T16:26:23+08:00 ] ::1 /mytest/mingzhi/Public/Home/images/wowowo.jpg
ERR: 无法加载模块:Public

[ 2016-11-20T16:27:29+08:00 ] ::1 /mytest/mingzhi/Public/Home/images/wowowo.jpg
ERR: 无法加载模块:Public

[ 2016-11-20T16:27:29+08:00 ] ::1 /mytest/mingzhi/Public/static/js/jquery-1.10.2.min.map
ERR: 无法加载模块:Public

[ 2016-11-20T16:27:29+08:00 ] ::1 /mytest/mingzhi/Public/Home/images/wowowo.jpg
ERR: 无法加载模块:Public

[ 2016-11-20T16:28:20+08:00 ] ::1 /mytest/mingzhi/Public/Home/images/wowowo.jpg
ERR: 无法加载模块:Public

[ 2016-11-20T16:28:20+08:00 ] ::1 /mytest/mingzhi/Public/static/js/jquery-1.10.2.min.map
ERR: 无法加载模块:Public

[ 2016-11-20T16:28:20+08:00 ] ::1 /mytest/mingzhi/Public/Home/images/wowowo.jpg
ERR: 无法加载模块:Public

[ 2016-11-20T16:28:41+08:00 ] ::1 /mytest/mingzhi/Public/Home/images/wowowo.jpg
ERR: 无法加载模块:Public

[ 2016-11-20T16:28:41+08:00 ] ::1 /mytest/mingzhi/Public/static/js/jquery-1.10.2.min.map
ERR: 无法加载模块:Public

[ 2016-11-20T16:28:41+08:00 ] ::1 /mytest/mingzhi/Public/Home/images/wowowo.jpg
ERR: 无法加载模块:Public

[ 2016-11-20T16:31:08+08:00 ] ::1 /mytest/mingzhi/Public/Home/images/wowowo.jpg
ERR: 无法加载模块:Public

[ 2016-11-20T16:31:08+08:00 ] ::1 /mytest/mingzhi/Public/static/js/jquery-1.10.2.min.map
ERR: 无法加载模块:Public

[ 2016-11-20T16:31:08+08:00 ] ::1 /mytest/mingzhi/Public/Home/images/wowowo.jpg
ERR: 无法加载模块:Public

[ 2016-11-20T16:31:45+08:00 ] ::1 /mytest/mingzhi/Public/Home/images/wowowo.jpg
ERR: 无法加载模块:Public

[ 2016-11-20T16:31:45+08:00 ] ::1 /mytest/mingzhi/Public/static/js/jquery-1.10.2.min.map
ERR: 无法加载模块:Public

[ 2016-11-20T16:31:45+08:00 ] ::1 /mytest/mingzhi/Public/Home/images/wowowo.jpg
ERR: 无法加载模块:Public

[ 2016-11-20T16:33:21+08:00 ] ::1 /mytest/mingzhi/Public/static/js/jquery-1.10.2.min.map
ERR: 无法加载模块:Public

[ 2016-11-20T16:33:29+08:00 ] ::1 /mytest/mingzhi/Public/Home/images/wowowo.jpg
ERR: 无法加载模块:Public

[ 2016-11-20T16:33:29+08:00 ] ::1 /mytest/mingzhi/Public/static/js/jquery-1.10.2.min.map
ERR: 无法加载模块:Public

[ 2016-11-20T16:33:29+08:00 ] ::1 /mytest/mingzhi/Public/Home/images/wowowo.jpg
ERR: 无法加载模块:Public

[ 2016-11-20T16:33:31+08:00 ] ::1 /mytest/mingzhi/Public/static/js/jquery-1.10.2.min.map
ERR: 无法加载模块:Public

[ 2016-11-20T16:33:35+08:00 ] ::1 /mytest/mingzhi/Public/Home/images/wowowo.jpg
ERR: 无法加载模块:Public

[ 2016-11-20T16:51:57+08:00 ] ::1 /mytest/mingzhi/Public/Home/images/wowowo.jpg
ERR: 无法加载模块:Public

[ 2016-11-20T16:51:57+08:00 ] ::1 /mytest/mingzhi/Public/static/js/jquery-1.10.2.min.map
ERR: 无法加载模块:Public

[ 2016-11-20T16:51:57+08:00 ] ::1 /mytest/mingzhi/Public/Home/images/wowowo.jpg
ERR: 无法加载模块:Public

[ 2016-11-20T16:52:38+08:00 ] ::1 /mytest/mingzhi/Public/Home/images/wowowo.jpg
ERR: 无法加载模块:Public

[ 2016-11-20T16:52:38+08:00 ] ::1 /mytest/mingzhi/Public/static/js/jquery-1.10.2.min.map
ERR: 无法加载模块:Public

[ 2016-11-20T16:52:38+08:00 ] ::1 /mytest/mingzhi/Public/Home/images/wowowo.jpg
ERR: 无法加载模块:Public

[ 2016-11-20T16:53:01+08:00 ] ::1 /mytest/mingzhi/Public/Home/images/wowowo.jpg
ERR: 无法加载模块:Public

[ 2016-11-20T16:53:02+08:00 ] ::1 /mytest/mingzhi/Public/static/js/jquery-1.10.2.min.map
ERR: 无法加载模块:Public

[ 2016-11-20T16:53:02+08:00 ] ::1 /mytest/mingzhi/Public/Home/images/wowowo.jpg
ERR: 无法加载模块:Public

[ 2016-11-20T16:53:19+08:00 ] ::1 /mytest/mingzhi/Public/Home/images/wowowo.jpg
ERR: 无法加载模块:Public

[ 2016-11-20T16:53:19+08:00 ] ::1 /mytest/mingzhi/Public/static/js/jquery-1.10.2.min.map
ERR: 无法加载模块:Public

[ 2016-11-20T16:53:19+08:00 ] ::1 /mytest/mingzhi/Public/Home/images/wowowo.jpg
ERR: 无法加载模块:Public

[ 2016-11-20T16:54:31+08:00 ] ::1 /mytest/mingzhi/Public/static/js/jquery-1.10.2.min.map
ERR: 无法加载模块:Public

[ 2016-11-20T16:54:34+08:00 ] ::1 /mytest/mingzhi/Public/Home/images/wowowo.jpg
ERR: 无法加载模块:Public

[ 2016-11-20T16:54:35+08:00 ] ::1 /mytest/mingzhi/Public/Home/images/wowowo.jpg
ERR: 无法加载模块:Public

[ 2016-11-20T16:54:35+08:00 ] ::1 /mytest/mingzhi/Public/static/js/jquery-1.10.2.min.map
ERR: 无法加载模块:Public

[ 2016-11-20T16:54:35+08:00 ] ::1 /mytest/mingzhi/Public/Home/images/wowowo.jpg
ERR: 无法加载模块:Public

[ 2016-11-20T16:55:08+08:00 ] ::1 /mytest/mingzhi/Public/Home/images/wowowo.jpg
ERR: 无法加载模块:Public

[ 2016-11-20T16:55:08+08:00 ] ::1 /mytest/mingzhi/Public/static/js/jquery-1.10.2.min.map
ERR: 无法加载模块:Public

[ 2016-11-20T16:55:08+08:00 ] ::1 /mytest/mingzhi/Public/Home/images/wowowo.jpg
ERR: 无法加载模块:Public

[ 2016-11-20T16:55:42+08:00 ] ::1 /mytest/mingzhi/Public/Home/images/wowowo.jpg
ERR: 无法加载模块:Public

[ 2016-11-20T16:55:42+08:00 ] ::1 /mytest/mingzhi/Public/static/js/jquery-1.10.2.min.map
ERR: 无法加载模块:Public

[ 2016-11-20T16:55:42+08:00 ] ::1 /mytest/mingzhi/Public/Home/images/wowowo.jpg
ERR: 无法加载模块:Public

[ 2016-11-20T16:56:09+08:00 ] ::1 /mytest/mingzhi/Public/Home/images/wowowo.jpg
ERR: 无法加载模块:Public

[ 2016-11-20T16:56:10+08:00 ] ::1 /mytest/mingzhi/Public/static/js/jquery-1.10.2.min.map
ERR: 无法加载模块:Public

[ 2016-11-20T16:56:10+08:00 ] ::1 /mytest/mingzhi/Public/Home/images/wowowo.jpg
ERR: 无法加载模块:Public

[ 2016-11-20T16:57:11+08:00 ] ::1 /mytest/mingzhi/Public/Home/images/wowowo.jpg
ERR: 无法加载模块:Public

[ 2016-11-20T16:57:11+08:00 ] ::1 /mytest/mingzhi/Public/static/js/jquery-1.10.2.min.map
ERR: 无法加载模块:Public

[ 2016-11-20T16:57:11+08:00 ] ::1 /mytest/mingzhi/Public/Home/images/wowowo.jpg
ERR: 无法加载模块:Public

[ 2016-11-20T16:59:25+08:00 ] ::1 /mytest/mingzhi/Public/Home/images/wowowo.jpg
ERR: 无法加载模块:Public

[ 2016-11-20T16:59:25+08:00 ] ::1 /mytest/mingzhi/Public/static/js/jquery-1.10.2.min.map
ERR: 无法加载模块:Public

[ 2016-11-20T16:59:25+08:00 ] ::1 /mytest/mingzhi/Public/Home/images/wowowo.jpg
ERR: 无法加载模块:Public

[ 2016-11-20T16:59:50+08:00 ] ::1 /mytest/mingzhi/Public/Home/images/wowowo.jpg
ERR: 无法加载模块:Public

[ 2016-11-20T16:59:51+08:00 ] ::1 /mytest/mingzhi/Public/static/js/jquery-1.10.2.min.map
ERR: 无法加载模块:Public

[ 2016-11-20T16:59:51+08:00 ] ::1 /mytest/mingzhi/Public/Home/images/wowowo.jpg
ERR: 无法加载模块:Public

[ 2016-11-20T17:03:52+08:00 ] ::1 /mytest/mingzhi/Public/Home/images/wowowo.jpg
ERR: 无法加载模块:Public

[ 2016-11-20T17:03:52+08:00 ] ::1 /mytest/mingzhi/Public/static/js/jquery-1.10.2.min.map
ERR: 无法加载模块:Public

[ 2016-11-20T17:03:52+08:00 ] ::1 /mytest/mingzhi/Public/Home/images/wowowo.jpg
ERR: 无法加载模块:Public

[ 2016-11-20T17:04:03+08:00 ] ::1 /mytest/mingzhi/Public/static/js/jquery-1.10.2.min.map
ERR: 无法加载模块:Public

[ 2016-11-20T17:04:08+08:00 ] ::1 /mytest/mingzhi/Public/Home/images/wowowo.jpg
ERR: 无法加载模块:Public

[ 2016-11-20T17:04:09+08:00 ] ::1 /mytest/mingzhi/Public/Home/images/wowowo.jpg
ERR: 无法加载模块:Public

[ 2016-11-20T17:04:09+08:00 ] ::1 /mytest/mingzhi/Public/static/js/jquery-1.10.2.min.map
ERR: 无法加载模块:Public

[ 2016-11-20T17:04:09+08:00 ] ::1 /mytest/mingzhi/Public/Home/images/wowowo.jpg
ERR: 无法加载模块:Public

[ 2016-11-20T17:04:40+08:00 ] ::1 /mytest/mingzhi/Public/Home/images/wowowo.jpg
ERR: 无法加载模块:Public

[ 2016-11-20T17:04:40+08:00 ] ::1 /mytest/mingzhi/Public/static/js/jquery-1.10.2.min.map
ERR: 无法加载模块:Public

[ 2016-11-20T17:04:40+08:00 ] ::1 /mytest/mingzhi/Public/Home/images/wowowo.jpg
ERR: 无法加载模块:Public

[ 2016-11-20T17:05:20+08:00 ] ::1 /mytest/mingzhi/Public/Home/images/wowowo.jpg
ERR: 无法加载模块:Public

[ 2016-11-20T17:05:20+08:00 ] ::1 /mytest/mingzhi/Public/static/js/jquery-1.10.2.min.map
ERR: 无法加载模块:Public

[ 2016-11-20T17:05:20+08:00 ] ::1 /mytest/mingzhi/Public/Home/images/wowowo.jpg
ERR: 无法加载模块:Public

[ 2016-11-20T17:05:55+08:00 ] ::1 /mytest/mingzhi/Public/Home/images/wowowo.jpg
ERR: 无法加载模块:Public

[ 2016-11-20T17:05:56+08:00 ] ::1 /mytest/mingzhi/Public/static/js/jquery-1.10.2.min.map
ERR: 无法加载模块:Public

[ 2016-11-20T17:05:56+08:00 ] ::1 /mytest/mingzhi/Public/Home/images/wowowo.jpg
ERR: 无法加载模块:Public

[ 2016-11-20T17:06:40+08:00 ] ::1 /mytest/mingzhi/Public/Home/images/wowowo.jpg
ERR: 无法加载模块:Public

[ 2016-11-20T17:06:41+08:00 ] ::1 /mytest/mingzhi/Public/static/js/jquery-1.10.2.min.map
ERR: 无法加载模块:Public

[ 2016-11-20T17:06:41+08:00 ] ::1 /mytest/mingzhi/Public/Home/images/wowowo.jpg
ERR: 无法加载模块:Public

[ 2016-11-20T17:08:01+08:00 ] ::1 /mytest/mingzhi/Public/static/js/jquery-1.10.2.min.map
ERR: 无法加载模块:Public

[ 2016-11-20T17:08:12+08:00 ] ::1 /mytest/mingzhi/Public/Home/images/wowowo.jpg
ERR: 无法加载模块:Public

[ 2016-11-20T17:08:13+08:00 ] ::1 /mytest/mingzhi/Public/static/js/jquery-1.10.2.min.map
ERR: 无法加载模块:Public

[ 2016-11-20T17:08:13+08:00 ] ::1 /mytest/mingzhi/Public/Home/images/wowowo.jpg
ERR: 无法加载模块:Public

[ 2016-11-20T17:08:15+08:00 ] ::1 /mytest/mingzhi/Public/static/js/jquery-1.10.2.min.map
ERR: 无法加载模块:Public

[ 2016-11-20T17:08:25+08:00 ] ::1 /mytest/mingzhi/Public/Home/images/wowowo.jpg
ERR: 无法加载模块:Public

[ 2016-11-20T17:09:57+08:00 ] ::1 /mytest/mingzhi/Public/Home/images/wowowo.jpg
ERR: 无法加载模块:Public

[ 2016-11-20T17:09:57+08:00 ] ::1 /mytest/mingzhi/Public/static/js/jquery-1.10.2.min.map
ERR: 无法加载模块:Public

[ 2016-11-20T17:09:57+08:00 ] ::1 /mytest/mingzhi/Public/Home/images/wowowo.jpg
ERR: 无法加载模块:Public

[ 2016-11-20T17:10:07+08:00 ] ::1 /mytest/mingzhi/Public/static/js/jquery-1.10.2.min.map
ERR: 无法加载模块:Public

[ 2016-11-20T17:10:13+08:00 ] ::1 /mytest/mingzhi/Public/Home/images/wowowo.jpg
ERR: 无法加载模块:Public

[ 2016-11-20T17:11:36+08:00 ] ::1 /mytest/mingzhi/Public/Home/images/wowowo.jpg
ERR: 无法加载模块:Public

[ 2016-11-20T17:11:36+08:00 ] ::1 /mytest/mingzhi/Public/static/js/jquery-1.10.2.min.map
ERR: 无法加载模块:Public

[ 2016-11-20T17:11:36+08:00 ] ::1 /mytest/mingzhi/Public/Home/images/wowowo.jpg
ERR: 无法加载模块:Public

[ 2016-11-20T17:14:09+08:00 ] ::1 /mytest/mingzhi/Public/Home/images/wowowo.jpg
ERR: 无法加载模块:Public

[ 2016-11-20T17:14:09+08:00 ] ::1 /mytest/mingzhi/Public/static/js/jquery-1.10.2.min.map
ERR: 无法加载模块:Public

[ 2016-11-20T17:14:09+08:00 ] ::1 /mytest/mingzhi/Public/Home/images/wowowo.jpg
ERR: 无法加载模块:Public

[ 2016-11-20T17:14:38+08:00 ] ::1 /mytest/mingzhi/Public/Home/images/wowowo.jpg
ERR: 无法加载模块:Public

[ 2016-11-20T17:14:39+08:00 ] ::1 /mytest/mingzhi/Public/static/js/jquery-1.10.2.min.map
ERR: 无法加载模块:Public

[ 2016-11-20T17:14:39+08:00 ] ::1 /mytest/mingzhi/Public/Home/images/wowowo.jpg
ERR: 无法加载模块:Public

[ 2016-11-20T17:14:42+08:00 ] ::1 /mytest/mingzhi/Public/static/js/jquery-1.10.2.min.map
ERR: 无法加载模块:Public

[ 2016-11-20T17:14:52+08:00 ] ::1 /mytest/mingzhi/Public/Home/images/wowowo.jpg
ERR: 无法加载模块:Public

[ 2016-11-20T17:16:44+08:00 ] ::1 /mytest/mingzhi/Public/Home/images/wowowo.jpg
ERR: 无法加载模块:Public

[ 2016-11-20T17:16:44+08:00 ] ::1 /mytest/mingzhi/Public/static/js/jquery-1.10.2.min.map
ERR: 无法加载模块:Public

[ 2016-11-20T17:16:44+08:00 ] ::1 /mytest/mingzhi/Public/Home/images/wowowo.jpg
ERR: 无法加载模块:Public

[ 2016-11-20T17:21:42+08:00 ] ::1 /mytest/mingzhi/Public/Home/images/wowowo.jpg
ERR: 无法加载模块:Public

[ 2016-11-20T17:21:43+08:00 ] ::1 /mytest/mingzhi/Public/static/js/jquery-1.10.2.min.map
ERR: 无法加载模块:Public

[ 2016-11-20T17:21:43+08:00 ] ::1 /mytest/mingzhi/Public/Home/images/wowowo.jpg
ERR: 无法加载模块:Public

[ 2016-11-20T17:22:19+08:00 ] ::1 /mytest/mingzhi/Public/static/js/jquery-1.10.2.min.map
ERR: 无法加载模块:Public

[ 2016-11-20T17:22:23+08:00 ] ::1 /mytest/mingzhi/Public/Home/images/wowowo.jpg
ERR: 无法加载模块:Public

[ 2016-11-20T17:22:23+08:00 ] ::1 /mytest/mingzhi/Public/static/js/jquery-1.10.2.min.map
ERR: 无法加载模块:Public

[ 2016-11-20T17:22:23+08:00 ] ::1 /mytest/mingzhi/Public/Home/images/wowowo.jpg
ERR: 无法加载模块:Public

[ 2016-11-20T17:23:11+08:00 ] ::1 /mytest/mingzhi/Public/Home/images/wowowo.jpg
ERR: 无法加载模块:Public

[ 2016-11-20T17:23:11+08:00 ] ::1 /mytest/mingzhi/Public/static/js/jquery-1.10.2.min.map
ERR: 无法加载模块:Public

[ 2016-11-20T17:23:11+08:00 ] ::1 /mytest/mingzhi/Public/Home/images/wowowo.jpg
ERR: 无法加载模块:Public

[ 2016-11-20T17:23:53+08:00 ] ::1 /mytest/mingzhi/Public/Home/images/wowowo.jpg
ERR: 无法加载模块:Public

[ 2016-11-20T17:23:53+08:00 ] ::1 /mytest/mingzhi/Public/static/js/jquery-1.10.2.min.map
ERR: 无法加载模块:Public

[ 2016-11-20T17:23:53+08:00 ] ::1 /mytest/mingzhi/Public/Home/images/wowowo.jpg
ERR: 无法加载模块:Public

[ 2016-11-20T17:24:17+08:00 ] ::1 /mytest/mingzhi/Public/static/js/jquery-1.10.2.min.map
ERR: 无法加载模块:Public

[ 2016-11-20T17:30:07+08:00 ] ::1 /mytest/mingzhi/Public/static/js/jquery-1.10.2.min.map
ERR: 无法加载模块:Public

[ 2016-11-20T17:30:08+08:00 ] ::1 /mytest/mingzhi/Public/Home/images/wowowo.jpg
ERR: 无法加载模块:Public

[ 2016-11-20T17:30:09+08:00 ] ::1 /mytest/mingzhi/Public/Home/images/wowowo.jpg
ERR: 无法加载模块:Public

[ 2016-11-20T17:30:09+08:00 ] ::1 /mytest/mingzhi/Public/static/js/jquery-1.10.2.min.map
ERR: 无法加载模块:Public

[ 2016-11-20T17:30:18+08:00 ] ::1 /mytest/mingzhi/Public/static/js/jquery-1.10.2.min.map
ERR: 无法加载模块:Public

[ 2016-11-20T17:30:38+08:00 ] ::1 /mytest/mingzhi/Public/static/js/jquery-1.10.2.min.map
ERR: 无法加载模块:Public

[ 2016-11-20T17:30:55+08:00 ] ::1 /mytest/mingzhi/Public/Home/images/wowowo.jpg
ERR: 无法加载模块:Public

[ 2016-11-20T17:30:55+08:00 ] ::1 /mytest/mingzhi/Public/static/js/jquery-1.10.2.min.map
ERR: 无法加载模块:Public

[ 2016-11-20T17:30:55+08:00 ] ::1 /mytest/mingzhi/Public/Home/images/wowowo.jpg
ERR: 无法加载模块:Public

[ 2016-11-20T17:31:02+08:00 ] ::1 /mytest/mingzhi/Public/static/js/jquery-1.10.2.min.map
ERR: 无法加载模块:Public

[ 2016-11-20T17:32:53+08:00 ] ::1 /mytest/mingzhi/Public/Home/images/wowowo.jpg
ERR: 无法加载模块:Public

[ 2016-11-20T17:32:53+08:00 ] ::1 /mytest/mingzhi/Public/static/js/jquery-1.10.2.min.map
ERR: 无法加载模块:Public

[ 2016-11-20T17:32:53+08:00 ] ::1 /mytest/mingzhi/Public/Home/images/wowowo.jpg
ERR: 无法加载模块:Public

[ 2016-11-20T17:33:58+08:00 ] ::1 /mytest/mingzhi/Public/static/js/jquery-1.10.2.min.map
ERR: 无法加载模块:Public

[ 2016-11-20T17:35:35+08:00 ] ::1 /mytest/mingzhi/Public/static/js/jquery-1.10.2.min.map
ERR: 无法加载模块:Public

[ 2016-11-20T17:36:35+08:00 ] ::1 /mytest/mingzhi/Public/static/js/jquery-1.10.2.min.map
ERR: 无法加载模块:Public

[ 2016-11-20T17:36:50+08:00 ] ::1 /mytest/mingzhi/Public/static/js/jquery-1.10.2.min.map
ERR: 无法加载模块:Public

[ 2016-11-20T17:37:17+08:00 ] ::1 /mytest/mingzhi/Public/static/js/jquery-1.10.2.min.map
ERR: 无法加载模块:Public

[ 2016-11-20T19:23:27+08:00 ] ::1 /mytest/mingzhi/Public/static/js/jquery-1.10.2.min.map
ERR: 无法加载模块:Public

[ 2016-11-20T19:24:28+08:00 ] ::1 /mytest/mingzhi/Public/static/js/jquery-1.10.2.min.map
ERR: 无法加载模块:Public

[ 2016-11-20T19:24:41+08:00 ] ::1 /mytest/mingzhi/Public/static/js/jquery-1.10.2.min.map
ERR: 无法加载模块:Public

[ 2016-11-20T19:24:49+08:00 ] ::1 /mytest/mingzhi/Public/Home/images/wowowo.jpg
ERR: 无法加载模块:Public

[ 2016-11-20T19:24:49+08:00 ] ::1 /mytest/mingzhi/Public/static/js/jquery-1.10.2.min.map
ERR: 无法加载模块:Public

[ 2016-11-20T19:24:49+08:00 ] ::1 /mytest/mingzhi/Public/Home/images/wowowo.jpg
ERR: 无法加载模块:Public

[ 2016-11-20T19:25:01+08:00 ] ::1 /mytest/mingzhi/Public/static/js/jquery-1.10.2.min.map
ERR: 无法加载模块:Public

[ 2016-11-20T19:26:08+08:00 ] ::1 /mytest/mingzhi/Public/static/js/jquery-1.10.2.min.map
ERR: 无法加载模块:Public

[ 2016-11-20T19:26:31+08:00 ] ::1 /mytest/mingzhi/Public/static/js/jquery-1.10.2.min.map
ERR: 无法加载模块:Public

[ 2016-11-20T19:28:32+08:00 ] ::1 /mytest/mingzhi/Public/static/js/jquery-1.10.2.min.map
ERR: 无法加载模块:Public

[ 2016-11-20T19:28:45+08:00 ] ::1 /mytest/mingzhi/Public/static/js/jquery-1.10.2.min.map
ERR: 无法加载模块:Public

[ 2016-11-20T19:28:49+08:00 ] ::1 /mytest/mingzhi/Public/Home/images/wowowo.jpg
ERR: 无法加载模块:Public

[ 2016-11-20T19:28:49+08:00 ] ::1 /mytest/mingzhi/Public/static/js/jquery-1.10.2.min.map
ERR: 无法加载模块:Public

[ 2016-11-20T19:28:49+08:00 ] ::1 /mytest/mingzhi/Public/Home/images/wowowo.jpg
ERR: 无法加载模块:Public

[ 2016-11-20T19:30:46+08:00 ] ::1 /mytest/mingzhi/Public/Home/images/wowowo.jpg
ERR: 无法加载模块:Public

[ 2016-11-20T19:30:46+08:00 ] ::1 /mytest/mingzhi/Public/static/js/jquery-1.10.2.min.map
ERR: 无法加载模块:Public

[ 2016-11-20T19:30:46+08:00 ] ::1 /mytest/mingzhi/Public/Home/images/wowowo.jpg
ERR: 无法加载模块:Public

[ 2016-11-20T19:30:48+08:00 ] ::1 /mytest/mingzhi/Public/static/js/jquery-1.10.2.min.map
ERR: 无法加载模块:Public

[ 2016-11-20T19:31:03+08:00 ] ::1 /mytest/mingzhi/Public/static/js/jquery-1.10.2.min.map
ERR: 无法加载模块:Public

[ 2016-11-20T19:32:18+08:00 ] ::1 /mytest/mingzhi/Public/static/js/jquery-1.10.2.min.map
ERR: 无法加载模块:Public

[ 2016-11-20T19:32:40+08:00 ] ::1 /mytest/mingzhi/Public/Home/images/wowowo.jpg
ERR: 无法加载模块:Public

[ 2016-11-20T19:32:40+08:00 ] ::1 /mytest/mingzhi/Public/static/js/jquery-1.10.2.min.map
ERR: 无法加载模块:Public

[ 2016-11-20T19:32:40+08:00 ] ::1 /mytest/mingzhi/Public/Home/images/wowowo.jpg
ERR: 无法加载模块:Public

[ 2016-11-20T19:32:42+08:00 ] ::1 /mytest/mingzhi/Public/static/js/jquery-1.10.2.min.map
ERR: 无法加载模块:Public

[ 2016-11-20T19:32:45+08:00 ] ::1 /mytest/mingzhi/Public/static/js/jquery-1.10.2.min.map
ERR: 无法加载模块:Public

[ 2016-11-20T19:33:10+08:00 ] ::1 /mytest/mingzhi/Public/static/js/jquery-1.10.2.min.map
ERR: 无法加载模块:Public

[ 2016-11-20T19:35:38+08:00 ] ::1 /mytest/mingzhi/Public/static/js/jquery-1.10.2.min.map
ERR: 无法加载模块:Public

[ 2016-11-20T19:36:39+08:00 ] ::1 /mytest/mingzhi/Public/static/js/jquery-1.10.2.min.map
ERR: 无法加载模块:Public

[ 2016-11-20T19:37:33+08:00 ] ::1 /mytest/mingzhi/Public/static/js/jquery-1.10.2.min.map
ERR: 无法加载模块:Public

[ 2016-11-20T19:39:08+08:00 ] ::1 /mytest/mingzhi/Public/static/js/jquery-1.10.2.min.map
ERR: 无法加载模块:Public

[ 2016-11-20T19:40:05+08:00 ] ::1 /mytest/mingzhi/Public/static/js/jquery-1.10.2.min.map
ERR: 无法加载模块:Public

[ 2016-11-20T19:40:44+08:00 ] ::1 /mytest/mingzhi/Public/static/js/jquery-1.10.2.min.map
ERR: 无法加载模块:Public

[ 2016-11-20T19:41:46+08:00 ] ::1 /mytest/mingzhi/Public/static/js/jquery-1.10.2.min.map
ERR: 无法加载模块:Public

[ 2016-11-20T19:42:08+08:00 ] ::1 /mytest/mingzhi/Public/static/js/jquery-1.10.2.min.map
ERR: 无法加载模块:Public

[ 2016-11-20T19:42:40+08:00 ] ::1 /mytest/mingzhi/Public/static/js/jquery-1.10.2.min.map
ERR: 无法加载模块:Public

[ 2016-11-20T19:43:03+08:00 ] ::1 /mytest/mingzhi/Public/static/js/jquery-1.10.2.min.map
ERR: 无法加载模块:Public

[ 2016-11-20T19:44:05+08:00 ] ::1 /mytest/mingzhi/Public/static/js/jquery-1.10.2.min.map
ERR: 无法加载模块:Public

[ 2016-11-20T19:46:13+08:00 ] ::1 /mytest/mingzhi/Public/static/js/jquery-1.10.2.min.map
ERR: 无法加载模块:Public

[ 2016-11-20T19:46:24+08:00 ] ::1 /mytest/mingzhi/Public/static/js/jquery-1.10.2.min.map
ERR: 无法加载模块:Public

[ 2016-11-20T19:58:37+08:00 ] ::1 /mytest/mingzhi/Public/static/js/jquery-1.10.2.min.map
ERR: 无法加载模块:Public

[ 2016-11-20T20:03:01+08:00 ] ::1 /mytest/mingzhi/Public/static/js/jquery-1.10.2.min.map
ERR: 无法加载模块:Public

[ 2016-11-20T20:03:03+08:00 ] ::1 /mytest/mingzhi/Public/Home/images/wowowo.jpg
ERR: 无法加载模块:Public

[ 2016-11-20T20:03:03+08:00 ] ::1 /mytest/mingzhi/Public/static/js/jquery-1.10.2.min.map
ERR: 无法加载模块:Public

[ 2016-11-20T20:03:03+08:00 ] ::1 /mytest/mingzhi/Public/Home/images/wowowo.jpg
ERR: 无法加载模块:Public

[ 2016-11-20T20:13:31+08:00 ] ::1 /mytest/mingzhi/Public/Home/images/wowowo.jpg
ERR: 无法加载模块:Public

[ 2016-11-20T20:13:31+08:00 ] ::1 /mytest/mingzhi/Public/static/js/jquery-1.10.2.min.map
ERR: 无法加载模块:Public

[ 2016-11-20T20:13:31+08:00 ] ::1 /mytest/mingzhi/Public/Home/images/wowowo.jpg
ERR: 无法加载模块:Public

[ 2016-11-20T20:13:34+08:00 ] ::1 /mytest/mingzhi/Public/static/js/jquery-1.10.2.min.map
ERR: 无法加载模块:Public

[ 2016-11-20T20:13:41+08:00 ] ::1 /mytest/mingzhi/Public/static/js/jquery-1.10.2.min.map
ERR: 无法加载模块:Public

[ 2016-11-20T20:13:58+08:00 ] ::1 /mytest/mingzhi/Public/static/js/jquery-1.10.2.min.map
ERR: 无法加载模块:Public

[ 2016-11-20T20:14:02+08:00 ] ::1 /mytest/mingzhi/Public/static/js/jquery-1.10.2.min.map
ERR: 无法加载模块:Public

[ 2016-11-20T20:21:32+08:00 ] ::1 /mytest/mingzhi/Public/static/js/jquery-1.10.2.min.map
ERR: 无法加载模块:Public

[ 2016-11-20T20:39:11+08:00 ] ::1 /mytest/mingzhi/Public/static/js/jquery-1.10.2.min.map
ERR: 无法加载模块:Public

[ 2016-11-20T20:39:53+08:00 ] ::1 /mytest/mingzhi/Public/static/js/jquery-1.10.2.min.map
ERR: 无法加载模块:Public

[ 2016-11-20T20:42:05+08:00 ] ::1 /mytest/mingzhi/Public/static/js/jquery-1.10.2.min.map
ERR: 无法加载模块:Public

[ 2016-11-20T20:42:58+08:00 ] ::1 /mytest/mingzhi/Public/static/js/jquery-1.10.2.min.map
ERR: 无法加载模块:Public

[ 2016-11-20T20:46:03+08:00 ] ::1 /mytest/mingzhi/Public/static/js/jquery-1.10.2.min.map
ERR: 无法加载模块:Public

[ 2016-11-20T20:46:27+08:00 ] ::1 /mytest/mingzhi/Public/static/js/jquery-1.10.2.min.map
ERR: 无法加载模块:Public

[ 2016-11-20T20:48:26+08:00 ] ::1 /mytest/mingzhi/Public/static/js/jquery-1.10.2.min.map
ERR: 无法加载模块:Public

[ 2016-11-20T20:48:48+08:00 ] ::1 /mytest/mingzhi/Public/static/js/jquery-1.10.2.min.map
ERR: 无法加载模块:Public

[ 2016-11-20T20:49:24+08:00 ] ::1 /mytest/mingzhi/Public/static/js/jquery-1.10.2.min.map
ERR: 无法加载模块:Public

[ 2016-11-20T20:49:40+08:00 ] ::1 /mytest/mingzhi/Public/static/js/jquery-1.10.2.min.map
ERR: 无法加载模块:Public

[ 2016-11-20T20:50:16+08:00 ] ::1 /mytest/mingzhi/Public/static/js/jquery-1.10.2.min.map
ERR: 无法加载模块:Public

[ 2016-11-20T20:50:59+08:00 ] ::1 /mytest/mingzhi/Public/static/js/jquery-1.10.2.min.map
ERR: 无法加载模块:Public

[ 2016-11-20T20:55:43+08:00 ] ::1 /mytest/mingzhi/Public/static/js/jquery-1.10.2.min.map
ERR: 无法加载模块:Public

[ 2016-11-20T20:56:03+08:00 ] ::1 /mytest/mingzhi/Public/static/js/jquery-1.10.2.min.map
ERR: 无法加载模块:Public

[ 2016-11-20T20:56:23+08:00 ] ::1 /mytest/mingzhi/Public/static/js/jquery-1.10.2.min.map
ERR: 无法加载模块:Public

[ 2016-11-20T20:57:29+08:00 ] ::1 /mytest/mingzhi/Public/static/js/jquery-1.10.2.min.map
ERR: 无法加载模块:Public

[ 2016-11-20T20:58:09+08:00 ] ::1 /mytest/mingzhi/Public/static/js/jquery-1.10.2.min.map
ERR: 无法加载模块:Public

[ 2016-11-20T20:58:11+08:00 ] ::1 /mytest/mingzhi/Public/static/js/jquery-1.10.2.min.map
ERR: 无法加载模块:Public

[ 2016-11-20T20:58:23+08:00 ] ::1 /mytest/mingzhi/Public/static/js/jquery-1.10.2.min.map
ERR: 无法加载模块:Public

[ 2016-11-20T20:58:43+08:00 ] ::1 /mytest/mingzhi/Public/static/js/jquery-1.10.2.min.map
ERR: 无法加载模块:Public

[ 2016-11-20T20:59:21+08:00 ] ::1 /mytest/mingzhi/Public/static/js/jquery-1.10.2.min.map
ERR: 无法加载模块:Public

[ 2016-11-20T20:59:58+08:00 ] ::1 /mytest/mingzhi/Public/static/js/jquery-1.10.2.min.map
ERR: 无法加载模块:Public

[ 2016-11-20T21:00:18+08:00 ] ::1 /mytest/mingzhi/Public/static/js/jquery-1.10.2.min.map
ERR: 无法加载模块:Public

[ 2016-11-20T21:00:53+08:00 ] ::1 /mytest/mingzhi/Public/static/js/jquery-1.10.2.min.map
ERR: 无法加载模块:Public

[ 2016-11-20T21:01:47+08:00 ] ::1 /mytest/mingzhi/Public/static/js/jquery-1.10.2.min.map
ERR: 无法加载模块:Public

[ 2016-11-20T21:01:52+08:00 ] ::1 /mytest/mingzhi/Public/static/js/jquery-1.10.2.min.map
ERR: 无法加载模块:Public

[ 2016-11-20T21:03:10+08:00 ] ::1 /mytest/mingzhi/Public/static/js/jquery-1.10.2.min.map
ERR: 无法加载模块:Public

[ 2016-11-20T21:03:27+08:00 ] ::1 /mytest/mingzhi/Public/static/js/jquery-1.10.2.min.map
ERR: 无法加载模块:Public

[ 2016-11-20T21:05:53+08:00 ] ::1 /mytest/mingzhi/Public/static/js/jquery-1.10.2.min.map
ERR: 无法加载模块:Public

[ 2016-11-20T21:05:55+08:00 ] ::1 /mytest/mingzhi/Public/static/js/jquery-1.10.2.min.map
ERR: 无法加载模块:Public

[ 2016-11-20T21:06:04+08:00 ] ::1 /mytest/mingzhi/Public/static/js/jquery-1.10.2.min.map
ERR: 无法加载模块:Public

[ 2016-11-20T21:08:38+08:00 ] ::1 /mytest/mingzhi/Public/static/js/jquery-1.10.2.min.map
ERR: 无法加载模块:Public

[ 2016-11-20T21:14:14+08:00 ] ::1 /mytest/mingzhi/Public/static/js/jquery-1.10.2.min.map
ERR: 无法加载模块:Public

[ 2016-11-20T21:17:21+08:00 ] ::1 /mytest/mingzhi/Public/static/js/jquery-1.10.2.min.map
ERR: 无法加载模块:Public

[ 2016-11-20T21:17:24+08:00 ] ::1 /mytest/mingzhi/Public/static/js/jquery-1.10.2.min.map
ERR: 无法加载模块:Public

[ 2016-11-20T21:18:39+08:00 ] ::1 /mytest/mingzhi/Public/static/js/jquery-1.10.2.min.map
ERR: 无法加载模块:Public

[ 2016-11-20T21:19:21+08:00 ] ::1 /mytest/mingzhi/Public/static/js/jquery-1.10.2.min.map
ERR: 无法加载模块:Public

[ 2016-11-20T21:21:31+08:00 ] ::1 /mytest/mingzhi/Public/static/js/jquery-1.10.2.min.map
ERR: 无法加载模块:Public

[ 2016-11-20T21:24:48+08:00 ] ::1 /mytest/mingzhi/Public/static/js/jquery-1.10.2.min.map
ERR: 无法加载模块:Public

[ 2016-11-20T21:24:58+08:00 ] ::1 /mytest/mingzhi/Public/static/js/jquery-1.10.2.min.map
ERR: 无法加载模块:Public

[ 2016-11-20T21:26:24+08:00 ] ::1 /mytest/mingzhi/Public/static/js/jquery-1.10.2.min.map
ERR: 无法加载模块:Public

[ 2016-11-20T21:27:21+08:00 ] ::1 /mytest/mingzhi/Public/static/js/jquery-1.10.2.min.map
ERR: 无法加载模块:Public

[ 2016-11-20T21:28:04+08:00 ] ::1 /mytest/mingzhi/Public/static/js/jquery-1.10.2.min.map
ERR: 无法加载模块:Public

[ 2016-11-20T21:28:27+08:00 ] ::1 /mytest/mingzhi/Public/static/js/jquery-1.10.2.min.map
ERR: 无法加载模块:Public

[ 2016-11-20T21:29:53+08:00 ] ::1 /mytest/mingzhi/Public/static/js/jquery-1.10.2.min.map
ERR: 无法加载模块:Public

[ 2016-11-20T21:29:58+08:00 ] ::1 /mytest/mingzhi/Public/static/js/jquery-1.10.2.min.map
ERR: 无法加载模块:Public

[ 2016-11-20T21:30:35+08:00 ] ::1 /mytest/mingzhi/Public/static/js/jquery-1.10.2.min.map
ERR: 无法加载模块:Public

[ 2016-11-20T21:36:07+08:00 ] ::1 /mytest/mingzhi/Public/static/js/jquery-1.10.2.min.map
ERR: 无法加载模块:Public

[ 2016-11-20T21:45:30+08:00 ] ::1 /mytest/mingzhi/Public/static/js/jquery-1.10.2.min.map
ERR: 无法加载模块:Public

[ 2016-11-20T21:45:40+08:00 ] ::1 /mytest/mingzhi/Public/static/js/jquery-1.10.2.min.map
ERR: 无法加载模块:Public

[ 2016-11-20T22:04:24+08:00 ] ::1 /mytest/mingzhi/Public/static/js/jquery-1.10.2.min.map
ERR: 无法加载模块:Public

[ 2016-11-20T22:04:30+08:00 ] ::1 /mytest/mingzhi/Public/static/js/jquery-1.10.2.min.map
ERR: 无法加载模块:Public

[ 2016-11-20T22:05:32+08:00 ] ::1 /mytest/mingzhi/Public/Home/images/wowowo.jpg
ERR: 无法加载模块:Public

[ 2016-11-20T22:05:32+08:00 ] ::1 /mytest/mingzhi/Public/static/js/jquery-1.10.2.min.map
ERR: 无法加载模块:Public

[ 2016-11-20T22:05:32+08:00 ] ::1 /mytest/mingzhi/Public/Home/images/wowowo.jpg
ERR: 无法加载模块:Public

[ 2016-11-20T22:05:36+08:00 ] ::1 /mytest/mingzhi/Public/static/js/jquery-1.10.2.min.map
ERR: 无法加载模块:Public

[ 2016-11-20T22:05:46+08:00 ] ::1 /mytest/mingzhi/Public/static/js/jquery-1.10.2.min.map
ERR: 无法加载模块:Public

[ 2016-11-20T22:07:00+08:00 ] ::1 /mytest/mingzhi/Public/Home/images/wowowo.jpg
ERR: 无法加载模块:Public

[ 2016-11-20T22:07:00+08:00 ] ::1 /mytest/mingzhi/Public/static/js/jquery-1.10.2.min.map
ERR: 无法加载模块:Public

[ 2016-11-20T22:07:00+08:00 ] ::1 /mytest/mingzhi/Public/Home/images/wowowo.jpg
ERR: 无法加载模块:Public

[ 2016-11-20T22:07:34+08:00 ] ::1 /mytest/mingzhi/Public/Home/images/wowowo.jpg
ERR: 无法加载模块:Public

[ 2016-11-20T22:07:35+08:00 ] ::1 /mytest/mingzhi/Public/static/js/jquery-1.10.2.min.map
ERR: 无法加载模块:Public

[ 2016-11-20T22:07:35+08:00 ] ::1 /mytest/mingzhi/Public/Home/images/wowowo.jpg
ERR: 无法加载模块:Public

[ 2016-11-20T22:07:41+08:00 ] ::1 /mytest/mingzhi/Public/static/js/jquery-1.10.2.min.map
ERR: 无法加载模块:Public

[ 2016-11-20T22:08:47+08:00 ] ::1 /mytest/mingzhi/Public/Home/images/wowowo.jpg
ERR: 无法加载模块:Public

[ 2016-11-20T22:08:47+08:00 ] ::1 /mytest/mingzhi/Public/static/js/jquery-1.10.2.min.map
ERR: 无法加载模块:Public

[ 2016-11-20T22:08:47+08:00 ] ::1 /mytest/mingzhi/Public/Home/images/wowowo.jpg
ERR: 无法加载模块:Public

[ 2016-11-20T22:11:51+08:00 ] ::1 /mytest/mingzhi/Public/Home/images/wowowo.jpg
ERR: 无法加载模块:Public

[ 2016-11-20T22:11:51+08:00 ] ::1 /mytest/mingzhi/Public/static/js/jquery-1.10.2.min.map
ERR: 无法加载模块:Public

[ 2016-11-20T22:11:51+08:00 ] ::1 /mytest/mingzhi/Public/Home/images/wowowo.jpg
ERR: 无法加载模块:Public

[ 2016-11-20T22:12:39+08:00 ] ::1 /mytest/mingzhi/Public/Home/images/wowowo.jpg
ERR: 无法加载模块:Public

[ 2016-11-20T22:12:39+08:00 ] ::1 /mytest/mingzhi/Public/static/js/jquery-1.10.2.min.map
ERR: 无法加载模块:Public

[ 2016-11-20T22:12:39+08:00 ] ::1 /mytest/mingzhi/Public/Home/images/wowowo.jpg
ERR: 无法加载模块:Public

[ 2016-11-20T22:17:12+08:00 ] ::1 /mytest/mingzhi/Public/Home/images/wowowo.jpg
ERR: 无法加载模块:Public

[ 2016-11-20T22:17:12+08:00 ] ::1 /mytest/mingzhi/Public/static/js/jquery-1.10.2.min.map
ERR: 无法加载模块:Public

[ 2016-11-20T22:17:12+08:00 ] ::1 /mytest/mingzhi/Public/Home/images/wowowo.jpg
ERR: 无法加载模块:Public

[ 2016-11-20T22:17:17+08:00 ] ::1 /mytest/mingzhi/Public/static/js/jquery-1.10.2.min.map
ERR: 无法加载模块:Public

[ 2016-11-20T22:17:23+08:00 ] ::1 /mytest/mingzhi/Public/Home/images/wowowo.jpg
ERR: 无法加载模块:Public

[ 2016-11-20T22:17:36+08:00 ] ::1 /mytest/mingzhi/Public/Home/images/wowowo.jpg
ERR: 无法加载模块:Public

[ 2016-11-20T22:17:36+08:00 ] ::1 /mytest/mingzhi/Public/Home/images/wowowo.jpg
ERR: 无法加载模块:Public

[ 2016-11-20T22:17:50+08:00 ] ::1 /mytest/mingzhi/Public/Home/images/wowowo.jpg
ERR: 无法加载模块:Public

[ 2016-11-20T22:17:50+08:00 ] ::1 /mytest/mingzhi/Public/Home/images/wowowo.jpg
ERR: 无法加载模块:Public

[ 2016-11-20T22:18:13+08:00 ] ::1 /mytest/mingzhi/Public/Home/images/wowowo.jpg
ERR: 无法加载模块:Public

[ 2016-11-20T22:18:13+08:00 ] ::1 /mytest/mingzhi/Public/Home/images/wowowo.jpg
ERR: 无法加载模块:Public

[ 2016-11-20T22:18:25+08:00 ] ::1 /mytest/mingzhi/Public/Home/images/wowowo.jpg
ERR: 无法加载模块:Public

[ 2016-11-20T22:18:25+08:00 ] ::1 /mytest/mingzhi/Public/Home/images/wowowo.jpg
ERR: 无法加载模块:Public

[ 2016-11-20T22:18:36+08:00 ] ::1 /mytest/mingzhi/Public/Home/images/wowowo.jpg
ERR: 无法加载模块:Public

[ 2016-11-20T22:18:36+08:00 ] ::1 /mytest/mingzhi/Public/Home/images/wowowo.jpg
ERR: 无法加载模块:Public

[ 2016-11-20T22:18:46+08:00 ] ::1 /mytest/mingzhi/Public/Home/images/wowowo.jpg
ERR: 无法加载模块:Public

[ 2016-11-20T22:18:46+08:00 ] ::1 /mytest/mingzhi/Public/Home/images/wowowo.jpg
ERR: 无法加载模块:Public

[ 2016-11-20T22:19:13+08:00 ] ::1 /mytest/mingzhi/Public/Home/images/wowowo.jpg
ERR: 无法加载模块:Public

[ 2016-11-20T22:19:13+08:00 ] ::1 /mytest/mingzhi/Public/Home/images/wowowo.jpg
ERR: 无法加载模块:Public

[ 2016-11-20T22:19:34+08:00 ] ::1 /mytest/mingzhi/Public/Home/images/wowowo.jpg
ERR: 无法加载模块:Public

[ 2016-11-20T22:19:34+08:00 ] ::1 /mytest/mingzhi/Public/Home/images/wowowo.jpg
ERR: 无法加载模块:Public

[ 2016-11-20T22:19:38+08:00 ] ::1 /mytest/mingzhi/Public/Home/images/wowowo.jpg
ERR: 无法加载模块:Public

[ 2016-11-20T22:19:39+08:00 ] ::1 /mytest/mingzhi/Public/Home/images/wowowo.jpg
ERR: 无法加载模块:Public

[ 2016-11-20T22:19:53+08:00 ] ::1 /mytest/mingzhi/Public/Home/images/wowowo.jpg
ERR: 无法加载模块:Public

[ 2016-11-20T22:19:53+08:00 ] ::1 /mytest/mingzhi/Public/Home/images/wowowo.jpg
ERR: 无法加载模块:Public

[ 2016-11-20T22:20:01+08:00 ] ::1 /mytest/mingzhi/Public/Home/images/wowowo.jpg
ERR: 无法加载模块:Public

[ 2016-11-20T22:21:16+08:00 ] ::1 /mytest/mingzhi/Public/Home/images/wowowo.jpg
ERR: 无法加载模块:Public

[ 2016-11-20T22:22:28+08:00 ] ::1 /mytest/mingzhi/Public/Home/images/wowowo.jpg
ERR: 无法加载模块:Public

[ 2016-11-20T22:22:28+08:00 ] ::1 /mytest/mingzhi/Public/Home/images/wowowo.jpg
ERR: 无法加载模块:Public

[ 2016-11-20T22:22:52+08:00 ] ::1 /mytest/mingzhi/Public/Home/images/wowowo.jpg
ERR: 无法加载模块:Public

[ 2016-11-20T22:22:52+08:00 ] ::1 /mytest/mingzhi/Public/Home/images/wowowo.jpg
ERR: 无法加载模块:Public

[ 2016-11-20T22:23:05+08:00 ] ::1 /mytest/mingzhi/Public/Home/images/wowowo.jpg
ERR: 无法加载模块:Public

[ 2016-11-20T22:23:05+08:00 ] ::1 /mytest/mingzhi/Public/Home/images/wowowo.jpg
ERR: 无法加载模块:Public

[ 2016-11-20T22:23:12+08:00 ] ::1 /mytest/mingzhi/Public/Home/images/wowowo.jpg
ERR: 无法加载模块:Public

[ 2016-11-20T22:23:40+08:00 ] ::1 /mytest/mingzhi/Public/Home/images/wowowo.jpg
ERR: 无法加载模块:Public

[ 2016-11-20T22:23:40+08:00 ] ::1 /mytest/mingzhi/Public/Home/images/wowowo.jpg
ERR: 无法加载模块:Public

[ 2016-11-20T22:23:42+08:00 ] ::1 /mytest/mingzhi/Public/Home/images/wowowo.jpg
ERR: 无法加载模块:Public

[ 2016-11-20T22:23:42+08:00 ] ::1 /mytest/mingzhi/Public/Home/images/wowowo.jpg
ERR: 无法加载模块:Public

[ 2016-11-20T22:23:46+08:00 ] ::1 /mytest/mingzhi/Public/Home/images/wowowo.jpg
ERR: 无法加载模块:Public

[ 2016-11-20T22:23:46+08:00 ] ::1 /mytest/mingzhi/Public/Home/images/wowowo.jpg
ERR: 无法加载模块:Public

[ 2016-11-20T22:24:01+08:00 ] ::1 /mytest/mingzhi/Public/Home/images/wowowo.jpg
ERR: 无法加载模块:Public

[ 2016-11-20T22:24:07+08:00 ] ::1 /mytest/mingzhi/Public/Home/images/wowowo.jpg
ERR: 无法加载模块:Public

[ 2016-11-20T22:24:52+08:00 ] ::1 /mytest/mingzhi/Public/Home/images/wowowo.jpg
ERR: 无法加载模块:Public

[ 2016-11-20T22:24:56+08:00 ] ::1 /mytest/mingzhi/Public/Home/images/wowowo.jpg
ERR: 无法加载模块:Public

[ 2016-11-20T22:25:19+08:00 ] ::1 /mytest/mingzhi/Public/Home/images/wowowo.jpg
ERR: 无法加载模块:Public

[ 2016-11-20T22:25:19+08:00 ] ::1 /mytest/mingzhi/Public/Home/images/wowowo.jpg
ERR: 无法加载模块:Public

[ 2016-11-20T22:25:25+08:00 ] ::1 /mytest/mingzhi/Public/Home/images/wowowo.jpg
ERR: 无法加载模块:Public

[ 2016-11-20T22:25:25+08:00 ] ::1 /mytest/mingzhi/Public/Home/images/wowowo.jpg
ERR: 无法加载模块:Public

[ 2016-11-20T22:25:31+08:00 ] ::1 /mytest/mingzhi/Public/Home/images/wowowo.jpg
ERR: 无法加载模块:Public

[ 2016-11-20T22:25:31+08:00 ] ::1 /mytest/mingzhi/Public/Home/images/wowowo.jpg
ERR: 无法加载模块:Public

[ 2016-11-20T22:25:58+08:00 ] ::1 /mytest/mingzhi/Public/Home/images/wowowo.jpg
ERR: 无法加载模块:Public

[ 2016-11-20T22:25:59+08:00 ] ::1 /mytest/mingzhi/Public/Home/images/wowowo.jpg
ERR: 无法加载模块:Public

[ 2016-11-20T22:26:50+08:00 ] ::1 /mytest/mingzhi/Public/Home/images/wowowo.jpg
ERR: 无法加载模块:Public

[ 2016-11-20T22:26:51+08:00 ] ::1 /mytest/mingzhi/Public/Home/images/wowowo.jpg
ERR: 无法加载模块:Public

[ 2016-11-20T22:27:46+08:00 ] ::1 /mytest/mingzhi/Public/Home/images/wowowo.jpg
ERR: 无法加载模块:Public

[ 2016-11-20T22:27:46+08:00 ] ::1 /mytest/mingzhi/Public/Home/images/wowowo.jpg
ERR: 无法加载模块:Public

[ 2016-11-20T22:27:48+08:00 ] ::1 /mytest/mingzhi/Public/Home/images/wowowo.jpg
ERR: 无法加载模块:Public

[ 2016-11-20T22:27:48+08:00 ] ::1 /mytest/mingzhi/Public/Home/images/wowowo.jpg
ERR: 无法加载模块:Public

[ 2016-11-20T22:28:13+08:00 ] ::1 /mytest/mingzhi/Public/Home/images/wowowo.jpg
ERR: 无法加载模块:Public

[ 2016-11-20T22:28:13+08:00 ] ::1 /mytest/mingzhi/Public/Home/images/wowowo.jpg
ERR: 无法加载模块:Public

[ 2016-11-20T22:28:49+08:00 ] ::1 /mytest/mingzhi/Public/Home/images/wowowo.jpg
ERR: 无法加载模块:Public

[ 2016-11-20T22:28:57+08:00 ] ::1 /mytest/mingzhi/Public/Home/images/wowowo.jpg
ERR: 无法加载模块:Public

[ 2016-11-20T22:28:57+08:00 ] ::1 /mytest/mingzhi/Public/Home/images/wowowo.jpg
ERR: 无法加载模块:Public

[ 2016-11-20T22:29:10+08:00 ] ::1 /mytest/mingzhi/Public/Home/images/wowowo.jpg
ERR: 无法加载模块:Public

[ 2016-11-20T22:29:14+08:00 ] ::1 /mytest/mingzhi/Public/Home/images/wowowo.jpg
ERR: 无法加载模块:Public

[ 2016-11-20T22:29:14+08:00 ] ::1 /mytest/mingzhi/Public/Home/images/wowowo.jpg
ERR: 无法加载模块:Public

[ 2016-11-20T22:30:38+08:00 ] ::1 /mytest/mingzhi/Public/Home/images/wowowo.jpg
ERR: 无法加载模块:Public

[ 2016-11-20T22:30:38+08:00 ] ::1 /mytest/mingzhi/Public/Home/images/wowowo.jpg
ERR: 无法加载模块:Public

[ 2016-11-20T22:30:43+08:00 ] ::1 /mytest/mingzhi/Public/Home/images/wowowo.jpg
ERR: 无法加载模块:Public

[ 2016-11-20T22:30:43+08:00 ] ::1 /mytest/mingzhi/Public/Home/images/wowowo.jpg
ERR: 无法加载模块:Public

[ 2016-11-20T22:30:50+08:00 ] ::1 /mytest/mingzhi/Public/Home/images/wowowo.jpg
ERR: 无法加载模块:Public

[ 2016-11-20T22:30:51+08:00 ] ::1 /mytest/mingzhi/Public/Home/images/wowowo.jpg
ERR: 无法加载模块:Public

[ 2016-11-20T22:31:21+08:00 ] ::1 /mytest/mingzhi/Public/Home/images/wowowo.jpg
ERR: 无法加载模块:Public

[ 2016-11-20T22:31:21+08:00 ] ::1 /mytest/mingzhi/Public/Home/images/wowowo.jpg
ERR: 无法加载模块:Public

[ 2016-11-20T22:31:30+08:00 ] ::1 /mytest/mingzhi/Public/Home/images/wowowo.jpg
ERR: 无法加载模块:Public

[ 2016-11-20T22:31:51+08:00 ] ::1 /mytest/mingzhi/Public/Home/images/wowowo.jpg
ERR: 无法加载模块:Public

[ 2016-11-20T22:31:51+08:00 ] ::1 /mytest/mingzhi/Public/Home/images/wowowo.jpg
ERR: 无法加载模块:Public

[ 2016-11-20T22:33:25+08:00 ] ::1 /mytest/mingzhi/Public/Home/images/wowowo.jpg
ERR: 无法加载模块:Public

[ 2016-11-20T22:34:27+08:00 ] ::1 /mytest/mingzhi/Public/Home/images/wowowo.jpg
ERR: 无法加载模块:Public

[ 2016-11-20T22:39:33+08:00 ] ::1 /mytest/mingzhi/Public/Home/images/wowowo.jpg
ERR: 无法加载模块:Public

[ 2016-11-20T22:40:23+08:00 ] ::1 /mytest/mingzhi/Public/Home/images/wowowo.jpg
ERR: 无法加载模块:Public

[ 2016-11-20T22:40:23+08:00 ] ::1 /mytest/mingzhi/Public/Home/images/wowowo.jpg
ERR: 无法加载模块:Public

[ 2016-11-20T22:51:32+08:00 ] ::1 /mytest/mingzhi/Public/Home/images/wowowo.jpg
ERR: 无法加载模块:Public

[ 2016-11-20T22:51:50+08:00 ] ::1 /mytest/mingzhi/Public/Home/images/wowowo.jpg
ERR: 无法加载模块:Public

[ 2016-11-20T22:51:51+08:00 ] ::1 /mytest/mingzhi/Public/Home/images/wowowo.jpg
ERR: 无法加载模块:Public

[ 2016-11-20T22:53:24+08:00 ] ::1 /mytest/mingzhi/Public/Home/images/wowowo.jpg
ERR: 无法加载模块:Public

[ 2016-11-20T22:54:59+08:00 ] ::1 /mytest/mingzhi/Public/Home/images/wowowo.jpg
ERR: 无法加载模块:Public

[ 2016-11-20T22:56:10+08:00 ] ::1 /mytest/mingzhi/Public/Home/images/wowowo.jpg
ERR: 无法加载模块:Public

[ 2016-11-20T22:56:10+08:00 ] ::1 /mytest/mingzhi/Public/Home/images/wowowo.jpg
ERR: 无法加载模块:Public

[ 2016-11-20T22:56:22+08:00 ] ::1 /mytest/mingzhi/Public/Home/images/wowowo.jpg
ERR: 无法加载模块:Public

[ 2016-11-20T22:57:44+08:00 ] ::1 /mytest/mingzhi/Public/Home/images/wowowo.jpg
ERR: 无法加载模块:Public

[ 2016-11-20T22:59:22+08:00 ] ::1 /mytest/mingzhi/Public/Home/images/wowowo.jpg
ERR: 无法加载模块:Public

[ 2016-11-20T22:59:22+08:00 ] ::1 /mytest/mingzhi/Public/Home/images/wowowo.jpg
ERR: 无法加载模块:Public

[ 2016-11-20T22:59:53+08:00 ] ::1 /mytest/mingzhi/Public/Home/images/wowowo.jpg
ERR: 无法加载模块:Public

[ 2016-11-20T22:59:53+08:00 ] ::1 /mytest/mingzhi/Public/Home/images/wowowo.jpg
ERR: 无法加载模块:Public

[ 2016-11-20T23:00:12+08:00 ] ::1 /mytest/mingzhi/Public/Home/images/wowowo.jpg
ERR: 无法加载模块:Public

[ 2016-11-20T23:00:12+08:00 ] ::1 /mytest/mingzhi/Public/Home/images/wowowo.jpg
ERR: 无法加载模块:Public

[ 2016-11-20T23:01:02+08:00 ] ::1 /mytest/mingzhi/Public/Home/images/wowowo.jpg
ERR: 无法加载模块:Public

[ 2016-11-20T23:01:58+08:00 ] ::1 /mytest/mingzhi/Public/Home/images/wowowo.jpg
ERR: 无法加载模块:Public

[ 2016-11-20T23:01:58+08:00 ] ::1 /mytest/mingzhi/Public/Home/images/wowowo.jpg
ERR: 无法加载模块:Public

[ 2016-11-20T23:02:13+08:00 ] ::1 /mytest/mingzhi/Public/Home/images/wowowo.jpg
ERR: 无法加载模块:Public

[ 2016-11-20T23:02:14+08:00 ] ::1 /mytest/mingzhi/Public/Home/images/wowowo.jpg
ERR: 无法加载模块:Public

