[ 2016-11-26T09:27:33+08:00 ] ::1 /mytest/mingzhi/Public/static/js/jquery-1.10.2.min.map
ERR: 无法加载模块:Public

[ 2016-11-26T09:30:06+08:00 ] ::1 /mytest/mingzhi/Public/static/js/jquery-1.10.2.min.map
ERR: 无法加载模块:Public

[ 2016-11-26T09:30:37+08:00 ] ::1 /mytest/mingzhi/Public/Home/images/wowowo.jpg
ERR: 无法加载模块:Public

[ 2016-11-26T09:30:38+08:00 ] ::1 /mytest/mingzhi/Public/static/js/jquery-1.10.2.min.map
ERR: 无法加载模块:Public

[ 2016-11-26T09:30:38+08:00 ] ::1 /mytest/mingzhi/Public/Home/images/wowowo.jpg
ERR: 无法加载模块:Public

[ 2016-11-26T09:32:12+08:00 ] ::1 /mytest/mingzhi/Public/Home/images/wowowo.jpg
ERR: 无法加载模块:Public

[ 2016-11-26T09:32:13+08:00 ] ::1 /mytest/mingzhi/Public/static/js/jquery-1.10.2.min.map
ERR: 无法加载模块:Public

[ 2016-11-26T09:32:13+08:00 ] ::1 /mytest/mingzhi/Public/Home/images/wowowo.jpg
ERR: 无法加载模块:Public

[ 2016-11-26T09:33:33+08:00 ] ::1 /mytest/mingzhi/Public/Home/images/wowowo.jpg
ERR: 无法加载模块:Public

[ 2016-11-26T09:33:33+08:00 ] ::1 /mytest/mingzhi/Public/static/js/jquery-1.10.2.min.map
ERR: 无法加载模块:Public

[ 2016-11-26T09:33:33+08:00 ] ::1 /mytest/mingzhi/Public/Home/images/wowowo.jpg
ERR: 无法加载模块:Public

[ 2016-11-26T09:33:45+08:00 ] ::1 /mytest/mingzhi/Public/static/js/jquery-1.10.2.min.map
ERR: 无法加载模块:Public

[ 2016-11-26T09:33:52+08:00 ] ::1 /mytest/mingzhi/Public/static/js/jquery-1.10.2.min.map
ERR: 无法加载模块:Public

[ 2016-11-26T09:33:55+08:00 ] ::1 /mytest/mingzhi/Public/static/js/jquery-1.10.2.min.map
ERR: 无法加载模块:Public

[ 2016-11-26T09:33:57+08:00 ] ::1 /mytest/mingzhi/Public/Home/images/wowowo.jpg
ERR: 无法加载模块:Public

[ 2016-11-26T09:33:58+08:00 ] ::1 /mytest/mingzhi/Public/static/js/jquery-1.10.2.min.map
ERR: 无法加载模块:Public

[ 2016-11-26T09:33:58+08:00 ] ::1 /mytest/mingzhi/Public/Home/images/wowowo.jpg
ERR: 无法加载模块:Public

[ 2016-11-26T09:38:40+08:00 ] ::1 /mytest/mingzhi/Public/Home/images/wowowo.jpg
ERR: 无法加载模块:Public

[ 2016-11-26T09:38:40+08:00 ] ::1 /mytest/mingzhi/Public/static/js/jquery-1.10.2.min.map
ERR: 无法加载模块:Public

[ 2016-11-26T09:38:40+08:00 ] ::1 /mytest/mingzhi/Public/Home/images/wowowo.jpg
ERR: 无法加载模块:Public

[ 2016-11-26T09:39:25+08:00 ] ::1 /mytest/mingzhi/Public/static/js/jquery-1.10.2.min.map
ERR: 无法加载模块:Public

[ 2016-11-26T09:39:31+08:00 ] ::1 /mytest/mingzhi/Public/Home/images/wowowo.jpg
ERR: 无法加载模块:Public

[ 2016-11-26T09:40:00+08:00 ] ::1 /mytest/mingzhi/Public/Home/images/wowowo.jpg
ERR: 无法加载模块:Public

[ 2016-11-26T09:40:01+08:00 ] ::1 /mytest/mingzhi/Public/static/js/jquery-1.10.2.min.map
ERR: 无法加载模块:Public

[ 2016-11-26T09:40:01+08:00 ] ::1 /mytest/mingzhi/Public/Home/images/wowowo.jpg
ERR: 无法加载模块:Public

[ 2016-11-26T09:40:16+08:00 ] ::1 /mytest/mingzhi/Public/static/js/jquery-1.10.2.min.map
ERR: 无法加载模块:Public

[ 2016-11-26T09:40:19+08:00 ] ::1 /mytest/mingzhi/Public/Home/images/wowowo.jpg
ERR: 无法加载模块:Public

[ 2016-11-26T09:41:02+08:00 ] ::1 /mytest/mingzhi/Public/Home/images/wowowo.jpg
ERR: 无法加载模块:Public

[ 2016-11-26T09:41:02+08:00 ] ::1 /mytest/mingzhi/Public/static/js/jquery-1.10.2.min.map
ERR: 无法加载模块:Public

[ 2016-11-26T09:41:02+08:00 ] ::1 /mytest/mingzhi/Public/Home/images/wowowo.jpg
ERR: 无法加载模块:Public

[ 2016-11-26T09:41:23+08:00 ] ::1 /mytest/mingzhi/Public/Home/images/wowowo.jpg
ERR: 无法加载模块:Public

[ 2016-11-26T09:41:24+08:00 ] ::1 /mytest/mingzhi/Public/static/js/jquery-1.10.2.min.map
ERR: 无法加载模块:Public

[ 2016-11-26T09:41:24+08:00 ] ::1 /mytest/mingzhi/Public/Home/images/wowowo.jpg
ERR: 无法加载模块:Public

[ 2016-11-26T09:41:42+08:00 ] ::1 /mytest/mingzhi/Public/Home/images/wowowo.jpg
ERR: 无法加载模块:Public

[ 2016-11-26T09:41:43+08:00 ] ::1 /mytest/mingzhi/Public/static/js/jquery-1.10.2.min.map
ERR: 无法加载模块:Public

[ 2016-11-26T09:41:43+08:00 ] ::1 /mytest/mingzhi/Public/Home/images/wowowo.jpg
ERR: 无法加载模块:Public

[ 2016-11-26T09:42:03+08:00 ] ::1 /mytest/mingzhi/Public/Home/images/wowowo.jpg
ERR: 无法加载模块:Public

[ 2016-11-26T09:42:03+08:00 ] ::1 /mytest/mingzhi/Public/static/js/jquery-1.10.2.min.map
ERR: 无法加载模块:Public

[ 2016-11-26T09:42:03+08:00 ] ::1 /mytest/mingzhi/Public/Home/images/wowowo.jpg
ERR: 无法加载模块:Public

[ 2016-11-26T09:42:27+08:00 ] ::1 /mytest/mingzhi/Public/Home/images/wowowo.jpg
ERR: 无法加载模块:Public

[ 2016-11-26T09:42:28+08:00 ] ::1 /mytest/mingzhi/Public/static/js/jquery-1.10.2.min.map
ERR: 无法加载模块:Public

[ 2016-11-26T09:42:28+08:00 ] ::1 /mytest/mingzhi/Public/Home/images/wowowo.jpg
ERR: 无法加载模块:Public

[ 2016-11-26T09:42:50+08:00 ] ::1 /mytest/mingzhi/Public/Home/images/wowowo.jpg
ERR: 无法加载模块:Public

[ 2016-11-26T09:42:51+08:00 ] ::1 /mytest/mingzhi/Public/static/js/jquery-1.10.2.min.map
ERR: 无法加载模块:Public

[ 2016-11-26T09:42:51+08:00 ] ::1 /mytest/mingzhi/Public/Home/images/wowowo.jpg
ERR: 无法加载模块:Public

[ 2016-11-26T09:44:27+08:00 ] ::1 /mytest/mingzhi/Public/Home/images/wowowo.jpg
ERR: 无法加载模块:Public

[ 2016-11-26T09:44:27+08:00 ] ::1 /mytest/mingzhi/Public/static/js/jquery-1.10.2.min.map
ERR: 无法加载模块:Public

[ 2016-11-26T09:44:27+08:00 ] ::1 /mytest/mingzhi/Public/Home/images/wowowo.jpg
ERR: 无法加载模块:Public

[ 2016-11-26T09:44:31+08:00 ] ::1 /mytest/mingzhi/Public/static/js/jquery-1.10.2.min.map
ERR: 无法加载模块:Public

[ 2016-11-26T09:45:21+08:00 ] ::1 /mytest/mingzhi/Public/Home/images/wowowo.jpg
ERR: 无法加载模块:Public

[ 2016-11-26T09:45:22+08:00 ] ::1 /mytest/mingzhi/Public/static/js/jquery-1.10.2.min.map
ERR: 无法加载模块:Public

[ 2016-11-26T09:45:22+08:00 ] ::1 /mytest/mingzhi/Public/Home/images/wowowo.jpg
ERR: 无法加载模块:Public

[ 2016-11-26T09:46:02+08:00 ] ::1 /mytest/mingzhi/Public/static/js/jquery-1.10.2.min.map
ERR: 无法加载模块:Public

[ 2016-11-26T09:46:11+08:00 ] ::1 /mytest/mingzhi/Public/Home/images/wowowo.jpg
ERR: 无法加载模块:Public

[ 2016-11-26T09:46:12+08:00 ] ::1 /mytest/mingzhi/Public/static/js/jquery-1.10.2.min.map
ERR: 无法加载模块:Public

[ 2016-11-26T09:46:12+08:00 ] ::1 /mytest/mingzhi/Public/Home/images/wowowo.jpg
ERR: 无法加载模块:Public

[ 2016-11-26T09:46:33+08:00 ] ::1 /mytest/mingzhi/Public/static/js/jquery-1.10.2.min.map
ERR: 无法加载模块:Public

[ 2016-11-26T09:47:19+08:00 ] ::1 /mytest/mingzhi/Public/static/js/jquery-1.10.2.min.map
ERR: 无法加载模块:Public

[ 2016-11-26T09:47:20+08:00 ] ::1 /mytest/mingzhi/Public/Home/images/wowowo.jpg
ERR: 无法加载模块:Public

[ 2016-11-26T09:47:20+08:00 ] ::1 /mytest/mingzhi/Public/static/js/jquery-1.10.2.min.map
ERR: 无法加载模块:Public

[ 2016-11-26T09:47:20+08:00 ] ::1 /mytest/mingzhi/Public/Home/images/wowowo.jpg
ERR: 无法加载模块:Public

[ 2016-11-26T09:49:22+08:00 ] ::1 /mytest/mingzhi/Public/Home/images/wowowo.jpg
ERR: 无法加载模块:Public

[ 2016-11-26T09:49:23+08:00 ] ::1 /mytest/mingzhi/Public/static/js/jquery-1.10.2.min.map
ERR: 无法加载模块:Public

[ 2016-11-26T09:49:23+08:00 ] ::1 /mytest/mingzhi/Public/Home/images/wowowo.jpg
ERR: 无法加载模块:Public

[ 2016-11-26T09:49:52+08:00 ] ::1 /mytest/mingzhi/Public/static/js/jquery-1.10.2.min.map
ERR: 无法加载模块:Public

[ 2016-11-26T09:49:58+08:00 ] ::1 /mytest/mingzhi/Public/Home/images/wowowo.jpg
ERR: 无法加载模块:Public

[ 2016-11-26T09:49:58+08:00 ] ::1 /mytest/mingzhi/Public/static/js/jquery-1.10.2.min.map
ERR: 无法加载模块:Public

[ 2016-11-26T09:49:58+08:00 ] ::1 /mytest/mingzhi/Public/Home/images/wowowo.jpg
ERR: 无法加载模块:Public

[ 2016-11-26T09:50:19+08:00 ] ::1 /mytest/mingzhi/Public/static/js/jquery-1.10.2.min.map
ERR: 无法加载模块:Public

[ 2016-11-26T09:50:32+08:00 ] ::1 /mytest/mingzhi/Public/static/js/jquery-1.10.2.min.map
ERR: 无法加载模块:Public

[ 2016-11-26T09:50:42+08:00 ] ::1 /mytest/mingzhi/Public/Home/images/wowowo.jpg
ERR: 无法加载模块:Public

[ 2016-11-26T09:50:42+08:00 ] ::1 /mytest/mingzhi/Public/static/js/jquery-1.10.2.min.map
ERR: 无法加载模块:Public

[ 2016-11-26T09:50:42+08:00 ] ::1 /mytest/mingzhi/Public/Home/images/wowowo.jpg
ERR: 无法加载模块:Public

[ 2016-11-26T09:51:13+08:00 ] ::1 /mytest/mingzhi/Public/Home/images/wowowo.jpg
ERR: 无法加载模块:Public

[ 2016-11-26T09:51:13+08:00 ] ::1 /mytest/mingzhi/Public/static/js/jquery-1.10.2.min.map
ERR: 无法加载模块:Public

[ 2016-11-26T09:51:13+08:00 ] ::1 /mytest/mingzhi/Public/Home/images/wowowo.jpg
ERR: 无法加载模块:Public

[ 2016-11-26T09:51:54+08:00 ] ::1 /mytest/mingzhi/Public/Home/images/wowowo.jpg
ERR: 无法加载模块:Public

[ 2016-11-26T09:51:55+08:00 ] ::1 /mytest/mingzhi/Public/static/js/jquery-1.10.2.min.map
ERR: 无法加载模块:Public

[ 2016-11-26T09:51:55+08:00 ] ::1 /mytest/mingzhi/Public/Home/images/wowowo.jpg
ERR: 无法加载模块:Public

[ 2016-11-26T09:52:23+08:00 ] ::1 /mytest/mingzhi/Public/Home/images/wowowo.jpg
ERR: 无法加载模块:Public

[ 2016-11-26T09:52:23+08:00 ] ::1 /mytest/mingzhi/Public/static/js/jquery-1.10.2.min.map
ERR: 无法加载模块:Public

[ 2016-11-26T09:52:23+08:00 ] ::1 /mytest/mingzhi/Public/Home/images/wowowo.jpg
ERR: 无法加载模块:Public

[ 2016-11-26T09:53:16+08:00 ] ::1 /mytest/mingzhi/Public/Home/images/wowowo.jpg
ERR: 无法加载模块:Public

[ 2016-11-26T09:53:17+08:00 ] ::1 /mytest/mingzhi/Public/static/js/jquery-1.10.2.min.map
ERR: 无法加载模块:Public

[ 2016-11-26T09:53:17+08:00 ] ::1 /mytest/mingzhi/Public/Home/images/wowowo.jpg
ERR: 无法加载模块:Public

[ 2016-11-26T09:53:30+08:00 ] ::1 /mytest/mingzhi/Public/Home/images/wowowo.jpg
ERR: 无法加载模块:Public

[ 2016-11-26T09:53:31+08:00 ] ::1 /mytest/mingzhi/Public/static/js/jquery-1.10.2.min.map
ERR: 无法加载模块:Public

[ 2016-11-26T09:53:31+08:00 ] ::1 /mytest/mingzhi/Public/Home/images/wowowo.jpg
ERR: 无法加载模块:Public

[ 2016-11-26T09:53:42+08:00 ] ::1 /mytest/mingzhi/Public/static/js/jquery-1.10.2.min.map
ERR: 无法加载模块:Public

[ 2016-11-26T09:53:44+08:00 ] ::1 /mytest/mingzhi/Public/static/js/jquery-1.10.2.min.map
ERR: 无法加载模块:Public

[ 2016-11-26T09:53:46+08:00 ] ::1 /mytest/mingzhi/Public/Home/images/wowowo.jpg
ERR: 无法加载模块:Public

[ 2016-11-26T09:54:14+08:00 ] ::1 /mytest/mingzhi/Public/static/js/jquery-1.10.2.min.map
ERR: 无法加载模块:Public

[ 2016-11-26T09:54:17+08:00 ] ::1 /mytest/mingzhi/Public/Home/images/wowowo.jpg
ERR: 无法加载模块:Public

[ 2016-11-26T09:54:17+08:00 ] ::1 /mytest/mingzhi/Public/static/js/jquery-1.10.2.min.map
ERR: 无法加载模块:Public

[ 2016-11-26T09:54:17+08:00 ] ::1 /mytest/mingzhi/Public/Home/images/wowowo.jpg
ERR: 无法加载模块:Public

[ 2016-11-26T09:54:19+08:00 ] ::1 /mytest/mingzhi/Public/static/js/jquery-1.10.2.min.map
ERR: 无法加载模块:Public

[ 2016-11-26T09:54:22+08:00 ] ::1 /mytest/mingzhi/Public/static/js/jquery-1.10.2.min.map
ERR: 无法加载模块:Public

[ 2016-11-26T09:54:24+08:00 ] ::1 /mytest/mingzhi/Public/static/js/jquery-1.10.2.min.map
ERR: 无法加载模块:Public

[ 2016-11-26T09:54:26+08:00 ] ::1 /mytest/mingzhi/Public/static/js/jquery-1.10.2.min.map
ERR: 无法加载模块:Public

[ 2016-11-26T09:54:28+08:00 ] ::1 /mytest/mingzhi/Public/static/js/jquery-1.10.2.min.map
ERR: 无法加载模块:Public

[ 2016-11-26T09:54:32+08:00 ] ::1 /mytest/mingzhi/Public/Home/images/wowowo.jpg
ERR: 无法加载模块:Public

[ 2016-11-26T09:54:32+08:00 ] ::1 /mytest/mingzhi/Public/static/js/jquery-1.10.2.min.map
ERR: 无法加载模块:Public

[ 2016-11-26T09:54:32+08:00 ] ::1 /mytest/mingzhi/Public/Home/images/wowowo.jpg
ERR: 无法加载模块:Public

[ 2016-11-26T09:54:46+08:00 ] ::1 /mytest/mingzhi/Public/Home/images/wowowo.jpg
ERR: 无法加载模块:Public

[ 2016-11-26T09:54:47+08:00 ] ::1 /mytest/mingzhi/Public/static/js/jquery-1.10.2.min.map
ERR: 无法加载模块:Public

[ 2016-11-26T09:54:47+08:00 ] ::1 /mytest/mingzhi/Public/Home/images/wowowo.jpg
ERR: 无法加载模块:Public

[ 2016-11-26T09:55:11+08:00 ] ::1 /mytest/mingzhi/Public/Home/images/wowowo.jpg
ERR: 无法加载模块:Public

[ 2016-11-26T09:55:11+08:00 ] ::1 /mytest/mingzhi/Public/static/js/jquery-1.10.2.min.map
ERR: 无法加载模块:Public

[ 2016-11-26T09:55:11+08:00 ] ::1 /mytest/mingzhi/Public/Home/images/wowowo.jpg
ERR: 无法加载模块:Public

[ 2016-11-26T09:55:39+08:00 ] ::1 /mytest/mingzhi/Public/Home/images/wowowo.jpg
ERR: 无法加载模块:Public

[ 2016-11-26T09:55:40+08:00 ] ::1 /mytest/mingzhi/Public/static/js/jquery-1.10.2.min.map
ERR: 无法加载模块:Public

[ 2016-11-26T09:55:40+08:00 ] ::1 /mytest/mingzhi/Public/Home/images/wowowo.jpg
ERR: 无法加载模块:Public

[ 2016-11-26T09:57:19+08:00 ] ::1 /mytest/mingzhi/Public/Home/images/wowowo.jpg
ERR: 无法加载模块:Public

[ 2016-11-26T09:57:19+08:00 ] ::1 /mytest/mingzhi/Public/static/js/jquery-1.10.2.min.map
ERR: 无法加载模块:Public

[ 2016-11-26T09:57:19+08:00 ] ::1 /mytest/mingzhi/Public/Home/images/wowowo.jpg
ERR: 无法加载模块:Public

[ 2016-11-26T09:58:31+08:00 ] ::1 /mytest/mingzhi/Public/Home/images/wowowo.jpg
ERR: 无法加载模块:Public

[ 2016-11-26T09:58:32+08:00 ] ::1 /mytest/mingzhi/Public/static/js/jquery-1.10.2.min.map
ERR: 无法加载模块:Public

[ 2016-11-26T09:58:32+08:00 ] ::1 /mytest/mingzhi/Public/Home/images/wowowo.jpg
ERR: 无法加载模块:Public

[ 2016-11-26T09:59:17+08:00 ] ::1 /mytest/mingzhi/Public/Home/images/wowowo.jpg
ERR: 无法加载模块:Public

[ 2016-11-26T09:59:18+08:00 ] ::1 /mytest/mingzhi/Public/static/js/jquery-1.10.2.min.map
ERR: 无法加载模块:Public

[ 2016-11-26T09:59:18+08:00 ] ::1 /mytest/mingzhi/Public/Home/images/wowowo.jpg
ERR: 无法加载模块:Public

[ 2016-11-26T09:59:39+08:00 ] ::1 /mytest/mingzhi/Public/static/js/jquery-1.10.2.min.map
ERR: 无法加载模块:Public

[ 2016-11-26T09:59:43+08:00 ] ::1 /mytest/mingzhi/Public/Home/images/wowowo.jpg
ERR: 无法加载模块:Public

[ 2016-11-26T09:59:43+08:00 ] ::1 /mytest/mingzhi/Public/static/js/jquery-1.10.2.min.map
ERR: 无法加载模块:Public

[ 2016-11-26T09:59:43+08:00 ] ::1 /mytest/mingzhi/Public/Home/images/wowowo.jpg
ERR: 无法加载模块:Public

[ 2016-11-26T09:59:53+08:00 ] ::1 /mytest/mingzhi/Public/static/js/jquery-1.10.2.min.map
ERR: 无法加载模块:Public

[ 2016-11-26T09:59:54+08:00 ] ::1 /mytest/mingzhi/Public/static/js/jquery-1.10.2.min.map
ERR: 无法加载模块:Public

[ 2016-11-26T10:00:02+08:00 ] ::1 /mytest/mingzhi/Public/static/js/jquery-1.10.2.min.map
ERR: 无法加载模块:Public

[ 2016-11-26T10:00:28+08:00 ] ::1 /mytest/mingzhi/Public/static/js/jquery-1.10.2.min.map
ERR: 无法加载模块:Public

[ 2016-11-26T10:04:31+08:00 ] ::1 /mytest/mingzhi/Public/Home/images/wowowo.jpg
ERR: 无法加载模块:Public

[ 2016-11-26T10:04:31+08:00 ] ::1 /mytest/mingzhi/Public/static/js/jquery-1.10.2.min.map
ERR: 无法加载模块:Public

[ 2016-11-26T10:04:31+08:00 ] ::1 /mytest/mingzhi/Public/Home/images/wowowo.jpg
ERR: 无法加载模块:Public

[ 2016-11-26T10:04:38+08:00 ] ::1 /mytest/mingzhi/Public/static/js/jquery-1.10.2.min.map
ERR: 无法加载模块:Public

[ 2016-11-26T10:23:17+08:00 ] ::1 /mytest/mingzhi/Public/static/js/jquery-1.10.2.min.map
ERR: 无法加载模块:Public

[ 2016-11-26T10:24:33+08:00 ] ::1 /mytest/mingzhi/Public/static/js/jquery-1.10.2.min.map
ERR: 无法加载模块:Public

[ 2016-11-26T10:24:58+08:00 ] ::1 /mytest/mingzhi/Public/static/js/jquery-1.10.2.min.map
ERR: 无法加载模块:Public

[ 2016-11-26T10:25:22+08:00 ] ::1 /mytest/mingzhi/Public/static/js/jquery-1.10.2.min.map
ERR: 无法加载模块:Public

[ 2016-11-26T10:25:52+08:00 ] ::1 /mytest/mingzhi/Public/static/js/jquery-1.10.2.min.map
ERR: 无法加载模块:Public

[ 2016-11-26T10:26:11+08:00 ] ::1 /mytest/mingzhi/Public/static/js/jquery-1.10.2.min.map
ERR: 无法加载模块:Public

[ 2016-11-26T10:26:21+08:00 ] ::1 /mytest/mingzhi/Public/static/js/jquery-1.10.2.min.map
ERR: 无法加载模块:Public

[ 2016-11-26T10:26:45+08:00 ] ::1 /mytest/mingzhi/Public/static/js/jquery-1.10.2.min.map
ERR: 无法加载模块:Public

[ 2016-11-26T10:27:01+08:00 ] ::1 /mytest/mingzhi/Public/static/js/jquery-1.10.2.min.map
ERR: 无法加载模块:Public

[ 2016-11-26T10:27:11+08:00 ] ::1 /mytest/mingzhi/Public/static/js/jquery-1.10.2.min.map
ERR: 无法加载模块:Public

[ 2016-11-26T10:29:17+08:00 ] ::1 /mytest/mingzhi/Public/static/js/jquery-1.10.2.min.map
ERR: 无法加载模块:Public

[ 2016-11-26T10:30:25+08:00 ] ::1 /mytest/mingzhi/Public/static/js/jquery-1.10.2.min.map
ERR: 无法加载模块:Public

[ 2016-11-26T10:31:36+08:00 ] ::1 /mytest/mingzhi/Public/static/js/jquery-1.10.2.min.map
ERR: 无法加载模块:Public

[ 2016-11-26T10:32:16+08:00 ] ::1 /mytest/mingzhi/Public/static/js/jquery-1.10.2.min.map
ERR: 无法加载模块:Public

[ 2016-11-26T10:32:56+08:00 ] ::1 /mytest/mingzhi/Public/static/js/jquery-1.10.2.min.map
ERR: 无法加载模块:Public

[ 2016-11-26T10:34:00+08:00 ] ::1 /mytest/mingzhi/Public/static/js/jquery-1.10.2.min.map
ERR: 无法加载模块:Public

[ 2016-11-26T10:34:17+08:00 ] ::1 /mytest/mingzhi/Public/static/js/jquery-1.10.2.min.map
ERR: 无法加载模块:Public

[ 2016-11-26T10:50:16+08:00 ] ::1 /mytest/mingzhi/Public/static/js/jquery-1.10.2.min.map
ERR: 无法加载模块:Public

[ 2016-11-26T10:52:05+08:00 ] ::1 /mytest/mingzhi/Public/static/js/jquery-1.10.2.min.map
ERR: 无法加载模块:Public

[ 2016-11-26T10:53:54+08:00 ] ::1 /mytest/mingzhi/Public/static/js/jquery-1.10.2.min.map
ERR: 无法加载模块:Public

[ 2016-11-26T10:54:05+08:00 ] ::1 /mytest/mingzhi/Public/static/js/jquery-1.10.2.min.map
ERR: 无法加载模块:Public

[ 2016-11-26T10:54:11+08:00 ] ::1 /mytest/mingzhi/Public/Home/images/wowowo.jpg
ERR: 无法加载模块:Public

[ 2016-11-26T10:54:12+08:00 ] ::1 /mytest/mingzhi/Public/static/js/jquery-1.10.2.min.map
ERR: 无法加载模块:Public

[ 2016-11-26T10:54:12+08:00 ] ::1 /mytest/mingzhi/Public/Home/images/wowowo.jpg
ERR: 无法加载模块:Public

[ 2016-11-26T10:54:16+08:00 ] ::1 /mytest/mingzhi/Public/static/js/jquery-1.10.2.min.map
ERR: 无法加载模块:Public

[ 2016-11-26T11:16:18+08:00 ] ::1 /mytest/mingzhi/Public/Home/js/loading.gif
ERR: 无法加载模块:Public

[ 2016-11-26T11:16:18+08:00 ] ::1 /mytest/mingzhi/Public/static/js/jquery-1.10.2.min.map
ERR: 无法加载模块:Public

[ 2016-11-26T11:16:18+08:00 ] ::1 /mytest/mingzhi/Public/Home/js/loading.gif
ERR: 无法加载模块:Public

[ 2016-11-26T11:16:34+08:00 ] ::1 /mytest/mingzhi/Public/static/js/jquery-1.10.2.min.map
ERR: 无法加载模块:Public

[ 2016-11-26T11:17:32+08:00 ] ::1 /mytest/mingzhi/Public/static/js/jquery-1.10.2.min.map
ERR: 无法加载模块:Public

[ 2016-11-26T11:18:24+08:00 ] ::1 /mytest/mingzhi/Public/static/js/jquery-1.10.2.min.map
ERR: 无法加载模块:Public

[ 2016-11-26T11:18:25+08:00 ] ::1 /mytest/mingzhi/Public/static/js/jquery-1.10.2.min.map
ERR: 无法加载模块:Public

[ 2016-11-26T11:18:54+08:00 ] ::1 /mytest/mingzhi/Public/static/js/jquery-1.10.2.min.map
ERR: 无法加载模块:Public

[ 2016-11-26T11:23:06+08:00 ] ::1 /mytest/mingzhi/Public/static/js/jquery-1.10.2.min.map
ERR: 无法加载模块:Public

[ 2016-11-26T11:24:08+08:00 ] ::1 /mytest/mingzhi/Public/static/js/jquery-1.10.2.min.map
ERR: 无法加载模块:Public

[ 2016-11-26T11:24:34+08:00 ] ::1 /mytest/mingzhi/Public/static/js/jquery-1.10.2.min.map
ERR: 无法加载模块:Public

[ 2016-11-26T11:24:49+08:00 ] ::1 /mytest/mingzhi/Public/static/js/jquery-1.10.2.min.map
ERR: 无法加载模块:Public

[ 2016-11-26T11:25:18+08:00 ] ::1 /mytest/mingzhi/Public/static/js/jquery-1.10.2.min.map
ERR: 无法加载模块:Public

[ 2016-11-26T11:25:28+08:00 ] ::1 /mytest/mingzhi/Public/static/js/jquery-1.10.2.min.map
ERR: 无法加载模块:Public

[ 2016-11-26T11:25:36+08:00 ] ::1 /mytest/mingzhi/Public/static/js/jquery-1.10.2.min.map
ERR: 无法加载模块:Public

[ 2016-11-26T11:25:50+08:00 ] ::1 /mytest/mingzhi/Public/static/js/jquery-1.10.2.min.map
ERR: 无法加载模块:Public

[ 2016-11-26T11:26:08+08:00 ] ::1 /mytest/mingzhi/Public/static/js/jquery-1.10.2.min.map
ERR: 无法加载模块:Public

[ 2016-11-26T11:26:20+08:00 ] ::1 /mytest/mingzhi/Public/static/js/jquery-1.10.2.min.map
ERR: 无法加载模块:Public

[ 2016-11-26T11:26:29+08:00 ] ::1 /mytest/mingzhi/Public/static/js/jquery-1.10.2.min.map
ERR: 无法加载模块:Public

[ 2016-11-26T11:27:06+08:00 ] ::1 /mytest/mingzhi/Public/static/js/jquery-1.10.2.min.map
ERR: 无法加载模块:Public

[ 2016-11-26T11:27:23+08:00 ] ::1 /mytest/mingzhi/Public/static/js/jquery-1.10.2.min.map
ERR: 无法加载模块:Public

[ 2016-11-26T11:27:32+08:00 ] ::1 /mytest/mingzhi/Public/static/js/jquery-1.10.2.min.map
ERR: 无法加载模块:Public

[ 2016-11-26T11:27:54+08:00 ] ::1 /mytest/mingzhi/Public/static/js/jquery-1.10.2.min.map
ERR: 无法加载模块:Public

[ 2016-11-26T11:28:14+08:00 ] ::1 /mytest/mingzhi/Public/static/js/jquery-1.10.2.min.map
ERR: 无法加载模块:Public

[ 2016-11-26T11:28:21+08:00 ] ::1 /mytest/mingzhi/Public/static/js/jquery-1.10.2.min.map
ERR: 无法加载模块:Public

[ 2016-11-26T11:28:41+08:00 ] ::1 /mytest/mingzhi/Public/static/js/jquery-1.10.2.min.map
ERR: 无法加载模块:Public

[ 2016-11-26T11:28:59+08:00 ] ::1 /mytest/mingzhi/Public/static/js/jquery-1.10.2.min.map
ERR: 无法加载模块:Public

[ 2016-11-26T11:38:28+08:00 ] ::1 /mytest/mingzhi/Public/static/js/jquery-1.10.2.min.map
ERR: 无法加载模块:Public

[ 2016-11-26T13:12:50+08:00 ] ::1 /mytest/mingzhi/Public/static/js/jquery-1.10.2.min.map
ERR: 无法加载模块:Public

[ 2016-11-26T13:16:14+08:00 ] ::1 /mytest/mingzhi/Public/static/js/jquery-1.10.2.min.map
ERR: 无法加载模块:Public

[ 2016-11-26T13:16:40+08:00 ] ::1 /mytest/mingzhi/Public/static/js/jquery-1.10.2.min.map
ERR: 无法加载模块:Public

[ 2016-11-26T13:16:52+08:00 ] ::1 /mytest/mingzhi/Public/static/js/jquery-1.10.2.min.map
ERR: 无法加载模块:Public

[ 2016-11-26T13:17:39+08:00 ] ::1 /mytest/mingzhi/Public/static/js/jquery-1.10.2.min.map
ERR: 无法加载模块:Public

[ 2016-11-26T13:18:10+08:00 ] ::1 /mytest/mingzhi/Public/static/js/jquery-1.10.2.min.map
ERR: 无法加载模块:Public

[ 2016-11-26T13:19:02+08:00 ] ::1 /mytest/mingzhi/Public/static/js/jquery-1.10.2.min.map
ERR: 无法加载模块:Public

[ 2016-11-26T13:19:31+08:00 ] ::1 /mytest/mingzhi/Public/static/js/jquery-1.10.2.min.map
ERR: 无法加载模块:Public

[ 2016-11-26T13:19:33+08:00 ] ::1 /mytest/mingzhi/index.php/HomeHome/Index/index
ERR: 无法加载模块:HomeHome

[ 2016-11-26T13:19:58+08:00 ] ::1 /mytest/mingzhi/Public/static/js/jquery-1.10.2.min.map
ERR: 无法加载模块:Public

[ 2016-11-26T13:22:59+08:00 ] ::1 /mytest/mingzhi/Public/static/js/jquery-1.10.2.min.map
ERR: 无法加载模块:Public

[ 2016-11-26T13:25:21+08:00 ] ::1 /mytest/mingzhi/Public/static/js/jquery-1.10.2.min.map
ERR: 无法加载模块:Public

[ 2016-11-26T13:25:32+08:00 ] ::1 /mytest/mingzhi/Public/static/js/jquery-1.10.2.min.map
ERR: 无法加载模块:Public

[ 2016-11-26T13:26:02+08:00 ] ::1 /mytest/mingzhi/Public/static/js/jquery-1.10.2.min.map
ERR: 无法加载模块:Public

[ 2016-11-26T13:26:23+08:00 ] ::1 /mytest/mingzhi/Public/static/js/jquery-1.10.2.min.map
ERR: 无法加载模块:Public

[ 2016-11-26T13:27:16+08:00 ] ::1 /mytest/mingzhi/Public/static/js/jquery-1.10.2.min.map
ERR: 无法加载模块:Public

[ 2016-11-26T13:27:40+08:00 ] ::1 /mytest/mingzhi/Public/static/js/jquery-1.10.2.min.map
ERR: 无法加载模块:Public

[ 2016-11-26T13:27:56+08:00 ] ::1 /mytest/mingzhi/Public/static/js/jquery-1.10.2.min.map
ERR: 无法加载模块:Public

[ 2016-11-26T13:28:59+08:00 ] ::1 /mytest/mingzhi/Public/static/js/jquery-1.10.2.min.map
ERR: 无法加载模块:Public

[ 2016-11-26T13:32:15+08:00 ] ::1 /mytest/mingzhi/Public/static/js/jquery-1.10.2.min.map
ERR: 无法加载模块:Public

[ 2016-11-26T13:33:22+08:00 ] ::1 /mytest/mingzhi/Public/static/js/jquery-1.10.2.min.map
ERR: 无法加载模块:Public

[ 2016-11-26T13:37:57+08:00 ] ::1 /mytest/mingzhi/Public/static/js/jquery-1.10.2.min.map
ERR: 无法加载模块:Public

[ 2016-11-26T13:39:08+08:00 ] ::1 /mytest/mingzhi/Public/static/js/jquery-1.10.2.min.map
ERR: 无法加载模块:Public

[ 2016-11-26T13:41:31+08:00 ] ::1 /mytest/mingzhi/Public/static/js/jquery-1.10.2.min.map
ERR: 无法加载模块:Public

[ 2016-11-26T13:44:24+08:00 ] ::1 /mytest/mingzhi/Public/static/js/jquery-1.10.2.min.map
ERR: 无法加载模块:Public

[ 2016-11-26T13:45:04+08:00 ] ::1 /mytest/mingzhi/Public/static/js/jquery-1.10.2.min.map
ERR: 无法加载模块:Public

[ 2016-11-26T13:46:23+08:00 ] ::1 /mytest/mingzhi/Public/Home/images/wowowo.jpg
ERR: 无法加载模块:Public

[ 2016-11-26T13:47:29+08:00 ] ::1 /mytest/mingzhi/Public/static/js/jquery-1.10.2.min.map
ERR: 无法加载模块:Public

[ 2016-11-26T13:49:14+08:00 ] ::1 /mytest/mingzhi/Public/static/js/jquery-1.10.2.min.map
ERR: 无法加载模块:Public

[ 2016-11-26T14:01:14+08:00 ] ::1 /mytest/mingzhi/Public/static/js/jquery-1.10.2.min.map
ERR: 无法加载模块:Public

[ 2016-11-26T14:01:38+08:00 ] ::1 /mytest/mingzhi/Public/static/js/jquery-1.10.2.min.map
ERR: 无法加载模块:Public

[ 2016-11-26T14:02:21+08:00 ] ::1 /mytest/mingzhi/Public/static/js/jquery-1.10.2.min.map
ERR: 无法加载模块:Public

[ 2016-11-26T14:02:33+08:00 ] ::1 /mytest/mingzhi/Public/static/js/jquery-1.10.2.min.map
ERR: 无法加载模块:Public

[ 2016-11-26T14:02:48+08:00 ] ::1 /mytest/mingzhi/Public/static/js/jquery-1.10.2.min.map
ERR: 无法加载模块:Public

[ 2016-11-26T14:03:51+08:00 ] ::1 /mytest/mingzhi/Public/static/js/jquery-1.10.2.min.map
ERR: 无法加载模块:Public

[ 2016-11-26T14:04:30+08:00 ] ::1 /mytest/mingzhi/Public/static/js/jquery-1.10.2.min.map
ERR: 无法加载模块:Public

[ 2016-11-26T14:04:38+08:00 ] ::1 /mytest/mingzhi/Public/static/js/jquery-1.10.2.min.map
ERR: 无法加载模块:Public

[ 2016-11-26T14:05:08+08:00 ] ::1 /mytest/mingzhi/Public/static/js/jquery-1.10.2.min.map
ERR: 无法加载模块:Public

[ 2016-11-26T14:05:29+08:00 ] ::1 /mytest/mingzhi/Public/static/js/jquery-1.10.2.min.map
ERR: 无法加载模块:Public

[ 2016-11-26T14:05:46+08:00 ] ::1 /mytest/mingzhi/Public/static/js/jquery-1.10.2.min.map
ERR: 无法加载模块:Public

[ 2016-11-26T14:06:02+08:00 ] ::1 /mytest/mingzhi/Public/static/js/jquery-1.10.2.min.map
ERR: 无法加载模块:Public

[ 2016-11-26T14:06:41+08:00 ] ::1 /mytest/mingzhi/Public/static/js/jquery-1.10.2.min.map
ERR: 无法加载模块:Public

[ 2016-11-26T14:06:54+08:00 ] ::1 /mytest/mingzhi/Public/static/js/jquery-1.10.2.min.map
ERR: 无法加载模块:Public

[ 2016-11-26T14:07:52+08:00 ] ::1 /mytest/mingzhi/Public/static/js/jquery-1.10.2.min.map
ERR: 无法加载模块:Public

[ 2016-11-26T14:09:15+08:00 ] ::1 /mytest/mingzhi/Public/static/js/jquery-1.10.2.min.map
ERR: 无法加载模块:Public

[ 2016-11-26T14:10:02+08:00 ] ::1 /mytest/mingzhi/Public/static/js/jquery-1.10.2.min.map
ERR: 无法加载模块:Public

[ 2016-11-26T14:10:22+08:00 ] ::1 /mytest/mingzhi/Public/static/js/jquery-1.10.2.min.map
ERR: 无法加载模块:Public

[ 2016-11-26T14:10:51+08:00 ] ::1 /mytest/mingzhi/Public/static/js/jquery-1.10.2.min.map
ERR: 无法加载模块:Public

[ 2016-11-26T14:11:15+08:00 ] ::1 /mytest/mingzhi/Public/static/js/jquery-1.10.2.min.map
ERR: 无法加载模块:Public

[ 2016-11-26T14:11:32+08:00 ] ::1 /mytest/mingzhi/Public/static/js/jquery-1.10.2.min.map
ERR: 无法加载模块:Public

[ 2016-11-26T14:12:00+08:00 ] ::1 /mytest/mingzhi/Public/static/js/jquery-1.10.2.min.map
ERR: 无法加载模块:Public

[ 2016-11-26T14:12:31+08:00 ] ::1 /mytest/mingzhi/Public/static/js/jquery-1.10.2.min.map
ERR: 无法加载模块:Public

[ 2016-11-26T14:12:47+08:00 ] ::1 /mytest/mingzhi/Public/static/js/jquery-1.10.2.min.map
ERR: 无法加载模块:Public

[ 2016-11-26T14:13:16+08:00 ] ::1 /mytest/mingzhi/Public/static/js/jquery-1.10.2.min.map
ERR: 无法加载模块:Public

[ 2016-11-26T14:24:39+08:00 ] ::1 /mytest/mingzhi/Public/static/js/jquery-1.10.2.min.map
ERR: 无法加载模块:Public

[ 2016-11-26T14:25:25+08:00 ] ::1 /mytest/mingzhi/Public/static/js/jquery-1.10.2.min.map
ERR: 无法加载模块:Public

[ 2016-11-26T14:26:06+08:00 ] ::1 /mytest/mingzhi/Public/static/js/jquery-1.10.2.min.map
ERR: 无法加载模块:Public

[ 2016-11-26T14:26:28+08:00 ] ::1 /mytest/mingzhi/Public/static/js/jquery-1.10.2.min.map
ERR: 无法加载模块:Public

[ 2016-11-26T14:27:28+08:00 ] ::1 /mytest/mingzhi/Public/static/js/jquery-1.10.2.min.map
ERR: 无法加载模块:Public

[ 2016-11-26T14:27:42+08:00 ] ::1 /mytest/mingzhi/Public/static/js/jquery-1.10.2.min.map
ERR: 无法加载模块:Public

[ 2016-11-26T14:28:08+08:00 ] ::1 /mytest/mingzhi/Public/static/js/jquery-1.10.2.min.map
ERR: 无法加载模块:Public

[ 2016-11-26T14:28:53+08:00 ] ::1 /mytest/mingzhi/Public/static/js/jquery-1.10.2.min.map
ERR: 无法加载模块:Public

[ 2016-11-26T14:28:59+08:00 ] ::1 /mytest/mingzhi/Public/static/js/jquery-1.10.2.min.map
ERR: 无法加载模块:Public

[ 2016-11-26T14:29:21+08:00 ] ::1 /mytest/mingzhi/Public/static/js/jquery-1.10.2.min.map
ERR: 无法加载模块:Public

[ 2016-11-26T14:29:50+08:00 ] ::1 /mytest/mingzhi/Public/static/js/jquery-1.10.2.min.map
ERR: 无法加载模块:Public

[ 2016-11-26T14:30:05+08:00 ] ::1 /mytest/mingzhi/Public/static/js/jquery-1.10.2.min.map
ERR: 无法加载模块:Public

[ 2016-11-26T14:30:23+08:00 ] ::1 /mytest/mingzhi/Public/Home/images/wowowo.jpg
ERR: 无法加载模块:Public

[ 2016-11-26T14:30:23+08:00 ] ::1 /mytest/mingzhi/Public/static/js/jquery-1.10.2.min.map
ERR: 无法加载模块:Public

[ 2016-11-26T14:30:23+08:00 ] ::1 /mytest/mingzhi/Public/Home/images/wowowo.jpg
ERR: 无法加载模块:Public

[ 2016-11-26T14:30:44+08:00 ] ::1 /mytest/mingzhi/Public/static/js/jquery-1.10.2.min.map
ERR: 无法加载模块:Public

[ 2016-11-26T14:30:59+08:00 ] ::1 /mytest/mingzhi/Public/Home/images/wowowo.jpg
ERR: 无法加载模块:Public

[ 2016-11-26T14:30:59+08:00 ] ::1 /mytest/mingzhi/Public/static/js/jquery-1.10.2.min.map
ERR: 无法加载模块:Public

[ 2016-11-26T14:30:59+08:00 ] ::1 /mytest/mingzhi/Public/Home/images/wowowo.jpg
ERR: 无法加载模块:Public

[ 2016-11-26T14:31:18+08:00 ] ::1 /mytest/mingzhi/Public/Home/images/wowowo.jpg
ERR: 无法加载模块:Public

[ 2016-11-26T14:31:18+08:00 ] ::1 /mytest/mingzhi/Public/static/js/jquery-1.10.2.min.map
ERR: 无法加载模块:Public

[ 2016-11-26T14:31:18+08:00 ] ::1 /mytest/mingzhi/Public/Home/images/wowowo.jpg
ERR: 无法加载模块:Public

[ 2016-11-26T14:31:23+08:00 ] ::1 /mytest/mingzhi/Public/static/js/jquery-1.10.2.min.map
ERR: 无法加载模块:Public

[ 2016-11-26T14:32:15+08:00 ] ::1 /mytest/mingzhi/Public/static/js/jquery-1.10.2.min.map
ERR: 无法加载模块:Public

[ 2016-11-26T14:33:30+08:00 ] ::1 /mytest/mingzhi/Public/static/js/jquery-1.10.2.min.map
ERR: 无法加载模块:Public

[ 2016-11-26T14:33:41+08:00 ] ::1 /mytest/mingzhi/Public/static/js/jquery-1.10.2.min.map
ERR: 无法加载模块:Public

[ 2016-11-26T14:34:01+08:00 ] ::1 /mytest/mingzhi/Public/static/js/jquery-1.10.2.min.map
ERR: 无法加载模块:Public

[ 2016-11-26T14:37:48+08:00 ] ::1 /mytest/mingzhi/Public/static/js/jquery-1.10.2.min.map
ERR: 无法加载模块:Public

[ 2016-11-26T14:44:45+08:00 ] ::1 /mytest/mingzhi/Public/static/js/jquery-1.10.2.min.map
ERR: 无法加载模块:Public

[ 2016-11-26T14:45:19+08:00 ] ::1 /mytest/mingzhi/Public/static/js/jquery-1.10.2.min.map
ERR: 无法加载模块:Public

[ 2016-11-26T14:48:09+08:00 ] ::1 /mytest/mingzhi/Public/static/js/jquery-1.10.2.min.map
ERR: 无法加载模块:Public

[ 2016-11-26T14:49:13+08:00 ] ::1 /mytest/mingzhi/Public/static/js/jquery-1.10.2.min.map
ERR: 无法加载模块:Public

[ 2016-11-26T14:49:27+08:00 ] ::1 /mytest/mingzhi/Public/static/js/jquery-1.10.2.min.map
ERR: 无法加载模块:Public

[ 2016-11-26T14:49:59+08:00 ] ::1 /mytest/mingzhi/Public/static/js/jquery-1.10.2.min.map
ERR: 无法加载模块:Public

[ 2016-11-26T14:52:11+08:00 ] ::1 /mytest/mingzhi/Public/static/js/jquery-1.10.2.min.map
ERR: 无法加载模块:Public

[ 2016-11-26T14:53:32+08:00 ] ::1 /mytest/mingzhi/Public/static/js/jquery-1.10.2.min.map
ERR: 无法加载模块:Public

[ 2016-11-26T15:12:44+08:00 ] ::1 /mytest/mingzhi/Public/static/js/jquery-1.10.2.min.map
ERR: 无法加载模块:Public

[ 2016-11-26T15:13:15+08:00 ] ::1 /mytest/mingzhi/Public/static/js/jquery-1.10.2.min.map
ERR: 无法加载模块:Public

[ 2016-11-26T15:13:44+08:00 ] ::1 /mytest/mingzhi/Public/static/js/jquery-1.10.2.min.map
ERR: 无法加载模块:Public

[ 2016-11-26T15:14:01+08:00 ] ::1 /mytest/mingzhi/Public/static/js/jquery-1.10.2.min.map
ERR: 无法加载模块:Public

[ 2016-11-26T15:14:38+08:00 ] ::1 /mytest/mingzhi/Public/static/js/jquery-1.10.2.min.map
ERR: 无法加载模块:Public

[ 2016-11-26T15:14:54+08:00 ] ::1 /mytest/mingzhi/Public/static/js/jquery-1.10.2.min.map
ERR: 无法加载模块:Public

[ 2016-11-26T15:15:11+08:00 ] ::1 /mytest/mingzhi/Public/static/js/jquery-1.10.2.min.map
ERR: 无法加载模块:Public

[ 2016-11-26T15:15:27+08:00 ] ::1 /mytest/mingzhi/Public/static/js/jquery-1.10.2.min.map
ERR: 无法加载模块:Public

[ 2016-11-26T15:15:48+08:00 ] ::1 /mytest/mingzhi/Public/static/js/jquery-1.10.2.min.map
ERR: 无法加载模块:Public

[ 2016-11-26T15:16:27+08:00 ] ::1 /mytest/mingzhi/Public/static/js/jquery-1.10.2.min.map
ERR: 无法加载模块:Public

[ 2016-11-26T15:16:45+08:00 ] ::1 /mytest/mingzhi/Public/static/js/jquery-1.10.2.min.map
ERR: 无法加载模块:Public

[ 2016-11-26T15:35:58+08:00 ] ::1 /mytest/mingzhi/Public/static/js/jquery-1.10.2.min.map
ERR: 无法加载模块:Public

[ 2016-11-26T16:16:41+08:00 ] ::1 /mytest/mingzhi/Public/static/js/jquery-1.10.2.min.map
ERR: 无法加载模块:Public

[ 2016-11-26T16:16:48+08:00 ] ::1 /mytest/mingzhi/Public/static/js/jquery-1.10.2.min.map
ERR: 无法加载模块:Public

[ 2016-11-26T16:18:14+08:00 ] ::1 /mytest/mingzhi/Public/static/js/jquery-1.10.2.min.map
ERR: 无法加载模块:Public

[ 2016-11-26T16:19:48+08:00 ] ::1 /mytest/mingzhi/Public/static/js/jquery-1.10.2.min.map
ERR: 无法加载模块:Public

[ 2016-11-26T16:21:32+08:00 ] ::1 /mytest/mingzhi/Public/static/js/jquery-1.10.2.min.map
ERR: 无法加载模块:Public

[ 2016-11-26T16:22:44+08:00 ] ::1 /mytest/mingzhi/Public/static/js/jquery-1.10.2.min.map
ERR: 无法加载模块:Public

[ 2016-11-26T16:23:42+08:00 ] ::1 /mytest/mingzhi/Public/static/js/jquery-1.10.2.min.map
ERR: 无法加载模块:Public

[ 2016-11-26T16:23:57+08:00 ] ::1 /mytest/mingzhi/Public/static/js/jquery-1.10.2.min.map
ERR: 无法加载模块:Public

[ 2016-11-26T16:24:02+08:00 ] ::1 /mytest/mingzhi/Public/static/js/jquery-1.10.2.min.map
ERR: 无法加载模块:Public

[ 2016-11-26T16:41:15+08:00 ] ::1 /mytest/mingzhi/Public/Home/images/wowowo.jpg
ERR: 无法加载模块:Public

[ 2016-11-26T16:51:58+08:00 ] ::1 /mytest/mingzhi/Public/static/js/jquery-1.10.2.min.map
ERR: 无法加载模块:Public

[ 2016-11-26T16:53:01+08:00 ] ::1 /mytest/mingzhi/Public/static/js/jquery-1.10.2.min.map
ERR: 无法加载模块:Public

[ 2016-11-26T16:53:39+08:00 ] ::1 /mytest/mingzhi/Public/static/js/jquery-1.10.2.min.map
ERR: 无法加载模块:Public

[ 2016-11-26T16:54:48+08:00 ] ::1 /mytest/mingzhi/Public/static/js/jquery-1.10.2.min.map
ERR: 无法加载模块:Public

[ 2016-11-26T16:55:56+08:00 ] ::1 /mytest/mingzhi/Public/static/js/jquery-1.10.2.min.map
ERR: 无法加载模块:Public

[ 2016-11-26T16:56:33+08:00 ] ::1 /mytest/mingzhi/Public/static/js/jquery-1.10.2.min.map
ERR: 无法加载模块:Public

[ 2016-11-26T17:01:31+08:00 ] ::1 /mytest/mingzhi/Public/static/js/jquery-1.10.2.min.map
ERR: 无法加载模块:Public

[ 2016-11-26T17:01:33+08:00 ] ::1 /mytest/mingzhi/Public/static/js/jquery-1.10.2.min.map
ERR: 无法加载模块:Public

[ 2016-11-26T17:03:04+08:00 ] ::1 /mytest/mingzhi/Public/static/js/jquery-1.10.2.min.map
ERR: 无法加载模块:Public

[ 2016-11-26T17:17:32+08:00 ] ::1 /mytest/mingzhi/Public/Home/images/wowowo.jpg
ERR: 无法加载模块:Public

[ 2016-11-26T17:17:33+08:00 ] ::1 /mytest/mingzhi/Public/Home/images/wowowo.jpg
ERR: 无法加载模块:Public

[ 2016-11-26T17:17:51+08:00 ] ::1 /mytest/mingzhi/Public/Home/images/wowowo.jpg
ERR: 无法加载模块:Public

[ 2016-11-26T17:17:51+08:00 ] ::1 /mytest/mingzhi/Public/Home/images/wowowo.jpg
ERR: 无法加载模块:Public

[ 2016-11-26T19:05:38+08:00 ] ::1 /mytest/mingzhi/Public/Home/images/wowowo.jpg
ERR: 无法加载模块:Public

[ 2016-11-26T19:05:39+08:00 ] ::1 /mytest/mingzhi/Public/Home/images/wowowo.jpg
ERR: 无法加载模块:Public

[ 2016-11-26T19:40:55+08:00 ] ::1 /mytest/mingzhi/Public/Home/images/wowowo.jpg
ERR: 无法加载模块:Public

[ 2016-11-26T19:40:55+08:00 ] ::1 /mytest/mingzhi/Public/Home/images/wowowo.jpg
ERR: 无法加载模块:Public

[ 2016-11-26T19:43:54+08:00 ] ::1 /mytest/mingzhi/Public/Home/images/wowowo.jpg
ERR: 无法加载模块:Public

[ 2016-11-26T19:43:54+08:00 ] ::1 /mytest/mingzhi/Public/Home/images/wowowo.jpg
ERR: 无法加载模块:Public

[ 2016-11-26T19:44:57+08:00 ] ::1 /mytest/mingzhi/Public/Home/images/wowowo.jpg
ERR: 无法加载模块:Public

[ 2016-11-26T19:45:51+08:00 ] ::1 /mytest/mingzhi/Public/Home/images/wowowo.jpg
ERR: 无法加载模块:Public

[ 2016-11-26T19:45:51+08:00 ] ::1 /mytest/mingzhi/Public/Home/images/wowowo.jpg
ERR: 无法加载模块:Public

[ 2016-11-26T19:46:05+08:00 ] ::1 /mytest/mingzhi/Public/Home/images/wowowo.jpg
ERR: 无法加载模块:Public

[ 2016-11-26T19:46:05+08:00 ] ::1 /mytest/mingzhi/Public/Home/images/wowowo.jpg
ERR: 无法加载模块:Public

[ 2016-11-26T20:37:15+08:00 ] ::1 /mytest/mingzhi/Public/static/js/jquery-1.10.2.min.map
ERR: 无法加载模块:Public

[ 2016-11-26T20:38:31+08:00 ] ::1 /mytest/mingzhi/Public/static/js/jquery-1.10.2.min.map
ERR: 无法加载模块:Public

[ 2016-11-26T20:41:36+08:00 ] ::1 /mytest/mingzhi/Public/static/js/jquery-1.10.2.min.map
INFO: [ app_init ] --START--
INFO: Run Behavior\BuildLiteBehavior [ RunTime:0.000000s ]
INFO: [ app_init ] --END-- [ RunTime:0.000000s ]
ERR: 无法加载模块:Public

[ 2016-11-26T20:44:52+08:00 ] ::1 /mytest/mingzhi/Public/static/js/jquery-1.10.2.min.map
INFO: [ app_init ] --START--
INFO: Run Behavior\BuildLiteBehavior [ RunTime:0.000000s ]
INFO: [ app_init ] --END-- [ RunTime:0.000000s ]
ERR: 无法加载模块:Public

[ 2016-11-26T20:56:05+08:00 ] ::1 /mytest/mingzhi/Public/static/js/jquery-1.10.2.min.map
INFO: [ app_init ] --START--
INFO: Run Behavior\BuildLiteBehavior [ RunTime:0.000000s ]
INFO: [ app_init ] --END-- [ RunTime:0.000000s ]
ERR: 无法加载模块:Public

[ 2016-11-26T21:02:12+08:00 ] ::1 /mytest/mingzhi/Public/static/js/jquery-1.10.2.min.map
INFO: [ app_init ] --START--
INFO: Run Behavior\BuildLiteBehavior [ RunTime:0.000000s ]
INFO: [ app_init ] --END-- [ RunTime:0.000000s ]
ERR: 无法加载模块:Public

[ 2016-11-26T21:02:18+08:00 ] ::1 /mytest/mingzhi/Public/static/js/jquery-1.10.2.min.map
INFO: [ app_init ] --START--
INFO: Run Behavior\BuildLiteBehavior [ RunTime:0.000000s ]
INFO: [ app_init ] --END-- [ RunTime:0.000000s ]
ERR: 无法加载模块:Public

[ 2016-11-26T21:05:11+08:00 ] ::1 /mytest/mingzhi/Public/static/js/jquery-1.10.2.min.map
INFO: [ app_init ] --START--
INFO: Run Behavior\BuildLiteBehavior [ RunTime:0.000000s ]
INFO: [ app_init ] --END-- [ RunTime:0.000000s ]
ERR: 无法加载模块:Public

[ 2016-11-26T21:05:43+08:00 ] ::1 /mytest/mingzhi/Public/static/js/jquery-1.10.2.min.map
INFO: [ app_init ] --START--
INFO: Run Behavior\BuildLiteBehavior [ RunTime:0.000000s ]
INFO: [ app_init ] --END-- [ RunTime:0.000000s ]
ERR: 无法加载模块:Public

[ 2016-11-26T21:07:46+08:00 ] ::1 /mytest/mingzhi/Public/static/js/jquery-1.10.2.min.map
INFO: [ app_init ] --START--
INFO: Run Behavior\BuildLiteBehavior [ RunTime:0.000000s ]
INFO: [ app_init ] --END-- [ RunTime:0.000000s ]
ERR: 无法加载模块:Public

[ 2016-11-26T21:09:04+08:00 ] ::1 /mytest/mingzhi/Public/static/js/jquery-1.10.2.min.map
INFO: [ app_init ] --START--
INFO: Run Behavior\BuildLiteBehavior [ RunTime:0.000000s ]
INFO: [ app_init ] --END-- [ RunTime:0.000000s ]
ERR: 无法加载模块:Public

[ 2016-11-26T21:09:04+08:00 ] ::1 /mytest/mingzhi/Public//static/wangEditor/static/emotions.data
INFO: [ app_init ] --START--
INFO: Run Behavior\BuildLiteBehavior [ RunTime:0.000000s ]
INFO: [ app_init ] --END-- [ RunTime:0.000000s ]
ERR: 无法加载模块:Public

[ 2016-11-26T21:09:37+08:00 ] ::1 /mytest/mingzhi/Public/static/js/jquery-1.10.2.min.map
INFO: [ app_init ] --START--
INFO: Run Behavior\BuildLiteBehavior [ RunTime:0.000000s ]
INFO: [ app_init ] --END-- [ RunTime:0.000000s ]
ERR: 无法加载模块:Public

[ 2016-11-26T21:09:37+08:00 ] ::1 /mytest/mingzhi/Public/static/wangEditor/static/emotions.data
INFO: [ app_init ] --START--
INFO: Run Behavior\BuildLiteBehavior [ RunTime:0.000000s ]
INFO: [ app_init ] --END-- [ RunTime:0.000000s ]
ERR: 无法加载模块:Public

[ 2016-11-26T21:09:54+08:00 ] ::1 /mytest/mingzhi/Public/static/js/jquery-1.10.2.min.map
INFO: [ app_init ] --START--
INFO: Run Behavior\BuildLiteBehavior [ RunTime:0.000000s ]
INFO: [ app_init ] --END-- [ RunTime:0.001000s ]
ERR: 无法加载模块:Public

[ 2016-11-26T21:09:54+08:00 ] ::1 /mytest/mingzhi/Public/static/wangEditor/static/emotions.data
INFO: [ app_init ] --START--
INFO: Run Behavior\BuildLiteBehavior [ RunTime:0.000000s ]
INFO: [ app_init ] --END-- [ RunTime:0.000000s ]
ERR: 无法加载模块:Public

[ 2016-11-26T21:14:42+08:00 ] ::1 /mytest/mingzhi/Public/static/js/jquery-1.10.2.min.map
INFO: [ app_init ] --START--
INFO: Run Behavior\BuildLiteBehavior [ RunTime:0.000000s ]
INFO: [ app_init ] --END-- [ RunTime:0.000000s ]
ERR: 无法加载模块:Public

[ 2016-11-26T21:14:51+08:00 ] ::1 /mytest/mingzhi/Public/static/js/jquery-1.10.2.min.map
INFO: [ app_init ] --START--
INFO: Run Behavior\BuildLiteBehavior [ RunTime:0.000000s ]
INFO: [ app_init ] --END-- [ RunTime:0.000000s ]
ERR: 无法加载模块:Public

[ 2016-11-26T21:15:07+08:00 ] ::1 /mytest/mingzhi/Public/static/js/jquery-1.10.2.min.map
INFO: [ app_init ] --START--
INFO: Run Behavior\BuildLiteBehavior [ RunTime:0.000000s ]
INFO: [ app_init ] --END-- [ RunTime:0.000000s ]
ERR: 无法加载模块:Public

[ 2016-11-26T21:18:58+08:00 ] ::1 /mytest/mingzhi/Public/static/js/jquery-1.10.2.min.map
INFO: [ app_init ] --START--
INFO: Run Behavior\BuildLiteBehavior [ RunTime:0.000000s ]
INFO: [ app_init ] --END-- [ RunTime:0.000000s ]
ERR: 无法加载模块:Public

[ 2016-11-26T21:20:22+08:00 ] ::1 /mytest/mingzhi/Public/static/js/jquery-1.10.2.min.map
INFO: [ app_init ] --START--
INFO: Run Behavior\BuildLiteBehavior [ RunTime:0.000000s ]
INFO: [ app_init ] --END-- [ RunTime:0.000000s ]
ERR: 无法加载模块:Public

[ 2016-11-26T21:21:07+08:00 ] ::1 /mytest/mingzhi/Public/static/js/jquery-1.10.2.min.map
INFO: [ app_init ] --START--
INFO: Run Behavior\BuildLiteBehavior [ RunTime:0.000000s ]
INFO: [ app_init ] --END-- [ RunTime:0.000000s ]
ERR: 无法加载模块:Public

[ 2016-11-26T21:21:42+08:00 ] ::1 /mytest/mingzhi/Public/static/js/jquery-1.10.2.min.map
INFO: [ app_init ] --START--
INFO: Run Behavior\BuildLiteBehavior [ RunTime:0.000000s ]
INFO: [ app_init ] --END-- [ RunTime:0.000000s ]
ERR: 无法加载模块:Public

[ 2016-11-26T21:21:57+08:00 ] ::1 /mytest/mingzhi/Public/static/js/jquery-1.10.2.min.map
INFO: [ app_init ] --START--
INFO: Run Behavior\BuildLiteBehavior [ RunTime:0.000000s ]
INFO: [ app_init ] --END-- [ RunTime:0.000000s ]
ERR: 无法加载模块:Public

[ 2016-11-26T21:22:30+08:00 ] ::1 /mytest/mingzhi/Public/static/js/jquery-1.10.2.min.map
INFO: [ app_init ] --START--
INFO: Run Behavior\BuildLiteBehavior [ RunTime:0.000000s ]
INFO: [ app_init ] --END-- [ RunTime:0.000000s ]
ERR: 无法加载模块:Public

[ 2016-11-26T21:23:27+08:00 ] ::1 /mytest/mingzhi/Public/static/js/jquery-1.10.2.min.map
INFO: [ app_init ] --START--
INFO: Run Behavior\BuildLiteBehavior [ RunTime:0.000000s ]
INFO: [ app_init ] --END-- [ RunTime:0.000000s ]
ERR: 无法加载模块:Public

[ 2016-11-26T21:24:03+08:00 ] ::1 /mytest/mingzhi/Public/static/js/jquery-1.10.2.min.map
INFO: [ app_init ] --START--
INFO: Run Behavior\BuildLiteBehavior [ RunTime:0.000000s ]
INFO: [ app_init ] --END-- [ RunTime:0.000000s ]
ERR: 无法加载模块:Public

[ 2016-11-26T21:24:49+08:00 ] ::1 /mytest/mingzhi/Public/static/js/jquery-1.10.2.min.map
INFO: [ app_init ] --START--
INFO: Run Behavior\BuildLiteBehavior [ RunTime:0.000000s ]
INFO: [ app_init ] --END-- [ RunTime:0.000000s ]
ERR: 无法加载模块:Public

[ 2016-11-26T21:24:56+08:00 ] ::1 /mytest/mingzhi/Public/static/js/jquery-1.10.2.min.map
INFO: [ app_init ] --START--
INFO: Run Behavior\BuildLiteBehavior [ RunTime:0.000000s ]
INFO: [ app_init ] --END-- [ RunTime:0.000000s ]
ERR: 无法加载模块:Public

[ 2016-11-26T21:25:05+08:00 ] ::1 /mytest/mingzhi/Public/static/js/jquery-1.10.2.min.map
INFO: [ app_init ] --START--
INFO: Run Behavior\BuildLiteBehavior [ RunTime:0.000000s ]
INFO: [ app_init ] --END-- [ RunTime:0.000000s ]
ERR: 无法加载模块:Public

[ 2016-11-26T21:25:36+08:00 ] ::1 /mytest/mingzhi/Public/static/js/jquery-1.10.2.min.map
INFO: [ app_init ] --START--
INFO: Run Behavior\BuildLiteBehavior [ RunTime:0.000000s ]
INFO: [ app_init ] --END-- [ RunTime:0.000000s ]
ERR: 无法加载模块:Public

[ 2016-11-26T21:25:39+08:00 ] ::1 /mytest/mingzhi/Public/Home/images/wowowo.jpg
INFO: [ app_init ] --START--
INFO: Run Behavior\BuildLiteBehavior [ RunTime:0.000000s ]
INFO: [ app_init ] --END-- [ RunTime:0.000000s ]
ERR: 无法加载模块:Public

[ 2016-11-26T21:25:39+08:00 ] ::1 /mytest/mingzhi/Public/static/js/jquery-1.10.2.min.map
INFO: [ app_init ] --START--
INFO: Run Behavior\BuildLiteBehavior [ RunTime:0.000000s ]
INFO: [ app_init ] --END-- [ RunTime:0.000000s ]
ERR: 无法加载模块:Public

[ 2016-11-26T21:25:39+08:00 ] ::1 /mytest/mingzhi/Public/Home/images/wowowo.jpg
INFO: [ app_init ] --START--
INFO: Run Behavior\BuildLiteBehavior [ RunTime:0.000000s ]
INFO: [ app_init ] --END-- [ RunTime:0.000000s ]
ERR: 无法加载模块:Public

[ 2016-11-26T21:25:41+08:00 ] ::1 /mytest/mingzhi/Public/static/js/jquery-1.10.2.min.map
INFO: [ app_init ] --START--
INFO: Run Behavior\BuildLiteBehavior [ RunTime:0.000000s ]
INFO: [ app_init ] --END-- [ RunTime:0.000000s ]
ERR: 无法加载模块:Public

[ 2016-11-26T21:25:43+08:00 ] ::1 /mytest/mingzhi/Public/static/js/jquery-1.10.2.min.map
INFO: [ app_init ] --START--
INFO: Run Behavior\BuildLiteBehavior [ RunTime:0.000000s ]
INFO: [ app_init ] --END-- [ RunTime:0.000000s ]
ERR: 无法加载模块:Public

[ 2016-11-26T21:25:46+08:00 ] ::1 /mytest/mingzhi/Public/static/js/jquery-1.10.2.min.map
INFO: [ app_init ] --START--
INFO: Run Behavior\BuildLiteBehavior [ RunTime:0.000000s ]
INFO: [ app_init ] --END-- [ RunTime:0.000000s ]
ERR: 无法加载模块:Public

[ 2016-11-26T21:25:47+08:00 ] ::1 /mytest/mingzhi/Public/static/js/jquery-1.10.2.min.map
INFO: [ app_init ] --START--
INFO: Run Behavior\BuildLiteBehavior [ RunTime:0.000000s ]
INFO: [ app_init ] --END-- [ RunTime:0.000000s ]
ERR: 无法加载模块:Public

[ 2016-11-26T21:25:50+08:00 ] ::1 /mytest/mingzhi/Public/static/js/jquery-1.10.2.min.map
INFO: [ app_init ] --START--
INFO: Run Behavior\BuildLiteBehavior [ RunTime:0.000000s ]
INFO: [ app_init ] --END-- [ RunTime:0.000000s ]
ERR: 无法加载模块:Public

[ 2016-11-26T21:25:51+08:00 ] ::1 /mytest/mingzhi/Public/static/js/jquery-1.10.2.min.map
INFO: [ app_init ] --START--
INFO: Run Behavior\BuildLiteBehavior [ RunTime:0.000000s ]
INFO: [ app_init ] --END-- [ RunTime:0.000000s ]
ERR: 无法加载模块:Public

[ 2016-11-26T21:25:53+08:00 ] ::1 /mytest/mingzhi/Public/Home/images/wowowo.jpg
INFO: [ app_init ] --START--
INFO: Run Behavior\BuildLiteBehavior [ RunTime:0.000000s ]
INFO: [ app_init ] --END-- [ RunTime:0.000000s ]
ERR: 无法加载模块:Public

[ 2016-11-26T21:25:53+08:00 ] ::1 /mytest/mingzhi/Public/static/js/jquery-1.10.2.min.map
INFO: [ app_init ] --START--
INFO: Run Behavior\BuildLiteBehavior [ RunTime:0.000000s ]
INFO: [ app_init ] --END-- [ RunTime:0.000000s ]
ERR: 无法加载模块:Public

[ 2016-11-26T21:25:53+08:00 ] ::1 /mytest/mingzhi/Public/Home/images/wowowo.jpg
INFO: [ app_init ] --START--
INFO: Run Behavior\BuildLiteBehavior [ RunTime:0.000000s ]
INFO: [ app_init ] --END-- [ RunTime:0.000000s ]
ERR: 无法加载模块:Public

[ 2016-11-26T21:25:57+08:00 ] ::1 /mytest/mingzhi/Public/static/js/jquery-1.10.2.min.map
INFO: [ app_init ] --START--
INFO: Run Behavior\BuildLiteBehavior [ RunTime:0.000000s ]
INFO: [ app_init ] --END-- [ RunTime:0.000000s ]
ERR: 无法加载模块:Public

[ 2016-11-26T21:26:00+08:00 ] ::1 /mytest/mingzhi/Public/static/js/jquery-1.10.2.min.map
INFO: [ app_init ] --START--
INFO: Run Behavior\BuildLiteBehavior [ RunTime:0.000000s ]
INFO: [ app_init ] --END-- [ RunTime:0.000000s ]
ERR: 无法加载模块:Public

[ 2016-11-26T21:27:06+08:00 ] ::1 /mytest/mingzhi/Public/static/js/jquery-1.10.2.min.map
INFO: [ app_init ] --START--
INFO: Run Behavior\BuildLiteBehavior [ RunTime:0.000000s ]
INFO: [ app_init ] --END-- [ RunTime:0.000000s ]
ERR: 无法加载模块:Public

[ 2016-11-26T21:27:08+08:00 ] ::1 /mytest/mingzhi/Public/Home/images/wowowo.jpg
INFO: [ app_init ] --START--
INFO: Run Behavior\BuildLiteBehavior [ RunTime:0.000000s ]
INFO: [ app_init ] --END-- [ RunTime:0.000000s ]
ERR: 无法加载模块:Public

[ 2016-11-26T21:27:08+08:00 ] ::1 /mytest/mingzhi/Public/static/js/jquery-1.10.2.min.map
INFO: [ app_init ] --START--
INFO: Run Behavior\BuildLiteBehavior [ RunTime:0.000000s ]
INFO: [ app_init ] --END-- [ RunTime:0.000000s ]
ERR: 无法加载模块:Public

[ 2016-11-26T21:27:09+08:00 ] ::1 /mytest/mingzhi/Public/Home/images/wowowo.jpg
INFO: [ app_init ] --START--
INFO: Run Behavior\BuildLiteBehavior [ RunTime:0.000000s ]
INFO: [ app_init ] --END-- [ RunTime:0.000000s ]
ERR: 无法加载模块:Public

[ 2016-11-26T21:27:11+08:00 ] ::1 /mytest/mingzhi/Public/static/js/jquery-1.10.2.min.map
INFO: [ app_init ] --START--
INFO: Run Behavior\BuildLiteBehavior [ RunTime:0.000000s ]
INFO: [ app_init ] --END-- [ RunTime:0.000000s ]
ERR: 无法加载模块:Public

[ 2016-11-26T21:27:14+08:00 ] ::1 /mytest/mingzhi/Public/static/js/jquery-1.10.2.min.map
INFO: [ app_init ] --START--
INFO: Run Behavior\BuildLiteBehavior [ RunTime:0.000000s ]
INFO: [ app_init ] --END-- [ RunTime:0.000000s ]
ERR: 无法加载模块:Public

[ 2016-11-26T21:27:19+08:00 ] ::1 /mytest/mingzhi/Public/static/js/jquery-1.10.2.min.map
INFO: [ app_init ] --START--
INFO: Run Behavior\BuildLiteBehavior [ RunTime:0.000000s ]
INFO: [ app_init ] --END-- [ RunTime:0.000000s ]
ERR: 无法加载模块:Public

[ 2016-11-26T21:27:23+08:00 ] ::1 /mytest/mingzhi/Public/static/js/jquery-1.10.2.min.map
INFO: [ app_init ] --START--
INFO: Run Behavior\BuildLiteBehavior [ RunTime:0.000000s ]
INFO: [ app_init ] --END-- [ RunTime:0.000000s ]
ERR: 无法加载模块:Public

[ 2016-11-26T21:27:24+08:00 ] ::1 /mytest/mingzhi/Public/static/js/jquery-1.10.2.min.map
INFO: [ app_init ] --START--
INFO: Run Behavior\BuildLiteBehavior [ RunTime:0.000000s ]
INFO: [ app_init ] --END-- [ RunTime:0.000000s ]
ERR: 无法加载模块:Public

[ 2016-11-26T21:27:27+08:00 ] ::1 /mytest/mingzhi/Public/static/js/jquery-1.10.2.min.map
INFO: [ app_init ] --START--
INFO: Run Behavior\BuildLiteBehavior [ RunTime:0.000000s ]
INFO: [ app_init ] --END-- [ RunTime:0.000000s ]
ERR: 无法加载模块:Public

[ 2016-11-26T21:27:29+08:00 ] ::1 /mytest/mingzhi/Public/Home/images/wowowo.jpg
INFO: [ app_init ] --START--
INFO: Run Behavior\BuildLiteBehavior [ RunTime:0.000000s ]
INFO: [ app_init ] --END-- [ RunTime:0.000000s ]
ERR: 无法加载模块:Public

[ 2016-11-26T21:27:29+08:00 ] ::1 /mytest/mingzhi/Public/static/js/jquery-1.10.2.min.map
INFO: [ app_init ] --START--
INFO: Run Behavior\BuildLiteBehavior [ RunTime:0.000000s ]
INFO: [ app_init ] --END-- [ RunTime:0.000000s ]
ERR: 无法加载模块:Public

[ 2016-11-26T21:27:29+08:00 ] ::1 /mytest/mingzhi/Public/Home/images/wowowo.jpg
INFO: [ app_init ] --START--
INFO: Run Behavior\BuildLiteBehavior [ RunTime:0.000000s ]
INFO: [ app_init ] --END-- [ RunTime:0.000000s ]
ERR: 无法加载模块:Public

[ 2016-11-26T21:27:34+08:00 ] ::1 /mytest/mingzhi/Public/static/js/jquery-1.10.2.min.map
INFO: [ app_init ] --START--
INFO: Run Behavior\BuildLiteBehavior [ RunTime:0.000000s ]
INFO: [ app_init ] --END-- [ RunTime:0.000000s ]
ERR: 无法加载模块:Public

[ 2016-11-26T21:27:44+08:00 ] ::1 /mytest/mingzhi/Public/static/js/jquery-1.10.2.min.map
INFO: [ app_init ] --START--
INFO: Run Behavior\BuildLiteBehavior [ RunTime:0.000000s ]
INFO: [ app_init ] --END-- [ RunTime:0.000000s ]
ERR: 无法加载模块:Public

[ 2016-11-26T21:27:58+08:00 ] ::1 /mytest/mingzhi/Public/static/js/jquery-1.10.2.min.map
INFO: [ app_init ] --START--
INFO: Run Behavior\BuildLiteBehavior [ RunTime:0.000000s ]
INFO: [ app_init ] --END-- [ RunTime:0.000000s ]
ERR: 无法加载模块:Public

[ 2016-11-26T21:28:44+08:00 ] ::1 /mytest/mingzhi/Public/static/js/jquery-1.10.2.min.map
INFO: [ app_init ] --START--
INFO: Run Behavior\BuildLiteBehavior [ RunTime:0.000000s ]
INFO: [ app_init ] --END-- [ RunTime:0.000000s ]
ERR: 无法加载模块:Public

[ 2016-11-26T21:28:51+08:00 ] ::1 /mytest/mingzhi/Public/static/js/jquery-1.10.2.min.map
INFO: [ app_init ] --START--
INFO: Run Behavior\BuildLiteBehavior [ RunTime:0.000000s ]
INFO: [ app_init ] --END-- [ RunTime:0.000000s ]
ERR: 无法加载模块:Public

[ 2016-11-26T21:29:07+08:00 ] ::1 /mytest/mingzhi/Public/static/js/jquery-1.10.2.min.map
INFO: [ app_init ] --START--
INFO: Run Behavior\BuildLiteBehavior [ RunTime:0.000000s ]
INFO: [ app_init ] --END-- [ RunTime:0.000000s ]
ERR: 无法加载模块:Public

[ 2016-11-26T21:29:10+08:00 ] ::1 /mytest/mingzhi/Public/static/js/jquery-1.10.2.min.map
INFO: [ app_init ] --START--
INFO: Run Behavior\BuildLiteBehavior [ RunTime:0.000000s ]
INFO: [ app_init ] --END-- [ RunTime:0.000000s ]
ERR: 无法加载模块:Public

[ 2016-11-26T21:29:26+08:00 ] ::1 /mytest/mingzhi/Public/static/js/jquery-1.10.2.min.map
INFO: [ app_init ] --START--
INFO: Run Behavior\BuildLiteBehavior [ RunTime:0.000000s ]
INFO: [ app_init ] --END-- [ RunTime:0.000000s ]
ERR: 无法加载模块:Public

[ 2016-11-26T21:29:32+08:00 ] ::1 /mytest/mingzhi/Public/static/js/jquery-1.10.2.min.map
INFO: [ app_init ] --START--
INFO: Run Behavior\BuildLiteBehavior [ RunTime:0.000000s ]
INFO: [ app_init ] --END-- [ RunTime:0.000000s ]
ERR: 无法加载模块:Public

[ 2016-11-26T21:31:01+08:00 ] ::1 /mytest/mingzhi/Public/static/js/jquery-1.10.2.min.map
INFO: [ app_init ] --START--
INFO: Run Behavior\BuildLiteBehavior [ RunTime:0.000000s ]
INFO: [ app_init ] --END-- [ RunTime:0.000000s ]
ERR: 无法加载模块:Public

[ 2016-11-26T21:31:07+08:00 ] ::1 /mytest/mingzhi/Public/Home/images/wowowo.jpg
INFO: [ app_init ] --START--
INFO: Run Behavior\BuildLiteBehavior [ RunTime:0.000000s ]
INFO: [ app_init ] --END-- [ RunTime:0.000000s ]
ERR: 无法加载模块:Public

[ 2016-11-26T21:31:07+08:00 ] ::1 /mytest/mingzhi/Public/static/js/jquery-1.10.2.min.map
INFO: [ app_init ] --START--
INFO: Run Behavior\BuildLiteBehavior [ RunTime:0.000000s ]
INFO: [ app_init ] --END-- [ RunTime:0.000000s ]
ERR: 无法加载模块:Public

[ 2016-11-26T21:31:07+08:00 ] ::1 /mytest/mingzhi/Public/Home/images/wowowo.jpg
INFO: [ app_init ] --START--
INFO: Run Behavior\BuildLiteBehavior [ RunTime:0.000000s ]
INFO: [ app_init ] --END-- [ RunTime:0.000000s ]
ERR: 无法加载模块:Public

[ 2016-11-26T21:31:13+08:00 ] ::1 /mytest/mingzhi/Public/static/js/jquery-1.10.2.min.map
INFO: [ app_init ] --START--
INFO: Run Behavior\BuildLiteBehavior [ RunTime:0.000000s ]
INFO: [ app_init ] --END-- [ RunTime:0.000000s ]
ERR: 无法加载模块:Public

[ 2016-11-26T21:31:18+08:00 ] ::1 /mytest/mingzhi/Public/static/js/jquery-1.10.2.min.map
INFO: [ app_init ] --START--
INFO: Run Behavior\BuildLiteBehavior [ RunTime:0.000000s ]
INFO: [ app_init ] --END-- [ RunTime:0.000000s ]
ERR: 无法加载模块:Public

[ 2016-11-26T21:31:20+08:00 ] ::1 /mytest/mingzhi/Public/static/js/jquery-1.10.2.min.map
INFO: [ app_init ] --START--
INFO: Run Behavior\BuildLiteBehavior [ RunTime:0.000000s ]
INFO: [ app_init ] --END-- [ RunTime:0.000000s ]
ERR: 无法加载模块:Public

[ 2016-11-26T21:31:22+08:00 ] ::1 /mytest/mingzhi/Public/static/js/jquery-1.10.2.min.map
INFO: [ app_init ] --START--
INFO: Run Behavior\BuildLiteBehavior [ RunTime:0.000000s ]
INFO: [ app_init ] --END-- [ RunTime:0.000000s ]
ERR: 无法加载模块:Public

[ 2016-11-26T21:31:23+08:00 ] ::1 /mytest/mingzhi/Public/Home/images/wowowo.jpg
INFO: [ app_init ] --START--
INFO: Run Behavior\BuildLiteBehavior [ RunTime:0.000000s ]
INFO: [ app_init ] --END-- [ RunTime:0.000000s ]
ERR: 无法加载模块:Public

[ 2016-11-26T21:31:24+08:00 ] ::1 /mytest/mingzhi/Public/static/js/jquery-1.10.2.min.map
INFO: [ app_init ] --START--
INFO: Run Behavior\BuildLiteBehavior [ RunTime:0.000000s ]
INFO: [ app_init ] --END-- [ RunTime:0.000000s ]
ERR: 无法加载模块:Public

[ 2016-11-26T21:31:24+08:00 ] ::1 /mytest/mingzhi/Public/Home/images/wowowo.jpg
INFO: [ app_init ] --START--
INFO: Run Behavior\BuildLiteBehavior [ RunTime:0.000000s ]
INFO: [ app_init ] --END-- [ RunTime:0.000000s ]
ERR: 无法加载模块:Public

[ 2016-11-26T21:31:26+08:00 ] ::1 /mytest/mingzhi/Public/static/js/jquery-1.10.2.min.map
INFO: [ app_init ] --START--
INFO: Run Behavior\BuildLiteBehavior [ RunTime:0.000000s ]
INFO: [ app_init ] --END-- [ RunTime:0.000000s ]
ERR: 无法加载模块:Public

[ 2016-11-26T21:31:28+08:00 ] ::1 /mytest/mingzhi/Public/static/js/jquery-1.10.2.min.map
INFO: [ app_init ] --START--
INFO: Run Behavior\BuildLiteBehavior [ RunTime:0.000000s ]
INFO: [ app_init ] --END-- [ RunTime:0.000000s ]
ERR: 无法加载模块:Public

[ 2016-11-26T21:31:31+08:00 ] ::1 /mytest/mingzhi/Public/static/js/jquery-1.10.2.min.map
INFO: [ app_init ] --START--
INFO: Run Behavior\BuildLiteBehavior [ RunTime:0.000000s ]
INFO: [ app_init ] --END-- [ RunTime:0.000000s ]
ERR: 无法加载模块:Public

[ 2016-11-26T21:31:34+08:00 ] ::1 /mytest/mingzhi/Public/static/js/jquery-1.10.2.min.map
INFO: [ app_init ] --START--
INFO: Run Behavior\BuildLiteBehavior [ RunTime:0.000000s ]
INFO: [ app_init ] --END-- [ RunTime:0.000000s ]
ERR: 无法加载模块:Public

[ 2016-11-26T21:32:15+08:00 ] ::1 /mytest/mingzhi/Public/static/js/jquery-1.10.2.min.map
INFO: [ app_init ] --START--
INFO: Run Behavior\BuildLiteBehavior [ RunTime:0.000000s ]
INFO: [ app_init ] --END-- [ RunTime:0.000000s ]
ERR: 无法加载模块:Public

[ 2016-11-26T21:34:05+08:00 ] ::1 /mytest/mingzhi/Public/static/js/jquery-1.10.2.min.map
INFO: [ app_init ] --START--
INFO: Run Behavior\BuildLiteBehavior [ RunTime:0.000000s ]
INFO: [ app_init ] --END-- [ RunTime:0.000000s ]
ERR: 无法加载模块:Public

[ 2016-11-26T21:34:07+08:00 ] ::1 /mytest/mingzhi/Public/static/js/jquery-1.10.2.min.map
INFO: [ app_init ] --START--
INFO: Run Behavior\BuildLiteBehavior [ RunTime:0.000000s ]
INFO: [ app_init ] --END-- [ RunTime:0.000000s ]
ERR: 无法加载模块:Public

[ 2016-11-26T21:34:09+08:00 ] ::1 /mytest/mingzhi/Public/static/js/jquery-1.10.2.min.map
INFO: [ app_init ] --START--
INFO: Run Behavior\BuildLiteBehavior [ RunTime:0.000000s ]
INFO: [ app_init ] --END-- [ RunTime:0.000000s ]
ERR: 无法加载模块:Public

[ 2016-11-26T21:34:11+08:00 ] ::1 /mytest/mingzhi/Public/static/js/jquery-1.10.2.min.map
INFO: [ app_init ] --START--
INFO: Run Behavior\BuildLiteBehavior [ RunTime:0.000000s ]
INFO: [ app_init ] --END-- [ RunTime:0.000000s ]
ERR: 无法加载模块:Public

[ 2016-11-26T21:34:13+08:00 ] ::1 /mytest/mingzhi/Public/Home/images/wowowo.jpg
INFO: [ app_init ] --START--
INFO: Run Behavior\BuildLiteBehavior [ RunTime:0.000000s ]
INFO: [ app_init ] --END-- [ RunTime:0.000000s ]
ERR: 无法加载模块:Public

[ 2016-11-26T21:34:13+08:00 ] ::1 /mytest/mingzhi/Public/static/js/jquery-1.10.2.min.map
INFO: [ app_init ] --START--
INFO: Run Behavior\BuildLiteBehavior [ RunTime:0.000000s ]
INFO: [ app_init ] --END-- [ RunTime:0.000000s ]
ERR: 无法加载模块:Public

[ 2016-11-26T21:34:13+08:00 ] ::1 /mytest/mingzhi/Public/Home/images/wowowo.jpg
INFO: [ app_init ] --START--
INFO: Run Behavior\BuildLiteBehavior [ RunTime:0.000000s ]
INFO: [ app_init ] --END-- [ RunTime:0.000000s ]
ERR: 无法加载模块:Public

[ 2016-11-26T21:34:16+08:00 ] ::1 /mytest/mingzhi/Public/static/js/jquery-1.10.2.min.map
INFO: [ app_init ] --START--
INFO: Run Behavior\BuildLiteBehavior [ RunTime:0.000000s ]
INFO: [ app_init ] --END-- [ RunTime:0.000000s ]
ERR: 无法加载模块:Public

[ 2016-11-26T21:34:18+08:00 ] ::1 /mytest/mingzhi/Public/static/js/jquery-1.10.2.min.map
INFO: [ app_init ] --START--
INFO: Run Behavior\BuildLiteBehavior [ RunTime:0.000000s ]
INFO: [ app_init ] --END-- [ RunTime:0.000000s ]
ERR: 无法加载模块:Public

[ 2016-11-26T21:34:25+08:00 ] ::1 /mytest/mingzhi/Public/static/js/jquery-1.10.2.min.map
INFO: [ app_init ] --START--
INFO: Run Behavior\BuildLiteBehavior [ RunTime:0.000000s ]
INFO: [ app_init ] --END-- [ RunTime:0.000000s ]
ERR: 无法加载模块:Public

[ 2016-11-26T21:35:10+08:00 ] ::1 /mytest/mingzhi/Public/static/js/jquery-1.10.2.min.map
INFO: [ app_init ] --START--
INFO: Run Behavior\BuildLiteBehavior [ RunTime:0.000000s ]
INFO: [ app_init ] --END-- [ RunTime:0.001000s ]
ERR: 无法加载模块:Public

[ 2016-11-26T21:35:13+08:00 ] ::1 /mytest/mingzhi/Public/static/js/jquery-1.10.2.min.map
INFO: [ app_init ] --START--
INFO: Run Behavior\BuildLiteBehavior [ RunTime:0.000000s ]
INFO: [ app_init ] --END-- [ RunTime:0.000000s ]
ERR: 无法加载模块:Public

[ 2016-11-26T21:35:14+08:00 ] ::1 /mytest/mingzhi/Public/static/js/jquery-1.10.2.min.map
INFO: [ app_init ] --START--
INFO: Run Behavior\BuildLiteBehavior [ RunTime:0.000000s ]
INFO: [ app_init ] --END-- [ RunTime:0.000000s ]
ERR: 无法加载模块:Public

[ 2016-11-26T21:36:33+08:00 ] ::1 /mytest/mingzhi/Public/static/js/jquery-1.10.2.min.map
INFO: [ app_init ] --START--
INFO: Run Behavior\BuildLiteBehavior [ RunTime:0.000000s ]
INFO: [ app_init ] --END-- [ RunTime:0.000000s ]
ERR: 无法加载模块:Public

[ 2016-11-26T21:36:41+08:00 ] ::1 /mytest/mingzhi/Public/Home/images/wowowo.jpg
INFO: [ app_init ] --START--
INFO: Run Behavior\BuildLiteBehavior [ RunTime:0.000000s ]
INFO: [ app_init ] --END-- [ RunTime:0.000000s ]
ERR: 无法加载模块:Public

[ 2016-11-26T21:36:41+08:00 ] ::1 /mytest/mingzhi/Public/static/js/jquery-1.10.2.min.map
INFO: [ app_init ] --START--
INFO: Run Behavior\BuildLiteBehavior [ RunTime:0.000000s ]
INFO: [ app_init ] --END-- [ RunTime:0.000000s ]
ERR: 无法加载模块:Public

[ 2016-11-26T21:36:41+08:00 ] ::1 /mytest/mingzhi/Public/Home/images/wowowo.jpg
INFO: [ app_init ] --START--
INFO: Run Behavior\BuildLiteBehavior [ RunTime:0.000000s ]
INFO: [ app_init ] --END-- [ RunTime:0.000000s ]
ERR: 无法加载模块:Public

[ 2016-11-26T21:36:43+08:00 ] ::1 /mytest/mingzhi/Public/static/js/jquery-1.10.2.min.map
INFO: [ app_init ] --START--
INFO: Run Behavior\BuildLiteBehavior [ RunTime:0.000000s ]
INFO: [ app_init ] --END-- [ RunTime:0.000000s ]
ERR: 无法加载模块:Public

[ 2016-11-26T21:36:44+08:00 ] ::1 /mytest/mingzhi/Public/static/js/jquery-1.10.2.min.map
INFO: [ app_init ] --START--
INFO: Run Behavior\BuildLiteBehavior [ RunTime:0.000000s ]
INFO: [ app_init ] --END-- [ RunTime:0.000000s ]
ERR: 无法加载模块:Public

[ 2016-11-26T21:36:46+08:00 ] ::1 /mytest/mingzhi/Public/static/js/jquery-1.10.2.min.map
INFO: [ app_init ] --START--
INFO: Run Behavior\BuildLiteBehavior [ RunTime:0.000000s ]
INFO: [ app_init ] --END-- [ RunTime:0.000000s ]
ERR: 无法加载模块:Public

[ 2016-11-26T21:36:49+08:00 ] ::1 /mytest/mingzhi/Public/static/js/jquery-1.10.2.min.map
INFO: [ app_init ] --START--
INFO: Run Behavior\BuildLiteBehavior [ RunTime:0.000000s ]
INFO: [ app_init ] --END-- [ RunTime:0.000000s ]
ERR: 无法加载模块:Public

[ 2016-11-26T21:36:53+08:00 ] ::1 /mytest/mingzhi/Public/static/js/jquery-1.10.2.min.map
INFO: [ app_init ] --START--
INFO: Run Behavior\BuildLiteBehavior [ RunTime:0.000000s ]
INFO: [ app_init ] --END-- [ RunTime:0.000000s ]
ERR: 无法加载模块:Public

[ 2016-11-26T21:36:55+08:00 ] ::1 /mytest/mingzhi/Public/static/js/jquery-1.10.2.min.map
INFO: [ app_init ] --START--
INFO: Run Behavior\BuildLiteBehavior [ RunTime:0.000000s ]
INFO: [ app_init ] --END-- [ RunTime:0.000000s ]
ERR: 无法加载模块:Public

[ 2016-11-26T21:37:08+08:00 ] ::1 /mytest/mingzhi/Public/static/js/jquery-1.10.2.min.map
INFO: [ app_init ] --START--
INFO: Run Behavior\BuildLiteBehavior [ RunTime:0.000000s ]
INFO: [ app_init ] --END-- [ RunTime:0.000000s ]
ERR: 无法加载模块:Public

[ 2016-11-26T21:37:10+08:00 ] ::1 /mytest/mingzhi/Public/static/js/jquery-1.10.2.min.map
INFO: [ app_init ] --START--
INFO: Run Behavior\BuildLiteBehavior [ RunTime:0.000000s ]
INFO: [ app_init ] --END-- [ RunTime:0.000000s ]
ERR: 无法加载模块:Public

[ 2016-11-26T21:37:36+08:00 ] ::1 /mytest/mingzhi/Public/static/js/jquery-1.10.2.min.map
INFO: [ app_init ] --START--
INFO: Run Behavior\BuildLiteBehavior [ RunTime:0.000000s ]
INFO: [ app_init ] --END-- [ RunTime:0.000000s ]
ERR: 无法加载模块:Public

[ 2016-11-26T21:37:40+08:00 ] ::1 /mytest/mingzhi/Public/Home/images/wowowo.jpg
INFO: [ app_init ] --START--
INFO: Run Behavior\BuildLiteBehavior [ RunTime:0.000000s ]
INFO: [ app_init ] --END-- [ RunTime:0.000000s ]
ERR: 无法加载模块:Public

[ 2016-11-26T21:37:40+08:00 ] ::1 /mytest/mingzhi/Public/static/js/jquery-1.10.2.min.map
INFO: [ app_init ] --START--
INFO: Run Behavior\BuildLiteBehavior [ RunTime:0.000000s ]
INFO: [ app_init ] --END-- [ RunTime:0.000000s ]
ERR: 无法加载模块:Public

[ 2016-11-26T21:37:40+08:00 ] ::1 /mytest/mingzhi/Public/Home/images/wowowo.jpg
INFO: [ app_init ] --START--
INFO: Run Behavior\BuildLiteBehavior [ RunTime:0.000000s ]
INFO: [ app_init ] --END-- [ RunTime:0.000000s ]
ERR: 无法加载模块:Public

[ 2016-11-26T21:37:41+08:00 ] ::1 /mytest/mingzhi/Public/static/js/jquery-1.10.2.min.map
INFO: [ app_init ] --START--
INFO: Run Behavior\BuildLiteBehavior [ RunTime:0.000000s ]
INFO: [ app_init ] --END-- [ RunTime:0.000000s ]
ERR: 无法加载模块:Public

[ 2016-11-26T21:37:43+08:00 ] ::1 /mytest/mingzhi/Public/static/js/jquery-1.10.2.min.map
INFO: [ app_init ] --START--
INFO: Run Behavior\BuildLiteBehavior [ RunTime:0.000000s ]
INFO: [ app_init ] --END-- [ RunTime:0.000000s ]
ERR: 无法加载模块:Public

[ 2016-11-26T21:39:26+08:00 ] ::1 /mytest/mingzhi/Public/Home/images/wowowo.jpg
INFO: [ app_init ] --START--
INFO: Run Behavior\BuildLiteBehavior [ RunTime:0.000000s ]
INFO: [ app_init ] --END-- [ RunTime:0.000000s ]
ERR: 无法加载模块:Public

[ 2016-11-26T21:39:27+08:00 ] ::1 /mytest/mingzhi/Public/static/js/jquery-1.10.2.min.map
INFO: [ app_init ] --START--
INFO: Run Behavior\BuildLiteBehavior [ RunTime:0.000000s ]
INFO: [ app_init ] --END-- [ RunTime:0.000000s ]
ERR: 无法加载模块:Public

[ 2016-11-26T21:39:27+08:00 ] ::1 /mytest/mingzhi/Public/Home/images/wowowo.jpg
INFO: [ app_init ] --START--
INFO: Run Behavior\BuildLiteBehavior [ RunTime:0.000000s ]
INFO: [ app_init ] --END-- [ RunTime:0.000000s ]
ERR: 无法加载模块:Public

[ 2016-11-26T21:39:29+08:00 ] ::1 /mytest/mingzhi/Public/static/js/jquery-1.10.2.min.map
INFO: [ app_init ] --START--
INFO: Run Behavior\BuildLiteBehavior [ RunTime:0.000000s ]
INFO: [ app_init ] --END-- [ RunTime:0.000000s ]
ERR: 无法加载模块:Public

[ 2016-11-26T21:39:42+08:00 ] ::1 /mytest/mingzhi/Public/Home/images/wowowo.jpg
INFO: [ app_init ] --START--
INFO: Run Behavior\BuildLiteBehavior [ RunTime:0.000000s ]
INFO: [ app_init ] --END-- [ RunTime:0.000000s ]
ERR: 无法加载模块:Public

[ 2016-11-26T21:39:43+08:00 ] ::1 /mytest/mingzhi/Public/static/js/jquery-1.10.2.min.map
INFO: [ app_init ] --START--
INFO: Run Behavior\BuildLiteBehavior [ RunTime:0.000000s ]
INFO: [ app_init ] --END-- [ RunTime:0.000000s ]
ERR: 无法加载模块:Public

[ 2016-11-26T21:39:43+08:00 ] ::1 /mytest/mingzhi/Public/Home/images/wowowo.jpg
INFO: [ app_init ] --START--
INFO: Run Behavior\BuildLiteBehavior [ RunTime:0.000000s ]
INFO: [ app_init ] --END-- [ RunTime:0.000000s ]
ERR: 无法加载模块:Public

[ 2016-11-26T21:39:45+08:00 ] ::1 /mytest/mingzhi/Public/static/js/jquery-1.10.2.min.map
INFO: [ app_init ] --START--
INFO: Run Behavior\BuildLiteBehavior [ RunTime:0.000000s ]
INFO: [ app_init ] --END-- [ RunTime:0.000000s ]
ERR: 无法加载模块:Public

[ 2016-11-26T21:46:47+08:00 ] ::1 /mytest/mingzhi/Public/static/js/jquery-1.10.2.min.map
INFO: [ app_init ] --START--
INFO: Run Behavior\BuildLiteBehavior [ RunTime:0.000000s ]
INFO: [ app_init ] --END-- [ RunTime:0.000000s ]
ERR: 无法加载模块:Public

[ 2016-11-26T21:46:48+08:00 ] ::1 /mytest/mingzhi/Public/static/js/jquery-1.10.2.min.map
INFO: [ app_init ] --START--
INFO: Run Behavior\BuildLiteBehavior [ RunTime:0.000000s ]
INFO: [ app_init ] --END-- [ RunTime:0.000000s ]
ERR: 无法加载模块:Public

[ 2016-11-26T21:46:50+08:00 ] ::1 /mytest/mingzhi/Public/static/js/jquery-1.10.2.min.map
INFO: [ app_init ] --START--
INFO: Run Behavior\BuildLiteBehavior [ RunTime:0.000000s ]
INFO: [ app_init ] --END-- [ RunTime:0.000000s ]
ERR: 无法加载模块:Public

[ 2016-11-26T21:46:52+08:00 ] ::1 /mytest/mingzhi/Public/static/js/jquery-1.10.2.min.map
INFO: [ app_init ] --START--
INFO: Run Behavior\BuildLiteBehavior [ RunTime:0.000000s ]
INFO: [ app_init ] --END-- [ RunTime:0.000000s ]
ERR: 无法加载模块:Public

[ 2016-11-26T21:46:54+08:00 ] ::1 /mytest/mingzhi/Public/static/js/jquery-1.10.2.min.map
INFO: [ app_init ] --START--
INFO: Run Behavior\BuildLiteBehavior [ RunTime:0.000000s ]
INFO: [ app_init ] --END-- [ RunTime:0.000000s ]
ERR: 无法加载模块:Public

[ 2016-11-26T21:47:14+08:00 ] ::1 /mytest/mingzhi/Public/static/js/jquery-1.10.2.min.map
INFO: [ app_init ] --START--
INFO: Run Behavior\BuildLiteBehavior [ RunTime:0.000000s ]
INFO: [ app_init ] --END-- [ RunTime:0.000000s ]
ERR: 无法加载模块:Public

[ 2016-11-26T21:47:16+08:00 ] ::1 /mytest/mingzhi/Public/static/js/jquery-1.10.2.min.map
INFO: [ app_init ] --START--
INFO: Run Behavior\BuildLiteBehavior [ RunTime:0.000000s ]
INFO: [ app_init ] --END-- [ RunTime:0.000000s ]
ERR: 无法加载模块:Public

[ 2016-11-26T21:47:17+08:00 ] ::1 /mytest/mingzhi/Public/static/js/jquery-1.10.2.min.map
INFO: [ app_init ] --START--
INFO: Run Behavior\BuildLiteBehavior [ RunTime:0.000000s ]
INFO: [ app_init ] --END-- [ RunTime:0.000000s ]
ERR: 无法加载模块:Public

[ 2016-11-26T22:26:33+08:00 ] ::1 /mytest/mingzhi/Public/static/js/jquery-1.10.2.min.map
INFO: [ app_init ] --START--
INFO: Run Behavior\BuildLiteBehavior [ RunTime:0.000000s ]
INFO: [ app_init ] --END-- [ RunTime:0.000000s ]
ERR: 无法加载模块:Public

[ 2016-11-26T23:00:43+08:00 ] ::1 /mytest/mingzhi/Public/static/js/jquery-1.10.2.min.map
INFO: [ app_init ] --START--
INFO: Run Behavior\BuildLiteBehavior [ RunTime:0.000000s ]
INFO: [ app_init ] --END-- [ RunTime:0.000000s ]
ERR: 无法加载模块:Public

