[ 2016-12-15T12:45:12+08:00 ] ::1 /mytest/mingzhi/Public/Home/images/defaultavatar.jpg
INFO: [ app_init ] --START--
INFO: Run Behavior\BuildLiteBehavior [ RunTime:0.000000s ]
INFO: [ app_init ] --END-- [ RunTime:0.000000s ]
ERR: 无法加载模块:Public

[ 2016-12-15T12:45:12+08:00 ] ::1 /mytest/mingzhi/Public/Home/images/defaultavatar.jpg
INFO: [ app_init ] --START--
INFO: Run Behavior\BuildLiteBehavior [ RunTime:0.000000s ]
INFO: [ app_init ] --END-- [ RunTime:0.000000s ]
ERR: 无法加载模块:Public

[ 2016-12-15T13:03:14+08:00 ] ::1 /mytest/mingzhi/Public/Home/images/defaultavatar.jpg
INFO: [ app_init ] --START--
INFO: Run Behavior\BuildLiteBehavior [ RunTime:0.000000s ]
INFO: [ app_init ] --END-- [ RunTime:0.000000s ]
ERR: 无法加载模块:Public

[ 2016-12-15T13:16:59+08:00 ] ::1 /mytest/mingzhi/Public/Home/images/defaultavatar.jpg
INFO: [ app_init ] --START--
INFO: Run Behavior\BuildLiteBehavior [ RunTime:0.000000s ]
INFO: [ app_init ] --END-- [ RunTime:0.000000s ]
ERR: 无法加载模块:Public

[ 2016-12-15T13:17:12+08:00 ] ::1 /mytest/mingzhi/Public/Home/images/defaultavatar.jpg
INFO: [ app_init ] --START--
INFO: Run Behavior\BuildLiteBehavior [ RunTime:0.000000s ]
INFO: [ app_init ] --END-- [ RunTime:0.000000s ]
ERR: 无法加载模块:Public

[ 2016-12-15T13:17:12+08:00 ] ::1 /mytest/mingzhi/Public/Home/images/defaultavatar.jpg
INFO: [ app_init ] --START--
INFO: Run Behavior\BuildLiteBehavior [ RunTime:0.000000s ]
INFO: [ app_init ] --END-- [ RunTime:0.000000s ]
ERR: 无法加载模块:Public

[ 2016-12-15T13:17:13+08:00 ] ::1 /mytest/mingzhi/Public/Home/images/defaultavatar.jpg
INFO: [ app_init ] --START--
INFO: Run Behavior\BuildLiteBehavior [ RunTime:0.000000s ]
INFO: [ app_init ] --END-- [ RunTime:0.000000s ]
ERR: 无法加载模块:Public

[ 2016-12-15T13:17:13+08:00 ] ::1 /mytest/mingzhi/Public/Home/images/defaultavatar.jpg
INFO: [ app_init ] --START--
INFO: Run Behavior\BuildLiteBehavior [ RunTime:0.000000s ]
INFO: [ app_init ] --END-- [ RunTime:0.001000s ]
ERR: 无法加载模块:Public

[ 2016-12-15T13:17:56+08:00 ] ::1 /mytest/mingzhi/Public/Home/images/defaultavatar.jpg
INFO: [ app_init ] --START--
INFO: Run Behavior\BuildLiteBehavior [ RunTime:0.000000s ]
INFO: [ app_init ] --END-- [ RunTime:0.000000s ]
ERR: 无法加载模块:Public

[ 2016-12-15T13:17:56+08:00 ] ::1 /mytest/mingzhi/Public/Home/images/defaultavatar.jpg
INFO: [ app_init ] --START--
INFO: Run Behavior\BuildLiteBehavior [ RunTime:0.000000s ]
INFO: [ app_init ] --END-- [ RunTime:0.000000s ]
ERR: 无法加载模块:Public

[ 2016-12-15T19:03:26+08:00 ] ::1 /mytest/mingzhi/Public/Home/images/defaultavatar.jpg
ERR: 无法加载模块:Public

[ 2016-12-15T19:03:26+08:00 ] ::1 /mytest/mingzhi/Public/Home/images/defaultavatar.jpg
ERR: 无法加载模块:Public

[ 2016-12-15T22:45:26+08:00 ] ::1 /mytest/mingzhi/Public/Home/images/defaultavatar.jpg
ERR: 无法加载模块:Public

