[ 2017-03-02T09:27:39+08:00 ] ::1 /mytest/mingzhi/Uploads/avatar/20161120/58315f7762f80.jpg%20width=
INFO: [ app_init ] --START--
INFO: Run Behavior\BuildLiteBehavior [ RunTime:0.000010s ]
INFO: [ app_init ] --END-- [ RunTime:0.000050s ]
ERR: 无法加载模块:Uploads

[ 2017-03-02T12:47:45+08:00 ] ::1 /mytest/mingzhi/Uploads/avatar/20161120/58315f7762f80.jpg%20width=
INFO: [ app_init ] --START--
INFO: Run Behavior\BuildLiteBehavior [ RunTime:0.000011s ]
INFO: [ app_init ] --END-- [ RunTime:0.000057s ]
ERR: 无法加载模块:Uploads

[ 2017-03-02T12:47:46+08:00 ] ::1 /mytest/mingzhi/Uploads/avatar/20161120/58315f7762f80.jpg%20width=
INFO: [ app_init ] --START--
INFO: Run Behavior\BuildLiteBehavior [ RunTime:0.000011s ]
INFO: [ app_init ] --END-- [ RunTime:0.000050s ]
ERR: 无法加载模块:Uploads

[ 2017-03-02T12:48:33+08:00 ] ::1 /mytest/mingzhi/Uploads/avatar/20161120/58315f7762f80.jpg%20width=
INFO: [ app_init ] --START--
INFO: Run Behavior\BuildLiteBehavior [ RunTime:0.000010s ]
INFO: [ app_init ] --END-- [ RunTime:0.000054s ]
ERR: 无法加载模块:Uploads

[ 2017-03-02T12:49:21+08:00 ] ::1 /mytest/mingzhi/Uploads/avatar/20161120/58315f7762f80.jpg%20width=
INFO: [ app_init ] --START--
INFO: Run Behavior\BuildLiteBehavior [ RunTime:0.000010s ]
INFO: [ app_init ] --END-- [ RunTime:0.000050s ]
ERR: 无法加载模块:Uploads

[ 2017-03-02T12:50:40+08:00 ] ::1 /mytest/mingzhi/Uploads/avatar/20161120/58315f7762f80.jpg%20width=
INFO: [ app_init ] --START--
INFO: Run Behavior\BuildLiteBehavior [ RunTime:0.000010s ]
INFO: [ app_init ] --END-- [ RunTime:0.000049s ]
ERR: 无法加载模块:Uploads

[ 2017-03-02T12:50:41+08:00 ] ::1 /mytest/mingzhi/Uploads/avatar/20161120/58315f7762f80.jpg%20width=
INFO: [ app_init ] --START--
INFO: Run Behavior\BuildLiteBehavior [ RunTime:0.000016s ]
INFO: [ app_init ] --END-- [ RunTime:0.000071s ]
ERR: 无法加载模块:Uploads

[ 2017-03-02T12:51:40+08:00 ] ::1 /mytest/mingzhi/Uploads/avatar/20161120/58315f7762f80.jpg%20width=
INFO: [ app_init ] --START--
INFO: Run Behavior\BuildLiteBehavior [ RunTime:0.000010s ]
INFO: [ app_init ] --END-- [ RunTime:0.000049s ]
ERR: 无法加载模块:Uploads

[ 2017-03-02T12:51:41+08:00 ] ::1 /mytest/mingzhi/Uploads/avatar/20161120/58315f7762f80.jpg%20width=
INFO: [ app_init ] --START--
INFO: Run Behavior\BuildLiteBehavior [ RunTime:0.000011s ]
INFO: [ app_init ] --END-- [ RunTime:0.000054s ]
ERR: 无法加载模块:Uploads

[ 2017-03-02T12:51:51+08:00 ] ::1 /mytest/mingzhi/Uploads/avatar/20161120/58315f7762f80.jpg%20width=
INFO: [ app_init ] --START--
INFO: Run Behavior\BuildLiteBehavior [ RunTime:0.000013s ]
INFO: [ app_init ] --END-- [ RunTime:0.000060s ]
ERR: 无法加载模块:Uploads

[ 2017-03-02T13:09:15+08:00 ] ::1 /mytest/mingzhi/Uploads/avatar/20161120/58315f7762f80.jpg%20width=
INFO: [ app_init ] --START--
INFO: Run Behavior\BuildLiteBehavior [ RunTime:0.000010s ]
INFO: [ app_init ] --END-- [ RunTime:0.000050s ]
ERR: 无法加载模块:Uploads

[ 2017-03-02T13:09:35+08:00 ] ::1 /mytest/mingzhi/Uploads/avatar/20161120/58315f7762f80.jpg%20width=
INFO: [ app_init ] --START--
INFO: Run Behavior\BuildLiteBehavior [ RunTime:0.000010s ]
INFO: [ app_init ] --END-- [ RunTime:0.000051s ]
ERR: 无法加载模块:Uploads

[ 2017-03-02T13:10:41+08:00 ] ::1 /mytest/mingzhi/Uploads/avatar/20161120/58315f7762f80.jpg%20width=
INFO: [ app_init ] --START--
INFO: Run Behavior\BuildLiteBehavior [ RunTime:0.000010s ]
INFO: [ app_init ] --END-- [ RunTime:0.000051s ]
ERR: 无法加载模块:Uploads

[ 2017-03-02T13:10:55+08:00 ] ::1 /mytest/mingzhi/Uploads/avatar/20161120/58315f7762f80.jpg%20width=
INFO: [ app_init ] --START--
INFO: Run Behavior\BuildLiteBehavior [ RunTime:0.000012s ]
INFO: [ app_init ] --END-- [ RunTime:0.000052s ]
ERR: 无法加载模块:Uploads

[ 2017-03-02T13:11:16+08:00 ] ::1 /mytest/mingzhi/Uploads/avatar/20161120/58315f7762f80.jpg%20width=
INFO: [ app_init ] --START--
INFO: Run Behavior\BuildLiteBehavior [ RunTime:0.000023s ]
INFO: [ app_init ] --END-- [ RunTime:0.000077s ]
ERR: 无法加载模块:Uploads

[ 2017-03-02T13:11:34+08:00 ] ::1 /mytest/mingzhi/Uploads/avatar/20161120/58315f7762f80.jpg%20width=
INFO: [ app_init ] --START--
INFO: Run Behavior\BuildLiteBehavior [ RunTime:0.000014s ]
INFO: [ app_init ] --END-- [ RunTime:0.000057s ]
ERR: 无法加载模块:Uploads

[ 2017-03-02T13:11:36+08:00 ] ::1 /mytest/mingzhi/Uploads/avatar/20161120/58315f7762f80.jpg%20width=
INFO: [ app_init ] --START--
INFO: Run Behavior\BuildLiteBehavior [ RunTime:0.000014s ]
INFO: [ app_init ] --END-- [ RunTime:0.000069s ]
ERR: 无法加载模块:Uploads

[ 2017-03-02T13:12:32+08:00 ] ::1 /mytest/mingzhi/Uploads/avatar/20161120/58315f7762f80.jpg%20width=
INFO: [ app_init ] --START--
INFO: Run Behavior\BuildLiteBehavior [ RunTime:0.000015s ]
INFO: [ app_init ] --END-- [ RunTime:0.000059s ]
ERR: 无法加载模块:Uploads

[ 2017-03-02T13:12:35+08:00 ] ::1 /mytest/mingzhi/Uploads/avatar/20161120/58315f7762f80.jpg%20width=
INFO: [ app_init ] --START--
INFO: Run Behavior\BuildLiteBehavior [ RunTime:0.000011s ]
INFO: [ app_init ] --END-- [ RunTime:0.000051s ]
ERR: 无法加载模块:Uploads

[ 2017-03-02T13:13:00+08:00 ] ::1 /mytest/mingzhi/Uploads/avatar/20161120/58315f7762f80.jpg%20width=
INFO: [ app_init ] --START--
INFO: Run Behavior\BuildLiteBehavior [ RunTime:0.000011s ]
INFO: [ app_init ] --END-- [ RunTime:0.000049s ]
ERR: 无法加载模块:Uploads

[ 2017-03-02T13:13:15+08:00 ] ::1 /mytest/mingzhi/Uploads/avatar/20161120/58315f7762f80.jpg%20width=
INFO: [ app_init ] --START--
INFO: Run Behavior\BuildLiteBehavior [ RunTime:0.000011s ]
INFO: [ app_init ] --END-- [ RunTime:0.000052s ]
ERR: 无法加载模块:Uploads

[ 2017-03-02T13:13:17+08:00 ] ::1 /mytest/mingzhi/Uploads/avatar/20161120/58315f7762f80.jpg%20width=
INFO: [ app_init ] --START--
INFO: Run Behavior\BuildLiteBehavior [ RunTime:0.000011s ]
INFO: [ app_init ] --END-- [ RunTime:0.000052s ]
ERR: 无法加载模块:Uploads

[ 2017-03-02T13:13:43+08:00 ] ::1 /mytest/mingzhi/Uploads/avatar/20161120/58315f7762f80.jpg%20width=
INFO: [ app_init ] --START--
INFO: Run Behavior\BuildLiteBehavior [ RunTime:0.000013s ]
INFO: [ app_init ] --END-- [ RunTime:0.000065s ]
ERR: 无法加载模块:Uploads

[ 2017-03-02T13:14:56+08:00 ] ::1 /mytest/mingzhi/Uploads/avatar/20161120/58315f7762f80.jpg%20width=
INFO: [ app_init ] --START--
INFO: Run Behavior\BuildLiteBehavior [ RunTime:0.000013s ]
INFO: [ app_init ] --END-- [ RunTime:0.000067s ]
ERR: 无法加载模块:Uploads

[ 2017-03-02T13:16:04+08:00 ] ::1 /mytest/mingzhi/Uploads/avatar/20161120/58315f7762f80.jpg%20width=
INFO: [ app_init ] --START--
INFO: Run Behavior\BuildLiteBehavior [ RunTime:0.000011s ]
INFO: [ app_init ] --END-- [ RunTime:0.000061s ]
ERR: 无法加载模块:Uploads

[ 2017-03-02T13:16:05+08:00 ] ::1 /mytest/mingzhi/Uploads/avatar/20161120/58315f7762f80.jpg%20width=
INFO: [ app_init ] --START--
INFO: Run Behavior\BuildLiteBehavior [ RunTime:0.000012s ]
INFO: [ app_init ] --END-- [ RunTime:0.000057s ]
ERR: 无法加载模块:Uploads

[ 2017-03-02T13:16:33+08:00 ] ::1 /mytest/mingzhi/Uploads/avatar/20161120/58315f7762f80.jpg%20width=
INFO: [ app_init ] --START--
INFO: Run Behavior\BuildLiteBehavior [ RunTime:0.000010s ]
INFO: [ app_init ] --END-- [ RunTime:0.000051s ]
ERR: 无法加载模块:Uploads

[ 2017-03-02T13:17:00+08:00 ] ::1 /mytest/mingzhi/Uploads/avatar/20161120/58315f7762f80.jpg%20width=
INFO: [ app_init ] --START--
INFO: Run Behavior\BuildLiteBehavior [ RunTime:0.000011s ]
INFO: [ app_init ] --END-- [ RunTime:0.000052s ]
ERR: 无法加载模块:Uploads

[ 2017-03-02T13:17:28+08:00 ] ::1 /mytest/mingzhi/Uploads/avatar/20161120/58315f7762f80.jpg%20width=
INFO: [ app_init ] --START--
INFO: Run Behavior\BuildLiteBehavior [ RunTime:0.000013s ]
INFO: [ app_init ] --END-- [ RunTime:0.000058s ]
ERR: 无法加载模块:Uploads

[ 2017-03-02T13:18:16+08:00 ] ::1 /mytest/mingzhi/Uploads/avatar/20161120/58315f7762f80.jpg%20width=
INFO: [ app_init ] --START--
INFO: Run Behavior\BuildLiteBehavior [ RunTime:0.000011s ]
INFO: [ app_init ] --END-- [ RunTime:0.000053s ]
ERR: 无法加载模块:Uploads

[ 2017-03-02T13:19:03+08:00 ] ::1 /mytest/mingzhi/Uploads/avatar/20161120/58315f7762f80.jpg%20width=
INFO: [ app_init ] --START--
INFO: Run Behavior\BuildLiteBehavior [ RunTime:0.000014s ]
INFO: [ app_init ] --END-- [ RunTime:0.000077s ]
ERR: 无法加载模块:Uploads

[ 2017-03-02T13:19:14+08:00 ] ::1 /mytest/mingzhi/Uploads/avatar/20161120/58315f7762f80.jpg%20width=
INFO: [ app_init ] --START--
INFO: Run Behavior\BuildLiteBehavior [ RunTime:0.000010s ]
INFO: [ app_init ] --END-- [ RunTime:0.000053s ]
ERR: 无法加载模块:Uploads

[ 2017-03-02T13:19:22+08:00 ] ::1 /mytest/mingzhi/Uploads/avatar/20161120/58315f7762f80.jpg%20width=
INFO: [ app_init ] --START--
INFO: Run Behavior\BuildLiteBehavior [ RunTime:0.000014s ]
INFO: [ app_init ] --END-- [ RunTime:0.000068s ]
ERR: 无法加载模块:Uploads

[ 2017-03-02T13:20:49+08:00 ] ::1 /mytest/mingzhi/Uploads/avatar/20161120/58315f7762f80.jpg%20width=
INFO: [ app_init ] --START--
INFO: Run Behavior\BuildLiteBehavior [ RunTime:0.000011s ]
INFO: [ app_init ] --END-- [ RunTime:0.000055s ]
ERR: 无法加载模块:Uploads

[ 2017-03-02T13:23:58+08:00 ] ::1 /mytest/mingzhi/Uploads/avatar/20161120/58315f7762f80.jpg%20width=
INFO: [ app_init ] --START--
INFO: Run Behavior\BuildLiteBehavior [ RunTime:0.000011s ]
INFO: [ app_init ] --END-- [ RunTime:0.000053s ]
ERR: 无法加载模块:Uploads

[ 2017-03-02T13:24:49+08:00 ] ::1 /mytest/mingzhi/Uploads/avatar/20161120/58315f7762f80.jpg%20width=
INFO: [ app_init ] --START--
INFO: Run Behavior\BuildLiteBehavior [ RunTime:0.000013s ]
INFO: [ app_init ] --END-- [ RunTime:0.000058s ]
ERR: 无法加载模块:Uploads

[ 2017-03-02T13:24:50+08:00 ] ::1 /mytest/mingzhi/Uploads/avatar/20161120/58315f7762f80.jpg%20width=
INFO: [ app_init ] --START--
INFO: Run Behavior\BuildLiteBehavior [ RunTime:0.000009s ]
INFO: [ app_init ] --END-- [ RunTime:0.000049s ]
ERR: 无法加载模块:Uploads

[ 2017-03-02T13:25:01+08:00 ] ::1 /mytest/mingzhi/Uploads/avatar/20161120/58315f7762f80.jpg%20width=
INFO: [ app_init ] --START--
INFO: Run Behavior\BuildLiteBehavior [ RunTime:0.000011s ]
INFO: [ app_init ] --END-- [ RunTime:0.000057s ]
ERR: 无法加载模块:Uploads

[ 2017-03-02T13:25:02+08:00 ] ::1 /mytest/mingzhi/Uploads/avatar/20161120/58315f7762f80.jpg%20width=
INFO: [ app_init ] --START--
INFO: Run Behavior\BuildLiteBehavior [ RunTime:0.000012s ]
INFO: [ app_init ] --END-- [ RunTime:0.000060s ]
ERR: 无法加载模块:Uploads

[ 2017-03-02T13:25:51+08:00 ] ::1 /mytest/mingzhi/Uploads/avatar/20161120/58315f7762f80.jpg%20width=
INFO: [ app_init ] --START--
INFO: Run Behavior\BuildLiteBehavior [ RunTime:0.000011s ]
INFO: [ app_init ] --END-- [ RunTime:0.000054s ]
ERR: 无法加载模块:Uploads

[ 2017-03-02T13:25:52+08:00 ] ::1 /mytest/mingzhi/Uploads/avatar/20161120/58315f7762f80.jpg%20width=
INFO: [ app_init ] --START--
INFO: Run Behavior\BuildLiteBehavior [ RunTime:0.000010s ]
INFO: [ app_init ] --END-- [ RunTime:0.000049s ]
ERR: 无法加载模块:Uploads

[ 2017-03-02T13:25:53+08:00 ] ::1 /mytest/mingzhi/Uploads/avatar/20161120/58315f7762f80.jpg%20width=
INFO: [ app_init ] --START--
INFO: Run Behavior\BuildLiteBehavior [ RunTime:0.000011s ]
INFO: [ app_init ] --END-- [ RunTime:0.000052s ]
ERR: 无法加载模块:Uploads

[ 2017-03-02T13:25:55+08:00 ] ::1 /mytest/mingzhi/Uploads/avatar/20161120/58315f7762f80.jpg%20width=
INFO: [ app_init ] --START--
INFO: Run Behavior\BuildLiteBehavior [ RunTime:0.000011s ]
INFO: [ app_init ] --END-- [ RunTime:0.000052s ]
ERR: 无法加载模块:Uploads

[ 2017-03-02T13:26:05+08:00 ] ::1 /mytest/mingzhi/Uploads/avatar/20161120/58315f7762f80.jpg%20width=
INFO: [ app_init ] --START--
INFO: Run Behavior\BuildLiteBehavior [ RunTime:0.000012s ]
INFO: [ app_init ] --END-- [ RunTime:0.000057s ]
ERR: 无法加载模块:Uploads

[ 2017-03-02T13:26:23+08:00 ] ::1 /mytest/mingzhi/Uploads/avatar/20161120/58315f7762f80.jpg%20width=
INFO: [ app_init ] --START--
INFO: Run Behavior\BuildLiteBehavior [ RunTime:0.000014s ]
INFO: [ app_init ] --END-- [ RunTime:0.000066s ]
ERR: 无法加载模块:Uploads

[ 2017-03-02T13:26:24+08:00 ] ::1 /mytest/mingzhi/Uploads/avatar/20161120/58315f7762f80.jpg%20width=
INFO: [ app_init ] --START--
INFO: Run Behavior\BuildLiteBehavior [ RunTime:0.000012s ]
INFO: [ app_init ] --END-- [ RunTime:0.000057s ]
ERR: 无法加载模块:Uploads

[ 2017-03-02T13:26:46+08:00 ] ::1 /mytest/mingzhi/Uploads/avatar/20161120/58315f7762f80.jpg%20width=
INFO: [ app_init ] --START--
INFO: Run Behavior\BuildLiteBehavior [ RunTime:0.000013s ]
INFO: [ app_init ] --END-- [ RunTime:0.000056s ]
ERR: 无法加载模块:Uploads

[ 2017-03-02T13:26:55+08:00 ] ::1 /mytest/mingzhi/Uploads/avatar/20161120/58315f7762f80.jpg%20width=
INFO: [ app_init ] --START--
INFO: Run Behavior\BuildLiteBehavior [ RunTime:0.000010s ]
INFO: [ app_init ] --END-- [ RunTime:0.000048s ]
ERR: 无法加载模块:Uploads

[ 2017-03-02T13:26:56+08:00 ] ::1 /mytest/mingzhi/Uploads/avatar/20161120/58315f7762f80.jpg%20width=
INFO: [ app_init ] --START--
INFO: Run Behavior\BuildLiteBehavior [ RunTime:0.000014s ]
INFO: [ app_init ] --END-- [ RunTime:0.000055s ]
ERR: 无法加载模块:Uploads

[ 2017-03-02T13:27:12+08:00 ] ::1 /mytest/mingzhi/Uploads/avatar/20161120/58315f7762f80.jpg%20width=
INFO: [ app_init ] --START--
INFO: Run Behavior\BuildLiteBehavior [ RunTime:0.000012s ]
INFO: [ app_init ] --END-- [ RunTime:0.000059s ]
ERR: 无法加载模块:Uploads

[ 2017-03-02T13:27:28+08:00 ] ::1 /mytest/mingzhi/Uploads/avatar/20161120/58315f7762f80.jpg%20width=
INFO: [ app_init ] --START--
INFO: Run Behavior\BuildLiteBehavior [ RunTime:0.000011s ]
INFO: [ app_init ] --END-- [ RunTime:0.000057s ]
ERR: 无法加载模块:Uploads

[ 2017-03-02T13:31:51+08:00 ] ::1 /mytest/mingzhi/Uploads/avatar/20161120/58315f7762f80.jpg%20width=
INFO: [ app_init ] --START--
INFO: Run Behavior\BuildLiteBehavior [ RunTime:0.000012s ]
INFO: [ app_init ] --END-- [ RunTime:0.000054s ]
ERR: 无法加载模块:Uploads

[ 2017-03-02T13:33:11+08:00 ] ::1 /mytest/mingzhi/Uploads/avatar/20161120/58315f7762f80.jpg%20width=
INFO: [ app_init ] --START--
INFO: Run Behavior\BuildLiteBehavior [ RunTime:0.000011s ]
INFO: [ app_init ] --END-- [ RunTime:0.000051s ]
ERR: 无法加载模块:Uploads

[ 2017-03-02T13:33:19+08:00 ] ::1 /mytest/mingzhi/Uploads/avatar/20161120/58315f7762f80.jpg%20width=
INFO: [ app_init ] --START--
INFO: Run Behavior\BuildLiteBehavior [ RunTime:0.000012s ]
INFO: [ app_init ] --END-- [ RunTime:0.000058s ]
ERR: 无法加载模块:Uploads

[ 2017-03-02T13:34:01+08:00 ] ::1 /mytest/mingzhi/Uploads/avatar/20161120/58315f7762f80.jpg%20width=
INFO: [ app_init ] --START--
INFO: Run Behavior\BuildLiteBehavior [ RunTime:0.000014s ]
INFO: [ app_init ] --END-- [ RunTime:0.000061s ]
ERR: 无法加载模块:Uploads

[ 2017-03-02T13:34:14+08:00 ] ::1 /mytest/mingzhi/Uploads/avatar/20161120/58315f7762f80.jpg%20width=
INFO: [ app_init ] --START--
INFO: Run Behavior\BuildLiteBehavior [ RunTime:0.000011s ]
INFO: [ app_init ] --END-- [ RunTime:0.000056s ]
ERR: 无法加载模块:Uploads

[ 2017-03-02T13:35:25+08:00 ] ::1 /mytest/mingzhi/Uploads/avatar/20161120/58315f7762f80.jpg%20width=
INFO: [ app_init ] --START--
INFO: Run Behavior\BuildLiteBehavior [ RunTime:0.000014s ]
INFO: [ app_init ] --END-- [ RunTime:0.000078s ]
ERR: 无法加载模块:Uploads

[ 2017-03-02T13:36:21+08:00 ] ::1 /mytest/mingzhi/Uploads/avatar/20161120/58315f7762f80.jpg%20width=
INFO: [ app_init ] --START--
INFO: Run Behavior\BuildLiteBehavior [ RunTime:0.000012s ]
INFO: [ app_init ] --END-- [ RunTime:0.000071s ]
ERR: 无法加载模块:Uploads

[ 2017-03-02T13:36:39+08:00 ] ::1 /mytest/mingzhi/Uploads/avatar/20161120/58315f7762f80.jpg%20width=
INFO: [ app_init ] --START--
INFO: Run Behavior\BuildLiteBehavior [ RunTime:0.000011s ]
INFO: [ app_init ] --END-- [ RunTime:0.000052s ]
ERR: 无法加载模块:Uploads

[ 2017-03-02T13:36:41+08:00 ] ::1 /mytest/mingzhi/Uploads/avatar/20161120/58315f7762f80.jpg%20width=
INFO: [ app_init ] --START--
INFO: Run Behavior\BuildLiteBehavior [ RunTime:0.000011s ]
INFO: [ app_init ] --END-- [ RunTime:0.000053s ]
ERR: 无法加载模块:Uploads

[ 2017-03-02T13:40:27+08:00 ] ::1 /mytest/mingzhi/Uploads/avatar/20161120/58315f7762f80.jpg%20width=
INFO: [ app_init ] --START--
INFO: Run Behavior\BuildLiteBehavior [ RunTime:0.000010s ]
INFO: [ app_init ] --END-- [ RunTime:0.000052s ]
ERR: 无法加载模块:Uploads

[ 2017-03-02T13:40:39+08:00 ] ::1 /mytest/mingzhi/Uploads/avatar/20161120/58315f7762f80.jpg%20width=
INFO: [ app_init ] --START--
INFO: Run Behavior\BuildLiteBehavior [ RunTime:0.000020s ]
INFO: [ app_init ] --END-- [ RunTime:0.000062s ]
ERR: 无法加载模块:Uploads

[ 2017-03-02T13:40:50+08:00 ] ::1 /mytest/mingzhi/Uploads/avatar/20161120/58315f7762f80.jpg%20width=
INFO: [ app_init ] --START--
INFO: Run Behavior\BuildLiteBehavior [ RunTime:0.000015s ]
INFO: [ app_init ] --END-- [ RunTime:0.000063s ]
ERR: 无法加载模块:Uploads

[ 2017-03-02T14:00:20+08:00 ] ::1 /mytest/mingzhi/Uploads/avatar/20161120/58315f7762f80.jpg%20width=
INFO: [ app_init ] --START--
INFO: Run Behavior\BuildLiteBehavior [ RunTime:0.000011s ]
INFO: [ app_init ] --END-- [ RunTime:0.000053s ]
ERR: 无法加载模块:Uploads

[ 2017-03-02T14:11:00+08:00 ] ::1 /mytest/mingzhi/Uploads/avatar/20161120/58315f7762f80.jpg%20width=
INFO: [ app_init ] --START--
INFO: Run Behavior\BuildLiteBehavior [ RunTime:0.000020s ]
INFO: [ app_init ] --END-- [ RunTime:0.000109s ]
ERR: 无法加载模块:Uploads

[ 2017-03-02T14:11:19+08:00 ] ::1 /mytest/mingzhi/Uploads/avatar/20161120/58315f7762f80.jpg%20width=
INFO: [ app_init ] --START--
INFO: Run Behavior\BuildLiteBehavior [ RunTime:0.000011s ]
INFO: [ app_init ] --END-- [ RunTime:0.000060s ]
ERR: 无法加载模块:Uploads

[ 2017-03-02T14:11:28+08:00 ] ::1 /mytest/mingzhi/Uploads/avatar/20161120/58315f7762f80.jpg%20width=
INFO: [ app_init ] --START--
INFO: Run Behavior\BuildLiteBehavior [ RunTime:0.000011s ]
INFO: [ app_init ] --END-- [ RunTime:0.000054s ]
ERR: 无法加载模块:Uploads

[ 2017-03-02T14:12:07+08:00 ] ::1 /mytest/mingzhi/Uploads/avatar/20161120/58315f7762f80.jpg%20width=
INFO: [ app_init ] --START--
INFO: Run Behavior\BuildLiteBehavior [ RunTime:0.000011s ]
INFO: [ app_init ] --END-- [ RunTime:0.000051s ]
ERR: 无法加载模块:Uploads

[ 2017-03-02T14:12:15+08:00 ] ::1 /mytest/mingzhi/Uploads/avatar/20161120/58315f7762f80.jpg%20width=
INFO: [ app_init ] --START--
INFO: Run Behavior\BuildLiteBehavior [ RunTime:0.000014s ]
INFO: [ app_init ] --END-- [ RunTime:0.000065s ]
ERR: 无法加载模块:Uploads

[ 2017-03-02T14:12:17+08:00 ] ::1 /mytest/mingzhi/Uploads/avatar/20161120/58315f7762f80.jpg%20width=
INFO: [ app_init ] --START--
INFO: Run Behavior\BuildLiteBehavior [ RunTime:0.000011s ]
INFO: [ app_init ] --END-- [ RunTime:0.000051s ]
ERR: 无法加载模块:Uploads

[ 2017-03-02T14:12:19+08:00 ] ::1 /mytest/mingzhi/Uploads/avatar/20161120/58315f7762f80.jpg%20width=
INFO: [ app_init ] --START--
INFO: Run Behavior\BuildLiteBehavior [ RunTime:0.000010s ]
INFO: [ app_init ] --END-- [ RunTime:0.000050s ]
ERR: 无法加载模块:Uploads

[ 2017-03-02T14:12:20+08:00 ] ::1 /mytest/mingzhi/Uploads/avatar/20161120/58315f7762f80.jpg%20width=
INFO: [ app_init ] --START--
INFO: Run Behavior\BuildLiteBehavior [ RunTime:0.000012s ]
INFO: [ app_init ] --END-- [ RunTime:0.000052s ]
ERR: 无法加载模块:Uploads

[ 2017-03-02T14:12:25+08:00 ] ::1 /mytest/mingzhi/Uploads/avatar/20161120/58315f7762f80.jpg%20width=
INFO: [ app_init ] --START--
INFO: Run Behavior\BuildLiteBehavior [ RunTime:0.000010s ]
INFO: [ app_init ] --END-- [ RunTime:0.000052s ]
ERR: 无法加载模块:Uploads

[ 2017-03-02T14:12:30+08:00 ] ::1 /mytest/mingzhi/Uploads/avatar/20161120/58315f7762f80.jpg%20width=
INFO: [ app_init ] --START--
INFO: Run Behavior\BuildLiteBehavior [ RunTime:0.000011s ]
INFO: [ app_init ] --END-- [ RunTime:0.000057s ]
ERR: 无法加载模块:Uploads

[ 2017-03-02T14:12:48+08:00 ] ::1 /mytest/mingzhi/Uploads/avatar/20161120/58315f7762f80.jpg%20width=
INFO: [ app_init ] --START--
INFO: Run Behavior\BuildLiteBehavior [ RunTime:0.000012s ]
INFO: [ app_init ] --END-- [ RunTime:0.000060s ]
ERR: 无法加载模块:Uploads

[ 2017-03-02T14:13:18+08:00 ] ::1 /mytest/mingzhi/Uploads/avatar/20161120/58315f7762f80.jpg%20width=
INFO: [ app_init ] --START--
INFO: Run Behavior\BuildLiteBehavior [ RunTime:0.000011s ]
INFO: [ app_init ] --END-- [ RunTime:0.000050s ]
ERR: 无法加载模块:Uploads

[ 2017-03-02T14:13:33+08:00 ] ::1 /mytest/mingzhi/Uploads/avatar/20161120/58315f7762f80.jpg%20width=
INFO: [ app_init ] --START--
INFO: Run Behavior\BuildLiteBehavior [ RunTime:0.000010s ]
INFO: [ app_init ] --END-- [ RunTime:0.000049s ]
ERR: 无法加载模块:Uploads

[ 2017-03-02T14:13:37+08:00 ] ::1 /mytest/mingzhi/Uploads/avatar/20161120/58315f7762f80.jpg%20width=
INFO: [ app_init ] --START--
INFO: Run Behavior\BuildLiteBehavior [ RunTime:0.000031s ]
INFO: [ app_init ] --END-- [ RunTime:0.000139s ]
ERR: 无法加载模块:Uploads

[ 2017-03-02T14:13:48+08:00 ] ::1 /mytest/mingzhi/Uploads/avatar/20161120/58315f7762f80.jpg%20width=
INFO: [ app_init ] --START--
INFO: Run Behavior\BuildLiteBehavior [ RunTime:0.000012s ]
INFO: [ app_init ] --END-- [ RunTime:0.000055s ]
ERR: 无法加载模块:Uploads

[ 2017-03-02T14:14:05+08:00 ] ::1 /mytest/mingzhi/Uploads/avatar/20161120/58315f7762f80.jpg%20width=
INFO: [ app_init ] --START--
INFO: Run Behavior\BuildLiteBehavior [ RunTime:0.000089s ]
INFO: [ app_init ] --END-- [ RunTime:0.000192s ]
ERR: 无法加载模块:Uploads

[ 2017-03-02T14:14:12+08:00 ] ::1 /mytest/mingzhi/Uploads/avatar/20161120/58315f7762f80.jpg%20width=
INFO: [ app_init ] --START--
INFO: Run Behavior\BuildLiteBehavior [ RunTime:0.000013s ]
INFO: [ app_init ] --END-- [ RunTime:0.000056s ]
ERR: 无法加载模块:Uploads

[ 2017-03-02T14:14:15+08:00 ] ::1 /mytest/mingzhi/Uploads/avatar/20161120/58315f7762f80.jpg%20width=
INFO: [ app_init ] --START--
INFO: Run Behavior\BuildLiteBehavior [ RunTime:0.000013s ]
INFO: [ app_init ] --END-- [ RunTime:0.000068s ]
ERR: 无法加载模块:Uploads

[ 2017-03-02T14:14:19+08:00 ] ::1 /mytest/mingzhi/Uploads/avatar/20161120/58315f7762f80.jpg%20width=
INFO: [ app_init ] --START--
INFO: Run Behavior\BuildLiteBehavior [ RunTime:0.000019s ]
INFO: [ app_init ] --END-- [ RunTime:0.000071s ]
ERR: 无法加载模块:Uploads

[ 2017-03-02T14:14:22+08:00 ] ::1 /mytest/mingzhi/Uploads/avatar/20161120/58315f7762f80.jpg%20width=
INFO: [ app_init ] --START--
INFO: Run Behavior\BuildLiteBehavior [ RunTime:0.000012s ]
INFO: [ app_init ] --END-- [ RunTime:0.000053s ]
ERR: 无法加载模块:Uploads

[ 2017-03-02T14:14:52+08:00 ] ::1 /mytest/mingzhi/Uploads/avatar/20161120/58315f7762f80.jpg%20width=
INFO: [ app_init ] --START--
INFO: Run Behavior\BuildLiteBehavior [ RunTime:0.000013s ]
INFO: [ app_init ] --END-- [ RunTime:0.000068s ]
ERR: 无法加载模块:Uploads

[ 2017-03-02T14:15:25+08:00 ] ::1 /mytest/mingzhi/Uploads/avatar/20161120/58315f7762f80.jpg%20width=
INFO: [ app_init ] --START--
INFO: Run Behavior\BuildLiteBehavior [ RunTime:0.000012s ]
INFO: [ app_init ] --END-- [ RunTime:0.000056s ]
ERR: 无法加载模块:Uploads

[ 2017-03-02T14:16:08+08:00 ] ::1 /mytest/mingzhi/Uploads/avatar/20161120/58315f7762f80.jpg%20width=
INFO: [ app_init ] --START--
INFO: Run Behavior\BuildLiteBehavior [ RunTime:0.000014s ]
INFO: [ app_init ] --END-- [ RunTime:0.000065s ]
ERR: 无法加载模块:Uploads

[ 2017-03-02T14:17:09+08:00 ] ::1 /mytest/mingzhi/Uploads/avatar/20161120/58315f7762f80.jpg%20width=
INFO: [ app_init ] --START--
INFO: Run Behavior\BuildLiteBehavior [ RunTime:0.000014s ]
INFO: [ app_init ] --END-- [ RunTime:0.000062s ]
ERR: 无法加载模块:Uploads

[ 2017-03-02T14:17:32+08:00 ] ::1 /mytest/mingzhi/Uploads/avatar/20161120/58315f7762f80.jpg%20width=
INFO: [ app_init ] --START--
INFO: Run Behavior\BuildLiteBehavior [ RunTime:0.000012s ]
INFO: [ app_init ] --END-- [ RunTime:0.000053s ]
ERR: 无法加载模块:Uploads

[ 2017-03-02T14:17:46+08:00 ] ::1 /mytest/mingzhi/Uploads/avatar/20161120/58315f7762f80.jpg%20width=
INFO: [ app_init ] --START--
INFO: Run Behavior\BuildLiteBehavior [ RunTime:0.000011s ]
INFO: [ app_init ] --END-- [ RunTime:0.000060s ]
ERR: 无法加载模块:Uploads

[ 2017-03-02T14:18:19+08:00 ] ::1 /mytest/mingzhi/Uploads/avatar/20161120/58315f7762f80.jpg%20width=
INFO: [ app_init ] --START--
INFO: Run Behavior\BuildLiteBehavior [ RunTime:0.000010s ]
INFO: [ app_init ] --END-- [ RunTime:0.000053s ]
ERR: 无法加载模块:Uploads

[ 2017-03-02T14:19:03+08:00 ] ::1 /mytest/mingzhi/Uploads/avatar/20161120/58315f7762f80.jpg%20width=
INFO: [ app_init ] --START--
INFO: Run Behavior\BuildLiteBehavior [ RunTime:0.000012s ]
INFO: [ app_init ] --END-- [ RunTime:0.000056s ]
ERR: 无法加载模块:Uploads

[ 2017-03-02T14:19:05+08:00 ] ::1 /mytest/mingzhi/Uploads/avatar/20161120/58315f7762f80.jpg%20width=
INFO: [ app_init ] --START--
INFO: Run Behavior\BuildLiteBehavior [ RunTime:0.000012s ]
INFO: [ app_init ] --END-- [ RunTime:0.000052s ]
ERR: 无法加载模块:Uploads

[ 2017-03-02T14:19:40+08:00 ] ::1 /mytest/mingzhi/Uploads/avatar/20161120/58315f7762f80.jpg%20width=
INFO: [ app_init ] --START--
INFO: Run Behavior\BuildLiteBehavior [ RunTime:0.000012s ]
INFO: [ app_init ] --END-- [ RunTime:0.000063s ]
ERR: 无法加载模块:Uploads

[ 2017-03-02T14:19:42+08:00 ] ::1 /mytest/mingzhi/Uploads/avatar/20161120/58315f7762f80.jpg%20width=
INFO: [ app_init ] --START--
INFO: Run Behavior\BuildLiteBehavior [ RunTime:0.000013s ]
INFO: [ app_init ] --END-- [ RunTime:0.000056s ]
ERR: 无法加载模块:Uploads

[ 2017-03-02T14:19:45+08:00 ] ::1 /mytest/mingzhi/Uploads/avatar/20161120/58315f7762f80.jpg%20width=
INFO: [ app_init ] --START--
INFO: Run Behavior\BuildLiteBehavior [ RunTime:0.000011s ]
INFO: [ app_init ] --END-- [ RunTime:0.000054s ]
ERR: 无法加载模块:Uploads

[ 2017-03-02T14:19:47+08:00 ] ::1 /mytest/mingzhi/Uploads/avatar/20161120/58315f7762f80.jpg%20width=
INFO: [ app_init ] --START--
INFO: Run Behavior\BuildLiteBehavior [ RunTime:0.000019s ]
INFO: [ app_init ] --END-- [ RunTime:0.000073s ]
ERR: 无法加载模块:Uploads

[ 2017-03-02T14:19:52+08:00 ] ::1 /mytest/mingzhi/Uploads/avatar/20161120/58315f7762f80.jpg%20width=
INFO: [ app_init ] --START--
INFO: Run Behavior\BuildLiteBehavior [ RunTime:0.000012s ]
INFO: [ app_init ] --END-- [ RunTime:0.000054s ]
ERR: 无法加载模块:Uploads

[ 2017-03-02T14:20:28+08:00 ] ::1 /mytest/mingzhi/Uploads/avatar/20161120/58315f7762f80.jpg%20width=
INFO: [ app_init ] --START--
INFO: Run Behavior\BuildLiteBehavior [ RunTime:0.000011s ]
INFO: [ app_init ] --END-- [ RunTime:0.000055s ]
ERR: 无法加载模块:Uploads

[ 2017-03-02T14:20:31+08:00 ] ::1 /mytest/mingzhi/Uploads/avatar/20161120/58315f7762f80.jpg%20width=
INFO: [ app_init ] --START--
INFO: Run Behavior\BuildLiteBehavior [ RunTime:0.000012s ]
INFO: [ app_init ] --END-- [ RunTime:0.000057s ]
ERR: 无法加载模块:Uploads

[ 2017-03-02T14:20:32+08:00 ] ::1 /mytest/mingzhi/Uploads/avatar/20161120/58315f7762f80.jpg%20width=
INFO: [ app_init ] --START--
INFO: Run Behavior\BuildLiteBehavior [ RunTime:0.000012s ]
INFO: [ app_init ] --END-- [ RunTime:0.000057s ]
ERR: 无法加载模块:Uploads

[ 2017-03-02T14:20:36+08:00 ] ::1 /mytest/mingzhi/Uploads/avatar/20161120/58315f7762f80.jpg%20width=
INFO: [ app_init ] --START--
INFO: Run Behavior\BuildLiteBehavior [ RunTime:0.000011s ]
INFO: [ app_init ] --END-- [ RunTime:0.000072s ]
ERR: 无法加载模块:Uploads

[ 2017-03-02T14:20:41+08:00 ] ::1 /mytest/mingzhi/Uploads/avatar/20161120/58315f7762f80.jpg%20width=
INFO: [ app_init ] --START--
INFO: Run Behavior\BuildLiteBehavior [ RunTime:0.000012s ]
INFO: [ app_init ] --END-- [ RunTime:0.000055s ]
ERR: 无法加载模块:Uploads

[ 2017-03-02T14:21:18+08:00 ] ::1 /mytest/mingzhi/Uploads/avatar/20161120/58315f7762f80.jpg%20width=
INFO: [ app_init ] --START--
INFO: Run Behavior\BuildLiteBehavior [ RunTime:0.000013s ]
INFO: [ app_init ] --END-- [ RunTime:0.000060s ]
ERR: 无法加载模块:Uploads

[ 2017-03-02T14:22:40+08:00 ] ::1 /mytest/mingzhi/Uploads/avatar/20161120/58315f7762f80.jpg%20width=
INFO: [ app_init ] --START--
INFO: Run Behavior\BuildLiteBehavior [ RunTime:0.000011s ]
INFO: [ app_init ] --END-- [ RunTime:0.000052s ]
ERR: 无法加载模块:Uploads

[ 2017-03-02T14:23:16+08:00 ] ::1 /mytest/mingzhi/Uploads/avatar/20161120/58315f7762f80.jpg%20width=
INFO: [ app_init ] --START--
INFO: Run Behavior\BuildLiteBehavior [ RunTime:0.000012s ]
INFO: [ app_init ] --END-- [ RunTime:0.000057s ]
ERR: 无法加载模块:Uploads

[ 2017-03-02T14:23:46+08:00 ] ::1 /mytest/mingzhi/Uploads/avatar/20161120/58315f7762f80.jpg%20width=
INFO: [ app_init ] --START--
INFO: Run Behavior\BuildLiteBehavior [ RunTime:0.000010s ]
INFO: [ app_init ] --END-- [ RunTime:0.000051s ]
ERR: 无法加载模块:Uploads

[ 2017-03-02T14:24:13+08:00 ] ::1 /mytest/mingzhi/Uploads/avatar/20161120/58315f7762f80.jpg%20width=
INFO: [ app_init ] --START--
INFO: Run Behavior\BuildLiteBehavior [ RunTime:0.000019s ]
INFO: [ app_init ] --END-- [ RunTime:0.000068s ]
ERR: 无法加载模块:Uploads

[ 2017-03-02T14:24:34+08:00 ] ::1 /mytest/mingzhi/Uploads/avatar/20161120/58315f7762f80.jpg%20width=
INFO: [ app_init ] --START--
INFO: Run Behavior\BuildLiteBehavior [ RunTime:0.000011s ]
INFO: [ app_init ] --END-- [ RunTime:0.000052s ]
ERR: 无法加载模块:Uploads

[ 2017-03-02T14:24:56+08:00 ] ::1 /mytest/mingzhi/Uploads/avatar/20161120/58315f7762f80.jpg%20width=
INFO: [ app_init ] --START--
INFO: Run Behavior\BuildLiteBehavior [ RunTime:0.000015s ]
INFO: [ app_init ] --END-- [ RunTime:0.000074s ]
ERR: 无法加载模块:Uploads

[ 2017-03-02T14:24:58+08:00 ] ::1 /mytest/mingzhi/Uploads/avatar/20161120/58315f7762f80.jpg%20width=
INFO: [ app_init ] --START--
INFO: Run Behavior\BuildLiteBehavior [ RunTime:0.000033s ]
INFO: [ app_init ] --END-- [ RunTime:0.000152s ]
ERR: 无法加载模块:Uploads

[ 2017-03-02T14:25:02+08:00 ] ::1 /mytest/mingzhi/Uploads/avatar/20161120/58315f7762f80.jpg%20width=
INFO: [ app_init ] --START--
INFO: Run Behavior\BuildLiteBehavior [ RunTime:0.000014s ]
INFO: [ app_init ] --END-- [ RunTime:0.000068s ]
ERR: 无法加载模块:Uploads

[ 2017-03-02T14:25:11+08:00 ] ::1 /mytest/mingzhi/Uploads/avatar/20161120/58315f7762f80.jpg%20width=
INFO: [ app_init ] --START--
INFO: Run Behavior\BuildLiteBehavior [ RunTime:0.000014s ]
INFO: [ app_init ] --END-- [ RunTime:0.000060s ]
ERR: 无法加载模块:Uploads

[ 2017-03-02T14:25:20+08:00 ] ::1 /mytest/mingzhi/Uploads/avatar/20161120/58315f7762f80.jpg%20width=
INFO: [ app_init ] --START--
INFO: Run Behavior\BuildLiteBehavior [ RunTime:0.000013s ]
INFO: [ app_init ] --END-- [ RunTime:0.000063s ]
ERR: 无法加载模块:Uploads

[ 2017-03-02T14:26:01+08:00 ] ::1 /mytest/mingzhi/Uploads/avatar/20161120/58315f7762f80.jpg%20width=
INFO: [ app_init ] --START--
INFO: Run Behavior\BuildLiteBehavior [ RunTime:0.000011s ]
INFO: [ app_init ] --END-- [ RunTime:0.000057s ]
ERR: 无法加载模块:Uploads

[ 2017-03-02T14:26:13+08:00 ] ::1 /mytest/mingzhi/Uploads/avatar/20161120/58315f7762f80.jpg%20width=
INFO: [ app_init ] --START--
INFO: Run Behavior\BuildLiteBehavior [ RunTime:0.000011s ]
INFO: [ app_init ] --END-- [ RunTime:0.000052s ]
ERR: 无法加载模块:Uploads

[ 2017-03-02T14:29:44+08:00 ] ::1 /mytest/mingzhi/Uploads/avatar/20161120/58315f7762f80.jpg%20width=
INFO: [ app_init ] --START--
INFO: Run Behavior\BuildLiteBehavior [ RunTime:0.000011s ]
INFO: [ app_init ] --END-- [ RunTime:0.000049s ]
ERR: 无法加载模块:Uploads

[ 2017-03-02T14:29:52+08:00 ] ::1 /mytest/mingzhi/Uploads/avatar/20161120/58315f7762f80.jpg%20width=
INFO: [ app_init ] --START--
INFO: Run Behavior\BuildLiteBehavior [ RunTime:0.000013s ]
INFO: [ app_init ] --END-- [ RunTime:0.000057s ]
ERR: 无法加载模块:Uploads

[ 2017-03-02T14:29:58+08:00 ] ::1 /mytest/mingzhi/Uploads/avatar/20161120/58315f7762f80.jpg%20width=
INFO: [ app_init ] --START--
INFO: Run Behavior\BuildLiteBehavior [ RunTime:0.000012s ]
INFO: [ app_init ] --END-- [ RunTime:0.000056s ]
ERR: 无法加载模块:Uploads

[ 2017-03-02T14:32:37+08:00 ] ::1 /mytest/mingzhi/Uploads/avatar/20161120/58315f7762f80.jpg%20width=
INFO: [ app_init ] --START--
INFO: Run Behavior\BuildLiteBehavior [ RunTime:0.000036s ]
INFO: [ app_init ] --END-- [ RunTime:0.000161s ]
ERR: 无法加载模块:Uploads

[ 2017-03-02T14:39:05+08:00 ] ::1 /mytest/mingzhi/Uploads/avatar/20161120/58315f7762f80.jpg%20width=
INFO: [ app_init ] --START--
INFO: Run Behavior\BuildLiteBehavior [ RunTime:0.000012s ]
INFO: [ app_init ] --END-- [ RunTime:0.000056s ]
ERR: 无法加载模块:Uploads

[ 2017-03-02T14:43:12+08:00 ] ::1 /mytest/mingzhi/Uploads/avatar/20161120/58315f7762f80.jpg%20width=
INFO: [ app_init ] --START--
INFO: Run Behavior\BuildLiteBehavior [ RunTime:0.000012s ]
INFO: [ app_init ] --END-- [ RunTime:0.000055s ]
ERR: 无法加载模块:Uploads

[ 2017-03-02T14:43:50+08:00 ] ::1 /mytest/mingzhi/Uploads/avatar/20161120/58315f7762f80.jpg%20width=
INFO: [ app_init ] --START--
INFO: Run Behavior\BuildLiteBehavior [ RunTime:0.000011s ]
INFO: [ app_init ] --END-- [ RunTime:0.000056s ]
ERR: 无法加载模块:Uploads

[ 2017-03-02T14:44:07+08:00 ] ::1 /mytest/mingzhi/Uploads/avatar/20161120/58315f7762f80.jpg%20width=
INFO: [ app_init ] --START--
INFO: Run Behavior\BuildLiteBehavior [ RunTime:0.000011s ]
INFO: [ app_init ] --END-- [ RunTime:0.000051s ]
ERR: 无法加载模块:Uploads

[ 2017-03-02T14:44:22+08:00 ] ::1 /mytest/mingzhi/Uploads/avatar/20161120/58315f7762f80.jpg%20width=
INFO: [ app_init ] --START--
INFO: Run Behavior\BuildLiteBehavior [ RunTime:0.000010s ]
INFO: [ app_init ] --END-- [ RunTime:0.000052s ]
ERR: 无法加载模块:Uploads

[ 2017-03-02T14:44:36+08:00 ] ::1 /mytest/mingzhi/Uploads/avatar/20161120/58315f7762f80.jpg%20width=
INFO: [ app_init ] --START--
INFO: Run Behavior\BuildLiteBehavior [ RunTime:0.000029s ]
INFO: [ app_init ] --END-- [ RunTime:0.000077s ]
ERR: 无法加载模块:Uploads

[ 2017-03-02T14:44:49+08:00 ] ::1 /mytest/mingzhi/Uploads/avatar/20161120/58315f7762f80.jpg%20width=
INFO: [ app_init ] --START--
INFO: Run Behavior\BuildLiteBehavior [ RunTime:0.000013s ]
INFO: [ app_init ] --END-- [ RunTime:0.000063s ]
ERR: 无法加载模块:Uploads

[ 2017-03-02T14:44:51+08:00 ] ::1 /mytest/mingzhi/Uploads/avatar/20161120/58315f7762f80.jpg%20width=
INFO: [ app_init ] --START--
INFO: Run Behavior\BuildLiteBehavior [ RunTime:0.000013s ]
INFO: [ app_init ] --END-- [ RunTime:0.000060s ]
ERR: 无法加载模块:Uploads

[ 2017-03-02T14:45:26+08:00 ] ::1 /mytest/mingzhi/Uploads/avatar/20161120/58315f7762f80.jpg%20width=
INFO: [ app_init ] --START--
INFO: Run Behavior\BuildLiteBehavior [ RunTime:0.000013s ]
INFO: [ app_init ] --END-- [ RunTime:0.000062s ]
ERR: 无法加载模块:Uploads

[ 2017-03-02T14:45:28+08:00 ] ::1 /mytest/mingzhi/Uploads/avatar/20161120/58315f7762f80.jpg%20width=
INFO: [ app_init ] --START--
INFO: Run Behavior\BuildLiteBehavior [ RunTime:0.000015s ]
INFO: [ app_init ] --END-- [ RunTime:0.000077s ]
ERR: 无法加载模块:Uploads

[ 2017-03-02T14:45:34+08:00 ] ::1 /mytest/mingzhi/Uploads/avatar/20161120/58315f7762f80.jpg%20width=
INFO: [ app_init ] --START--
INFO: Run Behavior\BuildLiteBehavior [ RunTime:0.000009s ]
INFO: [ app_init ] --END-- [ RunTime:0.000048s ]
ERR: 无法加载模块:Uploads

[ 2017-03-02T14:45:34+08:00 ] ::1 /mytest/mingzhi/Uploads/avatar/20161120/58315f7762f80.jpg%20width=
INFO: [ app_init ] --START--
INFO: Run Behavior\BuildLiteBehavior [ RunTime:0.000011s ]
INFO: [ app_init ] --END-- [ RunTime:0.000055s ]
ERR: 无法加载模块:Uploads

[ 2017-03-02T14:45:56+08:00 ] ::1 /mytest/mingzhi/Uploads/avatar/20161120/58315f7762f80.jpg%20width=
INFO: [ app_init ] --START--
INFO: Run Behavior\BuildLiteBehavior [ RunTime:0.000010s ]
INFO: [ app_init ] --END-- [ RunTime:0.000056s ]
ERR: 无法加载模块:Uploads

[ 2017-03-02T14:45:59+08:00 ] ::1 /mytest/mingzhi/Uploads/avatar/20161120/58315f7762f80.jpg%20width=
INFO: [ app_init ] --START--
INFO: Run Behavior\BuildLiteBehavior [ RunTime:0.000021s ]
INFO: [ app_init ] --END-- [ RunTime:0.000094s ]
ERR: 无法加载模块:Uploads

[ 2017-03-02T14:46:09+08:00 ] ::1 /mytest/mingzhi/Uploads/avatar/20161120/58315f7762f80.jpg%20width=
INFO: [ app_init ] --START--
INFO: Run Behavior\BuildLiteBehavior [ RunTime:0.000011s ]
INFO: [ app_init ] --END-- [ RunTime:0.000053s ]
ERR: 无法加载模块:Uploads

[ 2017-03-02T14:46:14+08:00 ] ::1 /mytest/mingzhi/Uploads/avatar/20161120/58315f7762f80.jpg%20width=
INFO: [ app_init ] --START--
INFO: Run Behavior\BuildLiteBehavior [ RunTime:0.000011s ]
INFO: [ app_init ] --END-- [ RunTime:0.000052s ]
ERR: 无法加载模块:Uploads

[ 2017-03-02T14:46:27+08:00 ] ::1 /mytest/mingzhi/Uploads/avatar/20161120/58315f7762f80.jpg%20width=
INFO: [ app_init ] --START--
INFO: Run Behavior\BuildLiteBehavior [ RunTime:0.000011s ]
INFO: [ app_init ] --END-- [ RunTime:0.000051s ]
ERR: 无法加载模块:Uploads

[ 2017-03-02T14:46:48+08:00 ] ::1 /mytest/mingzhi/Uploads/avatar/20161120/58315f7762f80.jpg%20width=
INFO: [ app_init ] --START--
INFO: Run Behavior\BuildLiteBehavior [ RunTime:0.000012s ]
INFO: [ app_init ] --END-- [ RunTime:0.000058s ]
ERR: 无法加载模块:Uploads

[ 2017-03-02T14:47:05+08:00 ] ::1 /mytest/mingzhi/Uploads/avatar/20161120/58315f7762f80.jpg%20width=
INFO: [ app_init ] --START--
INFO: Run Behavior\BuildLiteBehavior [ RunTime:0.000013s ]
INFO: [ app_init ] --END-- [ RunTime:0.000055s ]
ERR: 无法加载模块:Uploads

[ 2017-03-02T14:47:30+08:00 ] ::1 /mytest/mingzhi/Uploads/avatar/20161120/58315f7762f80.jpg%20width=
INFO: [ app_init ] --START--
INFO: Run Behavior\BuildLiteBehavior [ RunTime:0.000039s ]
INFO: [ app_init ] --END-- [ RunTime:0.000129s ]
ERR: 无法加载模块:Uploads

[ 2017-03-02T14:47:43+08:00 ] ::1 /mytest/mingzhi/Uploads/avatar/20161120/58315f7762f80.jpg%20width=
INFO: [ app_init ] --START--
INFO: Run Behavior\BuildLiteBehavior [ RunTime:0.000010s ]
INFO: [ app_init ] --END-- [ RunTime:0.000050s ]
ERR: 无法加载模块:Uploads

[ 2017-03-02T14:47:55+08:00 ] ::1 /mytest/mingzhi/Uploads/avatar/20161120/58315f7762f80.jpg%20width=
INFO: [ app_init ] --START--
INFO: Run Behavior\BuildLiteBehavior [ RunTime:0.000014s ]
INFO: [ app_init ] --END-- [ RunTime:0.000061s ]
ERR: 无法加载模块:Uploads

[ 2017-03-02T14:48:10+08:00 ] ::1 /mytest/mingzhi/Uploads/avatar/20161120/58315f7762f80.jpg%20width=
INFO: [ app_init ] --START--
INFO: Run Behavior\BuildLiteBehavior [ RunTime:0.000010s ]
INFO: [ app_init ] --END-- [ RunTime:0.000053s ]
ERR: 无法加载模块:Uploads

[ 2017-03-02T14:48:17+08:00 ] ::1 /mytest/mingzhi/Uploads/avatar/20161120/58315f7762f80.jpg%20width=
INFO: [ app_init ] --START--
INFO: Run Behavior\BuildLiteBehavior [ RunTime:0.000011s ]
INFO: [ app_init ] --END-- [ RunTime:0.000054s ]
ERR: 无法加载模块:Uploads

[ 2017-03-02T14:48:46+08:00 ] ::1 /mytest/mingzhi/Uploads/avatar/20161120/58315f7762f80.jpg%20width=
INFO: [ app_init ] --START--
INFO: Run Behavior\BuildLiteBehavior [ RunTime:0.000011s ]
INFO: [ app_init ] --END-- [ RunTime:0.000050s ]
ERR: 无法加载模块:Uploads

[ 2017-03-02T14:48:54+08:00 ] ::1 /mytest/mingzhi/Uploads/avatar/20161120/58315f7762f80.jpg%20width=
INFO: [ app_init ] --START--
INFO: Run Behavior\BuildLiteBehavior [ RunTime:0.000011s ]
INFO: [ app_init ] --END-- [ RunTime:0.000053s ]
ERR: 无法加载模块:Uploads

[ 2017-03-02T14:49:02+08:00 ] ::1 /mytest/mingzhi/Uploads/avatar/20161120/58315f7762f80.jpg%20width=
INFO: [ app_init ] --START--
INFO: Run Behavior\BuildLiteBehavior [ RunTime:0.000010s ]
INFO: [ app_init ] --END-- [ RunTime:0.000052s ]
ERR: 无法加载模块:Uploads

[ 2017-03-02T14:49:15+08:00 ] ::1 /mytest/mingzhi/Uploads/avatar/20161120/58315f7762f80.jpg%20width=
INFO: [ app_init ] --START--
INFO: Run Behavior\BuildLiteBehavior [ RunTime:0.000010s ]
INFO: [ app_init ] --END-- [ RunTime:0.000050s ]
ERR: 无法加载模块:Uploads

[ 2017-03-02T14:49:59+08:00 ] ::1 /mytest/mingzhi/Uploads/avatar/20161120/58315f7762f80.jpg%20width=
INFO: [ app_init ] --START--
INFO: Run Behavior\BuildLiteBehavior [ RunTime:0.000010s ]
INFO: [ app_init ] --END-- [ RunTime:0.000050s ]
ERR: 无法加载模块:Uploads

[ 2017-03-02T14:50:28+08:00 ] ::1 /mytest/mingzhi/Uploads/avatar/20161120/58315f7762f80.jpg%20width=
INFO: [ app_init ] --START--
INFO: Run Behavior\BuildLiteBehavior [ RunTime:0.000014s ]
INFO: [ app_init ] --END-- [ RunTime:0.000063s ]
ERR: 无法加载模块:Uploads

[ 2017-03-02T14:50:49+08:00 ] ::1 /mytest/mingzhi/Uploads/avatar/20161120/58315f7762f80.jpg%20width=
INFO: [ app_init ] --START--
INFO: Run Behavior\BuildLiteBehavior [ RunTime:0.000013s ]
INFO: [ app_init ] --END-- [ RunTime:0.000059s ]
ERR: 无法加载模块:Uploads

[ 2017-03-02T14:50:59+08:00 ] ::1 /mytest/mingzhi/Uploads/avatar/20161120/58315f7762f80.jpg%20width=
INFO: [ app_init ] --START--
INFO: Run Behavior\BuildLiteBehavior [ RunTime:0.000010s ]
INFO: [ app_init ] --END-- [ RunTime:0.000071s ]
ERR: 无法加载模块:Uploads

[ 2017-03-02T14:51:07+08:00 ] ::1 /mytest/mingzhi/Uploads/avatar/20161120/58315f7762f80.jpg%20width=
INFO: [ app_init ] --START--
INFO: Run Behavior\BuildLiteBehavior [ RunTime:0.000014s ]
INFO: [ app_init ] --END-- [ RunTime:0.000059s ]
ERR: 无法加载模块:Uploads

[ 2017-03-02T14:51:33+08:00 ] ::1 /mytest/mingzhi/Uploads/avatar/20161120/58315f7762f80.jpg%20width=
INFO: [ app_init ] --START--
INFO: Run Behavior\BuildLiteBehavior [ RunTime:0.000013s ]
INFO: [ app_init ] --END-- [ RunTime:0.000057s ]
ERR: 无法加载模块:Uploads

[ 2017-03-02T14:52:58+08:00 ] ::1 /mytest/mingzhi/Uploads/avatar/20161120/58315f7762f80.jpg%20width=
INFO: [ app_init ] --START--
INFO: Run Behavior\BuildLiteBehavior [ RunTime:0.000012s ]
INFO: [ app_init ] --END-- [ RunTime:0.000056s ]
ERR: 无法加载模块:Uploads

[ 2017-03-02T14:57:04+08:00 ] ::1 /mytest/mingzhi/Uploads/avatar/20161120/58315f7762f80.jpg%20width=
INFO: [ app_init ] --START--
INFO: Run Behavior\BuildLiteBehavior [ RunTime:0.000012s ]
INFO: [ app_init ] --END-- [ RunTime:0.000053s ]
ERR: 无法加载模块:Uploads

[ 2017-03-02T14:57:38+08:00 ] ::1 /mytest/mingzhi/Uploads/avatar/20161120/58315f7762f80.jpg%20width=
INFO: [ app_init ] --START--
INFO: Run Behavior\BuildLiteBehavior [ RunTime:0.000012s ]
INFO: [ app_init ] --END-- [ RunTime:0.000058s ]
ERR: 无法加载模块:Uploads

[ 2017-03-02T14:57:49+08:00 ] ::1 /mytest/mingzhi/Uploads/avatar/20161120/58315f7762f80.jpg%20width=
INFO: [ app_init ] --START--
INFO: Run Behavior\BuildLiteBehavior [ RunTime:0.000014s ]
INFO: [ app_init ] --END-- [ RunTime:0.000060s ]
ERR: 无法加载模块:Uploads

[ 2017-03-02T14:58:02+08:00 ] ::1 /mytest/mingzhi/Uploads/avatar/20161120/58315f7762f80.jpg%20width=
INFO: [ app_init ] --START--
INFO: Run Behavior\BuildLiteBehavior [ RunTime:0.000011s ]
INFO: [ app_init ] --END-- [ RunTime:0.000055s ]
ERR: 无法加载模块:Uploads

[ 2017-03-02T14:58:30+08:00 ] ::1 /mytest/mingzhi/Uploads/avatar/20161120/58315f7762f80.jpg%20width=
INFO: [ app_init ] --START--
INFO: Run Behavior\BuildLiteBehavior [ RunTime:0.000015s ]
INFO: [ app_init ] --END-- [ RunTime:0.000064s ]
ERR: 无法加载模块:Uploads

[ 2017-03-02T15:02:18+08:00 ] ::1 /mytest/mingzhi/Uploads/avatar/20161120/58315f7762f80.jpg%20width=
INFO: [ app_init ] --START--
INFO: Run Behavior\BuildLiteBehavior [ RunTime:0.000010s ]
INFO: [ app_init ] --END-- [ RunTime:0.000049s ]
ERR: 无法加载模块:Uploads

[ 2017-03-02T15:02:24+08:00 ] ::1 /mytest/mingzhi/Uploads/avatar/20161120/58315f7762f80.jpg%20width=
INFO: [ app_init ] --START--
INFO: Run Behavior\BuildLiteBehavior [ RunTime:0.000011s ]
INFO: [ app_init ] --END-- [ RunTime:0.000056s ]
ERR: 无法加载模块:Uploads

[ 2017-03-02T15:03:24+08:00 ] ::1 /mytest/mingzhi/Uploads/avatar/20161120/58315f7762f80.jpg%20width=
INFO: [ app_init ] --START--
INFO: Run Behavior\BuildLiteBehavior [ RunTime:0.000031s ]
INFO: [ app_init ] --END-- [ RunTime:0.000129s ]
ERR: 无法加载模块:Uploads

[ 2017-03-02T15:09:22+08:00 ] ::1 /mytest/mingzhi/Uploads/avatar/20161120/58315f7762f80.jpg%20width=
INFO: [ app_init ] --START--
INFO: Run Behavior\BuildLiteBehavior [ RunTime:0.000011s ]
INFO: [ app_init ] --END-- [ RunTime:0.000050s ]
ERR: 无法加载模块:Uploads

[ 2017-03-02T15:09:37+08:00 ] ::1 /mytest/mingzhi/Uploads/avatar/20161120/58315f7762f80.jpg%20width=
INFO: [ app_init ] --START--
INFO: Run Behavior\BuildLiteBehavior [ RunTime:0.000011s ]
INFO: [ app_init ] --END-- [ RunTime:0.000054s ]
ERR: 无法加载模块:Uploads

[ 2017-03-02T15:09:50+08:00 ] ::1 /mytest/mingzhi/Uploads/avatar/20161120/58315f7762f80.jpg%20width=
INFO: [ app_init ] --START--
INFO: Run Behavior\BuildLiteBehavior [ RunTime:0.000011s ]
INFO: [ app_init ] --END-- [ RunTime:0.000057s ]
ERR: 无法加载模块:Uploads

[ 2017-03-02T15:09:56+08:00 ] ::1 /mytest/mingzhi/Uploads/avatar/20161120/58315f7762f80.jpg%20width=
INFO: [ app_init ] --START--
INFO: Run Behavior\BuildLiteBehavior [ RunTime:0.000011s ]
INFO: [ app_init ] --END-- [ RunTime:0.000055s ]
ERR: 无法加载模块:Uploads

[ 2017-03-02T15:09:59+08:00 ] ::1 /mytest/mingzhi/Uploads/avatar/20161120/58315f7762f80.jpg%20width=
INFO: [ app_init ] --START--
INFO: Run Behavior\BuildLiteBehavior [ RunTime:0.000013s ]
INFO: [ app_init ] --END-- [ RunTime:0.000058s ]
ERR: 无法加载模块:Uploads

[ 2017-03-02T15:10:11+08:00 ] ::1 /mytest/mingzhi/Uploads/avatar/20161120/58315f7762f80.jpg%20width=
INFO: [ app_init ] --START--
INFO: Run Behavior\BuildLiteBehavior [ RunTime:0.000011s ]
INFO: [ app_init ] --END-- [ RunTime:0.000052s ]
ERR: 无法加载模块:Uploads

[ 2017-03-02T15:10:14+08:00 ] ::1 /mytest/mingzhi/Uploads/avatar/20161120/58315f7762f80.jpg%20width=
INFO: [ app_init ] --START--
INFO: Run Behavior\BuildLiteBehavior [ RunTime:0.000012s ]
INFO: [ app_init ] --END-- [ RunTime:0.000055s ]
ERR: 无法加载模块:Uploads

[ 2017-03-02T15:10:46+08:00 ] ::1 /mytest/mingzhi/Uploads/avatar/20161120/58315f7762f80.jpg%20width=
INFO: [ app_init ] --START--
INFO: Run Behavior\BuildLiteBehavior [ RunTime:0.000012s ]
INFO: [ app_init ] --END-- [ RunTime:0.000060s ]
ERR: 无法加载模块:Uploads

[ 2017-03-02T15:11:19+08:00 ] ::1 /mytest/mingzhi/Uploads/avatar/20161120/58315f7762f80.jpg%20width=
INFO: [ app_init ] --START--
INFO: Run Behavior\BuildLiteBehavior [ RunTime:0.000009s ]
INFO: [ app_init ] --END-- [ RunTime:0.000048s ]
ERR: 无法加载模块:Uploads

[ 2017-03-02T15:12:03+08:00 ] ::1 /mytest/mingzhi/Uploads/avatar/20161120/58315f7762f80.jpg%20width=
INFO: [ app_init ] --START--
INFO: Run Behavior\BuildLiteBehavior [ RunTime:0.000012s ]
INFO: [ app_init ] --END-- [ RunTime:0.000062s ]
ERR: 无法加载模块:Uploads

[ 2017-03-02T15:14:10+08:00 ] ::1 /mytest/mingzhi/Uploads/avatar/20161120/58315f7762f80.jpg%20width=
INFO: [ app_init ] --START--
INFO: Run Behavior\BuildLiteBehavior [ RunTime:0.000013s ]
INFO: [ app_init ] --END-- [ RunTime:0.000055s ]
ERR: 无法加载模块:Uploads

[ 2017-03-02T15:14:25+08:00 ] ::1 /mytest/mingzhi/Uploads/avatar/20161120/58315f7762f80.jpg%20width=
INFO: [ app_init ] --START--
INFO: Run Behavior\BuildLiteBehavior [ RunTime:0.000011s ]
INFO: [ app_init ] --END-- [ RunTime:0.000058s ]
ERR: 无法加载模块:Uploads

[ 2017-03-02T15:14:31+08:00 ] ::1 /mytest/mingzhi/Uploads/avatar/20161120/58315f7762f80.jpg%20width=
INFO: [ app_init ] --START--
INFO: Run Behavior\BuildLiteBehavior [ RunTime:0.000025s ]
INFO: [ app_init ] --END-- [ RunTime:0.000068s ]
ERR: 无法加载模块:Uploads

[ 2017-03-02T15:16:52+08:00 ] ::1 /mytest/mingzhi/Uploads/avatar/20161120/58315f7762f80.jpg%20width=
INFO: [ app_init ] --START--
INFO: Run Behavior\BuildLiteBehavior [ RunTime:0.000010s ]
INFO: [ app_init ] --END-- [ RunTime:0.000049s ]
ERR: 无法加载模块:Uploads

[ 2017-03-02T15:17:39+08:00 ] ::1 /mytest/mingzhi/Uploads/avatar/20161120/58315f7762f80.jpg%20width=
INFO: [ app_init ] --START--
INFO: Run Behavior\BuildLiteBehavior [ RunTime:0.000012s ]
INFO: [ app_init ] --END-- [ RunTime:0.000060s ]
ERR: 无法加载模块:Uploads

[ 2017-03-02T15:21:19+08:00 ] ::1 /mytest/mingzhi/Uploads/avatar/20161120/58315f7762f80.jpg%20width=
INFO: [ app_init ] --START--
INFO: Run Behavior\BuildLiteBehavior [ RunTime:0.000013s ]
INFO: [ app_init ] --END-- [ RunTime:0.000058s ]
ERR: 无法加载模块:Uploads

[ 2017-03-02T15:21:26+08:00 ] ::1 /mytest/mingzhi/Uploads/avatar/20161120/58315f7762f80.jpg%20width=
INFO: [ app_init ] --START--
INFO: Run Behavior\BuildLiteBehavior [ RunTime:0.000016s ]
INFO: [ app_init ] --END-- [ RunTime:0.000060s ]
ERR: 无法加载模块:Uploads

[ 2017-03-02T15:22:52+08:00 ] ::1 /mytest/mingzhi/Uploads/avatar/20161120/58315f7762f80.jpg%20width=
INFO: [ app_init ] --START--
INFO: Run Behavior\BuildLiteBehavior [ RunTime:0.000031s ]
INFO: [ app_init ] --END-- [ RunTime:0.000161s ]
ERR: 无法加载模块:Uploads

[ 2017-03-02T15:22:58+08:00 ] ::1 /mytest/mingzhi/Uploads/avatar/20161120/58315f7762f80.jpg%20width=
INFO: [ app_init ] --START--
INFO: Run Behavior\BuildLiteBehavior [ RunTime:0.000030s ]
INFO: [ app_init ] --END-- [ RunTime:0.000087s ]
ERR: 无法加载模块:Uploads

[ 2017-03-02T15:23:25+08:00 ] ::1 /mytest/mingzhi/Uploads/avatar/20161120/58315f7762f80.jpg%20width=
INFO: [ app_init ] --START--
INFO: Run Behavior\BuildLiteBehavior [ RunTime:0.000011s ]
INFO: [ app_init ] --END-- [ RunTime:0.000054s ]
ERR: 无法加载模块:Uploads

[ 2017-03-02T15:23:25+08:00 ] ::1 /mytest/mingzhi/Uploads/avatar/20161120/58315f7762f80.jpg%20width=
INFO: [ app_init ] --START--
INFO: Run Behavior\BuildLiteBehavior [ RunTime:0.000011s ]
INFO: [ app_init ] --END-- [ RunTime:0.000052s ]
ERR: 无法加载模块:Uploads

[ 2017-03-02T15:26:35+08:00 ] ::1 /mytest/mingzhi/Uploads/avatar/20161120/58315f7762f80.jpg%20width=
INFO: [ app_init ] --START--
INFO: Run Behavior\BuildLiteBehavior [ RunTime:0.000014s ]
INFO: [ app_init ] --END-- [ RunTime:0.000067s ]
ERR: 无法加载模块:Uploads

[ 2017-03-02T15:27:02+08:00 ] ::1 /mytest/mingzhi/Uploads/avatar/20161120/58315f7762f80.jpg%20width=
INFO: [ app_init ] --START--
INFO: Run Behavior\BuildLiteBehavior [ RunTime:0.000014s ]
INFO: [ app_init ] --END-- [ RunTime:0.000061s ]
ERR: 无法加载模块:Uploads

[ 2017-03-02T15:29:14+08:00 ] ::1 /mytest/mingzhi/Uploads/avatar/20161120/58315f7762f80.jpg%20width=
INFO: [ app_init ] --START--
INFO: Run Behavior\BuildLiteBehavior [ RunTime:0.000010s ]
INFO: [ app_init ] --END-- [ RunTime:0.000050s ]
ERR: 无法加载模块:Uploads

[ 2017-03-02T15:29:54+08:00 ] ::1 /mytest/mingzhi/Uploads/avatar/20161120/58315f7762f80.jpg%20width=
INFO: [ app_init ] --START--
INFO: Run Behavior\BuildLiteBehavior [ RunTime:0.000011s ]
INFO: [ app_init ] --END-- [ RunTime:0.000051s ]
ERR: 无法加载模块:Uploads

[ 2017-03-02T15:29:58+08:00 ] ::1 /mytest/mingzhi/Uploads/avatar/20161120/58315f7762f80.jpg%20width=
INFO: [ app_init ] --START--
INFO: Run Behavior\BuildLiteBehavior [ RunTime:0.000011s ]
INFO: [ app_init ] --END-- [ RunTime:0.000052s ]
ERR: 无法加载模块:Uploads

[ 2017-03-02T15:30:06+08:00 ] ::1 /mytest/mingzhi/Uploads/avatar/20161120/58315f7762f80.jpg%20width=
INFO: [ app_init ] --START--
INFO: Run Behavior\BuildLiteBehavior [ RunTime:0.000012s ]
INFO: [ app_init ] --END-- [ RunTime:0.000057s ]
ERR: 无法加载模块:Uploads

[ 2017-03-02T15:43:05+08:00 ] ::1 /mytest/mingzhi/Uploads/avatar/20161120/58315f7762f80.jpg%20width=
INFO: [ app_init ] --START--
INFO: Run Behavior\BuildLiteBehavior [ RunTime:0.000011s ]
INFO: [ app_init ] --END-- [ RunTime:0.000054s ]
ERR: 无法加载模块:Uploads

[ 2017-03-02T15:43:11+08:00 ] ::1 /mytest/mingzhi/Uploads/avatar/20161120/58315f7762f80.jpg%20width=
INFO: [ app_init ] --START--
INFO: Run Behavior\BuildLiteBehavior [ RunTime:0.000015s ]
INFO: [ app_init ] --END-- [ RunTime:0.000071s ]
ERR: 无法加载模块:Uploads

[ 2017-03-02T15:43:36+08:00 ] ::1 /mytest/mingzhi/Uploads/avatar/20161120/58315f7762f80.jpg%20width=
INFO: [ app_init ] --START--
INFO: Run Behavior\BuildLiteBehavior [ RunTime:0.000011s ]
INFO: [ app_init ] --END-- [ RunTime:0.000051s ]
ERR: 无法加载模块:Uploads

[ 2017-03-02T15:43:50+08:00 ] ::1 /mytest/mingzhi/Uploads/avatar/20161120/58315f7762f80.jpg%20width=
INFO: [ app_init ] --START--
INFO: Run Behavior\BuildLiteBehavior [ RunTime:0.000012s ]
INFO: [ app_init ] --END-- [ RunTime:0.000065s ]
ERR: 无法加载模块:Uploads

[ 2017-03-02T15:47:47+08:00 ] ::1 /mytest/mingzhi/Uploads/avatar/20161120/58315f7762f80.jpg%20width=
INFO: [ app_init ] --START--
INFO: Run Behavior\BuildLiteBehavior [ RunTime:0.000010s ]
INFO: [ app_init ] --END-- [ RunTime:0.000050s ]
ERR: 无法加载模块:Uploads

[ 2017-03-02T15:48:01+08:00 ] ::1 /mytest/mingzhi/Uploads/avatar/20161120/58315f7762f80.jpg%20width=
INFO: [ app_init ] --START--
INFO: Run Behavior\BuildLiteBehavior [ RunTime:0.000011s ]
INFO: [ app_init ] --END-- [ RunTime:0.000053s ]
ERR: 无法加载模块:Uploads

[ 2017-03-02T15:50:38+08:00 ] ::1 /mytest/mingzhi/Uploads/avatar/20161120/58315f7762f80.jpg%20width=
INFO: [ app_init ] --START--
INFO: Run Behavior\BuildLiteBehavior [ RunTime:0.000010s ]
INFO: [ app_init ] --END-- [ RunTime:0.000054s ]
ERR: 无法加载模块:Uploads

[ 2017-03-02T15:52:07+08:00 ] ::1 /mytest/mingzhi/Uploads/avatar/20161120/58315f7762f80.jpg%20width=
INFO: [ app_init ] --START--
INFO: Run Behavior\BuildLiteBehavior [ RunTime:0.000014s ]
INFO: [ app_init ] --END-- [ RunTime:0.000061s ]
ERR: 无法加载模块:Uploads

[ 2017-03-02T15:52:35+08:00 ] ::1 /mytest/mingzhi/Uploads/avatar/20161120/58315f7762f80.jpg%20width=
INFO: [ app_init ] --START--
INFO: Run Behavior\BuildLiteBehavior [ RunTime:0.000012s ]
INFO: [ app_init ] --END-- [ RunTime:0.000057s ]
ERR: 无法加载模块:Uploads

[ 2017-03-02T15:53:50+08:00 ] ::1 /mytest/mingzhi/Uploads/avatar/20161120/58315f7762f80.jpg%20width=
INFO: [ app_init ] --START--
INFO: Run Behavior\BuildLiteBehavior [ RunTime:0.000012s ]
INFO: [ app_init ] --END-- [ RunTime:0.000055s ]
ERR: 无法加载模块:Uploads

[ 2017-03-02T15:53:51+08:00 ] ::1 /mytest/mingzhi/Uploads/avatar/20161120/58315f7762f80.jpg%20width=
INFO: [ app_init ] --START--
INFO: Run Behavior\BuildLiteBehavior [ RunTime:0.000009s ]
INFO: [ app_init ] --END-- [ RunTime:0.000048s ]
ERR: 无法加载模块:Uploads

[ 2017-03-02T15:58:40+08:00 ] ::1 /mytest/mingzhi/Uploads/avatar/20161120/58315f7762f80.jpg%20width=
INFO: [ app_init ] --START--
INFO: Run Behavior\BuildLiteBehavior [ RunTime:0.000011s ]
INFO: [ app_init ] --END-- [ RunTime:0.000052s ]
ERR: 无法加载模块:Uploads

[ 2017-03-02T16:00:53+08:00 ] ::1 /mytest/mingzhi/Uploads/avatar/20161120/58315f7762f80.jpg%20width=
INFO: [ app_init ] --START--
INFO: Run Behavior\BuildLiteBehavior [ RunTime:0.000009s ]
INFO: [ app_init ] --END-- [ RunTime:0.000050s ]
ERR: 无法加载模块:Uploads

[ 2017-03-02T16:03:09+08:00 ] ::1 /mytest/mingzhi/Uploads/avatar/20161120/58315f7762f80.jpg%20width=
INFO: [ app_init ] --START--
INFO: Run Behavior\BuildLiteBehavior [ RunTime:0.000010s ]
INFO: [ app_init ] --END-- [ RunTime:0.000049s ]
ERR: 无法加载模块:Uploads

[ 2017-03-02T16:03:25+08:00 ] ::1 /mytest/mingzhi/Uploads/avatar/20161120/58315f7762f80.jpg%20width=
INFO: [ app_init ] --START--
INFO: Run Behavior\BuildLiteBehavior [ RunTime:0.000010s ]
INFO: [ app_init ] --END-- [ RunTime:0.000046s ]
ERR: 无法加载模块:Uploads

[ 2017-03-02T16:03:25+08:00 ] ::1 /mytest/mingzhi/Uploads/avatar/20161120/58315f7762f80.jpg%20width=
INFO: [ app_init ] --START--
INFO: Run Behavior\BuildLiteBehavior [ RunTime:0.000012s ]
INFO: [ app_init ] --END-- [ RunTime:0.000052s ]
ERR: 无法加载模块:Uploads

[ 2017-03-02T16:05:33+08:00 ] ::1 /mytest/mingzhi/Uploads/avatar/20161120/58315f7762f80.jpg%20width=
INFO: [ app_init ] --START--
INFO: Run Behavior\BuildLiteBehavior [ RunTime:0.000012s ]
INFO: [ app_init ] --END-- [ RunTime:0.000054s ]
ERR: 无法加载模块:Uploads

[ 2017-03-02T16:05:43+08:00 ] ::1 /mytest/mingzhi/Uploads/avatar/20161120/58315f7762f80.jpg%20width=
INFO: [ app_init ] --START--
INFO: Run Behavior\BuildLiteBehavior [ RunTime:0.000009s ]
INFO: [ app_init ] --END-- [ RunTime:0.000047s ]
ERR: 无法加载模块:Uploads

[ 2017-03-02T16:05:44+08:00 ] ::1 /mytest/mingzhi/Uploads/avatar/20161120/58315f7762f80.jpg%20width=
INFO: [ app_init ] --START--
INFO: Run Behavior\BuildLiteBehavior [ RunTime:0.000010s ]
INFO: [ app_init ] --END-- [ RunTime:0.000049s ]
ERR: 无法加载模块:Uploads

[ 2017-03-02T16:07:31+08:00 ] ::1 /mytest/mingzhi/Uploads/avatar/20161120/58315f7762f80.jpg%20width=
INFO: [ app_init ] --START--
INFO: Run Behavior\BuildLiteBehavior [ RunTime:0.000012s ]
INFO: [ app_init ] --END-- [ RunTime:0.000057s ]
ERR: 无法加载模块:Uploads

[ 2017-03-02T16:07:41+08:00 ] ::1 /mytest/mingzhi/Uploads/avatar/20161120/58315f7762f80.jpg%20width=
INFO: [ app_init ] --START--
INFO: Run Behavior\BuildLiteBehavior [ RunTime:0.000010s ]
INFO: [ app_init ] --END-- [ RunTime:0.000050s ]
ERR: 无法加载模块:Uploads

[ 2017-03-02T16:07:41+08:00 ] ::1 /mytest/mingzhi/Uploads/avatar/20161120/58315f7762f80.jpg%20width=
INFO: [ app_init ] --START--
INFO: Run Behavior\BuildLiteBehavior [ RunTime:0.000011s ]
INFO: [ app_init ] --END-- [ RunTime:0.000056s ]
ERR: 无法加载模块:Uploads

[ 2017-03-02T16:08:18+08:00 ] ::1 /mytest/mingzhi/Uploads/avatar/20161120/58315f7762f80.jpg%20width=
INFO: [ app_init ] --START--
INFO: Run Behavior\BuildLiteBehavior [ RunTime:0.000010s ]
INFO: [ app_init ] --END-- [ RunTime:0.000049s ]
ERR: 无法加载模块:Uploads

[ 2017-03-02T16:08:19+08:00 ] ::1 /mytest/mingzhi/Uploads/avatar/20161120/58315f7762f80.jpg%20width=
INFO: [ app_init ] --START--
INFO: Run Behavior\BuildLiteBehavior [ RunTime:0.000009s ]
INFO: [ app_init ] --END-- [ RunTime:0.000050s ]
ERR: 无法加载模块:Uploads

[ 2017-03-02T16:09:00+08:00 ] ::1 /mytest/mingzhi/Uploads/avatar/20161120/58315f7762f80.jpg%20width=
INFO: [ app_init ] --START--
INFO: Run Behavior\BuildLiteBehavior [ RunTime:0.000014s ]
INFO: [ app_init ] --END-- [ RunTime:0.000057s ]
ERR: 无法加载模块:Uploads

[ 2017-03-02T16:09:00+08:00 ] ::1 /mytest/mingzhi/Uploads/avatar/20161120/58315f7762f80.jpg%20width=
INFO: [ app_init ] --START--
INFO: Run Behavior\BuildLiteBehavior [ RunTime:0.000011s ]
INFO: [ app_init ] --END-- [ RunTime:0.000059s ]
ERR: 无法加载模块:Uploads

[ 2017-03-02T16:09:32+08:00 ] ::1 /mytest/mingzhi/Uploads/avatar/20161120/58315f7762f80.jpg%20width=
INFO: [ app_init ] --START--
INFO: Run Behavior\BuildLiteBehavior [ RunTime:0.000010s ]
INFO: [ app_init ] --END-- [ RunTime:0.000051s ]
ERR: 无法加载模块:Uploads

[ 2017-03-02T16:09:48+08:00 ] ::1 /mytest/mingzhi/Uploads/avatar/20161120/58315f7762f80.jpg%20width=
INFO: [ app_init ] --START--
INFO: Run Behavior\BuildLiteBehavior [ RunTime:0.000010s ]
INFO: [ app_init ] --END-- [ RunTime:0.000048s ]
ERR: 无法加载模块:Uploads

[ 2017-03-02T16:09:48+08:00 ] ::1 /mytest/mingzhi/Uploads/avatar/20161120/58315f7762f80.jpg%20width=
INFO: [ app_init ] --START--
INFO: Run Behavior\BuildLiteBehavior [ RunTime:0.000012s ]
INFO: [ app_init ] --END-- [ RunTime:0.000054s ]
ERR: 无法加载模块:Uploads

[ 2017-03-02T16:10:13+08:00 ] ::1 /mytest/mingzhi/Uploads/avatar/20161120/58315f7762f80.jpg%20width=
INFO: [ app_init ] --START--
INFO: Run Behavior\BuildLiteBehavior [ RunTime:0.000010s ]
INFO: [ app_init ] --END-- [ RunTime:0.000050s ]
ERR: 无法加载模块:Uploads

[ 2017-03-02T16:10:14+08:00 ] ::1 /mytest/mingzhi/Uploads/avatar/20161120/58315f7762f80.jpg%20width=
INFO: [ app_init ] --START--
INFO: Run Behavior\BuildLiteBehavior [ RunTime:0.000010s ]
INFO: [ app_init ] --END-- [ RunTime:0.000050s ]
ERR: 无法加载模块:Uploads

[ 2017-03-02T16:10:32+08:00 ] ::1 /mytest/mingzhi/Uploads/avatar/20161120/58315f7762f80.jpg%20width=
INFO: [ app_init ] --START--
INFO: Run Behavior\BuildLiteBehavior [ RunTime:0.000010s ]
INFO: [ app_init ] --END-- [ RunTime:0.000051s ]
ERR: 无法加载模块:Uploads

[ 2017-03-02T16:10:32+08:00 ] ::1 /mytest/mingzhi/Uploads/avatar/20161120/58315f7762f80.jpg%20width=
INFO: [ app_init ] --START--
INFO: Run Behavior\BuildLiteBehavior [ RunTime:0.000012s ]
INFO: [ app_init ] --END-- [ RunTime:0.000055s ]
ERR: 无法加载模块:Uploads

[ 2017-03-02T16:11:03+08:00 ] ::1 /mytest/mingzhi/Uploads/avatar/20161120/58315f7762f80.jpg%20width=
INFO: [ app_init ] --START--
INFO: Run Behavior\BuildLiteBehavior [ RunTime:0.000010s ]
INFO: [ app_init ] --END-- [ RunTime:0.000049s ]
ERR: 无法加载模块:Uploads

[ 2017-03-02T16:11:15+08:00 ] ::1 /mytest/mingzhi/Uploads/avatar/20161120/58315f7762f80.jpg%20width=
INFO: [ app_init ] --START--
INFO: Run Behavior\BuildLiteBehavior [ RunTime:0.000010s ]
INFO: [ app_init ] --END-- [ RunTime:0.000050s ]
ERR: 无法加载模块:Uploads

[ 2017-03-02T16:11:15+08:00 ] ::1 /mytest/mingzhi/Uploads/avatar/20161120/58315f7762f80.jpg%20width=
INFO: [ app_init ] --START--
INFO: Run Behavior\BuildLiteBehavior [ RunTime:0.000012s ]
INFO: [ app_init ] --END-- [ RunTime:0.000056s ]
ERR: 无法加载模块:Uploads

[ 2017-03-02T16:51:56+08:00 ] ::1 /mytest/mingzhi/Uploads/avatar/20161120/58315f7762f80.jpg%20width=
INFO: [ app_init ] --START--
INFO: Run Behavior\BuildLiteBehavior [ RunTime:0.000012s ]
INFO: [ app_init ] --END-- [ RunTime:0.000055s ]
ERR: 无法加载模块:Uploads

[ 2017-03-02T16:53:15+08:00 ] ::1 /mytest/mingzhi/Uploads/avatar/20161120/58315f7762f80.jpg%20width=
INFO: [ app_init ] --START--
INFO: Run Behavior\BuildLiteBehavior [ RunTime:0.000012s ]
INFO: [ app_init ] --END-- [ RunTime:0.000058s ]
ERR: 无法加载模块:Uploads

[ 2017-03-02T16:55:45+08:00 ] ::1 /mytest/mingzhi/Uploads/avatar/20161120/58315f7762f80.jpg%20width=
INFO: [ app_init ] --START--
INFO: Run Behavior\BuildLiteBehavior [ RunTime:0.000013s ]
INFO: [ app_init ] --END-- [ RunTime:0.000087s ]
ERR: 无法加载模块:Uploads

[ 2017-03-02T16:55:45+08:00 ] ::1 /mytest/mingzhi/Uploads/avatar/20161120/58315f7762f80.jpg%20width=
INFO: [ app_init ] --START--
INFO: Run Behavior\BuildLiteBehavior [ RunTime:0.000012s ]
INFO: [ app_init ] --END-- [ RunTime:0.000050s ]
ERR: 无法加载模块:Uploads

[ 2017-03-02T16:55:55+08:00 ] ::1 /mytest/mingzhi/Uploads/avatar/20161120/58315f7762f80.jpg%20width=
INFO: [ app_init ] --START--
INFO: Run Behavior\BuildLiteBehavior [ RunTime:0.000008s ]
INFO: [ app_init ] --END-- [ RunTime:0.000043s ]
ERR: 无法加载模块:Uploads

[ 2017-03-02T16:56:32+08:00 ] ::1 /mytest/mingzhi/Uploads/avatar/20161120/58315f7762f80.jpg%20width=
INFO: [ app_init ] --START--
INFO: Run Behavior\BuildLiteBehavior [ RunTime:0.000011s ]
INFO: [ app_init ] --END-- [ RunTime:0.000052s ]
ERR: 无法加载模块:Uploads

[ 2017-03-02T16:57:04+08:00 ] ::1 /mytest/mingzhi/Uploads/avatar/20161120/58315f7762f80.jpg%20width=
INFO: [ app_init ] --START--
INFO: Run Behavior\BuildLiteBehavior [ RunTime:0.000010s ]
INFO: [ app_init ] --END-- [ RunTime:0.000049s ]
ERR: 无法加载模块:Uploads

[ 2017-03-02T17:13:46+08:00 ] ::1 /mytest/mingzhi/Uploads/avatar/20161120/58315f7762f80.jpg%20width=
INFO: [ app_init ] --START--
INFO: Run Behavior\BuildLiteBehavior [ RunTime:0.000016s ]
INFO: [ app_init ] --END-- [ RunTime:0.000075s ]
ERR: 无法加载模块:Uploads

[ 2017-03-02T18:07:03+08:00 ] ::1 /mytest/mingzhi/Uploads/avatar/20161120/58315f7762f80.jpg%20width=
INFO: [ app_init ] --START--
INFO: Run Behavior\BuildLiteBehavior [ RunTime:0.000010s ]
INFO: [ app_init ] --END-- [ RunTime:0.000048s ]
ERR: 无法加载模块:Uploads

[ 2017-03-02T18:18:27+08:00 ] ::1 /mytest/mingzhi/Uploads/avatar/20161120/58315f7762f80.jpg%20width=
INFO: [ app_init ] --START--
INFO: Run Behavior\BuildLiteBehavior [ RunTime:0.000009s ]
INFO: [ app_init ] --END-- [ RunTime:0.000047s ]
ERR: 无法加载模块:Uploads

[ 2017-03-02T18:18:27+08:00 ] ::1 /mytest/mingzhi/Uploads/avatar/20161120/58315f7762f80.jpg%20width=
INFO: [ app_init ] --START--
INFO: Run Behavior\BuildLiteBehavior [ RunTime:0.000010s ]
INFO: [ app_init ] --END-- [ RunTime:0.000049s ]
ERR: 无法加载模块:Uploads

[ 2017-03-02T18:18:43+08:00 ] ::1 /mytest/mingzhi/Uploads/avatar/20161120/58315f7762f80.jpg%20width=
INFO: [ app_init ] --START--
INFO: Run Behavior\BuildLiteBehavior [ RunTime:0.000014s ]
INFO: [ app_init ] --END-- [ RunTime:0.000065s ]
ERR: 无法加载模块:Uploads

[ 2017-03-02T18:18:50+08:00 ] ::1 /mytest/mingzhi/Uploads/avatar/20161120/58315f7762f80.jpg%20width=
INFO: [ app_init ] --START--
INFO: Run Behavior\BuildLiteBehavior [ RunTime:0.000012s ]
INFO: [ app_init ] --END-- [ RunTime:0.000057s ]
ERR: 无法加载模块:Uploads

[ 2017-03-02T18:18:50+08:00 ] ::1 /mytest/mingzhi/Uploads/avatar/20161120/58315f7762f80.jpg%20width=
INFO: [ app_init ] --START--
INFO: Run Behavior\BuildLiteBehavior [ RunTime:0.000020s ]
INFO: [ app_init ] --END-- [ RunTime:0.000089s ]
ERR: 无法加载模块:Uploads

[ 2017-03-02T18:19:21+08:00 ] ::1 /mytest/mingzhi/Uploads/avatar/20161120/58315f7762f80.jpg%20width=
INFO: [ app_init ] --START--
INFO: Run Behavior\BuildLiteBehavior [ RunTime:0.000035s ]
INFO: [ app_init ] --END-- [ RunTime:0.000155s ]
ERR: 无法加载模块:Uploads

[ 2017-03-02T18:19:21+08:00 ] ::1 /mytest/mingzhi/Uploads/avatar/20161120/58315f7762f80.jpg%20width=
INFO: [ app_init ] --START--
INFO: Run Behavior\BuildLiteBehavior [ RunTime:0.000020s ]
INFO: [ app_init ] --END-- [ RunTime:0.000068s ]
ERR: 无法加载模块:Uploads

[ 2017-03-02T18:20:26+08:00 ] ::1 /mytest/mingzhi/Uploads/avatar/20161120/58315f7762f80.jpg%20width=
INFO: [ app_init ] --START--
INFO: Run Behavior\BuildLiteBehavior [ RunTime:0.000012s ]
INFO: [ app_init ] --END-- [ RunTime:0.000056s ]
ERR: 无法加载模块:Uploads

[ 2017-03-02T18:20:27+08:00 ] ::1 /mytest/mingzhi/Uploads/avatar/20161120/58315f7762f80.jpg%20width=
INFO: [ app_init ] --START--
INFO: Run Behavior\BuildLiteBehavior [ RunTime:0.000012s ]
INFO: [ app_init ] --END-- [ RunTime:0.000053s ]
ERR: 无法加载模块:Uploads

[ 2017-03-02T18:20:40+08:00 ] ::1 /mytest/mingzhi/Uploads/avatar/20161120/58315f7762f80.jpg%20width=
INFO: [ app_init ] --START--
INFO: Run Behavior\BuildLiteBehavior [ RunTime:0.000016s ]
INFO: [ app_init ] --END-- [ RunTime:0.000074s ]
ERR: 无法加载模块:Uploads

[ 2017-03-02T18:20:40+08:00 ] ::1 /mytest/mingzhi/Uploads/avatar/20161120/58315f7762f80.jpg%20width=
INFO: [ app_init ] --START--
INFO: Run Behavior\BuildLiteBehavior [ RunTime:0.000010s ]
INFO: [ app_init ] --END-- [ RunTime:0.000051s ]
ERR: 无法加载模块:Uploads

[ 2017-03-02T18:20:52+08:00 ] ::1 /mytest/mingzhi/Uploads/avatar/20161120/58315f7762f80.jpg%20width=
INFO: [ app_init ] --START--
INFO: Run Behavior\BuildLiteBehavior [ RunTime:0.000011s ]
INFO: [ app_init ] --END-- [ RunTime:0.000054s ]
ERR: 无法加载模块:Uploads

[ 2017-03-02T18:20:52+08:00 ] ::1 /mytest/mingzhi/Uploads/avatar/20161120/58315f7762f80.jpg%20width=
INFO: [ app_init ] --START--
INFO: Run Behavior\BuildLiteBehavior [ RunTime:0.000011s ]
INFO: [ app_init ] --END-- [ RunTime:0.000054s ]
ERR: 无法加载模块:Uploads

[ 2017-03-02T18:21:24+08:00 ] ::1 /mytest/mingzhi/Uploads/avatar/20161120/58315f7762f80.jpg%20width=
INFO: [ app_init ] --START--
INFO: Run Behavior\BuildLiteBehavior [ RunTime:0.000010s ]
INFO: [ app_init ] --END-- [ RunTime:0.000047s ]
ERR: 无法加载模块:Uploads

[ 2017-03-02T18:21:24+08:00 ] ::1 /mytest/mingzhi/Uploads/avatar/20161120/58315f7762f80.jpg%20width=
INFO: [ app_init ] --START--
INFO: Run Behavior\BuildLiteBehavior [ RunTime:0.000011s ]
INFO: [ app_init ] --END-- [ RunTime:0.000051s ]
ERR: 无法加载模块:Uploads

[ 2017-03-02T18:21:35+08:00 ] ::1 /mytest/mingzhi/Uploads/avatar/20161120/58315f7762f80.jpg%20width=
INFO: [ app_init ] --START--
INFO: Run Behavior\BuildLiteBehavior [ RunTime:0.000012s ]
INFO: [ app_init ] --END-- [ RunTime:0.000054s ]
ERR: 无法加载模块:Uploads

[ 2017-03-02T18:21:35+08:00 ] ::1 /mytest/mingzhi/Uploads/avatar/20161120/58315f7762f80.jpg%20width=
INFO: [ app_init ] --START--
INFO: Run Behavior\BuildLiteBehavior [ RunTime:0.000011s ]
INFO: [ app_init ] --END-- [ RunTime:0.000054s ]
ERR: 无法加载模块:Uploads

[ 2017-03-02T18:26:25+08:00 ] ::1 /mytest/mingzhi/Public/Home/js/alltopicloaing.js
INFO: [ app_init ] --START--
INFO: Run Behavior\BuildLiteBehavior [ RunTime:0.000013s ]
INFO: [ app_init ] --END-- [ RunTime:0.000062s ]
ERR: 无法加载模块:Public

[ 2017-03-02T18:26:25+08:00 ] ::1 /mytest/mingzhi/Uploads/avatar/20161120/58315f7762f80.jpg%20width=
INFO: [ app_init ] --START--
INFO: Run Behavior\BuildLiteBehavior [ RunTime:0.000012s ]
INFO: [ app_init ] --END-- [ RunTime:0.000053s ]
ERR: 无法加载模块:Uploads

[ 2017-03-02T18:26:25+08:00 ] ::1 /mytest/mingzhi/Public/Home/js/alltopicloaing.js
INFO: [ app_init ] --START--
INFO: Run Behavior\BuildLiteBehavior [ RunTime:0.000010s ]
INFO: [ app_init ] --END-- [ RunTime:0.000053s ]
ERR: 无法加载模块:Public

[ 2017-03-02T18:26:28+08:00 ] ::1 /mytest/mingzhi/Public/Home/js/alltopicloaing.js
INFO: [ app_init ] --START--
INFO: Run Behavior\BuildLiteBehavior [ RunTime:0.000012s ]
INFO: [ app_init ] --END-- [ RunTime:0.000054s ]
ERR: 无法加载模块:Public

[ 2017-03-02T18:26:29+08:00 ] ::1 /mytest/mingzhi/Public/Home/js/alltopicloaing.js
INFO: [ app_init ] --START--
INFO: Run Behavior\BuildLiteBehavior [ RunTime:0.000014s ]
INFO: [ app_init ] --END-- [ RunTime:0.000059s ]
ERR: 无法加载模块:Public

[ 2017-03-02T18:26:31+08:00 ] ::1 /mytest/mingzhi/Uploads/avatar/20161120/58315f7762f80.jpg%20width=
INFO: [ app_init ] --START--
INFO: Run Behavior\BuildLiteBehavior [ RunTime:0.000044s ]
INFO: [ app_init ] --END-- [ RunTime:0.000188s ]
ERR: 无法加载模块:Uploads

[ 2017-03-02T18:26:43+08:00 ] ::1 /mytest/mingzhi/Public/Home/js/alltopicloaing.js
INFO: [ app_init ] --START--
INFO: Run Behavior\BuildLiteBehavior [ RunTime:0.000009s ]
INFO: [ app_init ] --END-- [ RunTime:0.000050s ]
ERR: 无法加载模块:Public

[ 2017-03-02T18:27:20+08:00 ] ::1 /mytest/mingzhi/Public/Home/js/alltopicloaing.js
INFO: [ app_init ] --START--
INFO: Run Behavior\BuildLiteBehavior [ RunTime:0.000010s ]
INFO: [ app_init ] --END-- [ RunTime:0.000050s ]
ERR: 无法加载模块:Public

[ 2017-03-02T18:27:20+08:00 ] ::1 /mytest/mingzhi/Uploads/avatar/20161120/58315f7762f80.jpg%20width=
INFO: [ app_init ] --START--
INFO: Run Behavior\BuildLiteBehavior [ RunTime:0.000012s ]
INFO: [ app_init ] --END-- [ RunTime:0.000057s ]
ERR: 无法加载模块:Uploads

[ 2017-03-02T18:27:21+08:00 ] ::1 /mytest/mingzhi/Public/Home/js/alltopicloaing.js
INFO: [ app_init ] --START--
INFO: Run Behavior\BuildLiteBehavior [ RunTime:0.000012s ]
INFO: [ app_init ] --END-- [ RunTime:0.000054s ]
ERR: 无法加载模块:Public

[ 2017-03-02T18:28:22+08:00 ] ::1 /mytest/mingzhi/Uploads/avatar/20161120/58315f7762f80.jpg%20width=
INFO: [ app_init ] --START--
INFO: Run Behavior\BuildLiteBehavior [ RunTime:0.000010s ]
INFO: [ app_init ] --END-- [ RunTime:0.000050s ]
ERR: 无法加载模块:Uploads

[ 2017-03-02T18:28:22+08:00 ] ::1 /mytest/mingzhi/Uploads/avatar/20161120/58315f7762f80.jpg%20width=
INFO: [ app_init ] --START--
INFO: Run Behavior\BuildLiteBehavior [ RunTime:0.000011s ]
INFO: [ app_init ] --END-- [ RunTime:0.000054s ]
ERR: 无法加载模块:Uploads

[ 2017-03-02T18:28:29+08:00 ] ::1 /mytest/mingzhi/Uploads/avatar/20161120/58315f7762f80.jpg%20width=
INFO: [ app_init ] --START--
INFO: Run Behavior\BuildLiteBehavior [ RunTime:0.000014s ]
INFO: [ app_init ] --END-- [ RunTime:0.000062s ]
ERR: 无法加载模块:Uploads

[ 2017-03-02T18:28:35+08:00 ] ::1 /mytest/mingzhi/Uploads/avatar/20161120/58315f7762f80.jpg%20width=
INFO: [ app_init ] --START--
INFO: Run Behavior\BuildLiteBehavior [ RunTime:0.000010s ]
INFO: [ app_init ] --END-- [ RunTime:0.000050s ]
ERR: 无法加载模块:Uploads

[ 2017-03-02T18:28:35+08:00 ] ::1 /mytest/mingzhi/Uploads/avatar/20161120/58315f7762f80.jpg%20width=
INFO: [ app_init ] --START--
INFO: Run Behavior\BuildLiteBehavior [ RunTime:0.000012s ]
INFO: [ app_init ] --END-- [ RunTime:0.000060s ]
ERR: 无法加载模块:Uploads

[ 2017-03-02T18:28:44+08:00 ] ::1 /mytest/mingzhi/Uploads/avatar/20161120/58315f7762f80.jpg%20width=
INFO: [ app_init ] --START--
INFO: Run Behavior\BuildLiteBehavior [ RunTime:0.000012s ]
INFO: [ app_init ] --END-- [ RunTime:0.000055s ]
ERR: 无法加载模块:Uploads

[ 2017-03-02T18:28:55+08:00 ] ::1 /mytest/mingzhi/Uploads/avatar/20161120/58315f7762f80.jpg%20width=
INFO: [ app_init ] --START--
INFO: Run Behavior\BuildLiteBehavior [ RunTime:0.000011s ]
INFO: [ app_init ] --END-- [ RunTime:0.000056s ]
ERR: 无法加载模块:Uploads

[ 2017-03-02T18:28:55+08:00 ] ::1 /mytest/mingzhi/Uploads/avatar/20161120/58315f7762f80.jpg%20width=
INFO: [ app_init ] --START--
INFO: Run Behavior\BuildLiteBehavior [ RunTime:0.000011s ]
INFO: [ app_init ] --END-- [ RunTime:0.000054s ]
ERR: 无法加载模块:Uploads

[ 2017-03-02T18:29:15+08:00 ] ::1 /mytest/mingzhi/Uploads/avatar/20161120/58315f7762f80.jpg%20width=
INFO: [ app_init ] --START--
INFO: Run Behavior\BuildLiteBehavior [ RunTime:0.000010s ]
INFO: [ app_init ] --END-- [ RunTime:0.000052s ]
ERR: 无法加载模块:Uploads

[ 2017-03-02T18:29:15+08:00 ] ::1 /mytest/mingzhi/Uploads/avatar/20161120/58315f7762f80.jpg%20width=
INFO: [ app_init ] --START--
INFO: Run Behavior\BuildLiteBehavior [ RunTime:0.000014s ]
INFO: [ app_init ] --END-- [ RunTime:0.000066s ]
ERR: 无法加载模块:Uploads

[ 2017-03-02T18:29:21+08:00 ] ::1 /mytest/mingzhi/Uploads/avatar/20161120/58315f7762f80.jpg%20width=
INFO: [ app_init ] --START--
INFO: Run Behavior\BuildLiteBehavior [ RunTime:0.000012s ]
INFO: [ app_init ] --END-- [ RunTime:0.000056s ]
ERR: 无法加载模块:Uploads

[ 2017-03-02T18:29:21+08:00 ] ::1 /mytest/mingzhi/Uploads/avatar/20161120/58315f7762f80.jpg%20width=
INFO: [ app_init ] --START--
INFO: Run Behavior\BuildLiteBehavior [ RunTime:0.000011s ]
INFO: [ app_init ] --END-- [ RunTime:0.000052s ]
ERR: 无法加载模块:Uploads

[ 2017-03-02T18:29:35+08:00 ] ::1 /mytest/mingzhi/Uploads/avatar/20161120/58315f7762f80.jpg%20width=
INFO: [ app_init ] --START--
INFO: Run Behavior\BuildLiteBehavior [ RunTime:0.000011s ]
INFO: [ app_init ] --END-- [ RunTime:0.000056s ]
ERR: 无法加载模块:Uploads

[ 2017-03-02T18:29:35+08:00 ] ::1 /mytest/mingzhi/Uploads/avatar/20161120/58315f7762f80.jpg%20width=
INFO: [ app_init ] --START--
INFO: Run Behavior\BuildLiteBehavior [ RunTime:0.000010s ]
INFO: [ app_init ] --END-- [ RunTime:0.000050s ]
ERR: 无法加载模块:Uploads

[ 2017-03-02T18:30:28+08:00 ] ::1 /mytest/mingzhi/Uploads/avatar/20161120/58315f7762f80.jpg%20width=
INFO: [ app_init ] --START--
INFO: Run Behavior\BuildLiteBehavior [ RunTime:0.000011s ]
INFO: [ app_init ] --END-- [ RunTime:0.000055s ]
ERR: 无法加载模块:Uploads

[ 2017-03-02T18:30:28+08:00 ] ::1 /mytest/mingzhi/Uploads/avatar/20161120/58315f7762f80.jpg%20width=
INFO: [ app_init ] --START--
INFO: Run Behavior\BuildLiteBehavior [ RunTime:0.000012s ]
INFO: [ app_init ] --END-- [ RunTime:0.000051s ]
ERR: 无法加载模块:Uploads

[ 2017-03-02T18:33:47+08:00 ] ::1 /mytest/mingzhi/Uploads/avatar/20161120/58315f7762f80.jpg%20width=
INFO: [ app_init ] --START--
INFO: Run Behavior\BuildLiteBehavior [ RunTime:0.000011s ]
INFO: [ app_init ] --END-- [ RunTime:0.000052s ]
ERR: 无法加载模块:Uploads

[ 2017-03-02T18:33:47+08:00 ] ::1 /mytest/mingzhi/Uploads/avatar/20161120/58315f7762f80.jpg%20width=
INFO: [ app_init ] --START--
INFO: Run Behavior\BuildLiteBehavior [ RunTime:0.000011s ]
INFO: [ app_init ] --END-- [ RunTime:0.000051s ]
ERR: 无法加载模块:Uploads

[ 2017-03-02T18:34:32+08:00 ] ::1 /mytest/mingzhi/Uploads/avatar/20161120/58315f7762f80.jpg%20width=
INFO: [ app_init ] --START--
INFO: Run Behavior\BuildLiteBehavior [ RunTime:0.000010s ]
INFO: [ app_init ] --END-- [ RunTime:0.000049s ]
ERR: 无法加载模块:Uploads

[ 2017-03-02T18:34:32+08:00 ] ::1 /mytest/mingzhi/Uploads/avatar/20161120/58315f7762f80.jpg%20width=
INFO: [ app_init ] --START--
INFO: Run Behavior\BuildLiteBehavior [ RunTime:0.000009s ]
INFO: [ app_init ] --END-- [ RunTime:0.000062s ]
ERR: 无法加载模块:Uploads

[ 2017-03-02T19:19:04+08:00 ] ::1 /mytest/mingzhi/Uploads/avatar/20161120/58315f7762f80.jpg%20width=
INFO: [ app_init ] --START--
INFO: Run Behavior\BuildLiteBehavior [ RunTime:0.000011s ]
INFO: [ app_init ] --END-- [ RunTime:0.000052s ]
ERR: 无法加载模块:Uploads

[ 2017-03-02T19:19:04+08:00 ] ::1 /mytest/mingzhi/Uploads/avatar/20161120/58315f7762f80.jpg%20width=
INFO: [ app_init ] --START--
INFO: Run Behavior\BuildLiteBehavior [ RunTime:0.000011s ]
INFO: [ app_init ] --END-- [ RunTime:0.000052s ]
ERR: 无法加载模块:Uploads

[ 2017-03-02T19:19:11+08:00 ] ::1 /mytest/mingzhi/Uploads/avatar/20161120/58315f7762f80.jpg%20width=
INFO: [ app_init ] --START--
INFO: Run Behavior\BuildLiteBehavior [ RunTime:0.000009s ]
INFO: [ app_init ] --END-- [ RunTime:0.000051s ]
ERR: 无法加载模块:Uploads

[ 2017-03-02T19:24:58+08:00 ] ::1 /mytest/mingzhi/Uploads/avatar/20161120/58315f7762f80.jpg%20width=
INFO: [ app_init ] --START--
INFO: Run Behavior\BuildLiteBehavior [ RunTime:0.000011s ]
INFO: [ app_init ] --END-- [ RunTime:0.000053s ]
ERR: 无法加载模块:Uploads

[ 2017-03-02T19:24:59+08:00 ] ::1 /mytest/mingzhi/Uploads/avatar/20161120/58315f7762f80.jpg%20width=
INFO: [ app_init ] --START--
INFO: Run Behavior\BuildLiteBehavior [ RunTime:0.000012s ]
INFO: [ app_init ] --END-- [ RunTime:0.000054s ]
ERR: 无法加载模块:Uploads

[ 2017-03-02T19:25:04+08:00 ] ::1 /mytest/mingzhi/Uploads/avatar/20161120/58315f7762f80.jpg%20width=
INFO: [ app_init ] --START--
INFO: Run Behavior\BuildLiteBehavior [ RunTime:0.000011s ]
INFO: [ app_init ] --END-- [ RunTime:0.000052s ]
ERR: 无法加载模块:Uploads

[ 2017-03-02T19:25:04+08:00 ] ::1 /mytest/mingzhi/Uploads/avatar/20161120/58315f7762f80.jpg%20width=
INFO: [ app_init ] --START--
INFO: Run Behavior\BuildLiteBehavior [ RunTime:0.000028s ]
INFO: [ app_init ] --END-- [ RunTime:0.000111s ]
ERR: 无法加载模块:Uploads

[ 2017-03-02T20:04:01+08:00 ] ::1 /mytest/mingzhi/Uploads/avatar/20161120/58315f7762f80.jpg%20width=
INFO: [ app_init ] --START--
INFO: Run Behavior\BuildLiteBehavior [ RunTime:0.000012s ]
INFO: [ app_init ] --END-- [ RunTime:0.000066s ]
ERR: 无法加载模块:Uploads

[ 2017-03-02T20:14:35+08:00 ] ::1 /mytest/mingzhi/Uploads/avatar/20161120/58315f7762f80.jpg%20width=
INFO: [ app_init ] --START--
INFO: Run Behavior\BuildLiteBehavior [ RunTime:0.000010s ]
INFO: [ app_init ] --END-- [ RunTime:0.000049s ]
ERR: 无法加载模块:Uploads

[ 2017-03-02T20:14:44+08:00 ] ::1 /mytest/mingzhi/Uploads/avatar/20161120/58315f7762f80.jpg%20width=
INFO: [ app_init ] --START--
INFO: Run Behavior\BuildLiteBehavior [ RunTime:0.000011s ]
INFO: [ app_init ] --END-- [ RunTime:0.000052s ]
ERR: 无法加载模块:Uploads

[ 2017-03-02T20:14:49+08:00 ] ::1 /mytest/mingzhi/Uploads/avatar/20161120/58315f7762f80.jpg%20width=
INFO: [ app_init ] --START--
INFO: Run Behavior\BuildLiteBehavior [ RunTime:0.000014s ]
INFO: [ app_init ] --END-- [ RunTime:0.000059s ]
ERR: 无法加载模块:Uploads

[ 2017-03-02T20:14:49+08:00 ] ::1 /mytest/mingzhi/Uploads/avatar/20161120/58315f7762f80.jpg%20width=
INFO: [ app_init ] --START--
INFO: Run Behavior\BuildLiteBehavior [ RunTime:0.000010s ]
INFO: [ app_init ] --END-- [ RunTime:0.000052s ]
ERR: 无法加载模块:Uploads

[ 2017-03-02T21:19:46+08:00 ] ::1 /mytest/mingzhi/Uploads/avatar/20161120/58315f7762f80.jpg%20width=
INFO: [ app_init ] --START--
INFO: Run Behavior\BuildLiteBehavior [ RunTime:0.000014s ]
INFO: [ app_init ] --END-- [ RunTime:0.000059s ]
ERR: 无法加载模块:Uploads

[ 2017-03-02T21:19:52+08:00 ] ::1 /mytest/mingzhi/Uploads/avatar/20161120/58315f7762f80.jpg%20width=
INFO: [ app_init ] --START--
INFO: Run Behavior\BuildLiteBehavior [ RunTime:0.000011s ]
INFO: [ app_init ] --END-- [ RunTime:0.000056s ]
ERR: 无法加载模块:Uploads

[ 2017-03-02T21:19:58+08:00 ] ::1 /mytest/mingzhi/Uploads/avatar/20161120/58315f7762f80.jpg%20width=
INFO: [ app_init ] --START--
INFO: Run Behavior\BuildLiteBehavior [ RunTime:0.000009s ]
INFO: [ app_init ] --END-- [ RunTime:0.000050s ]
ERR: 无法加载模块:Uploads

