[ 2017-03-03T12:45:05+08:00 ] 127.0.0.1 /mytest/mingzhi/Uploads/avatar/20170302/58b7c7b850be9.jpg
INFO: [ app_init ] --START--
INFO: Run Behavior\BuildLiteBehavior [ RunTime:0.000022s ]
INFO: [ app_init ] --END-- [ RunTime:0.000060s ]
ERR: 无法加载模块:Uploads

[ 2017-03-03T12:45:07+08:00 ] 127.0.0.1 /mytest/mingzhi/Uploads/avatar/20170302/58b7c7b850be9.jpg
INFO: [ app_init ] --START--
INFO: Run Behavior\BuildLiteBehavior [ RunTime:0.000028s ]
INFO: [ app_init ] --END-- [ RunTime:0.000081s ]
ERR: 无法加载模块:Uploads

[ 2017-03-03T12:45:08+08:00 ] 127.0.0.1 /mytest/mingzhi/Uploads/avatar/20170302/58b7c7b850be9.jpg
INFO: [ app_init ] --START--
INFO: Run Behavior\BuildLiteBehavior [ RunTime:0.000014s ]
INFO: [ app_init ] --END-- [ RunTime:0.000068s ]
ERR: 无法加载模块:Uploads

[ 2017-03-03T12:45:15+08:00 ] 127.0.0.1 /mytest/mingzhi/Uploads/avatar/20170302/58b7c7b850be9.jpg
INFO: [ app_init ] --START--
INFO: Run Behavior\BuildLiteBehavior [ RunTime:0.000010s ]
INFO: [ app_init ] --END-- [ RunTime:0.000051s ]
ERR: 无法加载模块:Uploads

[ 2017-03-03T12:45:23+08:00 ] 127.0.0.1 /mytest/mingzhi/Uploads/avatar/20170302/58b7c7b850be9.jpg
INFO: [ app_init ] --START--
INFO: Run Behavior\BuildLiteBehavior [ RunTime:0.000010s ]
INFO: [ app_init ] --END-- [ RunTime:0.000052s ]
ERR: 无法加载模块:Uploads

